[0.006s] Invoking command in '/home/aimo/livox_ws/build/fast_lio': CMAKE_PREFIX_PATH=/home/aimo/livox_ws/install/livox_ros_driver2:/home/aimo/livox_ws/install/pcd2pgm:/home/aimo/livox_ws/install/fast_lio:/home/aimo/livox_ws/install/point_cloud_convertor:/opt/ros/humble LD_LIBRARY_PATH=/home/aimo/livox_ws/install/livox_ros_driver2/lib:/home/aimo/livox_ws/install/pcd2pgm/lib:/home/aimo/livox_ws/install/fast_lio/lib:/usr/lib/x86_64-linux-gnu/gazebo-11/plugins:/opt/ros/humble/opt/rviz_ogre_vendor/lib:/opt/ros/humble/lib/x86_64-linux-gnu:/opt/ros/humble/lib /usr/bin/cmake /home/aimo/livox_ws/src/FAST_LIO_ROS2 -DAMENT_CMAKE_SYMLINK_INSTALL=1 -DCMAKE_INSTALL_PREFIX=/home/aimo/livox_ws/install/fast_lio
[0.013s] [0mCurrent CPU archtecture: x86_64[0m
[0.016s] [0mProcesser number:  20[0m
[0.016s] [0mcore for MP: 3[0m
[0.019s] -- Found PythonLibs: /usr/lib/x86_64-linux-gnu/libpython3.10.so (found version "3.10.12") 
[0.019s] -- Found ament_cmake: 1.3.11 (/opt/ros/humble/share/ament_cmake/cmake)
[0.087s] -- Override CMake install command with custom implementation using symlinks instead of copying resources
[0.090s] -- Found rclcpp: 16.0.12 (/opt/ros/humble/share/rclcpp/cmake)
[0.103s] -- Found rosidl_generator_c: 3.1.6 (/opt/ros/humble/share/rosidl_generator_c/cmake)
[0.104s] -- Found rosidl_adapter: 3.1.6 (/opt/ros/humble/share/rosidl_adapter/cmake)
[0.107s] -- Found rosidl_generator_cpp: 3.1.6 (/opt/ros/humble/share/rosidl_generator_cpp/cmake)
[0.111s] -- Using all available rosidl_typesupport_c: rosidl_typesupport_fastrtps_c;rosidl_typesupport_introspection_c
[0.117s] -- Using all available rosidl_typesupport_cpp: rosidl_typesupport_fastrtps_cpp;rosidl_typesupport_introspection_cpp
[0.134s] -- Found rmw_implementation_cmake: 6.1.2 (/opt/ros/humble/share/rmw_implementation_cmake/cmake)
[0.134s] -- Found rmw_fastrtps_cpp: 6.2.7 (/opt/ros/humble/share/rmw_fastrtps_cpp/cmake)
[0.187s] -- Using RMW implementation 'rmw_fastrtps_cpp' as default
[0.208s] -- Found rclcpp_components: 16.0.12 (/opt/ros/humble/share/rclcpp_components/cmake)
[0.216s] -- Found geometry_msgs: 4.9.0 (/opt/ros/humble/share/geometry_msgs/cmake)
[0.221s] -- Found nav_msgs: 4.9.0 (/opt/ros/humble/share/nav_msgs/cmake)
[0.228s] -- Found sensor_msgs: 4.9.0 (/opt/ros/humble/share/sensor_msgs/cmake)
[0.240s] -- Found std_srvs: 4.9.0 (/opt/ros/humble/share/std_srvs/cmake)
[0.247s] -- Found visualization_msgs: 4.9.0 (/opt/ros/humble/share/visualization_msgs/cmake)
[0.257s] -- Found pcl_ros: 2.4.5 (/opt/ros/humble/share/pcl_ros/cmake)
[0.275s] -- Eigen found (include: /usr/include/eigen3, version: 3.4.0)
[0.290s] -- FLANN found (include: /usr/include, lib: /usr/lib/x86_64-linux-gnu/libflann_cpp.so)
[0.432s] -- OpenNI found (version: 1.5.4.0, include: /usr/include/ni, lib: /usr/lib/libOpenNI.so;libusb::libusb)
[0.435s] -- OpenNI2 found (version: 2.2.0.33, include: /usr/include/openni2, lib: /usr/lib/x86_64-linux-gnu/libOpenNI2.so;libusb::libusb)
[0.510s] -- Eigen found (include: /usr/include/eigen3, version: 3.4.0)
[0.513s] -- OpenNI found (version: 1.5.4.0, include: /usr/include/ni, lib: /usr/lib/libOpenNI.so;libusb::libusb)
[0.516s] -- OpenNI2 found (version: 2.2.0.33, include: /usr/include/openni2, lib: /usr/lib/x86_64-linux-gnu/libOpenNI2.so;libusb::libusb)
[0.587s] -- Found Qhull version 8.0.2
[0.658s] -- OpenNI found (version: 1.5.4.0, include: /usr/include/ni, lib: /usr/lib/libOpenNI.so;libusb::libusb)
[0.738s] -- Found eigen3_cmake_module: 0.1.1 (/opt/ros/humble/share/eigen3_cmake_module/cmake)
[0.738s] -- Ensuring Eigen3 include directory is part of orocos-kdl CMake target
[0.764s] -- Found livox_ros_driver2: 1.0.0 (/home/aimo/livox_ws/install/livox_ros_driver2/share/livox_ros_driver2/cmake)
[0.781s] -- Found rosidl_default_generators: 1.2.0 (/opt/ros/humble/share/rosidl_default_generators/cmake)
[0.785s] [33mCMake Warning (dev) at CMakeLists.txt:81 (find_package):
[0.785s]   Policy CMP0074 is not set: find_package uses <PackageName>_ROOT variables.
[0.785s]   Run "cmake --help-policy CMP0074" for policy details.  Use the cmake_policy
[0.785s]   command to set the policy and suppress this warning.
[0.785s] 
[0.785s]   CMake variable PCL_ROOT is set to:
[0.785s] 
[0.785s]     /usr
[0.785s] 
[0.785s]   For compatibility, CMake is ignoring the variable.
[0.786s] This warning is for project developers.  Use -Wno-dev to suppress it.
[0.786s] [0m
[0.790s] [0mEigen:/usr/include/eigen3[0m
[0.790s] -- PCL: /usr/include/pcl-1.12
[0.921s] -- Found ament_cmake_ros: 0.10.0 (/opt/ros/humble/share/ament_cmake_ros/cmake)
[1.090s] -- Using all available rosidl_typesupport_c: rosidl_typesupport_fastrtps_c;rosidl_typesupport_introspection_c
[1.158s] -- Using all available rosidl_typesupport_cpp: rosidl_typesupport_fastrtps_cpp;rosidl_typesupport_introspection_cpp
[1.173s] -- Found python_cmake_module: 0.10.0 (/opt/ros/humble/share/python_cmake_module/cmake)
[1.185s] -- Found PythonLibs: /usr/lib/x86_64-linux-gnu/libpython3.10.so (found suitable version "3.10.12", minimum required is "3.5") 
[1.185s] -- Using PYTHON_EXECUTABLE: /usr/bin/python3
[1.185s] -- Using PYTHON_INCLUDE_DIRS: /usr/include/python3.10
[1.185s] -- Using PYTHON_LIBRARIES: /usr/lib/x86_64-linux-gnu/libpython3.10.so
[1.208s] -- Configuring done
[1.244s] -- Generating done
[1.252s] -- Build files have been written to: /home/aimo/livox_ws/build/fast_lio
[1.263s] Invoked command in '/home/aimo/livox_ws/build/fast_lio' returned '0': CMAKE_PREFIX_PATH=/home/aimo/livox_ws/install/livox_ros_driver2:/home/aimo/livox_ws/install/pcd2pgm:/home/aimo/livox_ws/install/fast_lio:/home/aimo/livox_ws/install/point_cloud_convertor:/opt/ros/humble LD_LIBRARY_PATH=/home/aimo/livox_ws/install/livox_ros_driver2/lib:/home/aimo/livox_ws/install/pcd2pgm/lib:/home/aimo/livox_ws/install/fast_lio/lib:/usr/lib/x86_64-linux-gnu/gazebo-11/plugins:/opt/ros/humble/opt/rviz_ogre_vendor/lib:/opt/ros/humble/lib/x86_64-linux-gnu:/opt/ros/humble/lib /usr/bin/cmake /home/aimo/livox_ws/src/FAST_LIO_ROS2 -DAMENT_CMAKE_SYMLINK_INSTALL=1 -DCMAKE_INSTALL_PREFIX=/home/aimo/livox_ws/install/fast_lio
[1.264s] Invoking command in '/home/aimo/livox_ws/build/fast_lio': CMAKE_PREFIX_PATH=/home/aimo/livox_ws/install/livox_ros_driver2:/home/aimo/livox_ws/install/pcd2pgm:/home/aimo/livox_ws/install/fast_lio:/home/aimo/livox_ws/install/point_cloud_convertor:/opt/ros/humble LD_LIBRARY_PATH=/home/aimo/livox_ws/install/livox_ros_driver2/lib:/home/aimo/livox_ws/install/pcd2pgm/lib:/home/aimo/livox_ws/install/fast_lio/lib:/usr/lib/x86_64-linux-gnu/gazebo-11/plugins:/opt/ros/humble/opt/rviz_ogre_vendor/lib:/opt/ros/humble/lib/x86_64-linux-gnu:/opt/ros/humble/lib /usr/bin/cmake --build /home/aimo/livox_ws/build/fast_lio -- -j20 -l20
[1.290s] [35m[1mConsolidate compiler generated dependencies of target fast_lio__rosidl_generator_c[0m
[1.296s] [  2%] Built target fast_lio__cpp
[1.296s] [ 11%] Built target fast_lio__rosidl_generator_c
[1.299s] [ 11%] Built target ament_cmake_python_symlink_fast_lio
[1.300s] [35m[1mConsolidate compiler generated dependencies of target fast_lio__rosidl_typesupport_fastrtps_cpp[0m
[1.300s] [35m[1mConsolidate compiler generated dependencies of target fast_lio__rosidl_typesupport_introspection_cpp[0m
[1.300s] [35m[1mConsolidate compiler generated dependencies of target fast_lio__rosidl_typesupport_cpp[0m
[1.301s] [35m[1mConsolidate compiler generated dependencies of target fast_lio__rosidl_typesupport_fastrtps_c[0m
[1.302s] [35m[1mConsolidate compiler generated dependencies of target fast_lio__rosidl_typesupport_introspection_c[0m
[1.302s] [35m[1mConsolidate compiler generated dependencies of target fast_lio__rosidl_typesupport_c[0m
[1.306s] [ 20%] Built target fast_lio__rosidl_typesupport_introspection_cpp
[1.306s] [ 34%] Built target fast_lio__rosidl_typesupport_fastrtps_cpp
[1.306s] [ 37%] Built target fast_lio__rosidl_typesupport_cpp
[1.306s] [ 45%] Built target fast_lio__rosidl_typesupport_fastrtps_c
[1.307s] [ 57%] Built target fast_lio__rosidl_typesupport_c
[1.307s] [ 62%] Built target fast_lio__rosidl_typesupport_introspection_c
[1.316s] [35m[1mConsolidate compiler generated dependencies of target fastlio_mapping[0m
[1.316s] [ 62%] Built target fast_lio
[1.327s] [ 65%] Built target fast_lio__py
[1.332s] [ 77%] Built target fastlio_mapping
[1.332s] [35m[1mConsolidate compiler generated dependencies of target fast_lio__rosidl_generator_py[0m
[1.339s] [ 82%] Built target fast_lio__rosidl_generator_py
[1.345s] [35m[1mConsolidate compiler generated dependencies of target fast_lio__rosidl_typesupport_c__pyext[0m
[1.345s] [35m[1mConsolidate compiler generated dependencies of target fast_lio__rosidl_typesupport_introspection_c__pyext[0m
[1.345s] [35m[1mConsolidate compiler generated dependencies of target fast_lio__rosidl_typesupport_fastrtps_c__pyext[0m
[1.351s] [ 91%] Built target fast_lio__rosidl_typesupport_introspection_c__pyext
[1.351s] [ 94%] Built target fast_lio__rosidl_typesupport_fastrtps_c__pyext
[1.352s] [100%] Built target fast_lio__rosidl_typesupport_c__pyext
[1.406s] running egg_info
[1.407s] writing fast_lio.egg-info/PKG-INFO
[1.407s] writing dependency_links to fast_lio.egg-info/dependency_links.txt
[1.407s] writing top-level names to fast_lio.egg-info/top_level.txt
[1.408s] reading manifest file 'fast_lio.egg-info/SOURCES.txt'
[1.408s] writing manifest file 'fast_lio.egg-info/SOURCES.txt'
[1.424s] [100%] Built target ament_cmake_python_build_fast_lio_egg
[1.432s] Invoked command in '/home/aimo/livox_ws/build/fast_lio' returned '0': CMAKE_PREFIX_PATH=/home/aimo/livox_ws/install/livox_ros_driver2:/home/aimo/livox_ws/install/pcd2pgm:/home/aimo/livox_ws/install/fast_lio:/home/aimo/livox_ws/install/point_cloud_convertor:/opt/ros/humble LD_LIBRARY_PATH=/home/aimo/livox_ws/install/livox_ros_driver2/lib:/home/aimo/livox_ws/install/pcd2pgm/lib:/home/aimo/livox_ws/install/fast_lio/lib:/usr/lib/x86_64-linux-gnu/gazebo-11/plugins:/opt/ros/humble/opt/rviz_ogre_vendor/lib:/opt/ros/humble/lib/x86_64-linux-gnu:/opt/ros/humble/lib /usr/bin/cmake --build /home/aimo/livox_ws/build/fast_lio -- -j20 -l20
[1.432s] Invoking command in '/home/aimo/livox_ws/build/fast_lio': CMAKE_PREFIX_PATH=/home/aimo/livox_ws/install/livox_ros_driver2:/home/aimo/livox_ws/install/pcd2pgm:/home/aimo/livox_ws/install/fast_lio:/home/aimo/livox_ws/install/point_cloud_convertor:/opt/ros/humble LD_LIBRARY_PATH=/home/aimo/livox_ws/install/livox_ros_driver2/lib:/home/aimo/livox_ws/install/pcd2pgm/lib:/home/aimo/livox_ws/install/fast_lio/lib:/usr/lib/x86_64-linux-gnu/gazebo-11/plugins:/opt/ros/humble/opt/rviz_ogre_vendor/lib:/opt/ros/humble/lib/x86_64-linux-gnu:/opt/ros/humble/lib /usr/bin/cmake --install /home/aimo/livox_ws/build/fast_lio
[1.435s] -- Install configuration: "release"
[1.435s] -- Execute custom install script
[1.435s] -- Up-to-date symlink: /home/aimo/livox_ws/install/fast_lio/share/ament_index/resource_index/rosidl_interfaces/fast_lio
[1.435s] -- Up-to-date symlink: /home/aimo/livox_ws/install/fast_lio/include/fast_lio/fast_lio/msg/detail/pose6_d__functions.h
[1.435s] -- Up-to-date symlink: /home/aimo/livox_ws/install/fast_lio/include/fast_lio/fast_lio/msg/detail/pose6_d__struct.h
[1.435s] -- Up-to-date symlink: /home/aimo/livox_ws/install/fast_lio/include/fast_lio/fast_lio/msg/detail/pose6_d__type_support.h
[1.435s] -- Up-to-date symlink: /home/aimo/livox_ws/install/fast_lio/include/fast_lio/fast_lio/msg/pose6_d.h
[1.435s] -- Up-to-date symlink: /home/aimo/livox_ws/install/fast_lio/include/fast_lio/fast_lio/msg/rosidl_generator_c__visibility_control.h
[1.435s] -- Up-to-date symlink: /home/aimo/livox_ws/install/fast_lio/share/fast_lio/environment/library_path.sh
[1.435s] -- Up-to-date symlink: /home/aimo/livox_ws/install/fast_lio/share/fast_lio/environment/library_path.dsv
[1.435s] -- Up-to-date symlink: /home/aimo/livox_ws/install/fast_lio/include/fast_lio/fast_lio/msg/detail/pose6_d__rosidl_typesupport_fastrtps_c.h
[1.435s] -- Up-to-date symlink: /home/aimo/livox_ws/install/fast_lio/include/fast_lio/fast_lio/msg/rosidl_typesupport_fastrtps_c__visibility_control.h
[1.436s] -- Up-to-date symlink: /home/aimo/livox_ws/install/fast_lio/include/fast_lio/fast_lio/msg/detail/pose6_d__builder.hpp
[1.436s] -- Up-to-date symlink: /home/aimo/livox_ws/install/fast_lio/include/fast_lio/fast_lio/msg/detail/pose6_d__struct.hpp
[1.436s] -- Up-to-date symlink: /home/aimo/livox_ws/install/fast_lio/include/fast_lio/fast_lio/msg/detail/pose6_d__traits.hpp
[1.436s] -- Up-to-date symlink: /home/aimo/livox_ws/install/fast_lio/include/fast_lio/fast_lio/msg/detail/pose6_d__type_support.hpp
[1.436s] -- Up-to-date symlink: /home/aimo/livox_ws/install/fast_lio/include/fast_lio/fast_lio/msg/pose6_d.hpp
[1.436s] -- Up-to-date symlink: /home/aimo/livox_ws/install/fast_lio/include/fast_lio/fast_lio/msg/rosidl_generator_cpp__visibility_control.hpp
[1.436s] -- Up-to-date symlink: /home/aimo/livox_ws/install/fast_lio/include/fast_lio/fast_lio/msg/detail/pose6_d__rosidl_typesupport_fastrtps_cpp.hpp
[1.436s] -- Up-to-date symlink: /home/aimo/livox_ws/install/fast_lio/include/fast_lio/fast_lio/msg/rosidl_typesupport_fastrtps_cpp__visibility_control.h
[1.436s] -- Up-to-date symlink: /home/aimo/livox_ws/install/fast_lio/include/fast_lio/fast_lio/msg/detail/pose6_d__rosidl_typesupport_introspection_c.h
[1.436s] -- Up-to-date symlink: /home/aimo/livox_ws/install/fast_lio/include/fast_lio/fast_lio/msg/rosidl_typesupport_introspection_c__visibility_control.h
[1.436s] -- Up-to-date symlink: /home/aimo/livox_ws/install/fast_lio/include/fast_lio/fast_lio/msg/detail/pose6_d__rosidl_typesupport_introspection_cpp.hpp
[1.436s] -- Up-to-date symlink: /home/aimo/livox_ws/install/fast_lio/share/fast_lio/environment/pythonpath.sh
[1.436s] -- Up-to-date symlink: /home/aimo/livox_ws/install/fast_lio/share/fast_lio/environment/pythonpath.dsv
[1.436s] -- Up-to-date symlink: /home/aimo/livox_ws/install/fast_lio/local/lib/python3.10/dist-packages/fast_lio-0.0.0-py3.10.egg-info/PKG-INFO
[1.436s] -- Up-to-date symlink: /home/aimo/livox_ws/install/fast_lio/local/lib/python3.10/dist-packages/fast_lio-0.0.0-py3.10.egg-info/SOURCES.txt
[1.437s] -- Up-to-date symlink: /home/aimo/livox_ws/install/fast_lio/local/lib/python3.10/dist-packages/fast_lio-0.0.0-py3.10.egg-info/dependency_links.txt
[1.437s] -- Up-to-date symlink: /home/aimo/livox_ws/install/fast_lio/local/lib/python3.10/dist-packages/fast_lio-0.0.0-py3.10.egg-info/top_level.txt
[1.437s] -- Up-to-date symlink: /home/aimo/livox_ws/install/fast_lio/local/lib/python3.10/dist-packages/fast_lio/__init__.py
[1.437s] -- Up-to-date symlink: /home/aimo/livox_ws/install/fast_lio/local/lib/python3.10/dist-packages/fast_lio/_fast_lio_s.ep.rosidl_typesupport_c.c
[1.437s] -- Up-to-date symlink: /home/aimo/livox_ws/install/fast_lio/local/lib/python3.10/dist-packages/fast_lio/_fast_lio_s.ep.rosidl_typesupport_fastrtps_c.c
[1.437s] -- Up-to-date symlink: /home/aimo/livox_ws/install/fast_lio/local/lib/python3.10/dist-packages/fast_lio/_fast_lio_s.ep.rosidl_typesupport_introspection_c.c
[1.437s] -- Up-to-date symlink: /home/aimo/livox_ws/install/fast_lio/local/lib/python3.10/dist-packages/fast_lio/fast_lio_s__rosidl_typesupport_c.cpython-310-x86_64-linux-gnu.so
[1.437s] -- Up-to-date symlink: /home/aimo/livox_ws/install/fast_lio/local/lib/python3.10/dist-packages/fast_lio/fast_lio_s__rosidl_typesupport_fastrtps_c.cpython-310-x86_64-linux-gnu.so
[1.437s] -- Up-to-date symlink: /home/aimo/livox_ws/install/fast_lio/local/lib/python3.10/dist-packages/fast_lio/fast_lio_s__rosidl_typesupport_introspection_c.cpython-310-x86_64-linux-gnu.so
[1.437s] -- Up-to-date symlink: /home/aimo/livox_ws/install/fast_lio/local/lib/python3.10/dist-packages/fast_lio/libfast_lio__rosidl_generator_py.so
[1.437s] -- Up-to-date symlink: /home/aimo/livox_ws/install/fast_lio/local/lib/python3.10/dist-packages/fast_lio/msg/__init__.py
[1.437s] -- Up-to-date symlink: /home/aimo/livox_ws/install/fast_lio/local/lib/python3.10/dist-packages/fast_lio/msg/_pose6_d.py
[1.437s] -- Up-to-date symlink: /home/aimo/livox_ws/install/fast_lio/local/lib/python3.10/dist-packages/fast_lio/msg/_pose6_d_s.c
[1.437s] -- Up-to-date symlink: /home/aimo/livox_ws/install/fast_lio/local/lib/python3.10/dist-packages/fast_lio/fast_lio_s__rosidl_typesupport_fastrtps_c.cpython-310-x86_64-linux-gnu.so
[1.437s] -- Up-to-date symlink: /home/aimo/livox_ws/install/fast_lio/local/lib/python3.10/dist-packages/fast_lio/fast_lio_s__rosidl_typesupport_introspection_c.cpython-310-x86_64-linux-gnu.so
[1.437s] -- Up-to-date symlink: /home/aimo/livox_ws/install/fast_lio/local/lib/python3.10/dist-packages/fast_lio/fast_lio_s__rosidl_typesupport_c.cpython-310-x86_64-linux-gnu.so
[1.437s] -- Up-to-date symlink: /home/aimo/livox_ws/install/fast_lio/share/fast_lio/msg/Pose6D.idl
[1.437s] -- Up-to-date symlink: /home/aimo/livox_ws/install/fast_lio/share/fast_lio/msg/Pose6D.msg
[1.438s] -- Up-to-date symlink: /home/aimo/livox_ws/install/fast_lio/lib/fast_lio/fastlio_mapping
[1.438s] -- Up-to-date symlink: /home/aimo/livox_ws/install/fast_lio/share/fast_lio/config/avia.yaml
[1.438s] -- Up-to-date symlink: /home/aimo/livox_ws/install/fast_lio/share/fast_lio/config/custom.yaml
[1.438s] -- Up-to-date symlink: /home/aimo/livox_ws/install/fast_lio/share/fast_lio/config/horizon.yaml
[1.438s] -- Up-to-date symlink: /home/aimo/livox_ws/install/fast_lio/share/fast_lio/config/mid360.yaml
[1.438s] -- Up-to-date symlink: /home/aimo/livox_ws/install/fast_lio/share/fast_lio/config/ouster64.yaml
[1.438s] -- Up-to-date symlink: /home/aimo/livox_ws/install/fast_lio/share/fast_lio/config/velodyne.yaml
[1.438s] -- Up-to-date symlink: /home/aimo/livox_ws/install/fast_lio/share/fast_lio/launch/custom_mapping.launch.py
[1.438s] -- Up-to-date symlink: /home/aimo/livox_ws/install/fast_lio/share/fast_lio/launch/gdb_debug_example.launch
[1.438s] -- Up-to-date symlink: /home/aimo/livox_ws/install/fast_lio/share/fast_lio/launch/mapping.launch.py
[1.438s] -- Up-to-date symlink: /home/aimo/livox_ws/install/fast_lio/share/fast_lio/rviz/fastlio.rviz
[1.438s] -- Up-to-date symlink: /home/aimo/livox_ws/install/fast_lio/share/ament_index/resource_index/package_run_dependencies/fast_lio
[1.438s] -- Up-to-date symlink: /home/aimo/livox_ws/install/fast_lio/share/ament_index/resource_index/parent_prefix_path/fast_lio
[1.438s] -- Up-to-date symlink: /home/aimo/livox_ws/install/fast_lio/share/fast_lio/environment/ament_prefix_path.sh
[1.438s] -- Up-to-date symlink: /home/aimo/livox_ws/install/fast_lio/share/fast_lio/environment/ament_prefix_path.dsv
[1.438s] -- Up-to-date symlink: /home/aimo/livox_ws/install/fast_lio/share/fast_lio/environment/path.sh
[1.438s] -- Up-to-date symlink: /home/aimo/livox_ws/install/fast_lio/share/fast_lio/environment/path.dsv
[1.438s] -- Up-to-date symlink: /home/aimo/livox_ws/install/fast_lio/share/fast_lio/local_setup.bash
[1.438s] -- Up-to-date symlink: /home/aimo/livox_ws/install/fast_lio/share/fast_lio/local_setup.sh
[1.438s] -- Up-to-date symlink: /home/aimo/livox_ws/install/fast_lio/share/fast_lio/local_setup.zsh
[1.438s] -- Up-to-date symlink: /home/aimo/livox_ws/install/fast_lio/share/fast_lio/local_setup.dsv
[1.439s] -- Symlinking: /home/aimo/livox_ws/install/fast_lio/share/fast_lio/package.dsv
[1.443s] -- Up-to-date symlink: /home/aimo/livox_ws/install/fast_lio/share/ament_index/resource_index/packages/fast_lio
[1.443s] -- Up-to-date symlink: /home/aimo/livox_ws/install/fast_lio/share/fast_lio/cmake/rosidl_cmake-extras.cmake
[1.443s] -- Up-to-date symlink: /home/aimo/livox_ws/install/fast_lio/share/fast_lio/cmake/ament_cmake_export_include_directories-extras.cmake
[1.443s] -- Up-to-date symlink: /home/aimo/livox_ws/install/fast_lio/share/fast_lio/cmake/ament_cmake_export_libraries-extras.cmake
[1.443s] -- Up-to-date symlink: /home/aimo/livox_ws/install/fast_lio/share/fast_lio/cmake/ament_cmake_export_targets-extras.cmake
[1.443s] -- Up-to-date symlink: /home/aimo/livox_ws/install/fast_lio/share/fast_lio/cmake/rosidl_cmake_export_typesupport_targets-extras.cmake
[1.443s] -- Up-to-date symlink: /home/aimo/livox_ws/install/fast_lio/share/fast_lio/cmake/ament_cmake_export_dependencies-extras.cmake
[1.443s] -- Up-to-date symlink: /home/aimo/livox_ws/install/fast_lio/share/fast_lio/cmake/rosidl_cmake_export_typesupport_libraries-extras.cmake
[1.443s] -- Up-to-date symlink: /home/aimo/livox_ws/install/fast_lio/share/fast_lio/cmake/fast_lioConfig.cmake
[1.443s] -- Up-to-date symlink: /home/aimo/livox_ws/install/fast_lio/share/fast_lio/cmake/fast_lioConfig-version.cmake
[1.443s] -- Up-to-date symlink: /home/aimo/livox_ws/install/fast_lio/share/fast_lio/package.xml
[1.443s] -- Up-to-date: /home/aimo/livox_ws/install/fast_lio/lib/libfast_lio__rosidl_generator_c.so
[1.443s] -- Up-to-date: /home/aimo/livox_ws/install/fast_lio/lib/libfast_lio__rosidl_typesupport_fastrtps_c.so
[1.443s] -- Up-to-date: /home/aimo/livox_ws/install/fast_lio/lib/libfast_lio__rosidl_typesupport_fastrtps_cpp.so
[1.444s] -- Up-to-date: /home/aimo/livox_ws/install/fast_lio/lib/libfast_lio__rosidl_typesupport_introspection_c.so
[1.444s] -- Up-to-date: /home/aimo/livox_ws/install/fast_lio/lib/libfast_lio__rosidl_typesupport_c.so
[1.444s] -- Up-to-date: /home/aimo/livox_ws/install/fast_lio/lib/libfast_lio__rosidl_typesupport_introspection_cpp.so
[1.444s] -- Up-to-date: /home/aimo/livox_ws/install/fast_lio/lib/libfast_lio__rosidl_typesupport_cpp.so
[1.460s] Listing '/home/aimo/livox_ws/install/fast_lio/local/lib/python3.10/dist-packages/fast_lio'...
[1.461s] Compiling '/home/aimo/livox_ws/install/fast_lio/local/lib/python3.10/dist-packages/fast_lio/__init__.py'...
[1.461s] Listing '/home/aimo/livox_ws/install/fast_lio/local/lib/python3.10/dist-packages/fast_lio/msg'...
[1.463s] -- Up-to-date: /home/aimo/livox_ws/install/fast_lio/lib/libfast_lio__rosidl_generator_py.so
[1.463s] -- Up-to-date: /home/aimo/livox_ws/install/fast_lio/share/fast_lio/cmake/export_fast_lio__rosidl_generator_cExport.cmake
[1.463s] -- Up-to-date: /home/aimo/livox_ws/install/fast_lio/share/fast_lio/cmake/export_fast_lio__rosidl_generator_cExport-release.cmake
[1.463s] -- Up-to-date: /home/aimo/livox_ws/install/fast_lio/share/fast_lio/cmake/export_fast_lio__rosidl_typesupport_fastrtps_cExport.cmake
[1.463s] -- Up-to-date: /home/aimo/livox_ws/install/fast_lio/share/fast_lio/cmake/export_fast_lio__rosidl_typesupport_fastrtps_cExport-release.cmake
[1.463s] -- Up-to-date: /home/aimo/livox_ws/install/fast_lio/share/fast_lio/cmake/export_fast_lio__rosidl_generator_cppExport.cmake
[1.463s] -- Up-to-date: /home/aimo/livox_ws/install/fast_lio/share/fast_lio/cmake/export_fast_lio__rosidl_typesupport_fastrtps_cppExport.cmake
[1.463s] -- Up-to-date: /home/aimo/livox_ws/install/fast_lio/share/fast_lio/cmake/export_fast_lio__rosidl_typesupport_fastrtps_cppExport-release.cmake
[1.463s] -- Up-to-date: /home/aimo/livox_ws/install/fast_lio/share/fast_lio/cmake/fast_lio__rosidl_typesupport_introspection_cExport.cmake
[1.463s] -- Up-to-date: /home/aimo/livox_ws/install/fast_lio/share/fast_lio/cmake/fast_lio__rosidl_typesupport_introspection_cExport-release.cmake
[1.463s] -- Up-to-date: /home/aimo/livox_ws/install/fast_lio/share/fast_lio/cmake/fast_lio__rosidl_typesupport_cExport.cmake
[1.463s] -- Up-to-date: /home/aimo/livox_ws/install/fast_lio/share/fast_lio/cmake/fast_lio__rosidl_typesupport_cExport-release.cmake
[1.463s] -- Up-to-date: /home/aimo/livox_ws/install/fast_lio/share/fast_lio/cmake/fast_lio__rosidl_typesupport_introspection_cppExport.cmake
[1.463s] -- Up-to-date: /home/aimo/livox_ws/install/fast_lio/share/fast_lio/cmake/fast_lio__rosidl_typesupport_introspection_cppExport-release.cmake
[1.463s] -- Up-to-date: /home/aimo/livox_ws/install/fast_lio/share/fast_lio/cmake/fast_lio__rosidl_typesupport_cppExport.cmake
[1.463s] -- Up-to-date: /home/aimo/livox_ws/install/fast_lio/share/fast_lio/cmake/fast_lio__rosidl_typesupport_cppExport-release.cmake
[1.463s] -- Up-to-date: /home/aimo/livox_ws/install/fast_lio/share/fast_lio/cmake/export_fast_lio__rosidl_generator_pyExport.cmake
[1.463s] -- Up-to-date: /home/aimo/livox_ws/install/fast_lio/share/fast_lio/cmake/export_fast_lio__rosidl_generator_pyExport-release.cmake
[1.464s] Invoked command in '/home/aimo/livox_ws/build/fast_lio' returned '0': CMAKE_PREFIX_PATH=/home/aimo/livox_ws/install/livox_ros_driver2:/home/aimo/livox_ws/install/pcd2pgm:/home/aimo/livox_ws/install/fast_lio:/home/aimo/livox_ws/install/point_cloud_convertor:/opt/ros/humble LD_LIBRARY_PATH=/home/aimo/livox_ws/install/livox_ros_driver2/lib:/home/aimo/livox_ws/install/pcd2pgm/lib:/home/aimo/livox_ws/install/fast_lio/lib:/usr/lib/x86_64-linux-gnu/gazebo-11/plugins:/opt/ros/humble/opt/rviz_ogre_vendor/lib:/opt/ros/humble/lib/x86_64-linux-gnu:/opt/ros/humble/lib /usr/bin/cmake --install /home/aimo/livox_ws/build/fast_lio
