[0.048s] DEBUG:colcon:Command line arguments: ['/usr/bin/colcon', 'build', '--symlink-install']
[0.048s] DEBUG:colcon:Parsed command line arguments: Namespace(log_base=None, log_level=None, verb_name='build', build_base='build', install_base='install', merge_install=False, symlink_install=True, test_result_base=None, continue_on_error=False, executor='parallel', parallel_workers=20, event_handlers=None, ignore_user_meta=False, metas=['./colcon.meta'], base_paths=['.'], packages_ignore=None, packages_ignore_regex=None, paths=None, packages_up_to=None, packages_up_to_regex=None, packages_above=None, packages_above_and_dependencies=None, packages_above_depth=None, packages_select_by_dep=None, packages_skip_by_dep=None, packages_skip_up_to=None, packages_select_build_failed=False, packages_skip_build_finished=False, packages_select_test_failures=False, packages_skip_test_passed=False, packages_select=None, packages_skip=None, packages_select_regex=None, packages_skip_regex=None, packages_start=None, packages_end=None, allow_overriding=[], cmake_args=None, cmake_target=None, cmake_target_skip_unavailable=False, cmake_clean_cache=False, cmake_clean_first=False, cmake_force_configure=False, ament_cmake_args=None, catkin_cmake_args=None, catkin_skip_building_tests=False, mixin_files=None, mixin=None, verb_parser=<colcon_mixin.mixin.mixin_argument.MixinArgumentDecorator object at 0x7faf2146e920>, verb_extension=<colcon_core.verb.build.BuildVerb object at 0x7faf2155f910>, main=<bound method BuildVerb.main of <colcon_core.verb.build.BuildVerb object at 0x7faf2155f910>>, mixin_verb=('build',))
[0.116s] Level 1:colcon.colcon_core.package_discovery:discover_packages(colcon_meta) check parameters
[0.116s] Level 1:colcon.colcon_core.package_discovery:discover_packages(recursive) check parameters
[0.116s] Level 1:colcon.colcon_core.package_discovery:discover_packages(ignore) check parameters
[0.116s] Level 1:colcon.colcon_core.package_discovery:discover_packages(path) check parameters
[0.116s] Level 1:colcon.colcon_core.package_discovery:discover_packages(colcon_meta) discover
[0.116s] Level 1:colcon.colcon_core.package_discovery:discover_packages(recursive) discover
[0.116s] INFO:colcon.colcon_core.package_discovery:Crawling recursively for packages in '/home/aimo/livox_ws'
[0.116s] Level 1:colcon.colcon_core.package_identification:_identify(.) by extensions ['ignore', 'ignore_ament_install']
[0.117s] Level 1:colcon.colcon_core.package_identification:_identify(.) by extension 'ignore'
[0.117s] Level 1:colcon.colcon_core.package_identification:_identify(.) by extension 'ignore_ament_install'
[0.117s] Level 1:colcon.colcon_core.package_identification:_identify(.) by extensions ['colcon_pkg']
[0.117s] Level 1:colcon.colcon_core.package_identification:_identify(.) by extension 'colcon_pkg'
[0.117s] Level 1:colcon.colcon_core.package_identification:_identify(.) by extensions ['colcon_meta']
[0.117s] Level 1:colcon.colcon_core.package_identification:_identify(.) by extension 'colcon_meta'
[0.117s] Level 1:colcon.colcon_core.package_identification:_identify(.) by extensions ['ros']
[0.117s] Level 1:colcon.colcon_core.package_identification:_identify(.) by extension 'ros'
[0.122s] Level 1:colcon.colcon_core.package_identification:_identify(.) by extensions ['cmake', 'python']
[0.122s] Level 1:colcon.colcon_core.package_identification:_identify(.) by extension 'cmake'
[0.122s] Level 1:colcon.colcon_core.package_identification:_identify(.) by extension 'python'
[0.122s] Level 1:colcon.colcon_core.package_identification:_identify(.) by extensions ['python_setup_py']
[0.122s] Level 1:colcon.colcon_core.package_identification:_identify(.) by extension 'python_setup_py'
[0.122s] Level 1:colcon.colcon_core.package_identification:_identify(build) by extensions ['ignore', 'ignore_ament_install']
[0.122s] Level 1:colcon.colcon_core.package_identification:_identify(build) by extension 'ignore'
[0.122s] Level 1:colcon.colcon_core.package_identification:_identify(build) ignored
[0.122s] Level 1:colcon.colcon_core.package_identification:_identify(install) by extensions ['ignore', 'ignore_ament_install']
[0.122s] Level 1:colcon.colcon_core.package_identification:_identify(install) by extension 'ignore'
[0.122s] Level 1:colcon.colcon_core.package_identification:_identify(install) ignored
[0.122s] Level 1:colcon.colcon_core.package_identification:_identify(log) by extensions ['ignore', 'ignore_ament_install']
[0.122s] Level 1:colcon.colcon_core.package_identification:_identify(log) by extension 'ignore'
[0.122s] Level 1:colcon.colcon_core.package_identification:_identify(log) ignored
[0.122s] Level 1:colcon.colcon_core.package_identification:_identify(src) by extensions ['ignore', 'ignore_ament_install']
[0.122s] Level 1:colcon.colcon_core.package_identification:_identify(src) by extension 'ignore'
[0.122s] Level 1:colcon.colcon_core.package_identification:_identify(src) by extension 'ignore_ament_install'
[0.122s] Level 1:colcon.colcon_core.package_identification:_identify(src) by extensions ['colcon_pkg']
[0.122s] Level 1:colcon.colcon_core.package_identification:_identify(src) by extension 'colcon_pkg'
[0.122s] Level 1:colcon.colcon_core.package_identification:_identify(src) by extensions ['colcon_meta']
[0.122s] Level 1:colcon.colcon_core.package_identification:_identify(src) by extension 'colcon_meta'
[0.122s] Level 1:colcon.colcon_core.package_identification:_identify(src) by extensions ['ros']
[0.122s] Level 1:colcon.colcon_core.package_identification:_identify(src) by extension 'ros'
[0.122s] Level 1:colcon.colcon_core.package_identification:_identify(src) by extensions ['cmake', 'python']
[0.122s] Level 1:colcon.colcon_core.package_identification:_identify(src) by extension 'cmake'
[0.122s] Level 1:colcon.colcon_core.package_identification:_identify(src) by extension 'python'
[0.122s] Level 1:colcon.colcon_core.package_identification:_identify(src) by extensions ['python_setup_py']
[0.122s] Level 1:colcon.colcon_core.package_identification:_identify(src) by extension 'python_setup_py'
[0.122s] Level 1:colcon.colcon_core.package_identification:_identify(src/FAST_LIO_ROS2) by extensions ['ignore', 'ignore_ament_install']
[0.122s] Level 1:colcon.colcon_core.package_identification:_identify(src/FAST_LIO_ROS2) by extension 'ignore'
[0.122s] Level 1:colcon.colcon_core.package_identification:_identify(src/FAST_LIO_ROS2) by extension 'ignore_ament_install'
[0.122s] Level 1:colcon.colcon_core.package_identification:_identify(src/FAST_LIO_ROS2) by extensions ['colcon_pkg']
[0.122s] Level 1:colcon.colcon_core.package_identification:_identify(src/FAST_LIO_ROS2) by extension 'colcon_pkg'
[0.122s] Level 1:colcon.colcon_core.package_identification:_identify(src/FAST_LIO_ROS2) by extensions ['colcon_meta']
[0.122s] Level 1:colcon.colcon_core.package_identification:_identify(src/FAST_LIO_ROS2) by extension 'colcon_meta'
[0.122s] Level 1:colcon.colcon_core.package_identification:_identify(src/FAST_LIO_ROS2) by extensions ['ros']
[0.122s] Level 1:colcon.colcon_core.package_identification:_identify(src/FAST_LIO_ROS2) by extension 'ros'
[0.124s] DEBUG:colcon.colcon_core.package_identification:Package 'src/FAST_LIO_ROS2' with type 'ros.ament_cmake' and name 'fast_lio'
[0.124s] Level 1:colcon.colcon_core.package_identification:_identify(src/livox_ros_driver2) by extensions ['ignore', 'ignore_ament_install']
[0.124s] Level 1:colcon.colcon_core.package_identification:_identify(src/livox_ros_driver2) by extension 'ignore'
[0.124s] Level 1:colcon.colcon_core.package_identification:_identify(src/livox_ros_driver2) by extension 'ignore_ament_install'
[0.124s] Level 1:colcon.colcon_core.package_identification:_identify(src/livox_ros_driver2) by extensions ['colcon_pkg']
[0.124s] Level 1:colcon.colcon_core.package_identification:_identify(src/livox_ros_driver2) by extension 'colcon_pkg'
[0.124s] Level 1:colcon.colcon_core.package_identification:_identify(src/livox_ros_driver2) by extensions ['colcon_meta']
[0.124s] Level 1:colcon.colcon_core.package_identification:_identify(src/livox_ros_driver2) by extension 'colcon_meta'
[0.124s] Level 1:colcon.colcon_core.package_identification:_identify(src/livox_ros_driver2) by extensions ['ros']
[0.124s] Level 1:colcon.colcon_core.package_identification:_identify(src/livox_ros_driver2) by extension 'ros'
[0.125s] DEBUG:colcon.colcon_core.package_identification:Package 'src/livox_ros_driver2' with type 'ros.ament_cmake' and name 'livox_ros_driver2'
[0.125s] Level 1:colcon.colcon_core.package_discovery:discover_packages(recursive) using defaults
[0.125s] Level 1:colcon.colcon_core.package_discovery:discover_packages(ignore) discover
[0.125s] Level 1:colcon.colcon_core.package_discovery:discover_packages(ignore) using defaults
[0.125s] Level 1:colcon.colcon_core.package_discovery:discover_packages(path) discover
[0.125s] Level 1:colcon.colcon_core.package_discovery:discover_packages(path) using defaults
[0.140s] Level 1:colcon.colcon_core.package_discovery:discover_packages(prefix_path) check parameters
[0.140s] Level 1:colcon.colcon_core.package_discovery:discover_packages(prefix_path) discover
[0.141s] DEBUG:colcon.colcon_installed_package_information.package_discovery:Found 4 installed packages in /home/aimo/livox_ws/install
[0.141s] DEBUG:colcon.colcon_installed_package_information.package_discovery:Found 356 installed packages in /opt/ros/humble
[0.142s] Level 1:colcon.colcon_core.package_discovery:discover_packages(prefix_path) using defaults
[0.160s] Level 5:colcon.colcon_core.verb:set package 'livox_ros_driver2' build argument 'cmake_args' from command line to 'None'
[0.160s] Level 5:colcon.colcon_core.verb:set package 'livox_ros_driver2' build argument 'cmake_target' from command line to 'None'
[0.160s] Level 5:colcon.colcon_core.verb:set package 'livox_ros_driver2' build argument 'cmake_target_skip_unavailable' from command line to 'False'
[0.160s] Level 5:colcon.colcon_core.verb:set package 'livox_ros_driver2' build argument 'cmake_clean_cache' from command line to 'False'
[0.160s] Level 5:colcon.colcon_core.verb:set package 'livox_ros_driver2' build argument 'cmake_clean_first' from command line to 'False'
[0.160s] Level 5:colcon.colcon_core.verb:set package 'livox_ros_driver2' build argument 'cmake_force_configure' from command line to 'False'
[0.160s] Level 5:colcon.colcon_core.verb:set package 'livox_ros_driver2' build argument 'ament_cmake_args' from command line to 'None'
[0.160s] Level 5:colcon.colcon_core.verb:set package 'livox_ros_driver2' build argument 'catkin_cmake_args' from command line to 'None'
[0.160s] Level 5:colcon.colcon_core.verb:set package 'livox_ros_driver2' build argument 'catkin_skip_building_tests' from command line to 'False'
[0.160s] DEBUG:colcon.colcon_core.verb:Building package 'livox_ros_driver2' with the following arguments: {'ament_cmake_args': None, 'build_base': '/home/aimo/livox_ws/build/livox_ros_driver2', 'catkin_cmake_args': None, 'catkin_skip_building_tests': False, 'cmake_args': None, 'cmake_clean_cache': False, 'cmake_clean_first': False, 'cmake_force_configure': False, 'cmake_target': None, 'cmake_target_skip_unavailable': False, 'install_base': '/home/aimo/livox_ws/install/livox_ros_driver2', 'merge_install': False, 'path': '/home/aimo/livox_ws/src/livox_ros_driver2', 'symlink_install': True, 'test_result_base': None}
[0.160s] Level 5:colcon.colcon_core.verb:set package 'fast_lio' build argument 'cmake_args' from command line to 'None'
[0.160s] Level 5:colcon.colcon_core.verb:set package 'fast_lio' build argument 'cmake_target' from command line to 'None'
[0.160s] Level 5:colcon.colcon_core.verb:set package 'fast_lio' build argument 'cmake_target_skip_unavailable' from command line to 'False'
[0.160s] Level 5:colcon.colcon_core.verb:set package 'fast_lio' build argument 'cmake_clean_cache' from command line to 'False'
[0.160s] Level 5:colcon.colcon_core.verb:set package 'fast_lio' build argument 'cmake_clean_first' from command line to 'False'
[0.160s] Level 5:colcon.colcon_core.verb:set package 'fast_lio' build argument 'cmake_force_configure' from command line to 'False'
[0.160s] Level 5:colcon.colcon_core.verb:set package 'fast_lio' build argument 'ament_cmake_args' from command line to 'None'
[0.160s] Level 5:colcon.colcon_core.verb:set package 'fast_lio' build argument 'catkin_cmake_args' from command line to 'None'
[0.160s] Level 5:colcon.colcon_core.verb:set package 'fast_lio' build argument 'catkin_skip_building_tests' from command line to 'False'
[0.160s] DEBUG:colcon.colcon_core.verb:Building package 'fast_lio' with the following arguments: {'ament_cmake_args': None, 'build_base': '/home/aimo/livox_ws/build/fast_lio', 'catkin_cmake_args': None, 'catkin_skip_building_tests': False, 'cmake_args': None, 'cmake_clean_cache': False, 'cmake_clean_first': False, 'cmake_force_configure': False, 'cmake_target': None, 'cmake_target_skip_unavailable': False, 'install_base': '/home/aimo/livox_ws/install/fast_lio', 'merge_install': False, 'path': '/home/aimo/livox_ws/src/FAST_LIO_ROS2', 'symlink_install': True, 'test_result_base': None}
[0.160s] INFO:colcon.colcon_core.executor:Executing jobs using 'parallel' executor
[0.161s] DEBUG:colcon.colcon_parallel_executor.executor.parallel:run_until_complete
[0.161s] INFO:colcon.colcon_ros.task.ament_cmake.build:Building ROS package in '/home/aimo/livox_ws/src/livox_ros_driver2' with build type 'ament_cmake'
[0.161s] INFO:colcon.colcon_cmake.task.cmake.build:Building CMake package in '/home/aimo/livox_ws/src/livox_ros_driver2'
[0.162s] INFO:colcon.colcon_core.plugin_system:Skipping extension 'colcon_core.shell.bat': Not used on non-Windows systems
[0.162s] INFO:colcon.colcon_core.shell:Skip shell extension 'powershell' for command environment: Not usable outside of PowerShell
[0.162s] DEBUG:colcon.colcon_core.shell:Skip shell extension 'dsv' for command environment
[0.166s] DEBUG:colcon.colcon_core.event_handler.log_command:Invoking command in '/home/aimo/livox_ws/build/livox_ros_driver2': CMAKE_PREFIX_PATH=${CMAKE_PREFIX_PATH}:/home/aimo/livox_ws/install/point_cloud_convertor:/opt/ros/humble /usr/bin/cmake --build /home/aimo/livox_ws/build/livox_ros_driver2 -- -j20 -l20
[0.340s] DEBUG:colcon.colcon_core.event_handler.log_command:Invoked command in '/home/aimo/livox_ws/build/livox_ros_driver2' returned '0': CMAKE_PREFIX_PATH=${CMAKE_PREFIX_PATH}:/home/aimo/livox_ws/install/point_cloud_convertor:/opt/ros/humble /usr/bin/cmake --build /home/aimo/livox_ws/build/livox_ros_driver2 -- -j20 -l20
[0.347s] DEBUG:colcon.colcon_core.event_handler.log_command:Invoking command in '/home/aimo/livox_ws/build/livox_ros_driver2': CMAKE_PREFIX_PATH=${CMAKE_PREFIX_PATH}:/home/aimo/livox_ws/install/point_cloud_convertor:/opt/ros/humble /usr/bin/cmake --install /home/aimo/livox_ws/build/livox_ros_driver2
[0.392s] Level 1:colcon.colcon_core.environment:create_environment_scripts_only(livox_ros_driver2)
[0.392s] DEBUG:colcon.colcon_core.event_handler.log_command:Invoked command in '/home/aimo/livox_ws/build/livox_ros_driver2' returned '0': CMAKE_PREFIX_PATH=${CMAKE_PREFIX_PATH}:/home/aimo/livox_ws/install/point_cloud_convertor:/opt/ros/humble /usr/bin/cmake --install /home/aimo/livox_ws/build/livox_ros_driver2
[0.394s] Level 1:colcon.colcon_core.environment:checking '/home/aimo/livox_ws/install/livox_ros_driver2' for CMake module files
[0.394s] Level 1:colcon.colcon_core.environment:checking '/home/aimo/livox_ws/install/livox_ros_driver2' for CMake config files
[0.394s] Level 1:colcon.colcon_core.shell:create_environment_hook('livox_ros_driver2', 'cmake_prefix_path')
[0.394s] INFO:colcon.colcon_core.shell:Creating environment hook '/home/aimo/livox_ws/install/livox_ros_driver2/share/livox_ros_driver2/hook/cmake_prefix_path.ps1'
[0.395s] INFO:colcon.colcon_core.shell:Creating environment descriptor '/home/aimo/livox_ws/install/livox_ros_driver2/share/livox_ros_driver2/hook/cmake_prefix_path.dsv'
[0.395s] INFO:colcon.colcon_core.shell:Creating environment hook '/home/aimo/livox_ws/install/livox_ros_driver2/share/livox_ros_driver2/hook/cmake_prefix_path.sh'
[0.395s] Level 1:colcon.colcon_core.environment:checking '/home/aimo/livox_ws/install/livox_ros_driver2/lib'
[0.395s] Level 1:colcon.colcon_core.shell:create_environment_hook('livox_ros_driver2', 'ld_library_path_lib')
[0.395s] INFO:colcon.colcon_core.shell:Creating environment hook '/home/aimo/livox_ws/install/livox_ros_driver2/share/livox_ros_driver2/hook/ld_library_path_lib.ps1'
[0.396s] INFO:colcon.colcon_core.shell:Creating environment descriptor '/home/aimo/livox_ws/install/livox_ros_driver2/share/livox_ros_driver2/hook/ld_library_path_lib.dsv'
[0.396s] INFO:colcon.colcon_core.shell:Creating environment hook '/home/aimo/livox_ws/install/livox_ros_driver2/share/livox_ros_driver2/hook/ld_library_path_lib.sh'
[0.396s] Level 1:colcon.colcon_core.environment:checking '/home/aimo/livox_ws/install/livox_ros_driver2/bin'
[0.396s] Level 1:colcon.colcon_core.environment:checking '/home/aimo/livox_ws/install/livox_ros_driver2/lib/pkgconfig/livox_ros_driver2.pc'
[0.397s] Level 1:colcon.colcon_core.environment:checking '/home/aimo/livox_ws/install/livox_ros_driver2/lib/python3.10/site-packages'
[0.397s] Level 1:colcon.colcon_core.environment:checking '/home/aimo/livox_ws/install/livox_ros_driver2/bin'
[0.397s] INFO:colcon.colcon_core.shell:Creating package script '/home/aimo/livox_ws/install/livox_ros_driver2/share/livox_ros_driver2/package.ps1'
[0.398s] INFO:colcon.colcon_core.shell:Creating package descriptor '/home/aimo/livox_ws/install/livox_ros_driver2/share/livox_ros_driver2/package.dsv'
[0.398s] INFO:colcon.colcon_core.shell:Creating package script '/home/aimo/livox_ws/install/livox_ros_driver2/share/livox_ros_driver2/package.sh'
[0.398s] INFO:colcon.colcon_core.shell:Creating package script '/home/aimo/livox_ws/install/livox_ros_driver2/share/livox_ros_driver2/package.bash'
[0.399s] INFO:colcon.colcon_core.shell:Creating package script '/home/aimo/livox_ws/install/livox_ros_driver2/share/livox_ros_driver2/package.zsh'
[0.399s] Level 1:colcon.colcon_core.environment:create_file_with_runtime_dependencies(/home/aimo/livox_ws/install/livox_ros_driver2/share/colcon-core/packages/livox_ros_driver2)
[0.399s] Level 1:colcon.colcon_core.environment:create_environment_scripts_only(livox_ros_driver2)
[0.399s] Level 1:colcon.colcon_core.environment:checking '/home/aimo/livox_ws/install/livox_ros_driver2' for CMake module files
[0.400s] Level 1:colcon.colcon_core.environment:checking '/home/aimo/livox_ws/install/livox_ros_driver2' for CMake config files
[0.400s] Level 1:colcon.colcon_core.shell:create_environment_hook('livox_ros_driver2', 'cmake_prefix_path')
[0.400s] INFO:colcon.colcon_core.shell:Creating environment hook '/home/aimo/livox_ws/install/livox_ros_driver2/share/livox_ros_driver2/hook/cmake_prefix_path.ps1'
[0.400s] INFO:colcon.colcon_core.shell:Creating environment descriptor '/home/aimo/livox_ws/install/livox_ros_driver2/share/livox_ros_driver2/hook/cmake_prefix_path.dsv'
[0.400s] INFO:colcon.colcon_core.shell:Creating environment hook '/home/aimo/livox_ws/install/livox_ros_driver2/share/livox_ros_driver2/hook/cmake_prefix_path.sh'
[0.400s] Level 1:colcon.colcon_core.environment:checking '/home/aimo/livox_ws/install/livox_ros_driver2/lib'
[0.400s] Level 1:colcon.colcon_core.shell:create_environment_hook('livox_ros_driver2', 'ld_library_path_lib')
[0.400s] INFO:colcon.colcon_core.shell:Creating environment hook '/home/aimo/livox_ws/install/livox_ros_driver2/share/livox_ros_driver2/hook/ld_library_path_lib.ps1'
[0.401s] INFO:colcon.colcon_core.shell:Creating environment descriptor '/home/aimo/livox_ws/install/livox_ros_driver2/share/livox_ros_driver2/hook/ld_library_path_lib.dsv'
[0.401s] INFO:colcon.colcon_core.shell:Creating environment hook '/home/aimo/livox_ws/install/livox_ros_driver2/share/livox_ros_driver2/hook/ld_library_path_lib.sh'
[0.402s] Level 1:colcon.colcon_core.environment:checking '/home/aimo/livox_ws/install/livox_ros_driver2/bin'
[0.402s] Level 1:colcon.colcon_core.environment:checking '/home/aimo/livox_ws/install/livox_ros_driver2/lib/pkgconfig/livox_ros_driver2.pc'
[0.403s] Level 1:colcon.colcon_core.environment:checking '/home/aimo/livox_ws/install/livox_ros_driver2/lib/python3.10/site-packages'
[0.403s] Level 1:colcon.colcon_core.environment:checking '/home/aimo/livox_ws/install/livox_ros_driver2/bin'
[0.403s] INFO:colcon.colcon_core.shell:Creating package script '/home/aimo/livox_ws/install/livox_ros_driver2/share/livox_ros_driver2/package.ps1'
[0.407s] INFO:colcon.colcon_core.shell:Creating package descriptor '/home/aimo/livox_ws/install/livox_ros_driver2/share/livox_ros_driver2/package.dsv'
[0.408s] INFO:colcon.colcon_core.shell:Creating package script '/home/aimo/livox_ws/install/livox_ros_driver2/share/livox_ros_driver2/package.sh'
[0.408s] INFO:colcon.colcon_core.shell:Creating package script '/home/aimo/livox_ws/install/livox_ros_driver2/share/livox_ros_driver2/package.bash'
[0.408s] INFO:colcon.colcon_core.shell:Creating package script '/home/aimo/livox_ws/install/livox_ros_driver2/share/livox_ros_driver2/package.zsh'
[0.408s] Level 1:colcon.colcon_core.environment:create_file_with_runtime_dependencies(/home/aimo/livox_ws/install/livox_ros_driver2/share/colcon-core/packages/livox_ros_driver2)
[0.409s] INFO:colcon.colcon_ros.task.ament_cmake.build:Building ROS package in '/home/aimo/livox_ws/src/FAST_LIO_ROS2' with build type 'ament_cmake'
[0.410s] INFO:colcon.colcon_cmake.task.cmake.build:Building CMake package in '/home/aimo/livox_ws/src/FAST_LIO_ROS2'
[0.411s] INFO:colcon.colcon_core.shell:Skip shell extension 'powershell' for command environment: Not usable outside of PowerShell
[0.411s] DEBUG:colcon.colcon_core.shell:Skip shell extension 'dsv' for command environment
[0.418s] DEBUG:colcon.colcon_core.event_handler.log_command:Invoking command in '/home/aimo/livox_ws/build/fast_lio': CMAKE_PREFIX_PATH=/home/aimo/livox_ws/install/livox_ros_driver2:/home/aimo/livox_ws/install/fast_lio:/home/aimo/livox_ws/install/point_cloud_convertor:/opt/ros/humble LD_LIBRARY_PATH=/home/aimo/livox_ws/install/livox_ros_driver2/lib:/home/aimo/livox_ws/install/fast_lio/lib:/usr/lib/x86_64-linux-gnu/gazebo-11/plugins:/opt/ros/humble/opt/rviz_ogre_vendor/lib:/opt/ros/humble/lib/x86_64-linux-gnu:/opt/ros/humble/lib /usr/bin/cmake --build /home/aimo/livox_ws/build/fast_lio -- -j20 -l20
[34.080s] DEBUG:colcon.colcon_core.event_handler.log_command:Invoked command in '/home/aimo/livox_ws/build/fast_lio' returned '0': CMAKE_PREFIX_PATH=/home/aimo/livox_ws/install/livox_ros_driver2:/home/aimo/livox_ws/install/fast_lio:/home/aimo/livox_ws/install/point_cloud_convertor:/opt/ros/humble LD_LIBRARY_PATH=/home/aimo/livox_ws/install/livox_ros_driver2/lib:/home/aimo/livox_ws/install/fast_lio/lib:/usr/lib/x86_64-linux-gnu/gazebo-11/plugins:/opt/ros/humble/opt/rviz_ogre_vendor/lib:/opt/ros/humble/lib/x86_64-linux-gnu:/opt/ros/humble/lib /usr/bin/cmake --build /home/aimo/livox_ws/build/fast_lio -- -j20 -l20
[34.082s] DEBUG:colcon.colcon_core.event_handler.log_command:Invoking command in '/home/aimo/livox_ws/build/fast_lio': CMAKE_PREFIX_PATH=/home/aimo/livox_ws/install/livox_ros_driver2:/home/aimo/livox_ws/install/fast_lio:/home/aimo/livox_ws/install/point_cloud_convertor:/opt/ros/humble LD_LIBRARY_PATH=/home/aimo/livox_ws/install/livox_ros_driver2/lib:/home/aimo/livox_ws/install/fast_lio/lib:/usr/lib/x86_64-linux-gnu/gazebo-11/plugins:/opt/ros/humble/opt/rviz_ogre_vendor/lib:/opt/ros/humble/lib/x86_64-linux-gnu:/opt/ros/humble/lib /usr/bin/cmake --install /home/aimo/livox_ws/build/fast_lio
[34.119s] Level 1:colcon.colcon_core.environment:create_environment_scripts_only(fast_lio)
[34.119s] Level 1:colcon.colcon_core.environment:checking '/home/aimo/livox_ws/install/fast_lio' for CMake module files
[34.120s] DEBUG:colcon.colcon_core.event_handler.log_command:Invoked command in '/home/aimo/livox_ws/build/fast_lio' returned '0': CMAKE_PREFIX_PATH=/home/aimo/livox_ws/install/livox_ros_driver2:/home/aimo/livox_ws/install/fast_lio:/home/aimo/livox_ws/install/point_cloud_convertor:/opt/ros/humble LD_LIBRARY_PATH=/home/aimo/livox_ws/install/livox_ros_driver2/lib:/home/aimo/livox_ws/install/fast_lio/lib:/usr/lib/x86_64-linux-gnu/gazebo-11/plugins:/opt/ros/humble/opt/rviz_ogre_vendor/lib:/opt/ros/humble/lib/x86_64-linux-gnu:/opt/ros/humble/lib /usr/bin/cmake --install /home/aimo/livox_ws/build/fast_lio
[34.120s] Level 1:colcon.colcon_core.environment:checking '/home/aimo/livox_ws/install/fast_lio' for CMake config files
[34.120s] Level 1:colcon.colcon_core.shell:create_environment_hook('fast_lio', 'cmake_prefix_path')
[34.120s] INFO:colcon.colcon_core.shell:Creating environment hook '/home/aimo/livox_ws/install/fast_lio/share/fast_lio/hook/cmake_prefix_path.ps1'
[34.120s] INFO:colcon.colcon_core.shell:Creating environment descriptor '/home/aimo/livox_ws/install/fast_lio/share/fast_lio/hook/cmake_prefix_path.dsv'
[34.121s] INFO:colcon.colcon_core.shell:Creating environment hook '/home/aimo/livox_ws/install/fast_lio/share/fast_lio/hook/cmake_prefix_path.sh'
[34.121s] Level 1:colcon.colcon_core.environment:checking '/home/aimo/livox_ws/install/fast_lio/lib'
[34.121s] Level 1:colcon.colcon_core.shell:create_environment_hook('fast_lio', 'ld_library_path_lib')
[34.121s] INFO:colcon.colcon_core.shell:Creating environment hook '/home/aimo/livox_ws/install/fast_lio/share/fast_lio/hook/ld_library_path_lib.ps1'
[34.121s] INFO:colcon.colcon_core.shell:Creating environment descriptor '/home/aimo/livox_ws/install/fast_lio/share/fast_lio/hook/ld_library_path_lib.dsv'
[34.121s] INFO:colcon.colcon_core.shell:Creating environment hook '/home/aimo/livox_ws/install/fast_lio/share/fast_lio/hook/ld_library_path_lib.sh'
[34.121s] Level 1:colcon.colcon_core.environment:checking '/home/aimo/livox_ws/install/fast_lio/bin'
[34.121s] Level 1:colcon.colcon_core.environment:checking '/home/aimo/livox_ws/install/fast_lio/lib/pkgconfig/fast_lio.pc'
[34.122s] Level 1:colcon.colcon_core.environment:checking '/home/aimo/livox_ws/install/fast_lio/lib/python3.10/site-packages'
[34.122s] Level 1:colcon.colcon_core.environment:checking '/home/aimo/livox_ws/install/fast_lio/bin'
[34.122s] INFO:colcon.colcon_core.shell:Creating package script '/home/aimo/livox_ws/install/fast_lio/share/fast_lio/package.ps1'
[34.122s] INFO:colcon.colcon_core.shell:Creating package descriptor '/home/aimo/livox_ws/install/fast_lio/share/fast_lio/package.dsv'
[34.122s] INFO:colcon.colcon_core.shell:Creating package script '/home/aimo/livox_ws/install/fast_lio/share/fast_lio/package.sh'
[34.122s] INFO:colcon.colcon_core.shell:Creating package script '/home/aimo/livox_ws/install/fast_lio/share/fast_lio/package.bash'
[34.123s] INFO:colcon.colcon_core.shell:Creating package script '/home/aimo/livox_ws/install/fast_lio/share/fast_lio/package.zsh'
[34.123s] Level 1:colcon.colcon_core.environment:create_file_with_runtime_dependencies(/home/aimo/livox_ws/install/fast_lio/share/colcon-core/packages/fast_lio)
[34.123s] Level 1:colcon.colcon_core.environment:create_environment_scripts_only(fast_lio)
[34.123s] Level 1:colcon.colcon_core.environment:checking '/home/aimo/livox_ws/install/fast_lio' for CMake module files
[34.123s] Level 1:colcon.colcon_core.environment:checking '/home/aimo/livox_ws/install/fast_lio' for CMake config files
[34.123s] Level 1:colcon.colcon_core.shell:create_environment_hook('fast_lio', 'cmake_prefix_path')
[34.124s] INFO:colcon.colcon_core.shell:Creating environment hook '/home/aimo/livox_ws/install/fast_lio/share/fast_lio/hook/cmake_prefix_path.ps1'
[34.124s] INFO:colcon.colcon_core.shell:Creating environment descriptor '/home/aimo/livox_ws/install/fast_lio/share/fast_lio/hook/cmake_prefix_path.dsv'
[34.124s] INFO:colcon.colcon_core.shell:Creating environment hook '/home/aimo/livox_ws/install/fast_lio/share/fast_lio/hook/cmake_prefix_path.sh'
[34.124s] Level 1:colcon.colcon_core.environment:checking '/home/aimo/livox_ws/install/fast_lio/lib'
[34.124s] Level 1:colcon.colcon_core.shell:create_environment_hook('fast_lio', 'ld_library_path_lib')
[34.124s] INFO:colcon.colcon_core.shell:Creating environment hook '/home/aimo/livox_ws/install/fast_lio/share/fast_lio/hook/ld_library_path_lib.ps1'
[34.124s] INFO:colcon.colcon_core.shell:Creating environment descriptor '/home/aimo/livox_ws/install/fast_lio/share/fast_lio/hook/ld_library_path_lib.dsv'
[34.124s] INFO:colcon.colcon_core.shell:Creating environment hook '/home/aimo/livox_ws/install/fast_lio/share/fast_lio/hook/ld_library_path_lib.sh'
[34.125s] Level 1:colcon.colcon_core.environment:checking '/home/aimo/livox_ws/install/fast_lio/bin'
[34.125s] Level 1:colcon.colcon_core.environment:checking '/home/aimo/livox_ws/install/fast_lio/lib/pkgconfig/fast_lio.pc'
[34.125s] Level 1:colcon.colcon_core.environment:checking '/home/aimo/livox_ws/install/fast_lio/lib/python3.10/site-packages'
[34.125s] Level 1:colcon.colcon_core.environment:checking '/home/aimo/livox_ws/install/fast_lio/bin'
[34.125s] INFO:colcon.colcon_core.shell:Creating package script '/home/aimo/livox_ws/install/fast_lio/share/fast_lio/package.ps1'
[34.125s] INFO:colcon.colcon_core.shell:Creating package descriptor '/home/aimo/livox_ws/install/fast_lio/share/fast_lio/package.dsv'
[34.125s] INFO:colcon.colcon_core.shell:Creating package script '/home/aimo/livox_ws/install/fast_lio/share/fast_lio/package.sh'
[34.125s] INFO:colcon.colcon_core.shell:Creating package script '/home/aimo/livox_ws/install/fast_lio/share/fast_lio/package.bash'
[34.125s] INFO:colcon.colcon_core.shell:Creating package script '/home/aimo/livox_ws/install/fast_lio/share/fast_lio/package.zsh'
[34.126s] Level 1:colcon.colcon_core.environment:create_file_with_runtime_dependencies(/home/aimo/livox_ws/install/fast_lio/share/colcon-core/packages/fast_lio)
[34.126s] DEBUG:colcon.colcon_parallel_executor.executor.parallel:closing loop
[34.126s] DEBUG:colcon.colcon_parallel_executor.executor.parallel:loop closed
[34.126s] DEBUG:colcon.colcon_parallel_executor.executor.parallel:run_until_complete finished with '0'
[34.126s] DEBUG:colcon.colcon_core.event_reactor:joining thread
[34.129s] INFO:colcon.colcon_core.plugin_system:Skipping extension 'colcon_notification.desktop_notification.terminal_notifier': Not used on non-Darwin systems
[34.129s] INFO:colcon.colcon_core.plugin_system:Skipping extension 'colcon_notification.desktop_notification.win32': Not used on non-Windows systems
[34.129s] INFO:colcon.colcon_notification.desktop_notification:Sending desktop notification using 'notify2'
[34.136s] DEBUG:colcon.colcon_core.event_reactor:joined thread
[34.137s] INFO:colcon.colcon_core.shell:Creating prefix script '/home/aimo/livox_ws/install/local_setup.ps1'
[34.137s] INFO:colcon.colcon_core.shell:Creating prefix util module '/home/aimo/livox_ws/install/_local_setup_util_ps1.py'
[34.138s] INFO:colcon.colcon_core.shell:Creating prefix chain script '/home/aimo/livox_ws/install/setup.ps1'
[34.138s] INFO:colcon.colcon_core.shell:Creating prefix script '/home/aimo/livox_ws/install/local_setup.sh'
[34.138s] INFO:colcon.colcon_core.shell:Creating prefix util module '/home/aimo/livox_ws/install/_local_setup_util_sh.py'
[34.138s] INFO:colcon.colcon_core.shell:Creating prefix chain script '/home/aimo/livox_ws/install/setup.sh'
[34.139s] INFO:colcon.colcon_core.shell:Creating prefix script '/home/aimo/livox_ws/install/local_setup.bash'
[34.139s] INFO:colcon.colcon_core.shell:Creating prefix chain script '/home/aimo/livox_ws/install/setup.bash'
[34.139s] INFO:colcon.colcon_core.shell:Creating prefix script '/home/aimo/livox_ws/install/local_setup.zsh'
[34.139s] INFO:colcon.colcon_core.shell:Creating prefix chain script '/home/aimo/livox_ws/install/setup.zsh'
