[0.008s] Invoking command in '/home/aimo/livox_ws/build/fast_lio': AMENT_PREFIX_PATH=/home/aimo/livox_ws/install/livox_ros_driver2:${AMENT_PREFIX_PATH} CMAKE_PREFIX_PATH=/home/aimo/livox_ws/install/livox_ros_driver2:/opt/ros/humble LD_LIBRARY_PATH=/home/aimo/livox_ws/install/livox_ros_driver2/lib:${LD_LIBRARY_PATH} PYTHONPATH=/home/aimo/livox_ws/install/livox_ros_driver2/local/lib/python3.10/dist-packages:${PYTHONPATH} /usr/bin/cmake /home/aimo/livox_ws/src/FAST_LIO_ROS2 -DCMAKE_INSTALL_PREFIX=/home/aimo/livox_ws/install/fast_lio
[0.017s] [0mCurrent CPU archtecture: x86_64[0m
[0.020s] [0mProcesser number:  20[0m
[0.020s] [0mcore for MP: 3[0m
[0.023s] -- Found PythonLibs: /usr/lib/x86_64-linux-gnu/libpython3.10.so (found version "3.10.12") 
[0.024s] -- Found ament_cmake: 1.3.11 (/opt/ros/humble/share/ament_cmake/cmake)
[0.093s] -- Override CMake install command with custom implementation using symlinks instead of copying resources
[0.097s] -- Found rclcpp: 16.0.12 (/opt/ros/humble/share/rclcpp/cmake)
[0.112s] -- Found rosidl_generator_c: 3.1.6 (/opt/ros/humble/share/rosidl_generator_c/cmake)
[0.113s] -- Found rosidl_adapter: 3.1.6 (/opt/ros/humble/share/rosidl_adapter/cmake)
[0.116s] -- Found rosidl_generator_cpp: 3.1.6 (/opt/ros/humble/share/rosidl_generator_cpp/cmake)
[0.124s] -- Using all available rosidl_typesupport_c: rosidl_typesupport_fastrtps_c;rosidl_typesupport_introspection_c
[0.130s] -- Using all available rosidl_typesupport_cpp: rosidl_typesupport_fastrtps_cpp;rosidl_typesupport_introspection_cpp
[0.146s] -- Found rmw_implementation_cmake: 6.1.2 (/opt/ros/humble/share/rmw_implementation_cmake/cmake)
[0.147s] -- Found rmw_fastrtps_cpp: 6.2.7 (/opt/ros/humble/share/rmw_fastrtps_cpp/cmake)
[0.207s] -- Using RMW implementation 'rmw_fastrtps_cpp' as default
[0.226s] -- Found rclcpp_components: 16.0.12 (/opt/ros/humble/share/rclcpp_components/cmake)
[0.235s] -- Found geometry_msgs: 4.9.0 (/opt/ros/humble/share/geometry_msgs/cmake)
[0.242s] -- Found nav_msgs: 4.9.0 (/opt/ros/humble/share/nav_msgs/cmake)
[0.251s] -- Found sensor_msgs: 4.9.0 (/opt/ros/humble/share/sensor_msgs/cmake)
[0.259s] -- Found std_srvs: 4.9.0 (/opt/ros/humble/share/std_srvs/cmake)
[0.264s] -- Found visualization_msgs: 4.9.0 (/opt/ros/humble/share/visualization_msgs/cmake)
[0.274s] -- Found pcl_ros: 2.4.5 (/opt/ros/humble/share/pcl_ros/cmake)
[0.294s] -- Eigen found (include: /usr/include/eigen3, version: 3.4.0)
[0.309s] -- FLANN found (include: /usr/include, lib: /usr/lib/x86_64-linux-gnu/libflann_cpp.so)
[0.458s] -- OpenNI found (version: 1.5.4.0, include: /usr/include/ni, lib: /usr/lib/libOpenNI.so;libusb::libusb)
[0.466s] -- OpenNI2 found (version: 2.2.0.33, include: /usr/include/openni2, lib: /usr/lib/x86_64-linux-gnu/libOpenNI2.so;libusb::libusb)
[0.535s] -- Eigen found (include: /usr/include/eigen3, version: 3.4.0)
[0.538s] -- OpenNI found (version: 1.5.4.0, include: /usr/include/ni, lib: /usr/lib/libOpenNI.so;libusb::libusb)
[0.541s] -- OpenNI2 found (version: 2.2.0.33, include: /usr/include/openni2, lib: /usr/lib/x86_64-linux-gnu/libOpenNI2.so;libusb::libusb)
[0.611s] -- Found Qhull version 8.0.2
[0.684s] -- OpenNI found (version: 1.5.4.0, include: /usr/include/ni, lib: /usr/lib/libOpenNI.so;libusb::libusb)
[0.774s] -- Found eigen3_cmake_module: 0.1.1 (/opt/ros/humble/share/eigen3_cmake_module/cmake)
[0.775s] -- Ensuring Eigen3 include directory is part of orocos-kdl CMake target
[0.815s] -- Found livox_ros_driver2: 1.0.0 (/home/aimo/livox_ws/install/livox_ros_driver2/share/livox_ros_driver2/cmake)
[0.827s] -- Found rosidl_default_generators: 1.2.0 (/opt/ros/humble/share/rosidl_default_generators/cmake)
[0.831s] [33mCMake Warning (dev) at CMakeLists.txt:81 (find_package):
[0.831s]   Policy CMP0074 is not set: find_package uses <PackageName>_ROOT variables.
[0.831s]   Run "cmake --help-policy CMP0074" for policy details.  Use the cmake_policy
[0.831s]   command to set the policy and suppress this warning.
[0.831s] 
[0.831s]   CMake variable PCL_ROOT is set to:
[0.831s] 
[0.831s]     /usr
[0.831s] 
[0.831s]   For compatibility, CMake is ignoring the variable.
[0.831s] This warning is for project developers.  Use -Wno-dev to suppress it.
[0.831s] [0m
[0.835s] [0mEigen:/usr/include/eigen3[0m
[0.835s] -- PCL: /usr/include/pcl-1.12
[0.965s] -- Found ament_cmake_ros: 0.10.0 (/opt/ros/humble/share/ament_cmake_ros/cmake)
[1.127s] -- Using all available rosidl_typesupport_c: rosidl_typesupport_fastrtps_c;rosidl_typesupport_introspection_c
[1.190s] -- Using all available rosidl_typesupport_cpp: rosidl_typesupport_fastrtps_cpp;rosidl_typesupport_introspection_cpp
[1.201s] -- Found python_cmake_module: 0.10.0 (/opt/ros/humble/share/python_cmake_module/cmake)
[1.214s] -- Found PythonLibs: /usr/lib/x86_64-linux-gnu/libpython3.10.so (found suitable version "3.10.12", minimum required is "3.5") 
[1.215s] -- Using PYTHON_EXECUTABLE: /usr/bin/python3
[1.215s] -- Using PYTHON_INCLUDE_DIRS: /usr/include/python3.10
[1.215s] -- Using PYTHON_LIBRARIES: /usr/lib/x86_64-linux-gnu/libpython3.10.so
[1.234s] -- Configuring done
[1.283s] -- Generating done
[1.292s] -- Build files have been written to: /home/aimo/livox_ws/build/fast_lio
[1.304s] Invoked command in '/home/aimo/livox_ws/build/fast_lio' returned '0': AMENT_PREFIX_PATH=/home/aimo/livox_ws/install/livox_ros_driver2:${AMENT_PREFIX_PATH} CMAKE_PREFIX_PATH=/home/aimo/livox_ws/install/livox_ros_driver2:/opt/ros/humble LD_LIBRARY_PATH=/home/aimo/livox_ws/install/livox_ros_driver2/lib:${LD_LIBRARY_PATH} PYTHONPATH=/home/aimo/livox_ws/install/livox_ros_driver2/local/lib/python3.10/dist-packages:${PYTHONPATH} /usr/bin/cmake /home/aimo/livox_ws/src/FAST_LIO_ROS2 -DCMAKE_INSTALL_PREFIX=/home/aimo/livox_ws/install/fast_lio
[1.305s] Invoking command in '/home/aimo/livox_ws/build/fast_lio': AMENT_PREFIX_PATH=/home/aimo/livox_ws/install/livox_ros_driver2:${AMENT_PREFIX_PATH} CMAKE_PREFIX_PATH=/home/aimo/livox_ws/install/livox_ros_driver2:/opt/ros/humble LD_LIBRARY_PATH=/home/aimo/livox_ws/install/livox_ros_driver2/lib:${LD_LIBRARY_PATH} PYTHONPATH=/home/aimo/livox_ws/install/livox_ros_driver2/local/lib/python3.10/dist-packages:${PYTHONPATH} /usr/bin/cmake --build /home/aimo/livox_ws/build/fast_lio -- -j20 -l20
[1.336s] [35m[1mConsolidate compiler generated dependencies of target fast_lio__rosidl_generator_c[0m
[1.340s] [  2%] Built target fast_lio__cpp
[1.341s] [ 11%] Built target fast_lio__rosidl_generator_c
[1.346s] [ 11%] Built target ament_cmake_python_symlink_fast_lio
[1.346s] [35m[1mConsolidate compiler generated dependencies of target fast_lio__rosidl_typesupport_introspection_cpp[0m
[1.346s] [35m[1mConsolidate compiler generated dependencies of target fast_lio__rosidl_typesupport_fastrtps_c[0m
[1.346s] [35m[1mConsolidate compiler generated dependencies of target fast_lio__rosidl_typesupport_c[0m
[1.347s] [35m[1mConsolidate compiler generated dependencies of target fast_lio__rosidl_typesupport_cpp[0m
[1.347s] [35m[1mConsolidate compiler generated dependencies of target fast_lio__rosidl_typesupport_fastrtps_cpp[0m
[1.347s] [35m[1mConsolidate compiler generated dependencies of target fast_lio__rosidl_typesupport_introspection_c[0m
[1.352s] [ 28%] Built target fast_lio__rosidl_typesupport_fastrtps_c
[1.352s] [ 28%] Built target fast_lio__rosidl_typesupport_c
[1.354s] [ 37%] Built target fast_lio__rosidl_typesupport_cpp
[1.354s] [ 45%] Built target fast_lio__rosidl_typesupport_fastrtps_cpp
[1.354s] [ 54%] Built target fast_lio__rosidl_typesupport_introspection_c
[1.354s] [ 62%] Built target fast_lio__rosidl_typesupport_introspection_cpp
[1.361s] [35m[1mConsolidate compiler generated dependencies of target fastlio_mapping[0m
[1.366s] [ 62%] Built target fast_lio
[1.374s] [ 65%] Built target fast_lio__py
[1.380s] [35m[1mConsolidate compiler generated dependencies of target fast_lio__rosidl_generator_py[0m
[1.386s] [ 71%] Built target fast_lio__rosidl_generator_py
[1.393s] [ 82%] Built target fastlio_mapping
[1.393s] [35m[1mConsolidate compiler generated dependencies of target fast_lio__rosidl_typesupport_introspection_c__pyext[0m
[1.394s] [35m[1mConsolidate compiler generated dependencies of target fast_lio__rosidl_typesupport_fastrtps_c__pyext[0m
[1.395s] [35m[1mConsolidate compiler generated dependencies of target fast_lio__rosidl_typesupport_c__pyext[0m
[1.399s] [ 88%] Built target fast_lio__rosidl_typesupport_introspection_c__pyext
[1.399s] [ 94%] Built target fast_lio__rosidl_typesupport_fastrtps_c__pyext
[1.400s] [100%] Built target fast_lio__rosidl_typesupport_c__pyext
[1.450s] running egg_info
[1.450s] writing fast_lio.egg-info/PKG-INFO
[1.450s] writing dependency_links to fast_lio.egg-info/dependency_links.txt
[1.450s] writing top-level names to fast_lio.egg-info/top_level.txt
[1.450s] reading manifest file 'fast_lio.egg-info/SOURCES.txt'
[1.451s] writing manifest file 'fast_lio.egg-info/SOURCES.txt'
[1.465s] [100%] Built target ament_cmake_python_build_fast_lio_egg
[1.472s] Invoked command in '/home/aimo/livox_ws/build/fast_lio' returned '0': AMENT_PREFIX_PATH=/home/aimo/livox_ws/install/livox_ros_driver2:${AMENT_PREFIX_PATH} CMAKE_PREFIX_PATH=/home/aimo/livox_ws/install/livox_ros_driver2:/opt/ros/humble LD_LIBRARY_PATH=/home/aimo/livox_ws/install/livox_ros_driver2/lib:${LD_LIBRARY_PATH} PYTHONPATH=/home/aimo/livox_ws/install/livox_ros_driver2/local/lib/python3.10/dist-packages:${PYTHONPATH} /usr/bin/cmake --build /home/aimo/livox_ws/build/fast_lio -- -j20 -l20
[1.478s] Invoking command in '/home/aimo/livox_ws/build/fast_lio': AMENT_PREFIX_PATH=/home/aimo/livox_ws/install/livox_ros_driver2:${AMENT_PREFIX_PATH} CMAKE_PREFIX_PATH=/home/aimo/livox_ws/install/livox_ros_driver2:/opt/ros/humble LD_LIBRARY_PATH=/home/aimo/livox_ws/install/livox_ros_driver2/lib:${LD_LIBRARY_PATH} PYTHONPATH=/home/aimo/livox_ws/install/livox_ros_driver2/local/lib/python3.10/dist-packages:${PYTHONPATH} /usr/bin/cmake --install /home/aimo/livox_ws/build/fast_lio
[1.484s] -- Install configuration: "Release"
[1.484s] -- Execute custom install script
[1.484s] -- Up-to-date symlink: /home/aimo/livox_ws/install/fast_lio/share/ament_index/resource_index/rosidl_interfaces/fast_lio
[1.485s] -- Up-to-date symlink: /home/aimo/livox_ws/install/fast_lio/include/fast_lio/fast_lio/msg/detail/pose6_d__functions.h
[1.485s] -- Up-to-date symlink: /home/aimo/livox_ws/install/fast_lio/include/fast_lio/fast_lio/msg/detail/pose6_d__struct.h
[1.485s] -- Up-to-date symlink: /home/aimo/livox_ws/install/fast_lio/include/fast_lio/fast_lio/msg/detail/pose6_d__type_support.h
[1.485s] -- Up-to-date symlink: /home/aimo/livox_ws/install/fast_lio/include/fast_lio/fast_lio/msg/pose6_d.h
[1.486s] -- Up-to-date symlink: /home/aimo/livox_ws/install/fast_lio/include/fast_lio/fast_lio/msg/rosidl_generator_c__visibility_control.h
[1.486s] -- Up-to-date symlink: /home/aimo/livox_ws/install/fast_lio/share/fast_lio/environment/library_path.sh
[1.486s] -- Up-to-date symlink: /home/aimo/livox_ws/install/fast_lio/share/fast_lio/environment/library_path.dsv
[1.486s] -- Up-to-date symlink: /home/aimo/livox_ws/install/fast_lio/include/fast_lio/fast_lio/msg/detail/pose6_d__rosidl_typesupport_fastrtps_c.h
[1.486s] -- Up-to-date symlink: /home/aimo/livox_ws/install/fast_lio/include/fast_lio/fast_lio/msg/rosidl_typesupport_fastrtps_c__visibility_control.h
[1.486s] -- Up-to-date symlink: /home/aimo/livox_ws/install/fast_lio/include/fast_lio/fast_lio/msg/detail/pose6_d__builder.hpp
[1.487s] -- Up-to-date symlink: /home/aimo/livox_ws/install/fast_lio/include/fast_lio/fast_lio/msg/detail/pose6_d__struct.hpp
[1.487s] -- Up-to-date symlink: /home/aimo/livox_ws/install/fast_lio/include/fast_lio/fast_lio/msg/detail/pose6_d__traits.hpp
[1.487s] -- Up-to-date symlink: /home/aimo/livox_ws/install/fast_lio/include/fast_lio/fast_lio/msg/detail/pose6_d__type_support.hpp
[1.487s] -- Up-to-date symlink: /home/aimo/livox_ws/install/fast_lio/include/fast_lio/fast_lio/msg/pose6_d.hpp
[1.487s] -- Up-to-date symlink: /home/aimo/livox_ws/install/fast_lio/include/fast_lio/fast_lio/msg/rosidl_generator_cpp__visibility_control.hpp
[1.487s] -- Up-to-date symlink: /home/aimo/livox_ws/install/fast_lio/include/fast_lio/fast_lio/msg/detail/pose6_d__rosidl_typesupport_fastrtps_cpp.hpp
[1.487s] -- Up-to-date symlink: /home/aimo/livox_ws/install/fast_lio/include/fast_lio/fast_lio/msg/rosidl_typesupport_fastrtps_cpp__visibility_control.h
[1.488s] -- Up-to-date symlink: /home/aimo/livox_ws/install/fast_lio/include/fast_lio/fast_lio/msg/detail/pose6_d__rosidl_typesupport_introspection_c.h
[1.488s] -- Up-to-date symlink: /home/aimo/livox_ws/install/fast_lio/include/fast_lio/fast_lio/msg/rosidl_typesupport_introspection_c__visibility_control.h
[1.488s] -- Up-to-date symlink: /home/aimo/livox_ws/install/fast_lio/include/fast_lio/fast_lio/msg/detail/pose6_d__rosidl_typesupport_introspection_cpp.hpp
[1.488s] -- Up-to-date symlink: /home/aimo/livox_ws/install/fast_lio/share/fast_lio/environment/pythonpath.sh
[1.488s] -- Up-to-date symlink: /home/aimo/livox_ws/install/fast_lio/share/fast_lio/environment/pythonpath.dsv
[1.489s] -- Up-to-date symlink: /home/aimo/livox_ws/install/fast_lio/local/lib/python3.10/dist-packages/fast_lio-0.0.0-py3.10.egg-info/PKG-INFO
[1.489s] -- Up-to-date symlink: /home/aimo/livox_ws/install/fast_lio/local/lib/python3.10/dist-packages/fast_lio-0.0.0-py3.10.egg-info/SOURCES.txt
[1.489s] -- Up-to-date symlink: /home/aimo/livox_ws/install/fast_lio/local/lib/python3.10/dist-packages/fast_lio-0.0.0-py3.10.egg-info/dependency_links.txt
[1.489s] -- Up-to-date symlink: /home/aimo/livox_ws/install/fast_lio/local/lib/python3.10/dist-packages/fast_lio-0.0.0-py3.10.egg-info/top_level.txt
[1.489s] -- Up-to-date symlink: /home/aimo/livox_ws/install/fast_lio/local/lib/python3.10/dist-packages/fast_lio/__init__.py
[1.489s] -- Up-to-date symlink: /home/aimo/livox_ws/install/fast_lio/local/lib/python3.10/dist-packages/fast_lio/_fast_lio_s.ep.rosidl_typesupport_c.c
[1.489s] -- Up-to-date symlink: /home/aimo/livox_ws/install/fast_lio/local/lib/python3.10/dist-packages/fast_lio/_fast_lio_s.ep.rosidl_typesupport_fastrtps_c.c
[1.490s] -- Up-to-date symlink: /home/aimo/livox_ws/install/fast_lio/local/lib/python3.10/dist-packages/fast_lio/_fast_lio_s.ep.rosidl_typesupport_introspection_c.c
[1.490s] -- Up-to-date symlink: /home/aimo/livox_ws/install/fast_lio/local/lib/python3.10/dist-packages/fast_lio/fast_lio_s__rosidl_typesupport_c.cpython-310-x86_64-linux-gnu.so
[1.490s] -- Up-to-date symlink: /home/aimo/livox_ws/install/fast_lio/local/lib/python3.10/dist-packages/fast_lio/fast_lio_s__rosidl_typesupport_fastrtps_c.cpython-310-x86_64-linux-gnu.so
[1.490s] -- Up-to-date symlink: /home/aimo/livox_ws/install/fast_lio/local/lib/python3.10/dist-packages/fast_lio/fast_lio_s__rosidl_typesupport_introspection_c.cpython-310-x86_64-linux-gnu.so
[1.490s] -- Up-to-date symlink: /home/aimo/livox_ws/install/fast_lio/local/lib/python3.10/dist-packages/fast_lio/libfast_lio__rosidl_generator_py.so
[1.490s] -- Up-to-date symlink: /home/aimo/livox_ws/install/fast_lio/local/lib/python3.10/dist-packages/fast_lio/msg/__init__.py
[1.490s] -- Up-to-date symlink: /home/aimo/livox_ws/install/fast_lio/local/lib/python3.10/dist-packages/fast_lio/msg/_pose6_d.py
[1.490s] -- Up-to-date symlink: /home/aimo/livox_ws/install/fast_lio/local/lib/python3.10/dist-packages/fast_lio/msg/_pose6_d_s.c
[1.490s] -- Up-to-date symlink: /home/aimo/livox_ws/install/fast_lio/local/lib/python3.10/dist-packages/fast_lio/fast_lio_s__rosidl_typesupport_fastrtps_c.cpython-310-x86_64-linux-gnu.so
[1.491s] -- Up-to-date symlink: /home/aimo/livox_ws/install/fast_lio/local/lib/python3.10/dist-packages/fast_lio/fast_lio_s__rosidl_typesupport_introspection_c.cpython-310-x86_64-linux-gnu.so
[1.491s] -- Up-to-date symlink: /home/aimo/livox_ws/install/fast_lio/local/lib/python3.10/dist-packages/fast_lio/fast_lio_s__rosidl_typesupport_c.cpython-310-x86_64-linux-gnu.so
[1.491s] -- Up-to-date symlink: /home/aimo/livox_ws/install/fast_lio/share/fast_lio/msg/Pose6D.idl
[1.491s] -- Up-to-date symlink: /home/aimo/livox_ws/install/fast_lio/share/fast_lio/msg/Pose6D.msg
[1.491s] -- Up-to-date symlink: /home/aimo/livox_ws/install/fast_lio/lib/fast_lio/fastlio_mapping
[1.492s] -- Up-to-date symlink: /home/aimo/livox_ws/install/fast_lio/share/fast_lio/config/avia.yaml
[1.492s] -- Up-to-date symlink: /home/aimo/livox_ws/install/fast_lio/share/fast_lio/config/custom.yaml
[1.492s] -- Up-to-date symlink: /home/aimo/livox_ws/install/fast_lio/share/fast_lio/config/horizon.yaml
[1.492s] -- Up-to-date symlink: /home/aimo/livox_ws/install/fast_lio/share/fast_lio/config/mid360.yaml
[1.492s] -- Up-to-date symlink: /home/aimo/livox_ws/install/fast_lio/share/fast_lio/config/ouster64.yaml
[1.492s] -- Up-to-date symlink: /home/aimo/livox_ws/install/fast_lio/share/fast_lio/config/velodyne.yaml
[1.492s] -- Up-to-date symlink: /home/aimo/livox_ws/install/fast_lio/share/fast_lio/launch/custom_mapping.launch.py
[1.492s] -- Up-to-date symlink: /home/aimo/livox_ws/install/fast_lio/share/fast_lio/launch/gdb_debug_example.launch
[1.492s] -- Up-to-date symlink: /home/aimo/livox_ws/install/fast_lio/share/fast_lio/launch/mapping.launch.py
[1.492s] -- Up-to-date symlink: /home/aimo/livox_ws/install/fast_lio/share/fast_lio/rviz/fastlio.rviz
[1.493s] -- Up-to-date symlink: /home/aimo/livox_ws/install/fast_lio/share/ament_index/resource_index/package_run_dependencies/fast_lio
[1.493s] -- Up-to-date symlink: /home/aimo/livox_ws/install/fast_lio/share/ament_index/resource_index/parent_prefix_path/fast_lio
[1.493s] -- Up-to-date symlink: /home/aimo/livox_ws/install/fast_lio/share/fast_lio/environment/ament_prefix_path.sh
[1.493s] -- Up-to-date symlink: /home/aimo/livox_ws/install/fast_lio/share/fast_lio/environment/ament_prefix_path.dsv
[1.493s] -- Up-to-date symlink: /home/aimo/livox_ws/install/fast_lio/share/fast_lio/environment/path.sh
[1.493s] -- Up-to-date symlink: /home/aimo/livox_ws/install/fast_lio/share/fast_lio/environment/path.dsv
[1.493s] -- Up-to-date symlink: /home/aimo/livox_ws/install/fast_lio/share/fast_lio/local_setup.bash
[1.494s] -- Up-to-date symlink: /home/aimo/livox_ws/install/fast_lio/share/fast_lio/local_setup.sh
[1.494s] -- Up-to-date symlink: /home/aimo/livox_ws/install/fast_lio/share/fast_lio/local_setup.zsh
[1.494s] -- Up-to-date symlink: /home/aimo/livox_ws/install/fast_lio/share/fast_lio/local_setup.dsv
[1.494s] -- Symlinking: /home/aimo/livox_ws/install/fast_lio/share/fast_lio/package.dsv
[1.499s] -- Up-to-date symlink: /home/aimo/livox_ws/install/fast_lio/share/ament_index/resource_index/packages/fast_lio
[1.500s] -- Up-to-date symlink: /home/aimo/livox_ws/install/fast_lio/share/fast_lio/cmake/rosidl_cmake-extras.cmake
[1.500s] -- Up-to-date symlink: /home/aimo/livox_ws/install/fast_lio/share/fast_lio/cmake/ament_cmake_export_include_directories-extras.cmake
[1.500s] -- Up-to-date symlink: /home/aimo/livox_ws/install/fast_lio/share/fast_lio/cmake/ament_cmake_export_libraries-extras.cmake
[1.500s] -- Up-to-date symlink: /home/aimo/livox_ws/install/fast_lio/share/fast_lio/cmake/ament_cmake_export_targets-extras.cmake
[1.500s] -- Up-to-date symlink: /home/aimo/livox_ws/install/fast_lio/share/fast_lio/cmake/rosidl_cmake_export_typesupport_targets-extras.cmake
[1.500s] -- Up-to-date symlink: /home/aimo/livox_ws/install/fast_lio/share/fast_lio/cmake/ament_cmake_export_dependencies-extras.cmake
[1.501s] -- Up-to-date symlink: /home/aimo/livox_ws/install/fast_lio/share/fast_lio/cmake/rosidl_cmake_export_typesupport_libraries-extras.cmake
[1.501s] -- Up-to-date symlink: /home/aimo/livox_ws/install/fast_lio/share/fast_lio/cmake/fast_lioConfig.cmake
[1.502s] -- Up-to-date symlink: /home/aimo/livox_ws/install/fast_lio/share/fast_lio/cmake/fast_lioConfig-version.cmake
[1.502s] -- Up-to-date symlink: /home/aimo/livox_ws/install/fast_lio/share/fast_lio/package.xml
[1.502s] -- Up-to-date: /home/aimo/livox_ws/install/fast_lio/lib/libfast_lio__rosidl_generator_c.so
[1.502s] -- Up-to-date: /home/aimo/livox_ws/install/fast_lio/lib/libfast_lio__rosidl_typesupport_fastrtps_c.so
[1.503s] -- Up-to-date: /home/aimo/livox_ws/install/fast_lio/lib/libfast_lio__rosidl_typesupport_fastrtps_cpp.so
[1.503s] -- Up-to-date: /home/aimo/livox_ws/install/fast_lio/lib/libfast_lio__rosidl_typesupport_introspection_c.so
[1.503s] -- Up-to-date: /home/aimo/livox_ws/install/fast_lio/lib/libfast_lio__rosidl_typesupport_c.so
[1.504s] -- Up-to-date: /home/aimo/livox_ws/install/fast_lio/lib/libfast_lio__rosidl_typesupport_introspection_cpp.so
[1.504s] -- Up-to-date: /home/aimo/livox_ws/install/fast_lio/lib/libfast_lio__rosidl_typesupport_cpp.so
[1.520s] Listing '/home/aimo/livox_ws/install/fast_lio/local/lib/python3.10/dist-packages/fast_lio'...
[1.520s] Compiling '/home/aimo/livox_ws/install/fast_lio/local/lib/python3.10/dist-packages/fast_lio/__init__.py'...
[1.520s] Listing '/home/aimo/livox_ws/install/fast_lio/local/lib/python3.10/dist-packages/fast_lio/msg'...
[1.524s] -- Up-to-date: /home/aimo/livox_ws/install/fast_lio/lib/libfast_lio__rosidl_generator_py.so
[1.524s] -- Up-to-date: /home/aimo/livox_ws/install/fast_lio/share/fast_lio/cmake/export_fast_lio__rosidl_generator_cExport.cmake
[1.524s] -- Up-to-date: /home/aimo/livox_ws/install/fast_lio/share/fast_lio/cmake/export_fast_lio__rosidl_generator_cExport-release.cmake
[1.524s] -- Up-to-date: /home/aimo/livox_ws/install/fast_lio/share/fast_lio/cmake/export_fast_lio__rosidl_typesupport_fastrtps_cExport.cmake
[1.524s] -- Up-to-date: /home/aimo/livox_ws/install/fast_lio/share/fast_lio/cmake/export_fast_lio__rosidl_typesupport_fastrtps_cExport-release.cmake
[1.525s] -- Up-to-date: /home/aimo/livox_ws/install/fast_lio/share/fast_lio/cmake/export_fast_lio__rosidl_generator_cppExport.cmake
[1.525s] -- Up-to-date: /home/aimo/livox_ws/install/fast_lio/share/fast_lio/cmake/export_fast_lio__rosidl_typesupport_fastrtps_cppExport.cmake
[1.525s] -- Up-to-date: /home/aimo/livox_ws/install/fast_lio/share/fast_lio/cmake/export_fast_lio__rosidl_typesupport_fastrtps_cppExport-release.cmake
[1.525s] -- Up-to-date: /home/aimo/livox_ws/install/fast_lio/share/fast_lio/cmake/fast_lio__rosidl_typesupport_introspection_cExport.cmake
[1.525s] -- Up-to-date: /home/aimo/livox_ws/install/fast_lio/share/fast_lio/cmake/fast_lio__rosidl_typesupport_introspection_cExport-release.cmake
[1.525s] -- Up-to-date: /home/aimo/livox_ws/install/fast_lio/share/fast_lio/cmake/fast_lio__rosidl_typesupport_cExport.cmake
[1.525s] -- Up-to-date: /home/aimo/livox_ws/install/fast_lio/share/fast_lio/cmake/fast_lio__rosidl_typesupport_cExport-release.cmake
[1.525s] -- Up-to-date: /home/aimo/livox_ws/install/fast_lio/share/fast_lio/cmake/fast_lio__rosidl_typesupport_introspection_cppExport.cmake
[1.525s] -- Up-to-date: /home/aimo/livox_ws/install/fast_lio/share/fast_lio/cmake/fast_lio__rosidl_typesupport_introspection_cppExport-release.cmake
[1.526s] -- Up-to-date: /home/aimo/livox_ws/install/fast_lio/share/fast_lio/cmake/fast_lio__rosidl_typesupport_cppExport.cmake
[1.526s] -- Up-to-date: /home/aimo/livox_ws/install/fast_lio/share/fast_lio/cmake/fast_lio__rosidl_typesupport_cppExport-release.cmake
[1.526s] -- Up-to-date: /home/aimo/livox_ws/install/fast_lio/share/fast_lio/cmake/export_fast_lio__rosidl_generator_pyExport.cmake
[1.526s] -- Up-to-date: /home/aimo/livox_ws/install/fast_lio/share/fast_lio/cmake/export_fast_lio__rosidl_generator_pyExport-release.cmake
[1.527s] Invoked command in '/home/aimo/livox_ws/build/fast_lio' returned '0': AMENT_PREFIX_PATH=/home/aimo/livox_ws/install/livox_ros_driver2:${AMENT_PREFIX_PATH} CMAKE_PREFIX_PATH=/home/aimo/livox_ws/install/livox_ros_driver2:/opt/ros/humble LD_LIBRARY_PATH=/home/aimo/livox_ws/install/livox_ros_driver2/lib:${LD_LIBRARY_PATH} PYTHONPATH=/home/aimo/livox_ws/install/livox_ros_driver2/local/lib/python3.10/dist-packages:${PYTHONPATH} /usr/bin/cmake --install /home/aimo/livox_ws/build/fast_lio
