[0.059s] DEBUG:colcon:Command line arguments: ['/usr/bin/colcon', 'build', '--symlink-install']
[0.059s] DEBUG:colcon:Parsed command line arguments: Namespace(log_base=None, log_level=None, verb_name='build', build_base='build', install_base='install', merge_install=False, symlink_install=True, test_result_base=None, continue_on_error=False, executor='parallel', parallel_workers=20, event_handlers=None, ignore_user_meta=False, metas=['./colcon.meta'], base_paths=['.'], packages_ignore=None, packages_ignore_regex=None, paths=None, packages_up_to=None, packages_up_to_regex=None, packages_above=None, packages_above_and_dependencies=None, packages_above_depth=None, packages_select_by_dep=None, packages_skip_by_dep=None, packages_skip_up_to=None, packages_select_build_failed=False, packages_skip_build_finished=False, packages_select_test_failures=False, packages_skip_test_passed=False, packages_select=None, packages_skip=None, packages_select_regex=None, packages_skip_regex=None, packages_start=None, packages_end=None, allow_overriding=[], cmake_args=None, cmake_target=None, cmake_target_skip_unavailable=False, cmake_clean_cache=False, cmake_clean_first=False, cmake_force_configure=False, ament_cmake_args=None, catkin_cmake_args=None, catkin_skip_building_tests=False, mixin_files=None, mixin=None, verb_parser=<colcon_mixin.mixin.mixin_argument.MixinArgumentDecorator object at 0x7a66ff06dea0>, verb_extension=<colcon_core.verb.build.BuildVerb object at 0x7a66ff162e90>, main=<bound method BuildVerb.main of <colcon_core.verb.build.BuildVerb object at 0x7a66ff162e90>>, mixin_verb=('build',))
[0.128s] Level 1:colcon.colcon_core.package_discovery:discover_packages(colcon_meta) check parameters
[0.128s] Level 1:colcon.colcon_core.package_discovery:discover_packages(recursive) check parameters
[0.128s] Level 1:colcon.colcon_core.package_discovery:discover_packages(ignore) check parameters
[0.128s] Level 1:colcon.colcon_core.package_discovery:discover_packages(path) check parameters
[0.128s] Level 1:colcon.colcon_core.package_discovery:discover_packages(colcon_meta) discover
[0.128s] Level 1:colcon.colcon_core.package_discovery:discover_packages(recursive) discover
[0.128s] INFO:colcon.colcon_core.package_discovery:Crawling recursively for packages in '/home/aimo/livox_ws'
[0.128s] Level 1:colcon.colcon_core.package_identification:_identify(.) by extensions ['ignore', 'ignore_ament_install']
[0.129s] Level 1:colcon.colcon_core.package_identification:_identify(.) by extension 'ignore'
[0.129s] Level 1:colcon.colcon_core.package_identification:_identify(.) by extension 'ignore_ament_install'
[0.129s] Level 1:colcon.colcon_core.package_identification:_identify(.) by extensions ['colcon_pkg']
[0.129s] Level 1:colcon.colcon_core.package_identification:_identify(.) by extension 'colcon_pkg'
[0.129s] Level 1:colcon.colcon_core.package_identification:_identify(.) by extensions ['colcon_meta']
[0.129s] Level 1:colcon.colcon_core.package_identification:_identify(.) by extension 'colcon_meta'
[0.129s] Level 1:colcon.colcon_core.package_identification:_identify(.) by extensions ['ros']
[0.129s] Level 1:colcon.colcon_core.package_identification:_identify(.) by extension 'ros'
[0.134s] Level 1:colcon.colcon_core.package_identification:_identify(.) by extensions ['cmake', 'python']
[0.134s] Level 1:colcon.colcon_core.package_identification:_identify(.) by extension 'cmake'
[0.134s] Level 1:colcon.colcon_core.package_identification:_identify(.) by extension 'python'
[0.134s] Level 1:colcon.colcon_core.package_identification:_identify(.) by extensions ['python_setup_py']
[0.134s] Level 1:colcon.colcon_core.package_identification:_identify(.) by extension 'python_setup_py'
[0.134s] Level 1:colcon.colcon_core.package_identification:_identify(build) by extensions ['ignore', 'ignore_ament_install']
[0.134s] Level 1:colcon.colcon_core.package_identification:_identify(build) by extension 'ignore'
[0.134s] Level 1:colcon.colcon_core.package_identification:_identify(build) ignored
[0.134s] Level 1:colcon.colcon_core.package_identification:_identify(install) by extensions ['ignore', 'ignore_ament_install']
[0.134s] Level 1:colcon.colcon_core.package_identification:_identify(install) by extension 'ignore'
[0.134s] Level 1:colcon.colcon_core.package_identification:_identify(install) ignored
[0.134s] Level 1:colcon.colcon_core.package_identification:_identify(log) by extensions ['ignore', 'ignore_ament_install']
[0.134s] Level 1:colcon.colcon_core.package_identification:_identify(log) by extension 'ignore'
[0.134s] Level 1:colcon.colcon_core.package_identification:_identify(log) ignored
[0.134s] Level 1:colcon.colcon_core.package_identification:_identify(src) by extensions ['ignore', 'ignore_ament_install']
[0.134s] Level 1:colcon.colcon_core.package_identification:_identify(src) by extension 'ignore'
[0.134s] Level 1:colcon.colcon_core.package_identification:_identify(src) by extension 'ignore_ament_install'
[0.134s] Level 1:colcon.colcon_core.package_identification:_identify(src) by extensions ['colcon_pkg']
[0.134s] Level 1:colcon.colcon_core.package_identification:_identify(src) by extension 'colcon_pkg'
[0.134s] Level 1:colcon.colcon_core.package_identification:_identify(src) by extensions ['colcon_meta']
[0.134s] Level 1:colcon.colcon_core.package_identification:_identify(src) by extension 'colcon_meta'
[0.134s] Level 1:colcon.colcon_core.package_identification:_identify(src) by extensions ['ros']
[0.134s] Level 1:colcon.colcon_core.package_identification:_identify(src) by extension 'ros'
[0.134s] Level 1:colcon.colcon_core.package_identification:_identify(src) by extensions ['cmake', 'python']
[0.134s] Level 1:colcon.colcon_core.package_identification:_identify(src) by extension 'cmake'
[0.134s] Level 1:colcon.colcon_core.package_identification:_identify(src) by extension 'python'
[0.134s] Level 1:colcon.colcon_core.package_identification:_identify(src) by extensions ['python_setup_py']
[0.134s] Level 1:colcon.colcon_core.package_identification:_identify(src) by extension 'python_setup_py'
[0.134s] Level 1:colcon.colcon_core.package_identification:_identify(src/FAST_LIO_ROS2) by extensions ['ignore', 'ignore_ament_install']
[0.134s] Level 1:colcon.colcon_core.package_identification:_identify(src/FAST_LIO_ROS2) by extension 'ignore'
[0.134s] Level 1:colcon.colcon_core.package_identification:_identify(src/FAST_LIO_ROS2) by extension 'ignore_ament_install'
[0.134s] Level 1:colcon.colcon_core.package_identification:_identify(src/FAST_LIO_ROS2) by extensions ['colcon_pkg']
[0.134s] Level 1:colcon.colcon_core.package_identification:_identify(src/FAST_LIO_ROS2) by extension 'colcon_pkg'
[0.134s] Level 1:colcon.colcon_core.package_identification:_identify(src/FAST_LIO_ROS2) by extensions ['colcon_meta']
[0.134s] Level 1:colcon.colcon_core.package_identification:_identify(src/FAST_LIO_ROS2) by extension 'colcon_meta'
[0.134s] Level 1:colcon.colcon_core.package_identification:_identify(src/FAST_LIO_ROS2) by extensions ['ros']
[0.134s] Level 1:colcon.colcon_core.package_identification:_identify(src/FAST_LIO_ROS2) by extension 'ros'
[0.136s] DEBUG:colcon.colcon_core.package_identification:Package 'src/FAST_LIO_ROS2' with type 'ros.ament_cmake' and name 'fast_lio'
[0.136s] Level 1:colcon.colcon_core.package_identification:_identify(src/livox_ros_driver2) by extensions ['ignore', 'ignore_ament_install']
[0.136s] Level 1:colcon.colcon_core.package_identification:_identify(src/livox_ros_driver2) by extension 'ignore'
[0.136s] Level 1:colcon.colcon_core.package_identification:_identify(src/livox_ros_driver2) by extension 'ignore_ament_install'
[0.136s] Level 1:colcon.colcon_core.package_identification:_identify(src/livox_ros_driver2) by extensions ['colcon_pkg']
[0.136s] Level 1:colcon.colcon_core.package_identification:_identify(src/livox_ros_driver2) by extension 'colcon_pkg'
[0.136s] Level 1:colcon.colcon_core.package_identification:_identify(src/livox_ros_driver2) by extensions ['colcon_meta']
[0.136s] Level 1:colcon.colcon_core.package_identification:_identify(src/livox_ros_driver2) by extension 'colcon_meta'
[0.136s] Level 1:colcon.colcon_core.package_identification:_identify(src/livox_ros_driver2) by extensions ['ros']
[0.136s] Level 1:colcon.colcon_core.package_identification:_identify(src/livox_ros_driver2) by extension 'ros'
[0.137s] DEBUG:colcon.colcon_core.package_identification:Package 'src/livox_ros_driver2' with type 'ros.ament_cmake' and name 'livox_ros_driver2'
[0.137s] Level 1:colcon.colcon_core.package_identification:_identify(src/point_cloud_convertor) by extensions ['ignore', 'ignore_ament_install']
[0.137s] Level 1:colcon.colcon_core.package_identification:_identify(src/point_cloud_convertor) by extension 'ignore'
[0.137s] Level 1:colcon.colcon_core.package_identification:_identify(src/point_cloud_convertor) by extension 'ignore_ament_install'
[0.137s] Level 1:colcon.colcon_core.package_identification:_identify(src/point_cloud_convertor) by extensions ['colcon_pkg']
[0.137s] Level 1:colcon.colcon_core.package_identification:_identify(src/point_cloud_convertor) by extension 'colcon_pkg'
[0.137s] Level 1:colcon.colcon_core.package_identification:_identify(src/point_cloud_convertor) by extensions ['colcon_meta']
[0.137s] Level 1:colcon.colcon_core.package_identification:_identify(src/point_cloud_convertor) by extension 'colcon_meta'
[0.137s] Level 1:colcon.colcon_core.package_identification:_identify(src/point_cloud_convertor) by extensions ['ros']
[0.137s] Level 1:colcon.colcon_core.package_identification:_identify(src/point_cloud_convertor) by extension 'ros'
[0.137s] DEBUG:colcon.colcon_core.package_identification:Package 'src/point_cloud_convertor' with type 'ros.ament_python' and name 'point_cloud_convertor'
[0.137s] Level 1:colcon.colcon_core.package_discovery:discover_packages(recursive) using defaults
[0.137s] Level 1:colcon.colcon_core.package_discovery:discover_packages(ignore) discover
[0.137s] Level 1:colcon.colcon_core.package_discovery:discover_packages(ignore) using defaults
[0.137s] Level 1:colcon.colcon_core.package_discovery:discover_packages(path) discover
[0.137s] Level 1:colcon.colcon_core.package_discovery:discover_packages(path) using defaults
[0.153s] Level 1:colcon.colcon_core.package_discovery:discover_packages(prefix_path) check parameters
[0.153s] Level 1:colcon.colcon_core.package_discovery:discover_packages(prefix_path) discover
[0.154s] DEBUG:colcon.colcon_installed_package_information.package_discovery:Found 3 installed packages in /home/aimo/livox_ws/install
[0.154s] DEBUG:colcon.colcon_installed_package_information.package_discovery:Found 356 installed packages in /opt/ros/humble
[0.155s] Level 1:colcon.colcon_core.package_discovery:discover_packages(prefix_path) using defaults
[0.172s] Level 5:colcon.colcon_core.verb:set package 'livox_ros_driver2' build argument 'cmake_args' from command line to 'None'
[0.172s] Level 5:colcon.colcon_core.verb:set package 'livox_ros_driver2' build argument 'cmake_target' from command line to 'None'
[0.172s] Level 5:colcon.colcon_core.verb:set package 'livox_ros_driver2' build argument 'cmake_target_skip_unavailable' from command line to 'False'
[0.172s] Level 5:colcon.colcon_core.verb:set package 'livox_ros_driver2' build argument 'cmake_clean_cache' from command line to 'False'
[0.172s] Level 5:colcon.colcon_core.verb:set package 'livox_ros_driver2' build argument 'cmake_clean_first' from command line to 'False'
[0.172s] Level 5:colcon.colcon_core.verb:set package 'livox_ros_driver2' build argument 'cmake_force_configure' from command line to 'False'
[0.172s] Level 5:colcon.colcon_core.verb:set package 'livox_ros_driver2' build argument 'ament_cmake_args' from command line to 'None'
[0.173s] Level 5:colcon.colcon_core.verb:set package 'livox_ros_driver2' build argument 'catkin_cmake_args' from command line to 'None'
[0.173s] Level 5:colcon.colcon_core.verb:set package 'livox_ros_driver2' build argument 'catkin_skip_building_tests' from command line to 'False'
[0.173s] DEBUG:colcon.colcon_core.verb:Building package 'livox_ros_driver2' with the following arguments: {'ament_cmake_args': None, 'build_base': '/home/aimo/livox_ws/build/livox_ros_driver2', 'catkin_cmake_args': None, 'catkin_skip_building_tests': False, 'cmake_args': None, 'cmake_clean_cache': False, 'cmake_clean_first': False, 'cmake_force_configure': False, 'cmake_target': None, 'cmake_target_skip_unavailable': False, 'install_base': '/home/aimo/livox_ws/install/livox_ros_driver2', 'merge_install': False, 'path': '/home/aimo/livox_ws/src/livox_ros_driver2', 'symlink_install': True, 'test_result_base': None}
[0.173s] Level 5:colcon.colcon_core.verb:set package 'point_cloud_convertor' build argument 'cmake_args' from command line to 'None'
[0.173s] Level 5:colcon.colcon_core.verb:set package 'point_cloud_convertor' build argument 'cmake_target' from command line to 'None'
[0.173s] Level 5:colcon.colcon_core.verb:set package 'point_cloud_convertor' build argument 'cmake_target_skip_unavailable' from command line to 'False'
[0.173s] Level 5:colcon.colcon_core.verb:set package 'point_cloud_convertor' build argument 'cmake_clean_cache' from command line to 'False'
[0.173s] Level 5:colcon.colcon_core.verb:set package 'point_cloud_convertor' build argument 'cmake_clean_first' from command line to 'False'
[0.173s] Level 5:colcon.colcon_core.verb:set package 'point_cloud_convertor' build argument 'cmake_force_configure' from command line to 'False'
[0.173s] Level 5:colcon.colcon_core.verb:set package 'point_cloud_convertor' build argument 'ament_cmake_args' from command line to 'None'
[0.173s] Level 5:colcon.colcon_core.verb:set package 'point_cloud_convertor' build argument 'catkin_cmake_args' from command line to 'None'
[0.173s] Level 5:colcon.colcon_core.verb:set package 'point_cloud_convertor' build argument 'catkin_skip_building_tests' from command line to 'False'
[0.173s] DEBUG:colcon.colcon_core.verb:Building package 'point_cloud_convertor' with the following arguments: {'ament_cmake_args': None, 'build_base': '/home/aimo/livox_ws/build/point_cloud_convertor', 'catkin_cmake_args': None, 'catkin_skip_building_tests': False, 'cmake_args': None, 'cmake_clean_cache': False, 'cmake_clean_first': False, 'cmake_force_configure': False, 'cmake_target': None, 'cmake_target_skip_unavailable': False, 'install_base': '/home/aimo/livox_ws/install/point_cloud_convertor', 'merge_install': False, 'path': '/home/aimo/livox_ws/src/point_cloud_convertor', 'symlink_install': True, 'test_result_base': None}
[0.173s] Level 5:colcon.colcon_core.verb:set package 'fast_lio' build argument 'cmake_args' from command line to 'None'
[0.173s] Level 5:colcon.colcon_core.verb:set package 'fast_lio' build argument 'cmake_target' from command line to 'None'
[0.173s] Level 5:colcon.colcon_core.verb:set package 'fast_lio' build argument 'cmake_target_skip_unavailable' from command line to 'False'
[0.173s] Level 5:colcon.colcon_core.verb:set package 'fast_lio' build argument 'cmake_clean_cache' from command line to 'False'
[0.173s] Level 5:colcon.colcon_core.verb:set package 'fast_lio' build argument 'cmake_clean_first' from command line to 'False'
[0.173s] Level 5:colcon.colcon_core.verb:set package 'fast_lio' build argument 'cmake_force_configure' from command line to 'False'
[0.173s] Level 5:colcon.colcon_core.verb:set package 'fast_lio' build argument 'ament_cmake_args' from command line to 'None'
[0.173s] Level 5:colcon.colcon_core.verb:set package 'fast_lio' build argument 'catkin_cmake_args' from command line to 'None'
[0.173s] Level 5:colcon.colcon_core.verb:set package 'fast_lio' build argument 'catkin_skip_building_tests' from command line to 'False'
[0.173s] DEBUG:colcon.colcon_core.verb:Building package 'fast_lio' with the following arguments: {'ament_cmake_args': None, 'build_base': '/home/aimo/livox_ws/build/fast_lio', 'catkin_cmake_args': None, 'catkin_skip_building_tests': False, 'cmake_args': None, 'cmake_clean_cache': False, 'cmake_clean_first': False, 'cmake_force_configure': False, 'cmake_target': None, 'cmake_target_skip_unavailable': False, 'install_base': '/home/aimo/livox_ws/install/fast_lio', 'merge_install': False, 'path': '/home/aimo/livox_ws/src/FAST_LIO_ROS2', 'symlink_install': True, 'test_result_base': None}
[0.173s] INFO:colcon.colcon_core.executor:Executing jobs using 'parallel' executor
[0.174s] DEBUG:colcon.colcon_parallel_executor.executor.parallel:run_until_complete
[0.174s] INFO:colcon.colcon_ros.task.ament_cmake.build:Building ROS package in '/home/aimo/livox_ws/src/livox_ros_driver2' with build type 'ament_cmake'
[0.174s] INFO:colcon.colcon_cmake.task.cmake.build:Building CMake package in '/home/aimo/livox_ws/src/livox_ros_driver2'
[0.175s] INFO:colcon.colcon_core.plugin_system:Skipping extension 'colcon_core.shell.bat': Not used on non-Windows systems
[0.175s] INFO:colcon.colcon_core.shell:Skip shell extension 'powershell' for command environment: Not usable outside of PowerShell
[0.175s] DEBUG:colcon.colcon_core.shell:Skip shell extension 'dsv' for command environment
[0.177s] INFO:colcon.colcon_ros.task.ament_python.build:Building ROS package in '/home/aimo/livox_ws/src/point_cloud_convertor' with build type 'ament_python'
[0.177s] Level 1:colcon.colcon_core.shell:create_environment_hook('point_cloud_convertor', 'ament_prefix_path')
[0.177s] INFO:colcon.colcon_core.shell:Creating environment hook '/home/aimo/livox_ws/install/point_cloud_convertor/share/point_cloud_convertor/hook/ament_prefix_path.ps1'
[0.177s] INFO:colcon.colcon_core.shell:Creating environment descriptor '/home/aimo/livox_ws/install/point_cloud_convertor/share/point_cloud_convertor/hook/ament_prefix_path.dsv'
[0.177s] INFO:colcon.colcon_core.shell:Creating environment hook '/home/aimo/livox_ws/install/point_cloud_convertor/share/point_cloud_convertor/hook/ament_prefix_path.sh'
[0.178s] INFO:colcon.colcon_core.shell:Skip shell extension 'powershell' for command environment: Not usable outside of PowerShell
[0.178s] DEBUG:colcon.colcon_core.shell:Skip shell extension 'dsv' for command environment
[0.180s] DEBUG:colcon.colcon_core.event_handler.log_command:Invoking command in '/home/aimo/livox_ws/build/livox_ros_driver2': CMAKE_PREFIX_PATH=${CMAKE_PREFIX_PATH}:/opt/ros/humble /usr/bin/cmake --build /home/aimo/livox_ws/build/livox_ros_driver2 -- -j20 -l20
[0.295s] INFO:colcon.colcon_core.task.python.build:Building Python package in '/home/aimo/livox_ws/src/point_cloud_convertor'
[0.296s] INFO:colcon.colcon_core.shell:Skip shell extension 'powershell' for command environment: Not usable outside of PowerShell
[0.296s] DEBUG:colcon.colcon_core.shell:Skip shell extension 'dsv' for command environment
[0.356s] DEBUG:colcon.colcon_core.event_handler.log_command:Invoked command in '/home/aimo/livox_ws/build/livox_ros_driver2' returned '0': CMAKE_PREFIX_PATH=${CMAKE_PREFIX_PATH}:/opt/ros/humble /usr/bin/cmake --build /home/aimo/livox_ws/build/livox_ros_driver2 -- -j20 -l20
[0.361s] DEBUG:colcon.colcon_core.event_handler.log_command:Invoking command in '/home/aimo/livox_ws/build/livox_ros_driver2': CMAKE_PREFIX_PATH=${CMAKE_PREFIX_PATH}:/opt/ros/humble /usr/bin/cmake --install /home/aimo/livox_ws/build/livox_ros_driver2
[0.396s] Level 1:colcon.colcon_core.environment:create_environment_scripts_only(livox_ros_driver2)
[0.397s] DEBUG:colcon.colcon_core.event_handler.log_command:Invoked command in '/home/aimo/livox_ws/build/livox_ros_driver2' returned '0': CMAKE_PREFIX_PATH=${CMAKE_PREFIX_PATH}:/opt/ros/humble /usr/bin/cmake --install /home/aimo/livox_ws/build/livox_ros_driver2
[0.398s] Level 1:colcon.colcon_core.environment:checking '/home/aimo/livox_ws/install/livox_ros_driver2' for CMake module files
[0.399s] Level 1:colcon.colcon_core.environment:checking '/home/aimo/livox_ws/install/livox_ros_driver2' for CMake config files
[0.399s] Level 1:colcon.colcon_core.shell:create_environment_hook('livox_ros_driver2', 'cmake_prefix_path')
[0.399s] INFO:colcon.colcon_core.shell:Creating environment hook '/home/aimo/livox_ws/install/livox_ros_driver2/share/livox_ros_driver2/hook/cmake_prefix_path.ps1'
[0.400s] INFO:colcon.colcon_core.shell:Creating environment descriptor '/home/aimo/livox_ws/install/livox_ros_driver2/share/livox_ros_driver2/hook/cmake_prefix_path.dsv'
[0.400s] INFO:colcon.colcon_core.shell:Creating environment hook '/home/aimo/livox_ws/install/livox_ros_driver2/share/livox_ros_driver2/hook/cmake_prefix_path.sh'
[0.400s] Level 1:colcon.colcon_core.environment:checking '/home/aimo/livox_ws/install/livox_ros_driver2/lib'
[0.400s] Level 1:colcon.colcon_core.shell:create_environment_hook('livox_ros_driver2', 'ld_library_path_lib')
[0.400s] INFO:colcon.colcon_core.shell:Creating environment hook '/home/aimo/livox_ws/install/livox_ros_driver2/share/livox_ros_driver2/hook/ld_library_path_lib.ps1'
[0.401s] INFO:colcon.colcon_core.shell:Creating environment descriptor '/home/aimo/livox_ws/install/livox_ros_driver2/share/livox_ros_driver2/hook/ld_library_path_lib.dsv'
[0.401s] INFO:colcon.colcon_core.shell:Creating environment hook '/home/aimo/livox_ws/install/livox_ros_driver2/share/livox_ros_driver2/hook/ld_library_path_lib.sh'
[0.401s] Level 1:colcon.colcon_core.environment:checking '/home/aimo/livox_ws/install/livox_ros_driver2/bin'
[0.401s] Level 1:colcon.colcon_core.environment:checking '/home/aimo/livox_ws/install/livox_ros_driver2/lib/pkgconfig/livox_ros_driver2.pc'
[0.401s] Level 1:colcon.colcon_core.environment:checking '/home/aimo/livox_ws/install/livox_ros_driver2/lib/python3.10/site-packages'
[0.402s] Level 1:colcon.colcon_core.environment:checking '/home/aimo/livox_ws/install/livox_ros_driver2/bin'
[0.402s] INFO:colcon.colcon_core.shell:Creating package script '/home/aimo/livox_ws/install/livox_ros_driver2/share/livox_ros_driver2/package.ps1'
[0.402s] INFO:colcon.colcon_core.shell:Creating package descriptor '/home/aimo/livox_ws/install/livox_ros_driver2/share/livox_ros_driver2/package.dsv'
[0.402s] INFO:colcon.colcon_core.shell:Creating package script '/home/aimo/livox_ws/install/livox_ros_driver2/share/livox_ros_driver2/package.sh'
[0.403s] INFO:colcon.colcon_core.shell:Creating package script '/home/aimo/livox_ws/install/livox_ros_driver2/share/livox_ros_driver2/package.bash'
[0.403s] INFO:colcon.colcon_core.shell:Creating package script '/home/aimo/livox_ws/install/livox_ros_driver2/share/livox_ros_driver2/package.zsh'
[0.403s] Level 1:colcon.colcon_core.environment:create_file_with_runtime_dependencies(/home/aimo/livox_ws/install/livox_ros_driver2/share/colcon-core/packages/livox_ros_driver2)
[0.404s] Level 1:colcon.colcon_core.environment:create_environment_scripts_only(livox_ros_driver2)
[0.404s] Level 1:colcon.colcon_core.environment:checking '/home/aimo/livox_ws/install/livox_ros_driver2' for CMake module files
[0.405s] Level 1:colcon.colcon_core.environment:checking '/home/aimo/livox_ws/install/livox_ros_driver2' for CMake config files
[0.405s] Level 1:colcon.colcon_core.shell:create_environment_hook('livox_ros_driver2', 'cmake_prefix_path')
[0.405s] INFO:colcon.colcon_core.shell:Creating environment hook '/home/aimo/livox_ws/install/livox_ros_driver2/share/livox_ros_driver2/hook/cmake_prefix_path.ps1'
[0.406s] INFO:colcon.colcon_core.shell:Creating environment descriptor '/home/aimo/livox_ws/install/livox_ros_driver2/share/livox_ros_driver2/hook/cmake_prefix_path.dsv'
[0.406s] INFO:colcon.colcon_core.shell:Creating environment hook '/home/aimo/livox_ws/install/livox_ros_driver2/share/livox_ros_driver2/hook/cmake_prefix_path.sh'
[0.406s] Level 1:colcon.colcon_core.environment:checking '/home/aimo/livox_ws/install/livox_ros_driver2/lib'
[0.406s] Level 1:colcon.colcon_core.shell:create_environment_hook('livox_ros_driver2', 'ld_library_path_lib')
[0.407s] INFO:colcon.colcon_core.shell:Creating environment hook '/home/aimo/livox_ws/install/livox_ros_driver2/share/livox_ros_driver2/hook/ld_library_path_lib.ps1'
[0.407s] INFO:colcon.colcon_core.shell:Creating environment descriptor '/home/aimo/livox_ws/install/livox_ros_driver2/share/livox_ros_driver2/hook/ld_library_path_lib.dsv'
[0.408s] INFO:colcon.colcon_core.shell:Creating environment hook '/home/aimo/livox_ws/install/livox_ros_driver2/share/livox_ros_driver2/hook/ld_library_path_lib.sh'
[0.408s] Level 1:colcon.colcon_core.environment:checking '/home/aimo/livox_ws/install/livox_ros_driver2/bin'
[0.408s] Level 1:colcon.colcon_core.environment:checking '/home/aimo/livox_ws/install/livox_ros_driver2/lib/pkgconfig/livox_ros_driver2.pc'
[0.408s] Level 1:colcon.colcon_core.environment:checking '/home/aimo/livox_ws/install/livox_ros_driver2/lib/python3.10/site-packages'
[0.408s] Level 1:colcon.colcon_core.environment:checking '/home/aimo/livox_ws/install/livox_ros_driver2/bin'
[0.408s] INFO:colcon.colcon_core.shell:Creating package script '/home/aimo/livox_ws/install/livox_ros_driver2/share/livox_ros_driver2/package.ps1'
[0.409s] INFO:colcon.colcon_core.shell:Creating package descriptor '/home/aimo/livox_ws/install/livox_ros_driver2/share/livox_ros_driver2/package.dsv'
[0.409s] INFO:colcon.colcon_core.shell:Creating package script '/home/aimo/livox_ws/install/livox_ros_driver2/share/livox_ros_driver2/package.sh'
[0.409s] INFO:colcon.colcon_core.shell:Creating package script '/home/aimo/livox_ws/install/livox_ros_driver2/share/livox_ros_driver2/package.bash'
[0.409s] INFO:colcon.colcon_core.shell:Creating package script '/home/aimo/livox_ws/install/livox_ros_driver2/share/livox_ros_driver2/package.zsh'
[0.409s] Level 1:colcon.colcon_core.environment:create_file_with_runtime_dependencies(/home/aimo/livox_ws/install/livox_ros_driver2/share/colcon-core/packages/livox_ros_driver2)
[0.410s] INFO:colcon.colcon_ros.task.ament_cmake.build:Building ROS package in '/home/aimo/livox_ws/src/FAST_LIO_ROS2' with build type 'ament_cmake'
[0.410s] INFO:colcon.colcon_cmake.task.cmake.build:Building CMake package in '/home/aimo/livox_ws/src/FAST_LIO_ROS2'
[0.410s] INFO:colcon.colcon_core.shell:Skip shell extension 'powershell' for command environment: Not usable outside of PowerShell
[0.410s] DEBUG:colcon.colcon_core.shell:Skip shell extension 'dsv' for command environment
[0.417s] DEBUG:colcon.colcon_core.event_handler.log_command:Invoking command in '/home/aimo/livox_ws/build/fast_lio': CMAKE_PREFIX_PATH=/home/aimo/livox_ws/install/livox_ros_driver2:/home/aimo/livox_ws/install/fast_lio:/opt/ros/humble LD_LIBRARY_PATH=/home/aimo/livox_ws/install/livox_ros_driver2/lib:/home/aimo/livox_ws/install/fast_lio/lib:/usr/lib/x86_64-linux-gnu/gazebo-11/plugins:/opt/ros/humble/opt/rviz_ogre_vendor/lib:/opt/ros/humble/lib/x86_64-linux-gnu:/opt/ros/humble/lib /usr/bin/cmake --build /home/aimo/livox_ws/build/fast_lio -- -j20 -l20
[0.543s] DEBUG:colcon.colcon_core.event_handler.log_command:Invoking command in '/home/aimo/livox_ws/build/point_cloud_convertor': PYTHONPATH=/home/aimo/livox_ws/build/point_cloud_convertor/prefix_override:/usr/lib/python3/dist-packages/colcon_core/task/python/colcon_distutils_commands:/home/aimo/livox_ws/install/point_cloud_convertor/lib/python3.10/site-packages:${PYTHONPATH} /usr/bin/python3 -W ignore:setup.py install is deprecated -W ignore:easy_install command is deprecated setup.py develop --editable --build-directory /home/aimo/livox_ws/build/point_cloud_convertor/build --no-deps symlink_data
[0.575s] DEBUG:colcon.colcon_core.event_handler.log_command:Invoked command in '/home/aimo/livox_ws/build/fast_lio' returned '0': CMAKE_PREFIX_PATH=/home/aimo/livox_ws/install/livox_ros_driver2:/home/aimo/livox_ws/install/fast_lio:/opt/ros/humble LD_LIBRARY_PATH=/home/aimo/livox_ws/install/livox_ros_driver2/lib:/home/aimo/livox_ws/install/fast_lio/lib:/usr/lib/x86_64-linux-gnu/gazebo-11/plugins:/opt/ros/humble/opt/rviz_ogre_vendor/lib:/opt/ros/humble/lib/x86_64-linux-gnu:/opt/ros/humble/lib /usr/bin/cmake --build /home/aimo/livox_ws/build/fast_lio -- -j20 -l20
[0.580s] DEBUG:colcon.colcon_core.event_handler.log_command:Invoking command in '/home/aimo/livox_ws/build/fast_lio': CMAKE_PREFIX_PATH=/home/aimo/livox_ws/install/livox_ros_driver2:/home/aimo/livox_ws/install/fast_lio:/opt/ros/humble LD_LIBRARY_PATH=/home/aimo/livox_ws/install/livox_ros_driver2/lib:/home/aimo/livox_ws/install/fast_lio/lib:/usr/lib/x86_64-linux-gnu/gazebo-11/plugins:/opt/ros/humble/opt/rviz_ogre_vendor/lib:/opt/ros/humble/lib/x86_64-linux-gnu:/opt/ros/humble/lib /usr/bin/cmake --install /home/aimo/livox_ws/build/fast_lio
[0.617s] Level 1:colcon.colcon_core.environment:create_environment_scripts_only(fast_lio)
[0.618s] DEBUG:colcon.colcon_core.event_handler.log_command:Invoked command in '/home/aimo/livox_ws/build/fast_lio' returned '0': CMAKE_PREFIX_PATH=/home/aimo/livox_ws/install/livox_ros_driver2:/home/aimo/livox_ws/install/fast_lio:/opt/ros/humble LD_LIBRARY_PATH=/home/aimo/livox_ws/install/livox_ros_driver2/lib:/home/aimo/livox_ws/install/fast_lio/lib:/usr/lib/x86_64-linux-gnu/gazebo-11/plugins:/opt/ros/humble/opt/rviz_ogre_vendor/lib:/opt/ros/humble/lib/x86_64-linux-gnu:/opt/ros/humble/lib /usr/bin/cmake --install /home/aimo/livox_ws/build/fast_lio
[0.618s] Level 1:colcon.colcon_core.environment:checking '/home/aimo/livox_ws/install/fast_lio' for CMake module files
[0.618s] Level 1:colcon.colcon_core.environment:checking '/home/aimo/livox_ws/install/fast_lio' for CMake config files
[0.618s] Level 1:colcon.colcon_core.shell:create_environment_hook('fast_lio', 'cmake_prefix_path')
[0.619s] INFO:colcon.colcon_core.shell:Creating environment hook '/home/aimo/livox_ws/install/fast_lio/share/fast_lio/hook/cmake_prefix_path.ps1'
[0.619s] INFO:colcon.colcon_core.shell:Creating environment descriptor '/home/aimo/livox_ws/install/fast_lio/share/fast_lio/hook/cmake_prefix_path.dsv'
[0.619s] INFO:colcon.colcon_core.shell:Creating environment hook '/home/aimo/livox_ws/install/fast_lio/share/fast_lio/hook/cmake_prefix_path.sh'
[0.619s] Level 1:colcon.colcon_core.environment:checking '/home/aimo/livox_ws/install/fast_lio/lib'
[0.620s] Level 1:colcon.colcon_core.shell:create_environment_hook('fast_lio', 'ld_library_path_lib')
[0.620s] INFO:colcon.colcon_core.shell:Creating environment hook '/home/aimo/livox_ws/install/fast_lio/share/fast_lio/hook/ld_library_path_lib.ps1'
[0.620s] INFO:colcon.colcon_core.shell:Creating environment descriptor '/home/aimo/livox_ws/install/fast_lio/share/fast_lio/hook/ld_library_path_lib.dsv'
[0.620s] INFO:colcon.colcon_core.shell:Creating environment hook '/home/aimo/livox_ws/install/fast_lio/share/fast_lio/hook/ld_library_path_lib.sh'
[0.620s] Level 1:colcon.colcon_core.environment:checking '/home/aimo/livox_ws/install/fast_lio/bin'
[0.620s] Level 1:colcon.colcon_core.environment:checking '/home/aimo/livox_ws/install/fast_lio/lib/pkgconfig/fast_lio.pc'
[0.620s] Level 1:colcon.colcon_core.environment:checking '/home/aimo/livox_ws/install/fast_lio/lib/python3.10/site-packages'
[0.620s] Level 1:colcon.colcon_core.environment:checking '/home/aimo/livox_ws/install/fast_lio/bin'
[0.620s] INFO:colcon.colcon_core.shell:Creating package script '/home/aimo/livox_ws/install/fast_lio/share/fast_lio/package.ps1'
[0.621s] INFO:colcon.colcon_core.shell:Creating package descriptor '/home/aimo/livox_ws/install/fast_lio/share/fast_lio/package.dsv'
[0.621s] INFO:colcon.colcon_core.shell:Creating package script '/home/aimo/livox_ws/install/fast_lio/share/fast_lio/package.sh'
[0.621s] INFO:colcon.colcon_core.shell:Creating package script '/home/aimo/livox_ws/install/fast_lio/share/fast_lio/package.bash'
[0.621s] INFO:colcon.colcon_core.shell:Creating package script '/home/aimo/livox_ws/install/fast_lio/share/fast_lio/package.zsh'
[0.621s] Level 1:colcon.colcon_core.environment:create_file_with_runtime_dependencies(/home/aimo/livox_ws/install/fast_lio/share/colcon-core/packages/fast_lio)
[0.621s] Level 1:colcon.colcon_core.environment:create_environment_scripts_only(fast_lio)
[0.621s] Level 1:colcon.colcon_core.environment:checking '/home/aimo/livox_ws/install/fast_lio' for CMake module files
[0.622s] Level 1:colcon.colcon_core.environment:checking '/home/aimo/livox_ws/install/fast_lio' for CMake config files
[0.622s] Level 1:colcon.colcon_core.shell:create_environment_hook('fast_lio', 'cmake_prefix_path')
[0.622s] INFO:colcon.colcon_core.shell:Creating environment hook '/home/aimo/livox_ws/install/fast_lio/share/fast_lio/hook/cmake_prefix_path.ps1'
[0.622s] INFO:colcon.colcon_core.shell:Creating environment descriptor '/home/aimo/livox_ws/install/fast_lio/share/fast_lio/hook/cmake_prefix_path.dsv'
[0.622s] INFO:colcon.colcon_core.shell:Creating environment hook '/home/aimo/livox_ws/install/fast_lio/share/fast_lio/hook/cmake_prefix_path.sh'
[0.622s] Level 1:colcon.colcon_core.environment:checking '/home/aimo/livox_ws/install/fast_lio/lib'
[0.622s] Level 1:colcon.colcon_core.shell:create_environment_hook('fast_lio', 'ld_library_path_lib')
[0.622s] INFO:colcon.colcon_core.shell:Creating environment hook '/home/aimo/livox_ws/install/fast_lio/share/fast_lio/hook/ld_library_path_lib.ps1'
[0.623s] INFO:colcon.colcon_core.shell:Creating environment descriptor '/home/aimo/livox_ws/install/fast_lio/share/fast_lio/hook/ld_library_path_lib.dsv'
[0.624s] INFO:colcon.colcon_core.shell:Creating environment hook '/home/aimo/livox_ws/install/fast_lio/share/fast_lio/hook/ld_library_path_lib.sh'
[0.624s] Level 1:colcon.colcon_core.environment:checking '/home/aimo/livox_ws/install/fast_lio/bin'
[0.624s] Level 1:colcon.colcon_core.environment:checking '/home/aimo/livox_ws/install/fast_lio/lib/pkgconfig/fast_lio.pc'
[0.624s] Level 1:colcon.colcon_core.environment:checking '/home/aimo/livox_ws/install/fast_lio/lib/python3.10/site-packages'
[0.624s] Level 1:colcon.colcon_core.environment:checking '/home/aimo/livox_ws/install/fast_lio/bin'
[0.624s] INFO:colcon.colcon_core.shell:Creating package script '/home/aimo/livox_ws/install/fast_lio/share/fast_lio/package.ps1'
[0.624s] INFO:colcon.colcon_core.shell:Creating package descriptor '/home/aimo/livox_ws/install/fast_lio/share/fast_lio/package.dsv'
[0.625s] INFO:colcon.colcon_core.shell:Creating package script '/home/aimo/livox_ws/install/fast_lio/share/fast_lio/package.sh'
[0.625s] INFO:colcon.colcon_core.shell:Creating package script '/home/aimo/livox_ws/install/fast_lio/share/fast_lio/package.bash'
[0.625s] INFO:colcon.colcon_core.shell:Creating package script '/home/aimo/livox_ws/install/fast_lio/share/fast_lio/package.zsh'
[0.625s] Level 1:colcon.colcon_core.environment:create_file_with_runtime_dependencies(/home/aimo/livox_ws/install/fast_lio/share/colcon-core/packages/fast_lio)
[0.734s] Level 1:colcon.colcon_core.shell:create_environment_hook('point_cloud_convertor', 'pythonpath_develop')
[0.734s] INFO:colcon.colcon_core.shell:Creating environment hook '/home/aimo/livox_ws/build/point_cloud_convertor/share/point_cloud_convertor/hook/pythonpath_develop.ps1'
[0.734s] DEBUG:colcon.colcon_core.event_handler.log_command:Invoked command in '/home/aimo/livox_ws/build/point_cloud_convertor' returned '0': PYTHONPATH=/home/aimo/livox_ws/build/point_cloud_convertor/prefix_override:/usr/lib/python3/dist-packages/colcon_core/task/python/colcon_distutils_commands:/home/aimo/livox_ws/install/point_cloud_convertor/lib/python3.10/site-packages:${PYTHONPATH} /usr/bin/python3 -W ignore:setup.py install is deprecated -W ignore:easy_install command is deprecated setup.py develop --editable --build-directory /home/aimo/livox_ws/build/point_cloud_convertor/build --no-deps symlink_data
[0.735s] INFO:colcon.colcon_core.shell:Creating environment descriptor '/home/aimo/livox_ws/build/point_cloud_convertor/share/point_cloud_convertor/hook/pythonpath_develop.dsv'
[0.735s] INFO:colcon.colcon_core.shell:Creating environment hook '/home/aimo/livox_ws/build/point_cloud_convertor/share/point_cloud_convertor/hook/pythonpath_develop.sh'
[0.735s] Level 1:colcon.colcon_core.environment:checking '/home/aimo/livox_ws/install/point_cloud_convertor' for CMake module files
[0.735s] Level 1:colcon.colcon_core.environment:checking '/home/aimo/livox_ws/install/point_cloud_convertor' for CMake config files
[0.736s] Level 1:colcon.colcon_core.environment:checking '/home/aimo/livox_ws/install/point_cloud_convertor/lib'
[0.736s] Level 1:colcon.colcon_core.environment:checking '/home/aimo/livox_ws/install/point_cloud_convertor/bin'
[0.736s] Level 1:colcon.colcon_core.environment:checking '/home/aimo/livox_ws/install/point_cloud_convertor/lib/pkgconfig/point_cloud_convertor.pc'
[0.736s] Level 1:colcon.colcon_core.environment:checking '/home/aimo/livox_ws/install/point_cloud_convertor/lib/python3.10/site-packages'
[0.736s] Level 1:colcon.colcon_core.shell:create_environment_hook('point_cloud_convertor', 'pythonpath')
[0.736s] INFO:colcon.colcon_core.shell:Creating environment hook '/home/aimo/livox_ws/install/point_cloud_convertor/share/point_cloud_convertor/hook/pythonpath.ps1'
[0.736s] INFO:colcon.colcon_core.shell:Creating environment descriptor '/home/aimo/livox_ws/install/point_cloud_convertor/share/point_cloud_convertor/hook/pythonpath.dsv'
[0.736s] INFO:colcon.colcon_core.shell:Creating environment hook '/home/aimo/livox_ws/install/point_cloud_convertor/share/point_cloud_convertor/hook/pythonpath.sh'
[0.736s] Level 1:colcon.colcon_core.environment:checking '/home/aimo/livox_ws/install/point_cloud_convertor/bin'
[0.736s] Level 1:colcon.colcon_core.environment:create_environment_scripts_only(point_cloud_convertor)
[0.736s] INFO:colcon.colcon_core.shell:Creating package script '/home/aimo/livox_ws/install/point_cloud_convertor/share/point_cloud_convertor/package.ps1'
[0.737s] INFO:colcon.colcon_core.shell:Creating package descriptor '/home/aimo/livox_ws/install/point_cloud_convertor/share/point_cloud_convertor/package.dsv'
[0.737s] INFO:colcon.colcon_core.shell:Creating package script '/home/aimo/livox_ws/install/point_cloud_convertor/share/point_cloud_convertor/package.sh'
[0.737s] INFO:colcon.colcon_core.shell:Creating package script '/home/aimo/livox_ws/install/point_cloud_convertor/share/point_cloud_convertor/package.bash'
[0.737s] INFO:colcon.colcon_core.shell:Creating package script '/home/aimo/livox_ws/install/point_cloud_convertor/share/point_cloud_convertor/package.zsh'
[0.737s] Level 1:colcon.colcon_core.environment:create_file_with_runtime_dependencies(/home/aimo/livox_ws/install/point_cloud_convertor/share/colcon-core/packages/point_cloud_convertor)
[0.737s] DEBUG:colcon.colcon_parallel_executor.executor.parallel:closing loop
[0.737s] DEBUG:colcon.colcon_parallel_executor.executor.parallel:loop closed
[0.737s] DEBUG:colcon.colcon_parallel_executor.executor.parallel:run_until_complete finished with '0'
[0.737s] DEBUG:colcon.colcon_core.event_reactor:joining thread
[0.741s] INFO:colcon.colcon_core.plugin_system:Skipping extension 'colcon_notification.desktop_notification.terminal_notifier': Not used on non-Darwin systems
[0.741s] INFO:colcon.colcon_core.plugin_system:Skipping extension 'colcon_notification.desktop_notification.win32': Not used on non-Windows systems
[0.741s] INFO:colcon.colcon_notification.desktop_notification:Sending desktop notification using 'notify2'
[0.748s] DEBUG:colcon.colcon_core.event_reactor:joined thread
[0.748s] INFO:colcon.colcon_core.shell:Creating prefix script '/home/aimo/livox_ws/install/local_setup.ps1'
[0.750s] INFO:colcon.colcon_core.shell:Creating prefix util module '/home/aimo/livox_ws/install/_local_setup_util_ps1.py'
[0.751s] INFO:colcon.colcon_core.shell:Creating prefix chain script '/home/aimo/livox_ws/install/setup.ps1'
[0.752s] INFO:colcon.colcon_core.shell:Creating prefix script '/home/aimo/livox_ws/install/local_setup.sh'
[0.752s] INFO:colcon.colcon_core.shell:Creating prefix util module '/home/aimo/livox_ws/install/_local_setup_util_sh.py'
[0.752s] INFO:colcon.colcon_core.shell:Creating prefix chain script '/home/aimo/livox_ws/install/setup.sh'
[0.753s] INFO:colcon.colcon_core.shell:Creating prefix script '/home/aimo/livox_ws/install/local_setup.bash'
[0.753s] INFO:colcon.colcon_core.shell:Creating prefix chain script '/home/aimo/livox_ws/install/setup.bash'
[0.753s] INFO:colcon.colcon_core.shell:Creating prefix script '/home/aimo/livox_ws/install/local_setup.zsh'
[0.753s] INFO:colcon.colcon_core.shell:Creating prefix chain script '/home/aimo/livox_ws/install/setup.zsh'
