[0.006s] Invoking command in '/home/aimo/livox_ws/build/fast_lio': CMAKE_PREFIX_PATH=/home/aimo/livox_ws/install/livox_ros_driver2:/home/aimo/livox_ws/install/fast_lio:/home/aimo/livox_ws/install/point_cloud_convertor:/opt/ros/humble LD_LIBRARY_PATH=/home/aimo/livox_ws/install/livox_ros_driver2/lib:/home/aimo/livox_ws/install/fast_lio/lib:/usr/lib/x86_64-linux-gnu/gazebo-11/plugins:/opt/ros/humble/opt/rviz_ogre_vendor/lib:/opt/ros/humble/lib/x86_64-linux-gnu:/opt/ros/humble/lib /usr/bin/cmake --build /home/aimo/livox_ws/build/fast_lio -- -j20 -l20
[0.036s] [  2%] Built target fast_lio__cpp
[0.037s] [ 11%] Built target fast_lio__rosidl_generator_c
[0.039s] [ 11%] Built target ament_cmake_python_symlink_fast_lio
[0.050s] [ 20%] Built target fast_lio__rosidl_typesupport_fastrtps_cpp
[0.050s] [ 34%] Built target fast_lio__rosidl_typesupport_cpp
[0.051s] [ 40%] Built target fast_lio__rosidl_typesupport_c
[0.051s] [ 51%] Built target fast_lio__rosidl_typesupport_introspection_c
[0.051s] [ 54%] Built target fast_lio__rosidl_typesupport_fastrtps_c
[0.051s] [ 62%] Built target fast_lio__rosidl_typesupport_introspection_cpp
[0.060s] [ 62%] Built target fast_lio
[0.061s] [35m[1mConsolidate compiler generated dependencies of target fastlio_mapping[0m
[0.070s] [ 65%] Built target fast_lio__py
[0.079s] [ 68%] [32mBuilding CXX object CMakeFiles/fastlio_mapping.dir/src/laserMapping.cpp.o[0m
[0.080s] [ 74%] Built target fast_lio__rosidl_generator_py
[0.093s] [ 85%] Built target fast_lio__rosidl_typesupport_c__pyext
[0.093s] [ 85%] Built target fast_lio__rosidl_typesupport_introspection_c__pyext
[0.093s] [ 91%] Built target fast_lio__rosidl_typesupport_fastrtps_c__pyext
[0.148s] running egg_info
[0.149s] writing fast_lio.egg-info/PKG-INFO
[0.149s] writing dependency_links to fast_lio.egg-info/dependency_links.txt
[0.149s] writing top-level names to fast_lio.egg-info/top_level.txt
[0.150s] reading manifest file 'fast_lio.egg-info/SOURCES.txt'
[0.150s] writing manifest file 'fast_lio.egg-info/SOURCES.txt'
[0.165s] [ 91%] Built target ament_cmake_python_build_fast_lio_egg
[2.937s] In file included from [01m[K/usr/include/boost/smart_ptr/detail/sp_thread_sleep.hpp:22[m[K,
[2.937s]                  from [01m[K/usr/include/boost/smart_ptr/detail/yield_k.hpp:23[m[K,
[2.937s]                  from [01m[K/usr/include/boost/smart_ptr/detail/spinlock_gcc_atomic.hpp:14[m[K,
[2.937s]                  from [01m[K/usr/include/boost/smart_ptr/detail/spinlock.hpp:42[m[K,
[2.937s]                  from [01m[K/usr/include/boost/smart_ptr/detail/spinlock_pool.hpp:25[m[K,
[2.937s]                  from [01m[K/usr/include/boost/smart_ptr/shared_ptr.hpp:29[m[K,
[2.937s]                  from [01m[K/usr/include/boost/shared_ptr.hpp:17[m[K,
[2.937s]                  from [01m[K/usr/include/boost/date_time/microsec_time_clock.hpp:18[m[K,
[2.937s]                  from [01m[K/usr/include/boost/interprocess/detail/posix_time_types_wrk.hpp:31[m[K,
[2.937s]                  from [01m[K/usr/include/boost/interprocess/detail/os_thread_functions.hpp:36[m[K,
[2.937s]                  from [01m[K/usr/include/boost/interprocess/sync/file_lock.hpp:26[m[K,
[2.937s]                  from [01m[K/usr/include/pcl-1.12/pcl/io/pcd_io.h:46[m[K,
[2.937s]                  from [01m[K/opt/ros/humble/include/pcl_conversions/pcl_conversions/pcl_conversions.h:73[m[K,
[2.937s]                  from [01m[K/home/aimo/livox_ws/src/FAST_LIO_ROS2/src/IMU_Processing.hpp:18[m[K,
[2.937s]                  from [01m[K/home/aimo/livox_ws/src/FAST_LIO_ROS2/src/laserMapping.cpp:47[m[K:
[2.938s] [01m[K/usr/include/boost/bind.hpp:36:1:[m[K [01;36m[Knote: [m[K‘[01m[K#pragma message: The practice of declaring the Bind placeholders (_1, _2, ...) in the global namespace is deprecated. Please use <boost/bind/bind.hpp> + using namespace boost::placeholders, or define BOOST_BIND_GLOBAL_PLACEHOLDERS to retain the current behavior.[m[K’
[2.938s]    36 | [01;36m[KBOOST_PRAGMA_MESSAGE[m[K(
[2.938s]       | [01;36m[K^~~~~~~~~~~~~~~~~~~~[m[K
[33.999s] [ 94%] [32m[1mLinking CXX executable fastlio_mapping[0m
[34.557s] [100%] Built target fastlio_mapping
[34.565s] Invoked command in '/home/aimo/livox_ws/build/fast_lio' returned '0': CMAKE_PREFIX_PATH=/home/aimo/livox_ws/install/livox_ros_driver2:/home/aimo/livox_ws/install/fast_lio:/home/aimo/livox_ws/install/point_cloud_convertor:/opt/ros/humble LD_LIBRARY_PATH=/home/aimo/livox_ws/install/livox_ros_driver2/lib:/home/aimo/livox_ws/install/fast_lio/lib:/usr/lib/x86_64-linux-gnu/gazebo-11/plugins:/opt/ros/humble/opt/rviz_ogre_vendor/lib:/opt/ros/humble/lib/x86_64-linux-gnu:/opt/ros/humble/lib /usr/bin/cmake --build /home/aimo/livox_ws/build/fast_lio -- -j20 -l20
[34.566s] Invoking command in '/home/aimo/livox_ws/build/fast_lio': CMAKE_PREFIX_PATH=/home/aimo/livox_ws/install/livox_ros_driver2:/home/aimo/livox_ws/install/fast_lio:/home/aimo/livox_ws/install/point_cloud_convertor:/opt/ros/humble LD_LIBRARY_PATH=/home/aimo/livox_ws/install/livox_ros_driver2/lib:/home/aimo/livox_ws/install/fast_lio/lib:/usr/lib/x86_64-linux-gnu/gazebo-11/plugins:/opt/ros/humble/opt/rviz_ogre_vendor/lib:/opt/ros/humble/lib/x86_64-linux-gnu:/opt/ros/humble/lib /usr/bin/cmake --install /home/aimo/livox_ws/build/fast_lio
[34.569s] -- Install configuration: "Release"
[34.569s] -- Execute custom install script
[34.570s] -- Up-to-date symlink: /home/aimo/livox_ws/install/fast_lio/share/ament_index/resource_index/rosidl_interfaces/fast_lio
[34.570s] -- Up-to-date symlink: /home/aimo/livox_ws/install/fast_lio/include/fast_lio/fast_lio/msg/detail/pose6_d__functions.h
[34.570s] -- Up-to-date symlink: /home/aimo/livox_ws/install/fast_lio/include/fast_lio/fast_lio/msg/detail/pose6_d__struct.h
[34.570s] -- Up-to-date symlink: /home/aimo/livox_ws/install/fast_lio/include/fast_lio/fast_lio/msg/detail/pose6_d__type_support.h
[34.570s] -- Up-to-date symlink: /home/aimo/livox_ws/install/fast_lio/include/fast_lio/fast_lio/msg/pose6_d.h
[34.570s] -- Up-to-date symlink: /home/aimo/livox_ws/install/fast_lio/include/fast_lio/fast_lio/msg/rosidl_generator_c__visibility_control.h
[34.570s] -- Up-to-date symlink: /home/aimo/livox_ws/install/fast_lio/share/fast_lio/environment/library_path.sh
[34.570s] -- Up-to-date symlink: /home/aimo/livox_ws/install/fast_lio/share/fast_lio/environment/library_path.dsv
[34.570s] -- Up-to-date symlink: /home/aimo/livox_ws/install/fast_lio/include/fast_lio/fast_lio/msg/detail/pose6_d__rosidl_typesupport_fastrtps_c.h
[34.570s] -- Up-to-date symlink: /home/aimo/livox_ws/install/fast_lio/include/fast_lio/fast_lio/msg/rosidl_typesupport_fastrtps_c__visibility_control.h
[34.572s] -- Up-to-date symlink: /home/aimo/livox_ws/install/fast_lio/include/fast_lio/fast_lio/msg/detail/pose6_d__builder.hpp
[34.572s] -- Up-to-date symlink: /home/aimo/livox_ws/install/fast_lio/include/fast_lio/fast_lio/msg/detail/pose6_d__struct.hpp
[34.572s] -- Up-to-date symlink: /home/aimo/livox_ws/install/fast_lio/include/fast_lio/fast_lio/msg/detail/pose6_d__traits.hpp
[34.572s] -- Up-to-date symlink: /home/aimo/livox_ws/install/fast_lio/include/fast_lio/fast_lio/msg/detail/pose6_d__type_support.hpp
[34.572s] -- Up-to-date symlink: /home/aimo/livox_ws/install/fast_lio/include/fast_lio/fast_lio/msg/pose6_d.hpp
[34.572s] -- Up-to-date symlink: /home/aimo/livox_ws/install/fast_lio/include/fast_lio/fast_lio/msg/rosidl_generator_cpp__visibility_control.hpp
[34.572s] -- Up-to-date symlink: /home/aimo/livox_ws/install/fast_lio/include/fast_lio/fast_lio/msg/detail/pose6_d__rosidl_typesupport_fastrtps_cpp.hpp
[34.572s] -- Up-to-date symlink: /home/aimo/livox_ws/install/fast_lio/include/fast_lio/fast_lio/msg/rosidl_typesupport_fastrtps_cpp__visibility_control.h
[34.572s] -- Up-to-date symlink: /home/aimo/livox_ws/install/fast_lio/include/fast_lio/fast_lio/msg/detail/pose6_d__rosidl_typesupport_introspection_c.h
[34.572s] -- Up-to-date symlink: /home/aimo/livox_ws/install/fast_lio/include/fast_lio/fast_lio/msg/rosidl_typesupport_introspection_c__visibility_control.h
[34.572s] -- Up-to-date symlink: /home/aimo/livox_ws/install/fast_lio/include/fast_lio/fast_lio/msg/detail/pose6_d__rosidl_typesupport_introspection_cpp.hpp
[34.572s] -- Up-to-date symlink: /home/aimo/livox_ws/install/fast_lio/share/fast_lio/environment/pythonpath.sh
[34.572s] -- Up-to-date symlink: /home/aimo/livox_ws/install/fast_lio/share/fast_lio/environment/pythonpath.dsv
[34.572s] -- Up-to-date symlink: /home/aimo/livox_ws/install/fast_lio/local/lib/python3.10/dist-packages/fast_lio-0.0.0-py3.10.egg-info/PKG-INFO
[34.572s] -- Up-to-date symlink: /home/aimo/livox_ws/install/fast_lio/local/lib/python3.10/dist-packages/fast_lio-0.0.0-py3.10.egg-info/SOURCES.txt
[34.572s] -- Up-to-date symlink: /home/aimo/livox_ws/install/fast_lio/local/lib/python3.10/dist-packages/fast_lio-0.0.0-py3.10.egg-info/dependency_links.txt
[34.572s] -- Up-to-date symlink: /home/aimo/livox_ws/install/fast_lio/local/lib/python3.10/dist-packages/fast_lio-0.0.0-py3.10.egg-info/top_level.txt
[34.572s] -- Up-to-date symlink: /home/aimo/livox_ws/install/fast_lio/local/lib/python3.10/dist-packages/fast_lio/__init__.py
[34.572s] -- Up-to-date symlink: /home/aimo/livox_ws/install/fast_lio/local/lib/python3.10/dist-packages/fast_lio/_fast_lio_s.ep.rosidl_typesupport_c.c
[34.572s] -- Up-to-date symlink: /home/aimo/livox_ws/install/fast_lio/local/lib/python3.10/dist-packages/fast_lio/_fast_lio_s.ep.rosidl_typesupport_fastrtps_c.c
[34.572s] -- Up-to-date symlink: /home/aimo/livox_ws/install/fast_lio/local/lib/python3.10/dist-packages/fast_lio/_fast_lio_s.ep.rosidl_typesupport_introspection_c.c
[34.572s] -- Up-to-date symlink: /home/aimo/livox_ws/install/fast_lio/local/lib/python3.10/dist-packages/fast_lio/fast_lio_s__rosidl_typesupport_c.cpython-310-x86_64-linux-gnu.so
[34.572s] -- Up-to-date symlink: /home/aimo/livox_ws/install/fast_lio/local/lib/python3.10/dist-packages/fast_lio/fast_lio_s__rosidl_typesupport_fastrtps_c.cpython-310-x86_64-linux-gnu.so
[34.572s] -- Up-to-date symlink: /home/aimo/livox_ws/install/fast_lio/local/lib/python3.10/dist-packages/fast_lio/fast_lio_s__rosidl_typesupport_introspection_c.cpython-310-x86_64-linux-gnu.so
[34.572s] -- Up-to-date symlink: /home/aimo/livox_ws/install/fast_lio/local/lib/python3.10/dist-packages/fast_lio/libfast_lio__rosidl_generator_py.so
[34.572s] -- Up-to-date symlink: /home/aimo/livox_ws/install/fast_lio/local/lib/python3.10/dist-packages/fast_lio/msg/__init__.py
[34.572s] -- Up-to-date symlink: /home/aimo/livox_ws/install/fast_lio/local/lib/python3.10/dist-packages/fast_lio/msg/_pose6_d.py
[34.572s] -- Up-to-date symlink: /home/aimo/livox_ws/install/fast_lio/local/lib/python3.10/dist-packages/fast_lio/msg/_pose6_d_s.c
[34.572s] -- Up-to-date symlink: /home/aimo/livox_ws/install/fast_lio/local/lib/python3.10/dist-packages/fast_lio/fast_lio_s__rosidl_typesupport_fastrtps_c.cpython-310-x86_64-linux-gnu.so
[34.572s] -- Up-to-date symlink: /home/aimo/livox_ws/install/fast_lio/local/lib/python3.10/dist-packages/fast_lio/fast_lio_s__rosidl_typesupport_introspection_c.cpython-310-x86_64-linux-gnu.so
[34.572s] -- Up-to-date symlink: /home/aimo/livox_ws/install/fast_lio/local/lib/python3.10/dist-packages/fast_lio/fast_lio_s__rosidl_typesupport_c.cpython-310-x86_64-linux-gnu.so
[34.572s] -- Up-to-date symlink: /home/aimo/livox_ws/install/fast_lio/share/fast_lio/msg/Pose6D.idl
[34.572s] -- Up-to-date symlink: /home/aimo/livox_ws/install/fast_lio/share/fast_lio/msg/Pose6D.msg
[34.572s] -- Up-to-date symlink: /home/aimo/livox_ws/install/fast_lio/lib/fast_lio/fastlio_mapping
[34.572s] -- Up-to-date symlink: /home/aimo/livox_ws/install/fast_lio/share/fast_lio/config/avia.yaml
[34.573s] -- Up-to-date symlink: /home/aimo/livox_ws/install/fast_lio/share/fast_lio/config/custom.yaml
[34.573s] -- Up-to-date symlink: /home/aimo/livox_ws/install/fast_lio/share/fast_lio/config/horizon.yaml
[34.573s] -- Up-to-date symlink: /home/aimo/livox_ws/install/fast_lio/share/fast_lio/config/mid360.yaml
[34.573s] -- Up-to-date symlink: /home/aimo/livox_ws/install/fast_lio/share/fast_lio/config/ouster64.yaml
[34.573s] -- Up-to-date symlink: /home/aimo/livox_ws/install/fast_lio/share/fast_lio/config/velodyne.yaml
[34.573s] -- Up-to-date symlink: /home/aimo/livox_ws/install/fast_lio/share/fast_lio/launch/custom_mapping.launch.py
[34.573s] -- Up-to-date symlink: /home/aimo/livox_ws/install/fast_lio/share/fast_lio/launch/gdb_debug_example.launch
[34.573s] -- Up-to-date symlink: /home/aimo/livox_ws/install/fast_lio/share/fast_lio/launch/mapping.launch.py
[34.573s] -- Up-to-date symlink: /home/aimo/livox_ws/install/fast_lio/share/fast_lio/rviz/fastlio.rviz
[34.573s] -- Up-to-date symlink: /home/aimo/livox_ws/install/fast_lio/share/ament_index/resource_index/package_run_dependencies/fast_lio
[34.573s] -- Up-to-date symlink: /home/aimo/livox_ws/install/fast_lio/share/ament_index/resource_index/parent_prefix_path/fast_lio
[34.573s] -- Up-to-date symlink: /home/aimo/livox_ws/install/fast_lio/share/fast_lio/environment/ament_prefix_path.sh
[34.573s] -- Up-to-date symlink: /home/aimo/livox_ws/install/fast_lio/share/fast_lio/environment/ament_prefix_path.dsv
[34.573s] -- Up-to-date symlink: /home/aimo/livox_ws/install/fast_lio/share/fast_lio/environment/path.sh
[34.573s] -- Up-to-date symlink: /home/aimo/livox_ws/install/fast_lio/share/fast_lio/environment/path.dsv
[34.573s] -- Up-to-date symlink: /home/aimo/livox_ws/install/fast_lio/share/fast_lio/local_setup.bash
[34.573s] -- Up-to-date symlink: /home/aimo/livox_ws/install/fast_lio/share/fast_lio/local_setup.sh
[34.573s] -- Up-to-date symlink: /home/aimo/livox_ws/install/fast_lio/share/fast_lio/local_setup.zsh
[34.573s] -- Up-to-date symlink: /home/aimo/livox_ws/install/fast_lio/share/fast_lio/local_setup.dsv
[34.573s] -- Symlinking: /home/aimo/livox_ws/install/fast_lio/share/fast_lio/package.dsv
[34.580s] -- Up-to-date symlink: /home/aimo/livox_ws/install/fast_lio/share/ament_index/resource_index/packages/fast_lio
[34.580s] -- Up-to-date symlink: /home/aimo/livox_ws/install/fast_lio/share/fast_lio/cmake/rosidl_cmake-extras.cmake
[34.580s] -- Up-to-date symlink: /home/aimo/livox_ws/install/fast_lio/share/fast_lio/cmake/ament_cmake_export_include_directories-extras.cmake
[34.580s] -- Up-to-date symlink: /home/aimo/livox_ws/install/fast_lio/share/fast_lio/cmake/ament_cmake_export_libraries-extras.cmake
[34.580s] -- Up-to-date symlink: /home/aimo/livox_ws/install/fast_lio/share/fast_lio/cmake/ament_cmake_export_targets-extras.cmake
[34.580s] -- Up-to-date symlink: /home/aimo/livox_ws/install/fast_lio/share/fast_lio/cmake/rosidl_cmake_export_typesupport_targets-extras.cmake
[34.580s] -- Up-to-date symlink: /home/aimo/livox_ws/install/fast_lio/share/fast_lio/cmake/ament_cmake_export_dependencies-extras.cmake
[34.580s] -- Up-to-date symlink: /home/aimo/livox_ws/install/fast_lio/share/fast_lio/cmake/rosidl_cmake_export_typesupport_libraries-extras.cmake
[34.580s] -- Up-to-date symlink: /home/aimo/livox_ws/install/fast_lio/share/fast_lio/cmake/fast_lioConfig.cmake
[34.580s] -- Up-to-date symlink: /home/aimo/livox_ws/install/fast_lio/share/fast_lio/cmake/fast_lioConfig-version.cmake
[34.580s] -- Up-to-date symlink: /home/aimo/livox_ws/install/fast_lio/share/fast_lio/package.xml
[34.580s] -- Up-to-date: /home/aimo/livox_ws/install/fast_lio/lib/libfast_lio__rosidl_generator_c.so
[34.581s] -- Up-to-date: /home/aimo/livox_ws/install/fast_lio/lib/libfast_lio__rosidl_typesupport_fastrtps_c.so
[34.581s] -- Up-to-date: /home/aimo/livox_ws/install/fast_lio/lib/libfast_lio__rosidl_typesupport_fastrtps_cpp.so
[34.581s] -- Up-to-date: /home/aimo/livox_ws/install/fast_lio/lib/libfast_lio__rosidl_typesupport_introspection_c.so
[34.581s] -- Up-to-date: /home/aimo/livox_ws/install/fast_lio/lib/libfast_lio__rosidl_typesupport_c.so
[34.581s] -- Up-to-date: /home/aimo/livox_ws/install/fast_lio/lib/libfast_lio__rosidl_typesupport_introspection_cpp.so
[34.581s] -- Up-to-date: /home/aimo/livox_ws/install/fast_lio/lib/libfast_lio__rosidl_typesupport_cpp.so
[34.597s] Listing '/home/aimo/livox_ws/install/fast_lio/local/lib/python3.10/dist-packages/fast_lio'...
[34.597s] Listing '/home/aimo/livox_ws/install/fast_lio/local/lib/python3.10/dist-packages/fast_lio/msg'...
[34.599s] -- Up-to-date: /home/aimo/livox_ws/install/fast_lio/lib/libfast_lio__rosidl_generator_py.so
[34.599s] -- Up-to-date: /home/aimo/livox_ws/install/fast_lio/share/fast_lio/cmake/export_fast_lio__rosidl_generator_cExport.cmake
[34.599s] -- Up-to-date: /home/aimo/livox_ws/install/fast_lio/share/fast_lio/cmake/export_fast_lio__rosidl_generator_cExport-release.cmake
[34.599s] -- Up-to-date: /home/aimo/livox_ws/install/fast_lio/share/fast_lio/cmake/export_fast_lio__rosidl_typesupport_fastrtps_cExport.cmake
[34.599s] -- Up-to-date: /home/aimo/livox_ws/install/fast_lio/share/fast_lio/cmake/export_fast_lio__rosidl_typesupport_fastrtps_cExport-release.cmake
[34.599s] -- Up-to-date: /home/aimo/livox_ws/install/fast_lio/share/fast_lio/cmake/export_fast_lio__rosidl_generator_cppExport.cmake
[34.599s] -- Up-to-date: /home/aimo/livox_ws/install/fast_lio/share/fast_lio/cmake/export_fast_lio__rosidl_typesupport_fastrtps_cppExport.cmake
[34.599s] -- Up-to-date: /home/aimo/livox_ws/install/fast_lio/share/fast_lio/cmake/export_fast_lio__rosidl_typesupport_fastrtps_cppExport-release.cmake
[34.599s] -- Up-to-date: /home/aimo/livox_ws/install/fast_lio/share/fast_lio/cmake/fast_lio__rosidl_typesupport_introspection_cExport.cmake
[34.599s] -- Up-to-date: /home/aimo/livox_ws/install/fast_lio/share/fast_lio/cmake/fast_lio__rosidl_typesupport_introspection_cExport-release.cmake
[34.599s] -- Up-to-date: /home/aimo/livox_ws/install/fast_lio/share/fast_lio/cmake/fast_lio__rosidl_typesupport_cExport.cmake
[34.599s] -- Up-to-date: /home/aimo/livox_ws/install/fast_lio/share/fast_lio/cmake/fast_lio__rosidl_typesupport_cExport-release.cmake
[34.599s] -- Up-to-date: /home/aimo/livox_ws/install/fast_lio/share/fast_lio/cmake/fast_lio__rosidl_typesupport_introspection_cppExport.cmake
[34.599s] -- Up-to-date: /home/aimo/livox_ws/install/fast_lio/share/fast_lio/cmake/fast_lio__rosidl_typesupport_introspection_cppExport-release.cmake
[34.599s] -- Up-to-date: /home/aimo/livox_ws/install/fast_lio/share/fast_lio/cmake/fast_lio__rosidl_typesupport_cppExport.cmake
[34.599s] -- Up-to-date: /home/aimo/livox_ws/install/fast_lio/share/fast_lio/cmake/fast_lio__rosidl_typesupport_cppExport-release.cmake
[34.599s] -- Up-to-date: /home/aimo/livox_ws/install/fast_lio/share/fast_lio/cmake/export_fast_lio__rosidl_generator_pyExport.cmake
[34.599s] -- Up-to-date: /home/aimo/livox_ws/install/fast_lio/share/fast_lio/cmake/export_fast_lio__rosidl_generator_pyExport-release.cmake
[34.601s] Invoked command in '/home/aimo/livox_ws/build/fast_lio' returned '0': CMAKE_PREFIX_PATH=/home/aimo/livox_ws/install/livox_ros_driver2:/home/aimo/livox_ws/install/fast_lio:/home/aimo/livox_ws/install/point_cloud_convertor:/opt/ros/humble LD_LIBRARY_PATH=/home/aimo/livox_ws/install/livox_ros_driver2/lib:/home/aimo/livox_ws/install/fast_lio/lib:/usr/lib/x86_64-linux-gnu/gazebo-11/plugins:/opt/ros/humble/opt/rviz_ogre_vendor/lib:/opt/ros/humble/lib/x86_64-linux-gnu:/opt/ros/humble/lib /usr/bin/cmake --install /home/aimo/livox_ws/build/fast_lio
