[0.004s] Invoking command in '/home/aimo/livox_ws/build/fast_lio': CMAKE_PREFIX_PATH=${CMAKE_PREFIX_PATH}:/opt/ros/humble /usr/bin/cmake /home/aimo/livox_ws/src/FAST_LIO_ROS2 -DAMENT_CMAKE_SYMLINK_INSTALL=1 -DCMAKE_INSTALL_PREFIX=/home/aimo/livox_ws/install/fast_lio
[0.030s] -- The C compiler identification is GNU 11.4.0
[0.057s] -- The CXX compiler identification is GNU 11.4.0
[0.061s] -- Detecting C compiler ABI info
[0.095s] -- Detecting C compiler ABI info - done
[0.099s] -- Check for working C compiler: /usr/bin/cc - skipped
[0.099s] -- Detecting C compile features
[0.099s] -- Detecting C compile features - done
[0.099s] -- Detecting CXX compiler ABI info
[0.138s] -- Detecting CXX compiler ABI info - done
[0.141s] -- Check for working CXX compiler: /usr/bin/c++ - skipped
[0.142s] -- Detecting CXX compile features
[0.142s] -- Detecting CXX compile features - done
[0.142s] [0mCurrent CPU archtecture: x86_64[0m
[0.147s] [0mProcesser number:  20[0m
[0.147s] [0mcore for MP: 3[0m
[0.319s] -- Found PythonLibs: /usr/lib/x86_64-linux-gnu/libpython3.10.so (found version "3.10.12") 
[0.320s] -- Found ament_cmake: 1.3.11 (/opt/ros/humble/share/ament_cmake/cmake)
[0.391s] -- Found Python3: /usr/bin/python3 (found version "3.10.12") found components: Interpreter 
[0.418s] -- Override CMake install command with custom implementation using symlinks instead of copying resources
[0.429s] -- Found rclcpp: 16.0.12 (/opt/ros/humble/share/rclcpp/cmake)
[0.443s] -- Found rosidl_generator_c: 3.1.6 (/opt/ros/humble/share/rosidl_generator_c/cmake)
[0.445s] -- Found rosidl_adapter: 3.1.6 (/opt/ros/humble/share/rosidl_adapter/cmake)
[0.449s] -- Found rosidl_generator_cpp: 3.1.6 (/opt/ros/humble/share/rosidl_generator_cpp/cmake)
[0.454s] -- Using all available rosidl_typesupport_c: rosidl_typesupport_fastrtps_c;rosidl_typesupport_introspection_c
[0.460s] -- Using all available rosidl_typesupport_cpp: rosidl_typesupport_fastrtps_cpp;rosidl_typesupport_introspection_cpp
[0.478s] -- Found rmw_implementation_cmake: 6.1.2 (/opt/ros/humble/share/rmw_implementation_cmake/cmake)
[0.479s] -- Found rmw_fastrtps_cpp: 6.2.7 (/opt/ros/humble/share/rmw_fastrtps_cpp/cmake)
[0.520s] -- Found OpenSSL: /usr/lib/x86_64-linux-gnu/libcrypto.so (found version "3.0.2")  
[0.532s] -- Found FastRTPS: /opt/ros/humble/include  
[0.549s] -- Using RMW implementation 'rmw_fastrtps_cpp' as default
[0.553s] -- Looking for pthread.h
[0.590s] -- Looking for pthread.h - found
[0.590s] -- Performing Test CMAKE_HAVE_LIBC_PTHREAD
[0.628s] -- Performing Test CMAKE_HAVE_LIBC_PTHREAD - Success
[0.628s] -- Found Threads: TRUE  
[0.649s] -- Found rclcpp_components: 16.0.12 (/opt/ros/humble/share/rclcpp_components/cmake)
[0.661s] -- Found geometry_msgs: 4.9.0 (/opt/ros/humble/share/geometry_msgs/cmake)
[0.672s] -- Found nav_msgs: 4.9.0 (/opt/ros/humble/share/nav_msgs/cmake)
[0.682s] -- Found sensor_msgs: 4.9.0 (/opt/ros/humble/share/sensor_msgs/cmake)
[0.690s] -- Found std_srvs: 4.9.0 (/opt/ros/humble/share/std_srvs/cmake)
[0.696s] -- Found visualization_msgs: 4.9.0 (/opt/ros/humble/share/visualization_msgs/cmake)
[0.708s] -- Found pcl_ros: 2.4.5 (/opt/ros/humble/share/pcl_ros/cmake)
[0.727s] -- Checking for module 'eigen3'
[0.732s] --   Found eigen3, version 3.4.0
[0.747s] -- Found Eigen: /usr/include/eigen3 (Required is at least version "3.1") 
[0.747s] -- Eigen found (include: /usr/include/eigen3, version: 3.4.0)
[0.763s] -- Checking for module 'flann'
[0.769s] --   Found flann, version 1.9.1
[0.786s] -- Found FLANN: /usr/lib/x86_64-linux-gnu/libflann_cpp.so  
[0.786s] -- FLANN found (include: /usr/include, lib: /usr/lib/x86_64-linux-gnu/libflann_cpp.so)
[1.229s] -- Checking for module 'libusb-1.0'
[1.236s] --   Found libusb-1.0, version 1.0.25
[1.253s] -- Found libusb: /usr/lib/x86_64-linux-gnu/libusb-1.0.so  
[1.253s] -- OpenNI found (version: 1.5.4.0, include: /usr/include/ni, lib: /usr/lib/libOpenNI.so;libusb::libusb)
[1.281s] -- OpenNI2 found (version: 2.2.0.33, include: /usr/include/openni2, lib: /usr/lib/x86_64-linux-gnu/libOpenNI2.so;libusb::libusb)
[1.348s] -- Eigen found (include: /usr/include/eigen3, version: 3.4.0)
[1.350s] -- OpenNI found (version: 1.5.4.0, include: /usr/include/ni, lib: /usr/lib/libOpenNI.so;libusb::libusb)
[1.353s] -- OpenNI2 found (version: 2.2.0.33, include: /usr/include/openni2, lib: /usr/lib/x86_64-linux-gnu/libOpenNI2.so;libusb::libusb)
[1.415s] -- Found Qhull version 8.0.2
[1.480s] -- OpenNI found (version: 1.5.4.0, include: /usr/include/ni, lib: /usr/lib/libOpenNI.so;libusb::libusb)
[1.541s] -- Found PCL_COMMON: /usr/lib/x86_64-linux-gnu/libpcl_common.so  
[1.541s] -- Found PCL_KDTREE: /usr/lib/x86_64-linux-gnu/libpcl_kdtree.so  
[1.542s] -- Found PCL_OCTREE: /usr/lib/x86_64-linux-gnu/libpcl_octree.so  
[1.542s] -- Found PCL_SEARCH: /usr/lib/x86_64-linux-gnu/libpcl_search.so  
[1.542s] -- Found PCL_SAMPLE_CONSENSUS: /usr/lib/x86_64-linux-gnu/libpcl_sample_consensus.so  
[1.543s] -- Found PCL_FILTERS: /usr/lib/x86_64-linux-gnu/libpcl_filters.so  
[1.543s] -- Found PCL_2D: /usr/include/pcl-1.12  
[1.543s] -- Found PCL_GEOMETRY: /usr/include/pcl-1.12  
[1.543s] -- Found PCL_IO: /usr/lib/x86_64-linux-gnu/libpcl_io.so  
[1.544s] -- Found PCL_FEATURES: /usr/lib/x86_64-linux-gnu/libpcl_features.so  
[1.544s] -- Found PCL_ML: /usr/lib/x86_64-linux-gnu/libpcl_ml.so  
[1.544s] -- Found PCL_SEGMENTATION: /usr/lib/x86_64-linux-gnu/libpcl_segmentation.so  
[1.545s] -- Found PCL_VISUALIZATION: /usr/lib/x86_64-linux-gnu/libpcl_visualization.so  
[1.545s] -- Found PCL_SURFACE: /usr/lib/x86_64-linux-gnu/libpcl_surface.so  
[1.546s] -- Found PCL_REGISTRATION: /usr/lib/x86_64-linux-gnu/libpcl_registration.so  
[1.546s] -- Found PCL_KEYPOINTS: /usr/lib/x86_64-linux-gnu/libpcl_keypoints.so  
[1.547s] -- Found PCL_TRACKING: /usr/lib/x86_64-linux-gnu/libpcl_tracking.so  
[1.547s] -- Found PCL_RECOGNITION: /usr/lib/x86_64-linux-gnu/libpcl_recognition.so  
[1.547s] -- Found PCL_STEREO: /usr/lib/x86_64-linux-gnu/libpcl_stereo.so  
[1.548s] -- Found PCL_APPS: /usr/lib/x86_64-linux-gnu/libpcl_apps.so  
[1.548s] -- Found PCL_IN_HAND_SCANNER: /usr/include/pcl-1.12  
[1.548s] -- Found PCL_MODELER: /usr/include/pcl-1.12  
[1.548s] -- Found PCL_POINT_CLOUD_EDITOR: /usr/include/pcl-1.12  
[1.549s] -- Found PCL_OUTOFCORE: /usr/lib/x86_64-linux-gnu/libpcl_outofcore.so  
[1.549s] -- Found PCL_PEOPLE: /usr/lib/x86_64-linux-gnu/libpcl_people.so  
[1.574s] -- Found eigen3_cmake_module: 0.1.1 (/opt/ros/humble/share/eigen3_cmake_module/cmake)
[1.575s] -- Found Eigen3: TRUE (found version "3.4.0") 
[1.575s] -- Ensuring Eigen3 include directory is part of orocos-kdl CMake target
[1.616s] -- Found livox_ros_driver2: 1.0.0 (/home/aimo/livox_ws/install/livox_ros_driver2/share/livox_ros_driver2/cmake)
[1.625s] -- Found rosidl_default_generators: 1.2.0 (/opt/ros/humble/share/rosidl_default_generators/cmake)
[1.629s] [33mCMake Warning (dev) at CMakeLists.txt:81 (find_package):
[1.629s]   Policy CMP0074 is not set: find_package uses <PackageName>_ROOT variables.
[1.629s]   Run "cmake --help-policy CMP0074" for policy details.  Use the cmake_policy
[1.629s]   command to set the policy and suppress this warning.
[1.629s] 
[1.629s]   CMake variable PCL_ROOT is set to:
[1.629s] 
[1.629s]     /usr
[1.629s] 
[1.629s]   For compatibility, CMake is ignoring the variable.
[1.629s] This warning is for project developers.  Use -Wno-dev to suppress it.
[1.629s] [0m
[1.632s] -- PCL: /usr/include/pcl-1.12
[1.633s] [0mEigen:/usr/include/eigen3[0m
[1.745s] -- Found ament_cmake_ros: 0.10.0 (/opt/ros/humble/share/ament_cmake_ros/cmake)
[1.886s] -- Using all available rosidl_typesupport_c: rosidl_typesupport_fastrtps_c;rosidl_typesupport_introspection_c
[1.940s] -- Using all available rosidl_typesupport_cpp: rosidl_typesupport_fastrtps_cpp;rosidl_typesupport_introspection_cpp
[1.950s] -- Found PythonInterp: /usr/bin/python3 (found suitable version "3.10.12", minimum required is "3.6") 
[1.951s] -- Found python_cmake_module: 0.10.0 (/opt/ros/humble/share/python_cmake_module/cmake)
[1.962s] -- Found PythonLibs: /usr/lib/x86_64-linux-gnu/libpython3.10.so (found suitable version "3.10.12", minimum required is "3.5") 
[1.962s] -- Using PYTHON_EXECUTABLE: /usr/bin/python3
[1.962s] -- Using PYTHON_INCLUDE_DIRS: /usr/include/python3.10
[1.962s] -- Using PYTHON_LIBRARIES: /usr/lib/x86_64-linux-gnu/libpython3.10.so
[1.972s] -- Found PythonExtra: .so  
[1.997s] -- Configuring done
[2.029s] -- Generating done
[2.036s] -- Build files have been written to: /home/aimo/livox_ws/build/fast_lio
[2.047s] Invoked command in '/home/aimo/livox_ws/build/fast_lio' returned '0': CMAKE_PREFIX_PATH=${CMAKE_PREFIX_PATH}:/opt/ros/humble /usr/bin/cmake /home/aimo/livox_ws/src/FAST_LIO_ROS2 -DAMENT_CMAKE_SYMLINK_INSTALL=1 -DCMAKE_INSTALL_PREFIX=/home/aimo/livox_ws/install/fast_lio
[2.047s] Invoking command in '/home/aimo/livox_ws/build/fast_lio': CMAKE_PREFIX_PATH=${CMAKE_PREFIX_PATH}:/opt/ros/humble /usr/bin/cmake --build /home/aimo/livox_ws/build/fast_lio -- -j20 -l20
[2.069s] [  2%] [34m[1mGenerating C code for ROS interfaces[0m
[2.074s] [  5%] [34m[1mGenerating C++ code for ROS interfaces[0m
[2.081s] [  5%] Built target ament_cmake_python_symlink_fast_lio
[2.174s] running egg_info
[2.175s] creating fast_lio.egg-info
[2.175s] writing fast_lio.egg-info/PKG-INFO
[2.175s] writing dependency_links to fast_lio.egg-info/dependency_links.txt
[2.175s] writing top-level names to fast_lio.egg-info/top_level.txt
[2.175s] writing manifest file 'fast_lio.egg-info/SOURCES.txt'
[2.176s] reading manifest file 'fast_lio.egg-info/SOURCES.txt'
[2.176s] writing manifest file 'fast_lio.egg-info/SOURCES.txt'
[2.191s] [  5%] Built target ament_cmake_python_build_fast_lio_egg
[2.204s] [  8%] [32mBuilding C object CMakeFiles/fast_lio__rosidl_generator_c.dir/rosidl_generator_c/fast_lio/msg/detail/pose6_d__functions.c.o[0m
[2.204s] [  8%] Built target fast_lio__cpp
[2.211s] [ 11%] [34m[1mGenerating C++ type support for eProsima Fast-RTPS[0m
[2.211s] [ 14%] [34m[1mGenerating C++ type support dispatch for ROS interfaces[0m
[2.211s] [ 17%] [34m[1mGenerating C++ introspection for ROS interfaces[0m
[2.265s] [ 20%] [32m[1mLinking C shared library libfast_lio__rosidl_generator_c.so[0m
[2.283s] [ 20%] Built target fast_lio__rosidl_generator_c
[2.287s] [ 22%] [34m[1mGenerating C introspection for ROS interfaces[0m
[2.288s] [ 25%] [34m[1mGenerating C type support dispatch for ROS interfaces[0m
[2.288s] [ 28%] [34m[1mGenerating C type support for eProsima Fast-RTPS[0m
[2.330s] [ 31%] [32mBuilding CXX object CMakeFiles/fast_lio__rosidl_typesupport_cpp.dir/rosidl_typesupport_cpp/fast_lio/msg/pose6_d__type_support.cpp.o[0m
[2.337s] [ 34%] [32mBuilding CXX object CMakeFiles/fast_lio__rosidl_typesupport_introspection_cpp.dir/rosidl_typesupport_introspection_cpp/fast_lio/msg/detail/pose6_d__type_support.cpp.o[0m
[2.339s] [ 37%] [32mBuilding CXX object CMakeFiles/fast_lio__rosidl_typesupport_fastrtps_cpp.dir/rosidl_typesupport_fastrtps_cpp/fast_lio/msg/detail/dds_fastrtps/pose6_d__type_support.cpp.o[0m
[2.410s] [ 40%] [32mBuilding CXX object CMakeFiles/fast_lio__rosidl_typesupport_c.dir/rosidl_typesupport_c/fast_lio/msg/pose6_d__type_support.cpp.o[0m
[2.422s] [ 42%] [32mBuilding C object CMakeFiles/fast_lio__rosidl_typesupport_introspection_c.dir/rosidl_typesupport_introspection_c/fast_lio/msg/detail/pose6_d__type_support.c.o[0m
[2.423s] [ 45%] [32mBuilding CXX object CMakeFiles/fast_lio__rosidl_typesupport_fastrtps_c.dir/rosidl_typesupport_fastrtps_c/fast_lio/msg/detail/pose6_d__type_support_c.cpp.o[0m
[2.430s] [ 48%] [32m[1mLinking CXX shared library libfast_lio__rosidl_typesupport_c.so[0m
[2.450s] [ 51%] [32m[1mLinking C shared library libfast_lio__rosidl_typesupport_introspection_c.so[0m
[2.454s] [ 51%] Built target fast_lio__rosidl_typesupport_c
[2.454s] [ 54%] [32m[1mLinking CXX shared library libfast_lio__rosidl_typesupport_cpp.so[0m
[2.468s] [ 54%] Built target fast_lio__rosidl_typesupport_introspection_c
[2.476s] [ 54%] Built target fast_lio__rosidl_typesupport_cpp
[2.488s] [ 60%] [32mBuilding CXX object CMakeFiles/fastlio_mapping.dir/src/preprocess.cpp.o[0m
[2.488s] [ 60%] [32mBuilding CXX object CMakeFiles/fastlio_mapping.dir/src/laserMapping.cpp.o[0m
[2.488s] [ 62%] [32mBuilding CXX object CMakeFiles/fastlio_mapping.dir/include/ikd-Tree/ikd_Tree.cpp.o[0m
[2.512s] [ 65%] [32m[1mLinking CXX shared library libfast_lio__rosidl_typesupport_fastrtps_cpp.so[0m
[2.519s] [ 68%] [32m[1mLinking CXX shared library libfast_lio__rosidl_typesupport_introspection_cpp.so[0m
[2.541s] [ 68%] Built target fast_lio__rosidl_typesupport_introspection_cpp
[2.554s] [ 68%] Built target fast_lio__rosidl_typesupport_fastrtps_cpp
[2.571s] [ 71%] [32m[1mLinking CXX shared library libfast_lio__rosidl_typesupport_fastrtps_c.so[0m
[2.610s] [ 71%] Built target fast_lio__rosidl_typesupport_fastrtps_c
[2.620s] [ 71%] Built target fast_lio
[2.630s] [ 74%] [34m[1mGenerating Python code for ROS interfaces[0m
[2.808s] [ 74%] Built target fast_lio__py
[2.818s] [ 77%] [32mBuilding C object CMakeFiles/fast_lio__rosidl_generator_py.dir/rosidl_generator_py/fast_lio/msg/_pose6_d_s.c.o[0m
[2.883s] [ 80%] [32m[1mLinking C shared library rosidl_generator_py/fast_lio/libfast_lio__rosidl_generator_py.so[0m
[2.906s] [ 80%] Built target fast_lio__rosidl_generator_py
[2.916s] [ 82%] [32mBuilding C object CMakeFiles/fast_lio__rosidl_typesupport_fastrtps_c__pyext.dir/rosidl_generator_py/fast_lio/_fast_lio_s.ep.rosidl_typesupport_fastrtps_c.c.o[0m
[2.916s] [ 85%] [32mBuilding C object CMakeFiles/fast_lio__rosidl_typesupport_c__pyext.dir/rosidl_generator_py/fast_lio/_fast_lio_s.ep.rosidl_typesupport_c.c.o[0m
[2.917s] [ 88%] [32mBuilding C object CMakeFiles/fast_lio__rosidl_typesupport_introspection_c__pyext.dir/rosidl_generator_py/fast_lio/_fast_lio_s.ep.rosidl_typesupport_introspection_c.c.o[0m
[2.967s] [ 97%] [32m[1mLinking C shared library rosidl_generator_py/fast_lio/fast_lio_s__rosidl_typesupport_introspection_c.cpython-310-x86_64-linux-gnu.so[0m
[2.968s] [ 97%] [32m[1mLinking C shared library rosidl_generator_py/fast_lio/fast_lio_s__rosidl_typesupport_fastrtps_c.cpython-310-x86_64-linux-gnu.so[0m
[2.968s] [ 97%] [32m[1mLinking C shared library rosidl_generator_py/fast_lio/fast_lio_s__rosidl_typesupport_c.cpython-310-x86_64-linux-gnu.so[0m
[2.986s] [ 97%] Built target fast_lio__rosidl_typesupport_c__pyext
[2.986s] [ 97%] Built target fast_lio__rosidl_typesupport_fastrtps_c__pyext
[2.986s] [ 97%] Built target fast_lio__rosidl_typesupport_introspection_c__pyext
[5.367s] In file included from [01m[K/usr/include/boost/smart_ptr/detail/sp_thread_sleep.hpp:22[m[K,
[5.367s]                  from [01m[K/usr/include/boost/smart_ptr/detail/yield_k.hpp:23[m[K,
[5.367s]                  from [01m[K/usr/include/boost/smart_ptr/detail/spinlock_gcc_atomic.hpp:14[m[K,
[5.367s]                  from [01m[K/usr/include/boost/smart_ptr/detail/spinlock.hpp:42[m[K,
[5.367s]                  from [01m[K/usr/include/boost/smart_ptr/detail/spinlock_pool.hpp:25[m[K,
[5.367s]                  from [01m[K/usr/include/boost/smart_ptr/shared_ptr.hpp:29[m[K,
[5.367s]                  from [01m[K/usr/include/boost/shared_ptr.hpp:17[m[K,
[5.367s]                  from [01m[K/usr/include/boost/date_time/microsec_time_clock.hpp:18[m[K,
[5.367s]                  from [01m[K/usr/include/boost/interprocess/detail/posix_time_types_wrk.hpp:31[m[K,
[5.367s]                  from [01m[K/usr/include/boost/interprocess/detail/os_thread_functions.hpp:36[m[K,
[5.367s]                  from [01m[K/usr/include/boost/interprocess/sync/file_lock.hpp:26[m[K,
[5.367s]                  from [01m[K/usr/include/pcl-1.12/pcl/io/pcd_io.h:46[m[K,
[5.367s]                  from [01m[K/opt/ros/humble/include/pcl_conversions/pcl_conversions/pcl_conversions.h:73[m[K,
[5.367s]                  from [01m[K/home/aimo/livox_ws/src/FAST_LIO_ROS2/src/IMU_Processing.hpp:18[m[K,
[5.367s]                  from [01m[K/home/aimo/livox_ws/src/FAST_LIO_ROS2/src/laserMapping.cpp:47[m[K:
[5.367s] [01m[K/usr/include/boost/bind.hpp:36:1:[m[K [01;36m[Knote: [m[K‘[01m[K#pragma message: The practice of declaring the Bind placeholders (_1, _2, ...) in the global namespace is deprecated. Please use <boost/bind/bind.hpp> + using namespace boost::placeholders, or define BOOST_BIND_GLOBAL_PLACEHOLDERS to retain the current behavior.[m[K’
[5.367s]    36 | [01;36m[KBOOST_PRAGMA_MESSAGE[m[K(
[5.367s]       | [01;36m[K^~~~~~~~~~~~~~~~~~~~[m[K
[32.651s] [100%] [32m[1mLinking CXX executable fastlio_mapping[0m
[33.208s] [100%] Built target fastlio_mapping
[33.215s] Invoked command in '/home/aimo/livox_ws/build/fast_lio' returned '0': CMAKE_PREFIX_PATH=${CMAKE_PREFIX_PATH}:/opt/ros/humble /usr/bin/cmake --build /home/aimo/livox_ws/build/fast_lio -- -j20 -l20
[33.215s] Invoking command in '/home/aimo/livox_ws/build/fast_lio': CMAKE_PREFIX_PATH=${CMAKE_PREFIX_PATH}:/opt/ros/humble /usr/bin/cmake --install /home/aimo/livox_ws/build/fast_lio
[33.219s] -- Install configuration: "Release"
[33.220s] -- Execute custom install script
[33.220s] -- Symlinking: /home/aimo/livox_ws/install/fast_lio/share/ament_index/resource_index/rosidl_interfaces/fast_lio
[33.224s] -- Symlinking: /home/aimo/livox_ws/install/fast_lio/include/fast_lio/fast_lio/msg/detail/pose6_d__functions.h
[33.227s] -- Symlinking: /home/aimo/livox_ws/install/fast_lio/include/fast_lio/fast_lio/msg/detail/pose6_d__struct.h
[33.231s] -- Symlinking: /home/aimo/livox_ws/install/fast_lio/include/fast_lio/fast_lio/msg/detail/pose6_d__type_support.h
[33.234s] -- Symlinking: /home/aimo/livox_ws/install/fast_lio/include/fast_lio/fast_lio/msg/pose6_d.h
[33.238s] -- Symlinking: /home/aimo/livox_ws/install/fast_lio/include/fast_lio/fast_lio/msg/rosidl_generator_c__visibility_control.h
[33.242s] -- Symlinking: /home/aimo/livox_ws/install/fast_lio/share/fast_lio/environment/library_path.sh
[33.246s] -- Symlinking: /home/aimo/livox_ws/install/fast_lio/share/fast_lio/environment/library_path.dsv
[33.250s] -- Symlinking: /home/aimo/livox_ws/install/fast_lio/include/fast_lio/fast_lio/msg/detail/pose6_d__rosidl_typesupport_fastrtps_c.h
[33.254s] -- Symlinking: /home/aimo/livox_ws/install/fast_lio/include/fast_lio/fast_lio/msg/rosidl_typesupport_fastrtps_c__visibility_control.h
[33.258s] -- Symlinking: /home/aimo/livox_ws/install/fast_lio/include/fast_lio/fast_lio/msg/detail/pose6_d__builder.hpp
[33.262s] -- Symlinking: /home/aimo/livox_ws/install/fast_lio/include/fast_lio/fast_lio/msg/detail/pose6_d__struct.hpp
[33.266s] -- Symlinking: /home/aimo/livox_ws/install/fast_lio/include/fast_lio/fast_lio/msg/detail/pose6_d__traits.hpp
[33.270s] -- Symlinking: /home/aimo/livox_ws/install/fast_lio/include/fast_lio/fast_lio/msg/detail/pose6_d__type_support.hpp
[33.274s] -- Symlinking: /home/aimo/livox_ws/install/fast_lio/include/fast_lio/fast_lio/msg/pose6_d.hpp
[33.278s] -- Symlinking: /home/aimo/livox_ws/install/fast_lio/include/fast_lio/fast_lio/msg/rosidl_generator_cpp__visibility_control.hpp
[33.282s] -- Symlinking: /home/aimo/livox_ws/install/fast_lio/include/fast_lio/fast_lio/msg/detail/pose6_d__rosidl_typesupport_fastrtps_cpp.hpp
[33.286s] -- Symlinking: /home/aimo/livox_ws/install/fast_lio/include/fast_lio/fast_lio/msg/rosidl_typesupport_fastrtps_cpp__visibility_control.h
[33.290s] -- Symlinking: /home/aimo/livox_ws/install/fast_lio/include/fast_lio/fast_lio/msg/detail/pose6_d__rosidl_typesupport_introspection_c.h
[33.294s] -- Symlinking: /home/aimo/livox_ws/install/fast_lio/include/fast_lio/fast_lio/msg/rosidl_typesupport_introspection_c__visibility_control.h
[33.297s] -- Symlinking: /home/aimo/livox_ws/install/fast_lio/include/fast_lio/fast_lio/msg/detail/pose6_d__rosidl_typesupport_introspection_cpp.hpp
[33.300s] -- Symlinking: /home/aimo/livox_ws/install/fast_lio/share/fast_lio/environment/pythonpath.sh
[33.304s] -- Symlinking: /home/aimo/livox_ws/install/fast_lio/share/fast_lio/environment/pythonpath.dsv
[33.308s] -- Symlinking: /home/aimo/livox_ws/install/fast_lio/local/lib/python3.10/dist-packages/fast_lio-0.0.0-py3.10.egg-info/PKG-INFO
[33.311s] -- Symlinking: /home/aimo/livox_ws/install/fast_lio/local/lib/python3.10/dist-packages/fast_lio-0.0.0-py3.10.egg-info/SOURCES.txt
[33.314s] -- Symlinking: /home/aimo/livox_ws/install/fast_lio/local/lib/python3.10/dist-packages/fast_lio-0.0.0-py3.10.egg-info/dependency_links.txt
[33.317s] -- Symlinking: /home/aimo/livox_ws/install/fast_lio/local/lib/python3.10/dist-packages/fast_lio-0.0.0-py3.10.egg-info/top_level.txt
[33.321s] -- Symlinking: /home/aimo/livox_ws/install/fast_lio/local/lib/python3.10/dist-packages/fast_lio/__init__.py
[33.325s] -- Symlinking: /home/aimo/livox_ws/install/fast_lio/local/lib/python3.10/dist-packages/fast_lio/_fast_lio_s.ep.rosidl_typesupport_c.c
[33.328s] -- Symlinking: /home/aimo/livox_ws/install/fast_lio/local/lib/python3.10/dist-packages/fast_lio/_fast_lio_s.ep.rosidl_typesupport_fastrtps_c.c
[33.332s] -- Symlinking: /home/aimo/livox_ws/install/fast_lio/local/lib/python3.10/dist-packages/fast_lio/_fast_lio_s.ep.rosidl_typesupport_introspection_c.c
[33.336s] -- Symlinking: /home/aimo/livox_ws/install/fast_lio/local/lib/python3.10/dist-packages/fast_lio/fast_lio_s__rosidl_typesupport_c.cpython-310-x86_64-linux-gnu.so
[33.340s] -- Symlinking: /home/aimo/livox_ws/install/fast_lio/local/lib/python3.10/dist-packages/fast_lio/fast_lio_s__rosidl_typesupport_fastrtps_c.cpython-310-x86_64-linux-gnu.so
[33.345s] -- Symlinking: /home/aimo/livox_ws/install/fast_lio/local/lib/python3.10/dist-packages/fast_lio/fast_lio_s__rosidl_typesupport_introspection_c.cpython-310-x86_64-linux-gnu.so
[33.349s] -- Symlinking: /home/aimo/livox_ws/install/fast_lio/local/lib/python3.10/dist-packages/fast_lio/libfast_lio__rosidl_generator_py.so
[33.353s] -- Symlinking: /home/aimo/livox_ws/install/fast_lio/local/lib/python3.10/dist-packages/fast_lio/msg/__init__.py
[33.357s] -- Symlinking: /home/aimo/livox_ws/install/fast_lio/local/lib/python3.10/dist-packages/fast_lio/msg/_pose6_d.py
[33.361s] -- Symlinking: /home/aimo/livox_ws/install/fast_lio/local/lib/python3.10/dist-packages/fast_lio/msg/_pose6_d_s.c
[33.365s] -- Up-to-date symlink: /home/aimo/livox_ws/install/fast_lio/local/lib/python3.10/dist-packages/fast_lio/fast_lio_s__rosidl_typesupport_fastrtps_c.cpython-310-x86_64-linux-gnu.so
[33.366s] -- Up-to-date symlink: /home/aimo/livox_ws/install/fast_lio/local/lib/python3.10/dist-packages/fast_lio/fast_lio_s__rosidl_typesupport_introspection_c.cpython-310-x86_64-linux-gnu.so
[33.366s] -- Up-to-date symlink: /home/aimo/livox_ws/install/fast_lio/local/lib/python3.10/dist-packages/fast_lio/fast_lio_s__rosidl_typesupport_c.cpython-310-x86_64-linux-gnu.so
[33.366s] -- Symlinking: /home/aimo/livox_ws/install/fast_lio/share/fast_lio/msg/Pose6D.idl
[33.370s] -- Symlinking: /home/aimo/livox_ws/install/fast_lio/share/fast_lio/msg/Pose6D.msg
[33.374s] -- Symlinking: /home/aimo/livox_ws/install/fast_lio/lib/fast_lio/fastlio_mapping
[33.378s] -- Symlinking: /home/aimo/livox_ws/install/fast_lio/share/fast_lio/config/avia.yaml
[33.382s] -- Symlinking: /home/aimo/livox_ws/install/fast_lio/share/fast_lio/config/horizon.yaml
[33.387s] -- Symlinking: /home/aimo/livox_ws/install/fast_lio/share/fast_lio/config/mid360.yaml
[33.391s] -- Symlinking: /home/aimo/livox_ws/install/fast_lio/share/fast_lio/config/ouster64.yaml
[33.395s] -- Symlinking: /home/aimo/livox_ws/install/fast_lio/share/fast_lio/config/velodyne.yaml
[33.399s] -- Symlinking: /home/aimo/livox_ws/install/fast_lio/share/fast_lio/launch/gdb_debug_example.launch
[33.402s] -- Symlinking: /home/aimo/livox_ws/install/fast_lio/share/fast_lio/launch/mapping.launch.py
[33.406s] -- Symlinking: /home/aimo/livox_ws/install/fast_lio/share/fast_lio/rviz/fastlio.rviz
[33.410s] -- Symlinking: /home/aimo/livox_ws/install/fast_lio/share/ament_index/resource_index/package_run_dependencies/fast_lio
[33.414s] -- Symlinking: /home/aimo/livox_ws/install/fast_lio/share/ament_index/resource_index/parent_prefix_path/fast_lio
[33.417s] -- Symlinking: /home/aimo/livox_ws/install/fast_lio/share/fast_lio/environment/ament_prefix_path.sh
[33.421s] -- Symlinking: /home/aimo/livox_ws/install/fast_lio/share/fast_lio/environment/ament_prefix_path.dsv
[33.425s] -- Symlinking: /home/aimo/livox_ws/install/fast_lio/share/fast_lio/environment/path.sh
[33.429s] -- Symlinking: /home/aimo/livox_ws/install/fast_lio/share/fast_lio/environment/path.dsv
[33.433s] -- Symlinking: /home/aimo/livox_ws/install/fast_lio/share/fast_lio/local_setup.bash
[33.437s] -- Symlinking: /home/aimo/livox_ws/install/fast_lio/share/fast_lio/local_setup.sh
[33.440s] -- Symlinking: /home/aimo/livox_ws/install/fast_lio/share/fast_lio/local_setup.zsh
[33.444s] -- Symlinking: /home/aimo/livox_ws/install/fast_lio/share/fast_lio/local_setup.dsv
[33.448s] -- Symlinking: /home/aimo/livox_ws/install/fast_lio/share/fast_lio/package.dsv
[33.451s] -- Symlinking: /home/aimo/livox_ws/install/fast_lio/share/ament_index/resource_index/packages/fast_lio
[33.455s] -- Symlinking: /home/aimo/livox_ws/install/fast_lio/share/fast_lio/cmake/rosidl_cmake-extras.cmake
[33.458s] -- Symlinking: /home/aimo/livox_ws/install/fast_lio/share/fast_lio/cmake/ament_cmake_export_include_directories-extras.cmake
[33.462s] -- Symlinking: /home/aimo/livox_ws/install/fast_lio/share/fast_lio/cmake/ament_cmake_export_libraries-extras.cmake
[33.465s] -- Symlinking: /home/aimo/livox_ws/install/fast_lio/share/fast_lio/cmake/ament_cmake_export_targets-extras.cmake
[33.470s] -- Symlinking: /home/aimo/livox_ws/install/fast_lio/share/fast_lio/cmake/rosidl_cmake_export_typesupport_targets-extras.cmake
[33.473s] -- Symlinking: /home/aimo/livox_ws/install/fast_lio/share/fast_lio/cmake/ament_cmake_export_dependencies-extras.cmake
[33.477s] -- Symlinking: /home/aimo/livox_ws/install/fast_lio/share/fast_lio/cmake/rosidl_cmake_export_typesupport_libraries-extras.cmake
[33.482s] -- Symlinking: /home/aimo/livox_ws/install/fast_lio/share/fast_lio/cmake/fast_lioConfig.cmake
[33.486s] -- Symlinking: /home/aimo/livox_ws/install/fast_lio/share/fast_lio/cmake/fast_lioConfig-version.cmake
[33.489s] -- Symlinking: /home/aimo/livox_ws/install/fast_lio/share/fast_lio/package.xml
[33.493s] -- Installing: /home/aimo/livox_ws/install/fast_lio/lib/libfast_lio__rosidl_generator_c.so
[33.495s] -- Set runtime path of "/home/aimo/livox_ws/install/fast_lio/lib/libfast_lio__rosidl_generator_c.so" to ""
[33.495s] -- Installing: /home/aimo/livox_ws/install/fast_lio/lib/libfast_lio__rosidl_typesupport_fastrtps_c.so
[33.495s] -- Set runtime path of "/home/aimo/livox_ws/install/fast_lio/lib/libfast_lio__rosidl_typesupport_fastrtps_c.so" to ""
[33.495s] -- Installing: /home/aimo/livox_ws/install/fast_lio/lib/libfast_lio__rosidl_typesupport_fastrtps_cpp.so
[33.495s] -- Set runtime path of "/home/aimo/livox_ws/install/fast_lio/lib/libfast_lio__rosidl_typesupport_fastrtps_cpp.so" to ""
[33.495s] -- Installing: /home/aimo/livox_ws/install/fast_lio/lib/libfast_lio__rosidl_typesupport_introspection_c.so
[33.495s] -- Set runtime path of "/home/aimo/livox_ws/install/fast_lio/lib/libfast_lio__rosidl_typesupport_introspection_c.so" to ""
[33.495s] -- Installing: /home/aimo/livox_ws/install/fast_lio/lib/libfast_lio__rosidl_typesupport_c.so
[33.495s] -- Set runtime path of "/home/aimo/livox_ws/install/fast_lio/lib/libfast_lio__rosidl_typesupport_c.so" to ""
[33.495s] -- Installing: /home/aimo/livox_ws/install/fast_lio/lib/libfast_lio__rosidl_typesupport_introspection_cpp.so
[33.495s] -- Set runtime path of "/home/aimo/livox_ws/install/fast_lio/lib/libfast_lio__rosidl_typesupport_introspection_cpp.so" to ""
[33.495s] -- Installing: /home/aimo/livox_ws/install/fast_lio/lib/libfast_lio__rosidl_typesupport_cpp.so
[33.495s] -- Set runtime path of "/home/aimo/livox_ws/install/fast_lio/lib/libfast_lio__rosidl_typesupport_cpp.so" to ""
[33.511s] Listing '/home/aimo/livox_ws/install/fast_lio/local/lib/python3.10/dist-packages/fast_lio'...
[33.511s] Compiling '/home/aimo/livox_ws/install/fast_lio/local/lib/python3.10/dist-packages/fast_lio/__init__.py'...
[33.511s] Listing '/home/aimo/livox_ws/install/fast_lio/local/lib/python3.10/dist-packages/fast_lio/msg'...
[33.511s] Compiling '/home/aimo/livox_ws/install/fast_lio/local/lib/python3.10/dist-packages/fast_lio/msg/__init__.py'...
[33.511s] Compiling '/home/aimo/livox_ws/install/fast_lio/local/lib/python3.10/dist-packages/fast_lio/msg/_pose6_d.py'...
[33.513s] -- Installing: /home/aimo/livox_ws/install/fast_lio/lib/libfast_lio__rosidl_generator_py.so
[33.514s] -- Set runtime path of "/home/aimo/livox_ws/install/fast_lio/lib/libfast_lio__rosidl_generator_py.so" to ""
[33.514s] -- Installing: /home/aimo/livox_ws/install/fast_lio/share/fast_lio/cmake/export_fast_lio__rosidl_generator_cExport.cmake
[33.514s] -- Installing: /home/aimo/livox_ws/install/fast_lio/share/fast_lio/cmake/export_fast_lio__rosidl_generator_cExport-release.cmake
[33.514s] -- Installing: /home/aimo/livox_ws/install/fast_lio/share/fast_lio/cmake/export_fast_lio__rosidl_typesupport_fastrtps_cExport.cmake
[33.514s] -- Installing: /home/aimo/livox_ws/install/fast_lio/share/fast_lio/cmake/export_fast_lio__rosidl_typesupport_fastrtps_cExport-release.cmake
[33.514s] -- Installing: /home/aimo/livox_ws/install/fast_lio/share/fast_lio/cmake/export_fast_lio__rosidl_generator_cppExport.cmake
[33.514s] -- Installing: /home/aimo/livox_ws/install/fast_lio/share/fast_lio/cmake/export_fast_lio__rosidl_typesupport_fastrtps_cppExport.cmake
[33.514s] -- Installing: /home/aimo/livox_ws/install/fast_lio/share/fast_lio/cmake/export_fast_lio__rosidl_typesupport_fastrtps_cppExport-release.cmake
[33.514s] -- Installing: /home/aimo/livox_ws/install/fast_lio/share/fast_lio/cmake/fast_lio__rosidl_typesupport_introspection_cExport.cmake
[33.514s] -- Installing: /home/aimo/livox_ws/install/fast_lio/share/fast_lio/cmake/fast_lio__rosidl_typesupport_introspection_cExport-release.cmake
[33.514s] -- Installing: /home/aimo/livox_ws/install/fast_lio/share/fast_lio/cmake/fast_lio__rosidl_typesupport_cExport.cmake
[33.514s] -- Installing: /home/aimo/livox_ws/install/fast_lio/share/fast_lio/cmake/fast_lio__rosidl_typesupport_cExport-release.cmake
[33.514s] -- Installing: /home/aimo/livox_ws/install/fast_lio/share/fast_lio/cmake/fast_lio__rosidl_typesupport_introspection_cppExport.cmake
[33.514s] -- Installing: /home/aimo/livox_ws/install/fast_lio/share/fast_lio/cmake/fast_lio__rosidl_typesupport_introspection_cppExport-release.cmake
[33.514s] -- Installing: /home/aimo/livox_ws/install/fast_lio/share/fast_lio/cmake/fast_lio__rosidl_typesupport_cppExport.cmake
[33.514s] -- Installing: /home/aimo/livox_ws/install/fast_lio/share/fast_lio/cmake/fast_lio__rosidl_typesupport_cppExport-release.cmake
[33.514s] -- Installing: /home/aimo/livox_ws/install/fast_lio/share/fast_lio/cmake/export_fast_lio__rosidl_generator_pyExport.cmake
[33.515s] -- Installing: /home/aimo/livox_ws/install/fast_lio/share/fast_lio/cmake/export_fast_lio__rosidl_generator_pyExport-release.cmake
[33.516s] Invoked command in '/home/aimo/livox_ws/build/fast_lio' returned '0': CMAKE_PREFIX_PATH=${CMAKE_PREFIX_PATH}:/opt/ros/humble /usr/bin/cmake --install /home/aimo/livox_ws/build/fast_lio
