[0.008s] Invoking command in '/home/aimo/livox_ws/build/fast_lio': CMAKE_PREFIX_PATH=/home/aimo/livox_ws/install/livox_ros_driver2:/home/aimo/livox_ws/install/fast_lio:/opt/ros/humble LD_LIBRARY_PATH=/home/aimo/livox_ws/install/livox_ros_driver2/lib:/home/aimo/livox_ws/install/fast_lio/lib:/usr/lib/x86_64-linux-gnu/gazebo-11/plugins:/opt/ros/humble/opt/rviz_ogre_vendor/lib:/opt/ros/humble/lib/x86_64-linux-gnu:/opt/ros/humble/lib /usr/bin/cmake --build /home/aimo/livox_ws/build/fast_lio -- -j20 -l20
[0.044s] [  5%] Built target fast_lio__cpp
[0.044s] [ 11%] Built target fast_lio__rosidl_generator_c
[0.052s] [ 11%] Built target ament_cmake_python_symlink_fast_lio
[0.057s] [ 28%] Built target fast_lio__rosidl_typesupport_introspection_c
[0.058s] [ 28%] Built target fast_lio__rosidl_typesupport_fastrtps_c
[0.058s] [ 37%] Built target fast_lio__rosidl_typesupport_fastrtps_cpp
[0.058s] [ 45%] Built target fast_lio__rosidl_typesupport_cpp
[0.059s] [ 54%] Built target fast_lio__rosidl_typesupport_introspection_cpp
[0.059s] [ 62%] Built target fast_lio__rosidl_typesupport_c
[0.068s] [ 62%] Built target fast_lio
[0.079s] [ 65%] Built target fast_lio__py
[0.090s] [ 71%] Built target fast_lio__rosidl_generator_py
[0.093s] [ 82%] Built target fastlio_mapping
[0.102s] [ 88%] Built target fast_lio__rosidl_typesupport_introspection_c__pyext
[0.102s] [ 94%] Built target fast_lio__rosidl_typesupport_fastrtps_c__pyext
[0.102s] [100%] Built target fast_lio__rosidl_typesupport_c__pyext
[0.156s] running egg_info
[0.156s] writing fast_lio.egg-info/PKG-INFO
[0.156s] writing dependency_links to fast_lio.egg-info/dependency_links.txt
[0.156s] writing top-level names to fast_lio.egg-info/top_level.txt
[0.157s] reading manifest file 'fast_lio.egg-info/SOURCES.txt'
[0.158s] writing manifest file 'fast_lio.egg-info/SOURCES.txt'
[0.172s] [100%] Built target ament_cmake_python_build_fast_lio_egg
