running develop
running egg_info
creating point_cloud_convertor.egg-info
writing point_cloud_convertor.egg-info/PKG-INFO
writing dependency_links to point_cloud_convertor.egg-info/dependency_links.txt
writing entry points to point_cloud_convertor.egg-info/entry_points.txt
writing requirements to point_cloud_convertor.egg-info/requires.txt
writing top-level names to point_cloud_convertor.egg-info/top_level.txt
writing manifest file 'point_cloud_convertor.egg-info/SOURCES.txt'
reading manifest file 'point_cloud_convertor.egg-info/SOURCES.txt'
writing manifest file 'point_cloud_convertor.egg-info/SOURCES.txt'
running build_ext
Creating /home/aimo/livox_ws/install/point_cloud_convertor/lib/python3.10/site-packages/point-cloud-convertor.egg-link (link to .)

Installed /home/aimo/livox_ws/build/point_cloud_convertor
running symlink_data
creating /home/aimo/livox_ws/install/point_cloud_convertor/share/ament_index
creating /home/aimo/livox_ws/install/point_cloud_convertor/share/ament_index/resource_index
creating /home/aimo/livox_ws/install/point_cloud_convertor/share/ament_index/resource_index/packages
symbolically linking /home/aimo/livox_ws/build/point_cloud_convertor/resource/point_cloud_convertor -> /home/aimo/livox_ws/install/point_cloud_convertor/share/ament_index/resource_index/packages
symbolically linking /home/aimo/livox_ws/build/point_cloud_convertor/package.xml -> /home/aimo/livox_ws/install/point_cloud_convertor/share/point_cloud_convertor
