[0.367s] Invoking command in '/home/aimo/livox_ws/build/point_cloud_convertor': PYTHONPATH=/home/aimo/livox_ws/build/point_cloud_convertor/prefix_override:/usr/lib/python3/dist-packages/colcon_core/task/python/colcon_distutils_commands:/home/aimo/livox_ws/install/point_cloud_convertor/lib/python3.10/site-packages:${PYTHONPATH} /usr/bin/python3 -W ignore:setup.py install is deprecated -W ignore:easy_install command is deprecated setup.py develop --editable --build-directory /home/aimo/livox_ws/build/point_cloud_convertor/build --no-deps symlink_data
[0.480s] running develop
[0.543s] running egg_info
[0.544s] creating point_cloud_convertor.egg-info
[0.544s] writing point_cloud_convertor.egg-info/PKG-INFO
[0.544s] writing dependency_links to point_cloud_convertor.egg-info/dependency_links.txt
[0.544s] writing entry points to point_cloud_convertor.egg-info/entry_points.txt
[0.544s] writing requirements to point_cloud_convertor.egg-info/requires.txt
[0.544s] writing top-level names to point_cloud_convertor.egg-info/top_level.txt
[0.544s] writing manifest file 'point_cloud_convertor.egg-info/SOURCES.txt'
[0.544s] reading manifest file 'point_cloud_convertor.egg-info/SOURCES.txt'
[0.544s] writing manifest file 'point_cloud_convertor.egg-info/SOURCES.txt'
[0.544s] running build_ext
[0.544s] Creating /home/aimo/livox_ws/install/point_cloud_convertor/lib/python3.10/site-packages/point-cloud-convertor.egg-link (link to .)
[0.544s] 
[0.544s] Installed /home/aimo/livox_ws/build/point_cloud_convertor
[0.544s] running symlink_data
[0.544s] creating /home/aimo/livox_ws/install/point_cloud_convertor/share/ament_index
[0.544s] creating /home/aimo/livox_ws/install/point_cloud_convertor/share/ament_index/resource_index
[0.544s] creating /home/aimo/livox_ws/install/point_cloud_convertor/share/ament_index/resource_index/packages
[0.544s] symbolically linking /home/aimo/livox_ws/build/point_cloud_convertor/resource/point_cloud_convertor -> /home/aimo/livox_ws/install/point_cloud_convertor/share/ament_index/resource_index/packages
[0.544s] symbolically linking /home/aimo/livox_ws/build/point_cloud_convertor/package.xml -> /home/aimo/livox_ws/install/point_cloud_convertor/share/point_cloud_convertor
[0.558s] Invoked command in '/home/aimo/livox_ws/build/point_cloud_convertor' returned '0': PYTHONPATH=/home/aimo/livox_ws/build/point_cloud_convertor/prefix_override:/usr/lib/python3/dist-packages/colcon_core/task/python/colcon_distutils_commands:/home/aimo/livox_ws/install/point_cloud_convertor/lib/python3.10/site-packages:${PYTHONPATH} /usr/bin/python3 -W ignore:setup.py install is deprecated -W ignore:easy_install command is deprecated setup.py develop --editable --build-directory /home/aimo/livox_ws/build/point_cloud_convertor/build --no-deps symlink_data
