[0.006s] Invoking command in '/home/aimo/livox_ws/build/livox_ros_driver2': CMAKE_PREFIX_PATH=/opt/ros/humble /usr/bin/cmake /home/aimo/livox_ws/src/livox_ros_driver2 -DCMAKE_INSTALL_PREFIX=/home/aimo/livox_ws/install/livox_ros_driver2
[0.016s] -- livox_ros_driver2 version: 1.2.4
[0.016s] -- Found ament_cmake_auto: 1.3.11 (/opt/ros/humble/share/ament_cmake_auto/cmake)
[0.078s] -- Override CMake install command with custom implementation using symlinks instead of copying resources
[0.116s] -- Using all available rosidl_typesupport_c: rosidl_typesupport_fastrtps_c;rosidl_typesupport_introspection_c
[0.117s] -- Found rosidl_adapter: 3.1.6 (/opt/ros/humble/share/rosidl_adapter/cmake)
[0.133s] -- Using all available rosidl_typesupport_cpp: rosidl_typesupport_fastrtps_cpp;rosidl_typesupport_introspection_cpp
[0.161s] -- Found rmw_implementation_cmake: 6.1.2 (/opt/ros/humble/share/rmw_implementation_cmake/cmake)
[0.161s] -- Found rmw_fastrtps_cpp: 6.2.7 (/opt/ros/humble/share/rmw_fastrtps_cpp/cmake)
[0.215s] -- Using RMW implementation 'rmw_fastrtps_cpp' as default
[0.292s] -- Eigen found (include: /usr/include/eigen3, version: 3.4.0)
[0.314s] -- FLANN found (include: /usr/include, lib: /usr/lib/x86_64-linux-gnu/libflann_cpp.so)
[0.545s] -- OpenNI found (version: 1.5.4.0, include: /usr/include/ni, lib: /usr/lib/libOpenNI.so;libusb::libusb)
[0.549s] -- OpenNI2 found (version: 2.2.0.33, include: /usr/include/openni2, lib: /usr/lib/x86_64-linux-gnu/libOpenNI2.so;libusb::libusb)
[0.631s] -- Eigen found (include: /usr/include/eigen3, version: 3.4.0)
[0.635s] -- OpenNI found (version: 1.5.4.0, include: /usr/include/ni, lib: /usr/lib/libOpenNI.so;libusb::libusb)
[0.637s] -- OpenNI2 found (version: 2.2.0.33, include: /usr/include/openni2, lib: /usr/lib/x86_64-linux-gnu/libOpenNI2.so;libusb::libusb)
[0.711s] -- Found Qhull version 8.0.2
[0.782s] -- OpenNI found (version: 1.5.4.0, include: /usr/include/ni, lib: /usr/lib/libOpenNI.so;libusb::libusb)
[0.881s] [0m/usr/include/apr-1.0[0m
[0.881s] [0mapr-1[0m
[0.991s] -- Found ament_cmake_ros: 0.10.0 (/opt/ros/humble/share/ament_cmake_ros/cmake)
[1.107s] -- Using all available rosidl_typesupport_c: rosidl_typesupport_fastrtps_c;rosidl_typesupport_introspection_c
[1.259s] -- Using all available rosidl_typesupport_cpp: rosidl_typesupport_fastrtps_cpp;rosidl_typesupport_introspection_cpp
[1.272s] -- Found python_cmake_module: 0.10.0 (/opt/ros/humble/share/python_cmake_module/cmake)
[1.284s] -- Using PYTHON_EXECUTABLE: /usr/bin/python3
[1.284s] -- Using PYTHON_INCLUDE_DIRS: /usr/include/python3.10
[1.285s] -- Using PYTHON_LIBRARIES: /usr/lib/x86_64-linux-gnu/libpython3.10.so
[1.306s] -- Found ament_lint_auto: 0.12.12 (/opt/ros/humble/share/ament_lint_auto/cmake)
[1.317s] -- Added test 'copyright' to check source files copyright and LICENSE
[1.326s] -- Added test 'cppcheck' to perform static code analysis on C / C++ code
[1.326s] -- Configured cppcheck include dirs: /home/aimo/livox_ws/src/livox_ros_driver2/livox_sdk/include;/home/aimo/livox_ws/src/livox_ros_driver2/3rdparty;/home/aimo/livox_ws/src/livox_ros_driver2/src
[1.326s] -- Configured cppcheck exclude dirs and/or files: 
[1.336s] -- Added test 'cpplint' to check C / C++ code against the Google style
[1.336s] -- Configured cpplint exclude dirs and/or files: 
[1.338s] -- Added test 'flake8' to check Python code syntax and style conventions
[1.340s] -- Added test 'lint_cmake' to check CMake code style
[1.341s] -- Added test 'pep257' to check Python code against some of the docstring style conventions in PEP 257
[1.353s] -- Added test 'uncrustify' to check C / C++ code style
[1.353s] -- Configured uncrustify additional arguments: 
[1.354s] -- Added test 'xmllint' to check XML markup files
[1.356s] -- Configuring done
[1.420s] -- Generating done
[1.433s] -- Build files have been written to: /home/aimo/livox_ws/build/livox_ros_driver2
[1.442s] Invoked command in '/home/aimo/livox_ws/build/livox_ros_driver2' returned '0': CMAKE_PREFIX_PATH=/opt/ros/humble /usr/bin/cmake /home/aimo/livox_ws/src/livox_ros_driver2 -DCMAKE_INSTALL_PREFIX=/home/aimo/livox_ws/install/livox_ros_driver2
[1.442s] Invoking command in '/home/aimo/livox_ws/build/livox_ros_driver2': CMAKE_PREFIX_PATH=/opt/ros/humble /usr/bin/cmake --build /home/aimo/livox_ws/build/livox_ros_driver2 -- -j20 -l20
[1.473s] [35m[1mConsolidate compiler generated dependencies of target livox_interfaces2__rosidl_generator_c[0m
[1.473s] [35m[1mConsolidate compiler generated dependencies of target livox_ros_driver2_node[0m
[1.477s] [  1%] Built target livox_interfaces2__cpp
[1.480s] [  1%] Built target ament_cmake_python_symlink_livox_ros_driver2
[1.481s] [  8%] Built target livox_interfaces2__rosidl_generator_c
[1.483s] [35m[1mConsolidate compiler generated dependencies of target livox_interfaces2__rosidl_typesupport_cpp[0m
[1.484s] [35m[1mConsolidate compiler generated dependencies of target livox_interfaces2__rosidl_typesupport_fastrtps_cpp[0m
[1.485s] [35m[1mConsolidate compiler generated dependencies of target livox_interfaces2__rosidl_typesupport_introspection_cpp[0m
[1.487s] [35m[1mConsolidate compiler generated dependencies of target livox_interfaces2__rosidl_typesupport_c[0m
[1.488s] [35m[1mConsolidate compiler generated dependencies of target livox_interfaces2__rosidl_typesupport_introspection_c[0m
[1.488s] [35m[1mConsolidate compiler generated dependencies of target livox_interfaces2__rosidl_typesupport_fastrtps_c[0m
[1.489s] [ 12%] Built target livox_ros_driver2_node
[1.492s] [ 24%] Built target livox_interfaces2__rosidl_typesupport_introspection_cpp
[1.492s] [ 38%] Built target livox_interfaces2__rosidl_typesupport_cpp
[1.492s] [ 40%] Built target livox_interfaces2__rosidl_typesupport_c
[1.492s] [ 26%] Built target livox_interfaces2__rosidl_typesupport_fastrtps_cpp
[1.493s] [ 47%] Built target livox_interfaces2__rosidl_typesupport_introspection_c
[1.494s] [ 54%] Built target livox_interfaces2__rosidl_typesupport_fastrtps_c
[1.504s] [35m[1mConsolidate compiler generated dependencies of target livox_ros_driver2[0m
[1.506s] [ 54%] Built target livox_interfaces2
[1.516s] [ 56%] Built target livox_interfaces2__py
[1.523s] [35m[1mConsolidate compiler generated dependencies of target livox_interfaces2__rosidl_generator_py[0m
[1.530s] [ 61%] Built target livox_interfaces2__rosidl_generator_py
[1.535s] [35m[1mConsolidate compiler generated dependencies of target livox_ros_driver2__rosidl_typesupport_fastrtps_c__pyext[0m
[1.535s] [35m[1mConsolidate compiler generated dependencies of target livox_ros_driver2__rosidl_typesupport_c__pyext[0m
[1.535s] [35m[1mConsolidate compiler generated dependencies of target livox_ros_driver2__rosidl_typesupport_introspection_c__pyext[0m
[1.541s] [ 89%] Built target livox_ros_driver2
[1.541s] [ 92%] Built target livox_ros_driver2__rosidl_typesupport_c__pyext
[1.541s] [ 96%] Built target livox_ros_driver2__rosidl_typesupport_fastrtps_c__pyext
[1.542s] [100%] Built target livox_ros_driver2__rosidl_typesupport_introspection_c__pyext
[1.586s] running egg_info
[1.587s] writing livox_ros_driver2.egg-info/PKG-INFO
[1.587s] writing dependency_links to livox_ros_driver2.egg-info/dependency_links.txt
[1.587s] writing top-level names to livox_ros_driver2.egg-info/top_level.txt
[1.588s] reading manifest file 'livox_ros_driver2.egg-info/SOURCES.txt'
[1.588s] writing manifest file 'livox_ros_driver2.egg-info/SOURCES.txt'
[1.603s] [100%] Built target ament_cmake_python_build_livox_ros_driver2_egg
[1.609s] Invoked command in '/home/aimo/livox_ws/build/livox_ros_driver2' returned '0': CMAKE_PREFIX_PATH=/opt/ros/humble /usr/bin/cmake --build /home/aimo/livox_ws/build/livox_ros_driver2 -- -j20 -l20
[1.615s] Invoking command in '/home/aimo/livox_ws/build/livox_ros_driver2': CMAKE_PREFIX_PATH=/opt/ros/humble /usr/bin/cmake --install /home/aimo/livox_ws/build/livox_ros_driver2
[1.619s] -- Install configuration: ""
[1.619s] -- Execute custom install script
[1.620s] -- Up-to-date symlink: /home/aimo/livox_ws/install/livox_ros_driver2/share/ament_index/resource_index/rosidl_interfaces/livox_ros_driver2
[1.621s] -- Up-to-date symlink: /home/aimo/livox_ws/install/livox_ros_driver2/include/livox_ros_driver2/livox_ros_driver2/msg/custom_msg.h
[1.621s] -- Up-to-date symlink: /home/aimo/livox_ws/install/livox_ros_driver2/include/livox_ros_driver2/livox_ros_driver2/msg/custom_point.h
[1.621s] -- Up-to-date symlink: /home/aimo/livox_ws/install/livox_ros_driver2/include/livox_ros_driver2/livox_ros_driver2/msg/detail/custom_msg__functions.h
[1.621s] -- Up-to-date symlink: /home/aimo/livox_ws/install/livox_ros_driver2/include/livox_ros_driver2/livox_ros_driver2/msg/detail/custom_msg__struct.h
[1.621s] -- Up-to-date symlink: /home/aimo/livox_ws/install/livox_ros_driver2/include/livox_ros_driver2/livox_ros_driver2/msg/detail/custom_msg__type_support.h
[1.622s] -- Up-to-date symlink: /home/aimo/livox_ws/install/livox_ros_driver2/include/livox_ros_driver2/livox_ros_driver2/msg/detail/custom_point__functions.h
[1.622s] -- Up-to-date symlink: /home/aimo/livox_ws/install/livox_ros_driver2/include/livox_ros_driver2/livox_ros_driver2/msg/detail/custom_point__struct.h
[1.622s] -- Up-to-date symlink: /home/aimo/livox_ws/install/livox_ros_driver2/include/livox_ros_driver2/livox_ros_driver2/msg/detail/custom_point__type_support.h
[1.622s] -- Up-to-date symlink: /home/aimo/livox_ws/install/livox_ros_driver2/include/livox_ros_driver2/livox_ros_driver2/msg/rosidl_generator_c__visibility_control.h
[1.623s] -- Up-to-date symlink: /home/aimo/livox_ws/install/livox_ros_driver2/share/livox_ros_driver2/environment/library_path.sh
[1.623s] -- Up-to-date symlink: /home/aimo/livox_ws/install/livox_ros_driver2/share/livox_ros_driver2/environment/library_path.dsv
[1.623s] -- Up-to-date symlink: /home/aimo/livox_ws/install/livox_ros_driver2/include/livox_ros_driver2/livox_ros_driver2/msg/detail/custom_msg__rosidl_typesupport_fastrtps_c.h
[1.624s] -- Up-to-date symlink: /home/aimo/livox_ws/install/livox_ros_driver2/include/livox_ros_driver2/livox_ros_driver2/msg/detail/custom_point__rosidl_typesupport_fastrtps_c.h
[1.624s] -- Up-to-date symlink: /home/aimo/livox_ws/install/livox_ros_driver2/include/livox_ros_driver2/livox_ros_driver2/msg/rosidl_typesupport_fastrtps_c__visibility_control.h
[1.624s] -- Up-to-date symlink: /home/aimo/livox_ws/install/livox_ros_driver2/include/livox_ros_driver2/livox_ros_driver2/msg/detail/custom_msg__rosidl_typesupport_introspection_c.h
[1.624s] -- Up-to-date symlink: /home/aimo/livox_ws/install/livox_ros_driver2/include/livox_ros_driver2/livox_ros_driver2/msg/detail/custom_point__rosidl_typesupport_introspection_c.h
[1.624s] -- Up-to-date symlink: /home/aimo/livox_ws/install/livox_ros_driver2/include/livox_ros_driver2/livox_ros_driver2/msg/rosidl_typesupport_introspection_c__visibility_control.h
[1.625s] -- Up-to-date symlink: /home/aimo/livox_ws/install/livox_ros_driver2/include/livox_ros_driver2/livox_ros_driver2/msg/custom_msg.hpp
[1.625s] -- Up-to-date symlink: /home/aimo/livox_ws/install/livox_ros_driver2/include/livox_ros_driver2/livox_ros_driver2/msg/custom_point.hpp
[1.625s] -- Up-to-date symlink: /home/aimo/livox_ws/install/livox_ros_driver2/include/livox_ros_driver2/livox_ros_driver2/msg/detail/custom_msg__builder.hpp
[1.625s] -- Up-to-date symlink: /home/aimo/livox_ws/install/livox_ros_driver2/include/livox_ros_driver2/livox_ros_driver2/msg/detail/custom_msg__struct.hpp
[1.625s] -- Up-to-date symlink: /home/aimo/livox_ws/install/livox_ros_driver2/include/livox_ros_driver2/livox_ros_driver2/msg/detail/custom_msg__traits.hpp
[1.625s] -- Up-to-date symlink: /home/aimo/livox_ws/install/livox_ros_driver2/include/livox_ros_driver2/livox_ros_driver2/msg/detail/custom_msg__type_support.hpp
[1.625s] -- Up-to-date symlink: /home/aimo/livox_ws/install/livox_ros_driver2/include/livox_ros_driver2/livox_ros_driver2/msg/detail/custom_point__builder.hpp
[1.626s] -- Up-to-date symlink: /home/aimo/livox_ws/install/livox_ros_driver2/include/livox_ros_driver2/livox_ros_driver2/msg/detail/custom_point__struct.hpp
[1.626s] -- Up-to-date symlink: /home/aimo/livox_ws/install/livox_ros_driver2/include/livox_ros_driver2/livox_ros_driver2/msg/detail/custom_point__traits.hpp
[1.626s] -- Up-to-date symlink: /home/aimo/livox_ws/install/livox_ros_driver2/include/livox_ros_driver2/livox_ros_driver2/msg/detail/custom_point__type_support.hpp
[1.626s] -- Up-to-date symlink: /home/aimo/livox_ws/install/livox_ros_driver2/include/livox_ros_driver2/livox_ros_driver2/msg/rosidl_generator_cpp__visibility_control.hpp
[1.627s] -- Up-to-date symlink: /home/aimo/livox_ws/install/livox_ros_driver2/include/livox_ros_driver2/livox_ros_driver2/msg/detail/custom_msg__rosidl_typesupport_fastrtps_cpp.hpp
[1.627s] -- Up-to-date symlink: /home/aimo/livox_ws/install/livox_ros_driver2/include/livox_ros_driver2/livox_ros_driver2/msg/detail/custom_point__rosidl_typesupport_fastrtps_cpp.hpp
[1.627s] -- Up-to-date symlink: /home/aimo/livox_ws/install/livox_ros_driver2/include/livox_ros_driver2/livox_ros_driver2/msg/rosidl_typesupport_fastrtps_cpp__visibility_control.h
[1.627s] -- Up-to-date symlink: /home/aimo/livox_ws/install/livox_ros_driver2/include/livox_ros_driver2/livox_ros_driver2/msg/detail/custom_msg__rosidl_typesupport_introspection_cpp.hpp
[1.627s] -- Up-to-date symlink: /home/aimo/livox_ws/install/livox_ros_driver2/include/livox_ros_driver2/livox_ros_driver2/msg/detail/custom_point__rosidl_typesupport_introspection_cpp.hpp
[1.627s] -- Up-to-date symlink: /home/aimo/livox_ws/install/livox_ros_driver2/share/livox_ros_driver2/environment/pythonpath.sh
[1.627s] -- Up-to-date symlink: /home/aimo/livox_ws/install/livox_ros_driver2/share/livox_ros_driver2/environment/pythonpath.dsv
[1.628s] -- Up-to-date symlink: /home/aimo/livox_ws/install/livox_ros_driver2/local/lib/python3.10/dist-packages/livox_ros_driver2-1.0.0-py3.10.egg-info/PKG-INFO
[1.628s] -- Up-to-date symlink: /home/aimo/livox_ws/install/livox_ros_driver2/local/lib/python3.10/dist-packages/livox_ros_driver2-1.0.0-py3.10.egg-info/SOURCES.txt
[1.628s] -- Up-to-date symlink: /home/aimo/livox_ws/install/livox_ros_driver2/local/lib/python3.10/dist-packages/livox_ros_driver2-1.0.0-py3.10.egg-info/dependency_links.txt
[1.628s] -- Up-to-date symlink: /home/aimo/livox_ws/install/livox_ros_driver2/local/lib/python3.10/dist-packages/livox_ros_driver2-1.0.0-py3.10.egg-info/top_level.txt
[1.629s] -- Up-to-date symlink: /home/aimo/livox_ws/install/livox_ros_driver2/local/lib/python3.10/dist-packages/livox_ros_driver2/__init__.py
[1.629s] -- Up-to-date symlink: /home/aimo/livox_ws/install/livox_ros_driver2/local/lib/python3.10/dist-packages/livox_ros_driver2/_livox_ros_driver2_s.ep.rosidl_typesupport_c.c
[1.629s] -- Up-to-date symlink: /home/aimo/livox_ws/install/livox_ros_driver2/local/lib/python3.10/dist-packages/livox_ros_driver2/_livox_ros_driver2_s.ep.rosidl_typesupport_fastrtps_c.c
[1.629s] -- Up-to-date symlink: /home/aimo/livox_ws/install/livox_ros_driver2/local/lib/python3.10/dist-packages/livox_ros_driver2/_livox_ros_driver2_s.ep.rosidl_typesupport_introspection_c.c
[1.629s] -- Up-to-date symlink: /home/aimo/livox_ws/install/livox_ros_driver2/local/lib/python3.10/dist-packages/livox_ros_driver2/liblivox_interfaces2__rosidl_generator_py.so
[1.630s] -- Up-to-date symlink: /home/aimo/livox_ws/install/livox_ros_driver2/local/lib/python3.10/dist-packages/livox_ros_driver2/livox_ros_driver2_s__rosidl_typesupport_c.cpython-310-x86_64-linux-gnu.so
[1.630s] -- Up-to-date symlink: /home/aimo/livox_ws/install/livox_ros_driver2/local/lib/python3.10/dist-packages/livox_ros_driver2/livox_ros_driver2_s__rosidl_typesupport_fastrtps_c.cpython-310-x86_64-linux-gnu.so
[1.630s] -- Up-to-date symlink: /home/aimo/livox_ws/install/livox_ros_driver2/local/lib/python3.10/dist-packages/livox_ros_driver2/livox_ros_driver2_s__rosidl_typesupport_introspection_c.cpython-310-x86_64-linux-gnu.so
[1.630s] -- Up-to-date symlink: /home/aimo/livox_ws/install/livox_ros_driver2/local/lib/python3.10/dist-packages/livox_ros_driver2/msg/__init__.py
[1.630s] -- Up-to-date symlink: /home/aimo/livox_ws/install/livox_ros_driver2/local/lib/python3.10/dist-packages/livox_ros_driver2/msg/_custom_msg.py
[1.630s] -- Up-to-date symlink: /home/aimo/livox_ws/install/livox_ros_driver2/local/lib/python3.10/dist-packages/livox_ros_driver2/msg/_custom_msg_s.c
[1.631s] -- Up-to-date symlink: /home/aimo/livox_ws/install/livox_ros_driver2/local/lib/python3.10/dist-packages/livox_ros_driver2/msg/_custom_point.py
[1.631s] -- Up-to-date symlink: /home/aimo/livox_ws/install/livox_ros_driver2/local/lib/python3.10/dist-packages/livox_ros_driver2/msg/_custom_point_s.c
[1.632s] -- Up-to-date symlink: /home/aimo/livox_ws/install/livox_ros_driver2/local/lib/python3.10/dist-packages/livox_ros_driver2/livox_ros_driver2_s__rosidl_typesupport_fastrtps_c.cpython-310-x86_64-linux-gnu.so
[1.632s] -- Up-to-date symlink: /home/aimo/livox_ws/install/livox_ros_driver2/local/lib/python3.10/dist-packages/livox_ros_driver2/livox_ros_driver2_s__rosidl_typesupport_introspection_c.cpython-310-x86_64-linux-gnu.so
[1.632s] -- Up-to-date symlink: /home/aimo/livox_ws/install/livox_ros_driver2/local/lib/python3.10/dist-packages/livox_ros_driver2/livox_ros_driver2_s__rosidl_typesupport_c.cpython-310-x86_64-linux-gnu.so
[1.632s] -- Up-to-date symlink: /home/aimo/livox_ws/install/livox_ros_driver2/share/livox_ros_driver2/msg/CustomPoint.idl
[1.632s] -- Up-to-date symlink: /home/aimo/livox_ws/install/livox_ros_driver2/share/livox_ros_driver2/msg/CustomMsg.idl
[1.632s] -- Up-to-date symlink: /home/aimo/livox_ws/install/livox_ros_driver2/share/livox_ros_driver2/msg/CustomPoint.msg
[1.632s] -- Up-to-date symlink: /home/aimo/livox_ws/install/livox_ros_driver2/share/livox_ros_driver2/msg/CustomMsg.msg
[1.633s] -- Up-to-date symlink: /home/aimo/livox_ws/install/livox_ros_driver2/lib/livox_ros_driver2/livox_ros_driver2_node
[1.633s] -- Up-to-date symlink: /home/aimo/livox_ws/install/livox_ros_driver2/lib/liblivox_ros_driver2.so
[1.635s] -- Up-to-date symlink: /home/aimo/livox_ws/install/livox_ros_driver2/share/livox_ros_driver2/config/HAP_config.json
[1.635s] -- Up-to-date symlink: /home/aimo/livox_ws/install/livox_ros_driver2/share/livox_ros_driver2/config/MID360_config.json
[1.635s] -- Up-to-date symlink: /home/aimo/livox_ws/install/livox_ros_driver2/share/livox_ros_driver2/config/custom_config.json
[1.635s] -- Up-to-date symlink: /home/aimo/livox_ws/install/livox_ros_driver2/share/livox_ros_driver2/config/display_point_cloud_ROS1.rviz
[1.635s] -- Up-to-date symlink: /home/aimo/livox_ws/install/livox_ros_driver2/share/livox_ros_driver2/config/display_point_cloud_ROS2.rviz
[1.635s] -- Up-to-date symlink: /home/aimo/livox_ws/install/livox_ros_driver2/share/livox_ros_driver2/config/mixed_HAP_MID360_config.json
[1.635s] -- Up-to-date symlink: /home/aimo/livox_ws/install/livox_ros_driver2/share/livox_ros_driver2/launch/custom_lidar.launch.py
[1.636s] -- Up-to-date symlink: /home/aimo/livox_ws/install/livox_ros_driver2/share/livox_ros_driver2/launch/msg_HAP_launch.py
[1.636s] -- Up-to-date symlink: /home/aimo/livox_ws/install/livox_ros_driver2/share/livox_ros_driver2/launch/msg_MID360_launch.py
[1.636s] -- Up-to-date symlink: /home/aimo/livox_ws/install/livox_ros_driver2/share/livox_ros_driver2/launch/rviz_HAP_launch.py
[1.636s] -- Up-to-date symlink: /home/aimo/livox_ws/install/livox_ros_driver2/share/livox_ros_driver2/launch/rviz_MID360_launch.py
[1.636s] -- Up-to-date symlink: /home/aimo/livox_ws/install/livox_ros_driver2/share/livox_ros_driver2/launch/rviz_mixed.py
[1.636s] -- Up-to-date symlink: /home/aimo/livox_ws/install/livox_ros_driver2/share/ament_index/resource_index/package_run_dependencies/livox_ros_driver2
[1.637s] -- Up-to-date symlink: /home/aimo/livox_ws/install/livox_ros_driver2/share/ament_index/resource_index/parent_prefix_path/livox_ros_driver2
[1.637s] -- Up-to-date symlink: /home/aimo/livox_ws/install/livox_ros_driver2/share/livox_ros_driver2/environment/ament_prefix_path.sh
[1.637s] -- Up-to-date symlink: /home/aimo/livox_ws/install/livox_ros_driver2/share/livox_ros_driver2/environment/ament_prefix_path.dsv
[1.637s] -- Up-to-date symlink: /home/aimo/livox_ws/install/livox_ros_driver2/share/livox_ros_driver2/environment/path.sh
[1.637s] -- Up-to-date symlink: /home/aimo/livox_ws/install/livox_ros_driver2/share/livox_ros_driver2/environment/path.dsv
[1.638s] -- Up-to-date symlink: /home/aimo/livox_ws/install/livox_ros_driver2/share/livox_ros_driver2/local_setup.bash
[1.638s] -- Up-to-date symlink: /home/aimo/livox_ws/install/livox_ros_driver2/share/livox_ros_driver2/local_setup.sh
[1.638s] -- Up-to-date symlink: /home/aimo/livox_ws/install/livox_ros_driver2/share/livox_ros_driver2/local_setup.zsh
[1.638s] -- Up-to-date symlink: /home/aimo/livox_ws/install/livox_ros_driver2/share/livox_ros_driver2/local_setup.dsv
[1.638s] -- Symlinking: /home/aimo/livox_ws/install/livox_ros_driver2/share/livox_ros_driver2/package.dsv
[1.644s] -- Up-to-date symlink: /home/aimo/livox_ws/install/livox_ros_driver2/share/ament_index/resource_index/packages/livox_ros_driver2
[1.644s] -- Up-to-date symlink: /home/aimo/livox_ws/install/livox_ros_driver2/share/ament_index/resource_index/rclcpp_components/livox_ros_driver2
[1.645s] -- Up-to-date symlink: /home/aimo/livox_ws/install/livox_ros_driver2/share/livox_ros_driver2/cmake/rosidl_cmake-extras.cmake
[1.645s] -- Up-to-date symlink: /home/aimo/livox_ws/install/livox_ros_driver2/share/livox_ros_driver2/cmake/ament_cmake_export_dependencies-extras.cmake
[1.645s] -- Up-to-date symlink: /home/aimo/livox_ws/install/livox_ros_driver2/share/livox_ros_driver2/cmake/ament_cmake_export_include_directories-extras.cmake
[1.645s] -- Up-to-date symlink: /home/aimo/livox_ws/install/livox_ros_driver2/share/livox_ros_driver2/cmake/ament_cmake_export_libraries-extras.cmake
[1.645s] -- Up-to-date symlink: /home/aimo/livox_ws/install/livox_ros_driver2/share/livox_ros_driver2/cmake/ament_cmake_export_targets-extras.cmake
[1.645s] -- Up-to-date symlink: /home/aimo/livox_ws/install/livox_ros_driver2/share/livox_ros_driver2/cmake/rosidl_cmake_export_typesupport_targets-extras.cmake
[1.645s] -- Up-to-date symlink: /home/aimo/livox_ws/install/livox_ros_driver2/share/livox_ros_driver2/cmake/rosidl_cmake_export_typesupport_libraries-extras.cmake
[1.645s] -- Up-to-date symlink: /home/aimo/livox_ws/install/livox_ros_driver2/share/livox_ros_driver2/cmake/livox_ros_driver2Config.cmake
[1.646s] -- Up-to-date symlink: /home/aimo/livox_ws/install/livox_ros_driver2/share/livox_ros_driver2/cmake/livox_ros_driver2Config-version.cmake
[1.646s] -- Up-to-date symlink: /home/aimo/livox_ws/install/livox_ros_driver2/share/livox_ros_driver2/package.xml
[1.646s] -- Up-to-date: /home/aimo/livox_ws/install/livox_ros_driver2/lib/liblivox_ros_driver2__rosidl_generator_c.so
[1.646s] -- Up-to-date: /home/aimo/livox_ws/install/livox_ros_driver2/lib/liblivox_ros_driver2__rosidl_typesupport_fastrtps_c.so
[1.647s] -- Up-to-date: /home/aimo/livox_ws/install/livox_ros_driver2/lib/liblivox_ros_driver2__rosidl_typesupport_introspection_c.so
[1.647s] -- Up-to-date: /home/aimo/livox_ws/install/livox_ros_driver2/lib/liblivox_ros_driver2__rosidl_typesupport_c.so
[1.647s] -- Up-to-date: /home/aimo/livox_ws/install/livox_ros_driver2/lib/liblivox_ros_driver2__rosidl_typesupport_fastrtps_cpp.so
[1.648s] -- Up-to-date: /home/aimo/livox_ws/install/livox_ros_driver2/lib/liblivox_ros_driver2__rosidl_typesupport_introspection_cpp.so
[1.648s] -- Up-to-date: /home/aimo/livox_ws/install/livox_ros_driver2/lib/liblivox_ros_driver2__rosidl_typesupport_cpp.so
[1.664s] Listing '/home/aimo/livox_ws/install/livox_ros_driver2/local/lib/python3.10/dist-packages/livox_ros_driver2'...
[1.664s] Compiling '/home/aimo/livox_ws/install/livox_ros_driver2/local/lib/python3.10/dist-packages/livox_ros_driver2/__init__.py'...
[1.664s] Listing '/home/aimo/livox_ws/install/livox_ros_driver2/local/lib/python3.10/dist-packages/livox_ros_driver2/msg'...
[1.666s] -- Up-to-date: /home/aimo/livox_ws/install/livox_ros_driver2/lib/liblivox_interfaces2__rosidl_generator_py.so
[1.666s] -- Up-to-date: /home/aimo/livox_ws/install/livox_ros_driver2/share/livox_ros_driver2/cmake/export_livox_interfaces2__rosidl_generator_cExport.cmake
[1.667s] -- Up-to-date: /home/aimo/livox_ws/install/livox_ros_driver2/share/livox_ros_driver2/cmake/export_livox_interfaces2__rosidl_generator_cExport-noconfig.cmake
[1.667s] -- Up-to-date: /home/aimo/livox_ws/install/livox_ros_driver2/share/livox_ros_driver2/cmake/export_livox_interfaces2__rosidl_typesupport_fastrtps_cExport.cmake
[1.667s] -- Up-to-date: /home/aimo/livox_ws/install/livox_ros_driver2/share/livox_ros_driver2/cmake/export_livox_interfaces2__rosidl_typesupport_fastrtps_cExport-noconfig.cmake
[1.667s] -- Up-to-date: /home/aimo/livox_ws/install/livox_ros_driver2/share/livox_ros_driver2/cmake/livox_interfaces2__rosidl_typesupport_introspection_cExport.cmake
[1.667s] -- Up-to-date: /home/aimo/livox_ws/install/livox_ros_driver2/share/livox_ros_driver2/cmake/livox_interfaces2__rosidl_typesupport_introspection_cExport-noconfig.cmake
[1.667s] -- Up-to-date: /home/aimo/livox_ws/install/livox_ros_driver2/share/livox_ros_driver2/cmake/livox_interfaces2__rosidl_typesupport_cExport.cmake
[1.667s] -- Up-to-date: /home/aimo/livox_ws/install/livox_ros_driver2/share/livox_ros_driver2/cmake/livox_interfaces2__rosidl_typesupport_cExport-noconfig.cmake
[1.667s] -- Up-to-date: /home/aimo/livox_ws/install/livox_ros_driver2/share/livox_ros_driver2/cmake/export_livox_interfaces2__rosidl_generator_cppExport.cmake
[1.667s] -- Up-to-date: /home/aimo/livox_ws/install/livox_ros_driver2/share/livox_ros_driver2/cmake/export_livox_interfaces2__rosidl_typesupport_fastrtps_cppExport.cmake
[1.667s] -- Up-to-date: /home/aimo/livox_ws/install/livox_ros_driver2/share/livox_ros_driver2/cmake/export_livox_interfaces2__rosidl_typesupport_fastrtps_cppExport-noconfig.cmake
[1.667s] -- Up-to-date: /home/aimo/livox_ws/install/livox_ros_driver2/share/livox_ros_driver2/cmake/livox_interfaces2__rosidl_typesupport_introspection_cppExport.cmake
[1.667s] -- Up-to-date: /home/aimo/livox_ws/install/livox_ros_driver2/share/livox_ros_driver2/cmake/livox_interfaces2__rosidl_typesupport_introspection_cppExport-noconfig.cmake
[1.668s] -- Up-to-date: /home/aimo/livox_ws/install/livox_ros_driver2/share/livox_ros_driver2/cmake/livox_interfaces2__rosidl_typesupport_cppExport.cmake
[1.668s] -- Up-to-date: /home/aimo/livox_ws/install/livox_ros_driver2/share/livox_ros_driver2/cmake/livox_interfaces2__rosidl_typesupport_cppExport-noconfig.cmake
[1.668s] -- Up-to-date: /home/aimo/livox_ws/install/livox_ros_driver2/share/livox_ros_driver2/cmake/export_livox_interfaces2__rosidl_generator_pyExport.cmake
[1.669s] -- Up-to-date: /home/aimo/livox_ws/install/livox_ros_driver2/share/livox_ros_driver2/cmake/export_livox_interfaces2__rosidl_generator_pyExport-noconfig.cmake
[1.670s] Invoked command in '/home/aimo/livox_ws/build/livox_ros_driver2' returned '0': CMAKE_PREFIX_PATH=/opt/ros/humble /usr/bin/cmake --install /home/aimo/livox_ws/build/livox_ros_driver2
