[0.009s] Invoking command in '/home/aimo/livox_ws/build/pcd2pgm': CMAKE_PREFIX_PATH=/opt/ros/humble /usr/bin/cmake /home/aimo/livox_ws/src/pcd2pgm -DCMAKE_BUILD_TYPE=release -DAMENT_CMAKE_SYMLINK_INSTALL=1 -DCMAKE_INSTALL_PREFIX=/home/aimo/livox_ws/install/pcd2pgm
[0.109s] -- The C compiler identification is GNU 11.4.0
[0.177s] -- The CXX compiler identification is GNU 11.4.0
[0.182s] -- Detecting C compiler ABI info
[0.224s] -- Detecting C compiler ABI info - done
[0.229s] -- Check for working C compiler: /usr/bin/cc - skipped
[0.229s] -- Detecting C compile features
[0.229s] -- Detecting C compile features - done
[0.231s] -- Detecting CXX compiler ABI info
[0.275s] -- Detecting CXX compiler ABI info - done
[0.280s] -- Check for working CXX compiler: /usr/bin/c++ - skipped
[0.280s] -- Detecting CXX compile features
[0.280s] -- Detecting CXX compile features - done
[0.280s] -- Found ament_cmake_auto: 1.3.11 (/opt/ros/humble/share/ament_cmake_auto/cmake)
[0.363s] -- Found Python3: /usr/bin/python3 (found version "3.10.12") found components: Interpreter 
[0.394s] -- Override CMake install command with custom implementation using symlinks instead of copying resources
[0.455s] -- Found rosidl_generator_c: 3.1.6 (/opt/ros/humble/share/rosidl_generator_c/cmake)
[0.457s] -- Found rosidl_adapter: 3.1.6 (/opt/ros/humble/share/rosidl_adapter/cmake)
[0.462s] -- Found rosidl_generator_cpp: 3.1.6 (/opt/ros/humble/share/rosidl_generator_cpp/cmake)
[0.467s] -- Using all available rosidl_typesupport_c: rosidl_typesupport_fastrtps_c;rosidl_typesupport_introspection_c
[0.474s] -- Using all available rosidl_typesupport_cpp: rosidl_typesupport_fastrtps_cpp;rosidl_typesupport_introspection_cpp
[0.497s] -- Found rmw_implementation_cmake: 6.1.2 (/opt/ros/humble/share/rmw_implementation_cmake/cmake)
[0.498s] -- Found rmw_fastrtps_cpp: 6.2.7 (/opt/ros/humble/share/rmw_fastrtps_cpp/cmake)
[0.544s] -- Found OpenSSL: /usr/lib/x86_64-linux-gnu/libcrypto.so (found version "3.0.2")  
[0.559s] -- Found FastRTPS: /opt/ros/humble/include  
[0.580s] -- Using RMW implementation 'rmw_fastrtps_cpp' as default
[0.584s] -- Looking for pthread.h
[0.625s] -- Looking for pthread.h - found
[0.626s] -- Performing Test CMAKE_HAVE_LIBC_PTHREAD
[0.664s] -- Performing Test CMAKE_HAVE_LIBC_PTHREAD - Success
[0.664s] -- Found Threads: TRUE  
[0.751s] -- Checking for module 'eigen3'
[0.758s] --   Found eigen3, version 3.4.0
[0.775s] -- Found Eigen: /usr/include/eigen3 (Required is at least version "3.1") 
[0.777s] -- Eigen found (include: /usr/include/eigen3, version: 3.4.0)
[0.794s] -- Checking for module 'flann'
[0.799s] --   Found flann, version 1.9.1
[0.821s] -- Found FLANN: /usr/lib/x86_64-linux-gnu/libflann_cpp.so  
[0.821s] -- FLANN found (include: /usr/include, lib: /usr/lib/x86_64-linux-gnu/libflann_cpp.so)
[1.336s] -- Checking for module 'libusb-1.0'
[1.350s] --   Found libusb-1.0, version 1.0.25
[1.369s] -- Found libusb: /usr/lib/x86_64-linux-gnu/libusb-1.0.so  
[1.370s] -- OpenNI found (version: 1.5.4.0, include: /usr/include/ni, lib: /usr/lib/libOpenNI.so;libusb::libusb)
[1.402s] -- OpenNI2 found (version: 2.2.0.33, include: /usr/include/openni2, lib: /usr/lib/x86_64-linux-gnu/libOpenNI2.so;libusb::libusb)
[1.477s] -- Eigen found (include: /usr/include/eigen3, version: 3.4.0)
[1.480s] -- OpenNI found (version: 1.5.4.0, include: /usr/include/ni, lib: /usr/lib/libOpenNI.so;libusb::libusb)
[1.484s] -- OpenNI2 found (version: 2.2.0.33, include: /usr/include/openni2, lib: /usr/lib/x86_64-linux-gnu/libOpenNI2.so;libusb::libusb)
[1.550s] -- Found Qhull version 8.0.2
[1.628s] -- OpenNI found (version: 1.5.4.0, include: /usr/include/ni, lib: /usr/lib/libOpenNI.so;libusb::libusb)
[1.702s] -- Found PCL_COMMON: /usr/lib/x86_64-linux-gnu/libpcl_common.so  
[1.705s] -- Found PCL_KDTREE: /usr/lib/x86_64-linux-gnu/libpcl_kdtree.so  
[1.705s] -- Found PCL_OCTREE: /usr/lib/x86_64-linux-gnu/libpcl_octree.so  
[1.705s] -- Found PCL_SEARCH: /usr/lib/x86_64-linux-gnu/libpcl_search.so  
[1.705s] -- Found PCL_SAMPLE_CONSENSUS: /usr/lib/x86_64-linux-gnu/libpcl_sample_consensus.so  
[1.705s] -- Found PCL_FILTERS: /usr/lib/x86_64-linux-gnu/libpcl_filters.so  
[1.705s] -- Found PCL_2D: /usr/include/pcl-1.12  
[1.705s] -- Found PCL_GEOMETRY: /usr/include/pcl-1.12  
[1.705s] -- Found PCL_IO: /usr/lib/x86_64-linux-gnu/libpcl_io.so  
[1.706s] -- Found PCL_FEATURES: /usr/lib/x86_64-linux-gnu/libpcl_features.so  
[1.706s] -- Found PCL_ML: /usr/lib/x86_64-linux-gnu/libpcl_ml.so  
[1.706s] -- Found PCL_SEGMENTATION: /usr/lib/x86_64-linux-gnu/libpcl_segmentation.so  
[1.707s] -- Found PCL_VISUALIZATION: /usr/lib/x86_64-linux-gnu/libpcl_visualization.so  
[1.707s] -- Found PCL_SURFACE: /usr/lib/x86_64-linux-gnu/libpcl_surface.so  
[1.708s] -- Found PCL_REGISTRATION: /usr/lib/x86_64-linux-gnu/libpcl_registration.so  
[1.708s] -- Found PCL_KEYPOINTS: /usr/lib/x86_64-linux-gnu/libpcl_keypoints.so  
[1.709s] -- Found PCL_TRACKING: /usr/lib/x86_64-linux-gnu/libpcl_tracking.so  
[1.709s] -- Found PCL_RECOGNITION: /usr/lib/x86_64-linux-gnu/libpcl_recognition.so  
[1.710s] -- Found PCL_STEREO: /usr/lib/x86_64-linux-gnu/libpcl_stereo.so  
[1.710s] -- Found PCL_APPS: /usr/lib/x86_64-linux-gnu/libpcl_apps.so  
[1.711s] -- Found PCL_IN_HAND_SCANNER: /usr/include/pcl-1.12  
[1.711s] -- Found PCL_MODELER: /usr/include/pcl-1.12  
[1.712s] -- Found PCL_POINT_CLOUD_EDITOR: /usr/include/pcl-1.12  
[1.712s] -- Found PCL_OUTOFCORE: /usr/lib/x86_64-linux-gnu/libpcl_outofcore.so  
[1.712s] -- Found PCL_PEOPLE: /usr/lib/x86_64-linux-gnu/libpcl_people.so  
[1.750s] -- Found eigen3_cmake_module: 0.1.1 (/opt/ros/humble/share/eigen3_cmake_module/cmake)
[1.753s] -- Found Eigen3: TRUE (found version "3.4.0") 
[1.753s] -- Ensuring Eigen3 include directory is part of orocos-kdl CMake target
[1.818s] -- Found ament_lint_auto: 0.12.12 (/opt/ros/humble/share/ament_lint_auto/cmake)
[1.829s] -- Added test 'copyright' to check source files copyright and LICENSE
[1.831s] -- Added test 'cppcheck' to perform static code analysis on C / C++ code
[1.831s] -- Configured cppcheck include dirs: /home/aimo/livox_ws/src/pcd2pgm/include
[1.831s] -- Configured cppcheck exclude dirs and/or files: 
[1.831s] -- Added test 'cpplint' to check C / C++ code against the Google style
[1.831s] -- Configured cpplint exclude dirs and/or files: 
[1.831s] -- Added test 'lint_cmake' to check CMake code style
[1.832s] -- Added test 'pep257' to check Python code against some of the docstring style conventions in PEP 257
[1.832s] -- Added test 'xmllint' to check XML markup files
[1.833s] -- Added test 'clang_format' to check C / C++ code style
[1.834s] -- Configuring done
[1.868s] -- Generating done
[1.874s] -- Build files have been written to: /home/aimo/livox_ws/build/pcd2pgm
[1.898s] Invoked command in '/home/aimo/livox_ws/build/pcd2pgm' returned '0': CMAKE_PREFIX_PATH=/opt/ros/humble /usr/bin/cmake /home/aimo/livox_ws/src/pcd2pgm -DCMAKE_BUILD_TYPE=release -DAMENT_CMAKE_SYMLINK_INSTALL=1 -DCMAKE_INSTALL_PREFIX=/home/aimo/livox_ws/install/pcd2pgm
[1.904s] Invoking command in '/home/aimo/livox_ws/build/pcd2pgm': CMAKE_PREFIX_PATH=/opt/ros/humble /usr/bin/cmake --build /home/aimo/livox_ws/build/pcd2pgm -- -j20 -l20
[1.947s] [ 25%] [32mBuilding CXX object CMakeFiles/pcd2pgm.dir/src/pcd2pgm.cpp.o[0m
[1.947s] [ 50%] [32mBuilding CXX object CMakeFiles/pcd2pgm_node.dir/rclcpp_components/node_main_pcd2pgm_node.cpp.o[0m
[3.761s] [ 75%] [32m[1mLinking CXX executable pcd2pgm_node[0m
[3.824s] [ 75%] Built target pcd2pgm_node
[8.089s] [100%] [32m[1mLinking CXX shared library libpcd2pgm.so[0m
[8.428s] [100%] Built target pcd2pgm
[8.435s] Invoked command in '/home/aimo/livox_ws/build/pcd2pgm' returned '0': CMAKE_PREFIX_PATH=/opt/ros/humble /usr/bin/cmake --build /home/aimo/livox_ws/build/pcd2pgm -- -j20 -l20
[8.436s] Invoking command in '/home/aimo/livox_ws/build/pcd2pgm': CMAKE_PREFIX_PATH=/opt/ros/humble /usr/bin/cmake --install /home/aimo/livox_ws/build/pcd2pgm
[8.440s] -- Install configuration: "release"
[8.440s] -- Execute custom install script
[8.440s] -- Symlinking: /home/aimo/livox_ws/install/pcd2pgm/lib/pcd2pgm/pcd2pgm_node
[8.445s] -- Symlinking: /home/aimo/livox_ws/install/pcd2pgm/include/pcd2pgm/pcd2pgm.hpp
[8.450s] -- Symlinking: /home/aimo/livox_ws/install/pcd2pgm/share/pcd2pgm/environment/library_path.sh
[8.455s] -- Symlinking: /home/aimo/livox_ws/install/pcd2pgm/share/pcd2pgm/environment/library_path.dsv
[8.460s] -- Symlinking: /home/aimo/livox_ws/install/pcd2pgm/lib/libpcd2pgm.so
[8.464s] -- Symlinking: /home/aimo/livox_ws/install/pcd2pgm/share/pcd2pgm/config/pcd2pgm.yaml
[8.469s] -- Symlinking: /home/aimo/livox_ws/install/pcd2pgm/share/pcd2pgm/launch/pcd2pgm_launch.py
[8.473s] -- Symlinking: /home/aimo/livox_ws/install/pcd2pgm/share/pcd2pgm/rviz/pcd2pgm.rviz
[8.478s] -- Symlinking: /home/aimo/livox_ws/install/pcd2pgm/share/ament_index/resource_index/package_run_dependencies/pcd2pgm
[8.484s] -- Symlinking: /home/aimo/livox_ws/install/pcd2pgm/share/ament_index/resource_index/parent_prefix_path/pcd2pgm
[8.489s] -- Symlinking: /home/aimo/livox_ws/install/pcd2pgm/share/pcd2pgm/environment/ament_prefix_path.sh
[8.493s] -- Symlinking: /home/aimo/livox_ws/install/pcd2pgm/share/pcd2pgm/environment/ament_prefix_path.dsv
[8.498s] -- Symlinking: /home/aimo/livox_ws/install/pcd2pgm/share/pcd2pgm/environment/path.sh
[8.502s] -- Symlinking: /home/aimo/livox_ws/install/pcd2pgm/share/pcd2pgm/environment/path.dsv
[8.506s] -- Symlinking: /home/aimo/livox_ws/install/pcd2pgm/share/pcd2pgm/local_setup.bash
[8.509s] -- Symlinking: /home/aimo/livox_ws/install/pcd2pgm/share/pcd2pgm/local_setup.sh
[8.513s] -- Symlinking: /home/aimo/livox_ws/install/pcd2pgm/share/pcd2pgm/local_setup.zsh
[8.522s] -- Symlinking: /home/aimo/livox_ws/install/pcd2pgm/share/pcd2pgm/local_setup.dsv
[8.526s] -- Symlinking: /home/aimo/livox_ws/install/pcd2pgm/share/pcd2pgm/package.dsv
[8.530s] -- Symlinking: /home/aimo/livox_ws/install/pcd2pgm/share/ament_index/resource_index/packages/pcd2pgm
[8.534s] -- Symlinking: /home/aimo/livox_ws/install/pcd2pgm/share/ament_index/resource_index/rclcpp_components/pcd2pgm
[8.538s] -- Symlinking: /home/aimo/livox_ws/install/pcd2pgm/share/pcd2pgm/cmake/ament_cmake_export_dependencies-extras.cmake
[8.543s] -- Symlinking: /home/aimo/livox_ws/install/pcd2pgm/share/pcd2pgm/cmake/ament_cmake_export_include_directories-extras.cmake
[8.549s] -- Symlinking: /home/aimo/livox_ws/install/pcd2pgm/share/pcd2pgm/cmake/ament_cmake_export_libraries-extras.cmake
[8.554s] -- Symlinking: /home/aimo/livox_ws/install/pcd2pgm/share/pcd2pgm/cmake/pcd2pgmConfig.cmake
[8.558s] -- Symlinking: /home/aimo/livox_ws/install/pcd2pgm/share/pcd2pgm/cmake/pcd2pgmConfig-version.cmake
[8.563s] -- Symlinking: /home/aimo/livox_ws/install/pcd2pgm/share/pcd2pgm/package.xml
[8.569s] Invoked command in '/home/aimo/livox_ws/build/pcd2pgm' returned '0': CMAKE_PREFIX_PATH=/opt/ros/humble /usr/bin/cmake --install /home/aimo/livox_ws/build/pcd2pgm
