[0.005s] Invoking command in '/home/aimo/livox_ws/build/fast_lio': AMENT_PREFIX_PATH=/home/aimo/livox_ws/install/livox_ros_driver2:${AMENT_PREFIX_PATH} CMAKE_PREFIX_PATH=/home/aimo/livox_ws/install/livox_ros_driver2:/opt/ros/humble LD_LIBRARY_PATH=/home/aimo/livox_ws/install/livox_ros_driver2/lib:${LD_LIBRARY_PATH} PYTHONPATH=/home/aimo/livox_ws/install/livox_ros_driver2/local/lib/python3.10/dist-packages:${PYTHONPATH} /usr/bin/cmake /home/aimo/livox_ws/src/FAST_LIO_ROS2 -DAMENT_CMAKE_SYMLINK_INSTALL=1 -DCMAKE_INSTALL_PREFIX=/home/aimo/livox_ws/install/fast_lio
[0.012s] [0mCurrent CPU archtecture: x86_64[0m
[0.014s] [0mProcesser number:  20[0m
[0.014s] [0mcore for MP: 3[0m
[0.016s] -- Found PythonLibs: /usr/lib/x86_64-linux-gnu/libpython3.10.so (found version "3.10.12") 
[0.016s] -- Found ament_cmake: 1.3.11 (/opt/ros/humble/share/ament_cmake/cmake)
[0.079s] -- Override CMake install command with custom implementation using symlinks instead of copying resources
[0.082s] -- Found rclcpp: 16.0.12 (/opt/ros/humble/share/rclcpp/cmake)
[0.095s] -- Found rosidl_generator_c: 3.1.6 (/opt/ros/humble/share/rosidl_generator_c/cmake)
[0.096s] -- Found rosidl_adapter: 3.1.6 (/opt/ros/humble/share/rosidl_adapter/cmake)
[0.099s] -- Found rosidl_generator_cpp: 3.1.6 (/opt/ros/humble/share/rosidl_generator_cpp/cmake)
[0.103s] -- Using all available rosidl_typesupport_c: rosidl_typesupport_fastrtps_c;rosidl_typesupport_introspection_c
[0.109s] -- Using all available rosidl_typesupport_cpp: rosidl_typesupport_fastrtps_cpp;rosidl_typesupport_introspection_cpp
[0.124s] -- Found rmw_implementation_cmake: 6.1.2 (/opt/ros/humble/share/rmw_implementation_cmake/cmake)
[0.124s] -- Found rmw_fastrtps_cpp: 6.2.7 (/opt/ros/humble/share/rmw_fastrtps_cpp/cmake)
[0.178s] -- Using RMW implementation 'rmw_fastrtps_cpp' as default
[0.199s] -- Found rclcpp_components: 16.0.12 (/opt/ros/humble/share/rclcpp_components/cmake)
[0.207s] -- Found geometry_msgs: 4.9.0 (/opt/ros/humble/share/geometry_msgs/cmake)
[0.212s] -- Found nav_msgs: 4.9.0 (/opt/ros/humble/share/nav_msgs/cmake)
[0.220s] -- Found sensor_msgs: 4.9.0 (/opt/ros/humble/share/sensor_msgs/cmake)
[0.227s] -- Found std_srvs: 4.9.0 (/opt/ros/humble/share/std_srvs/cmake)
[0.231s] -- Found visualization_msgs: 4.9.0 (/opt/ros/humble/share/visualization_msgs/cmake)
[0.239s] -- Found pcl_ros: 2.4.5 (/opt/ros/humble/share/pcl_ros/cmake)
[0.257s] -- Eigen found (include: /usr/include/eigen3, version: 3.4.0)
[0.274s] -- FLANN found (include: /usr/include, lib: /usr/lib/x86_64-linux-gnu/libflann_cpp.so)
[0.422s] -- OpenNI found (version: 1.5.4.0, include: /usr/include/ni, lib: /usr/lib/libOpenNI.so;libusb::libusb)
[0.425s] -- OpenNI2 found (version: 2.2.0.33, include: /usr/include/openni2, lib: /usr/lib/x86_64-linux-gnu/libOpenNI2.so;libusb::libusb)
[0.498s] -- Eigen found (include: /usr/include/eigen3, version: 3.4.0)
[0.502s] -- OpenNI found (version: 1.5.4.0, include: /usr/include/ni, lib: /usr/lib/libOpenNI.so;libusb::libusb)
[0.505s] -- OpenNI2 found (version: 2.2.0.33, include: /usr/include/openni2, lib: /usr/lib/x86_64-linux-gnu/libOpenNI2.so;libusb::libusb)
[0.574s] -- Found Qhull version 8.0.2
[0.645s] -- OpenNI found (version: 1.5.4.0, include: /usr/include/ni, lib: /usr/lib/libOpenNI.so;libusb::libusb)
[0.722s] -- Found eigen3_cmake_module: 0.1.1 (/opt/ros/humble/share/eigen3_cmake_module/cmake)
[0.723s] -- Ensuring Eigen3 include directory is part of orocos-kdl CMake target
[0.750s] -- Found livox_ros_driver2: 1.0.0 (/home/aimo/livox_ws/install/livox_ros_driver2/share/livox_ros_driver2/cmake)
[0.758s] -- Found rosidl_default_generators: 1.2.0 (/opt/ros/humble/share/rosidl_default_generators/cmake)
[0.761s] [33mCMake Warning (dev) at CMakeLists.txt:81 (find_package):
[0.761s]   Policy CMP0074 is not set: find_package uses <PackageName>_ROOT variables.
[0.761s]   Run "cmake --help-policy CMP0074" for policy details.  Use the cmake_policy
[0.761s]   command to set the policy and suppress this warning.
[0.761s] 
[0.761s]   CMake variable PCL_ROOT is set to:
[0.761s] 
[0.761s]     /usr
[0.761s] 
[0.761s]   For compatibility, CMake is ignoring the variable.
[0.761s] This warning is for project developers.  Use -Wno-dev to suppress it.
[0.761s] [0m
[0.765s] [0mEigen:/usr/include/eigen3[0m
[0.765s] -- PCL: /usr/include/pcl-1.12
[0.888s] -- Found ament_cmake_ros: 0.10.0 (/opt/ros/humble/share/ament_cmake_ros/cmake)
[1.044s] -- Using all available rosidl_typesupport_c: rosidl_typesupport_fastrtps_c;rosidl_typesupport_introspection_c
[1.108s] -- Using all available rosidl_typesupport_cpp: rosidl_typesupport_fastrtps_cpp;rosidl_typesupport_introspection_cpp
[1.121s] -- Found python_cmake_module: 0.10.0 (/opt/ros/humble/share/python_cmake_module/cmake)
[1.134s] -- Found PythonLibs: /usr/lib/x86_64-linux-gnu/libpython3.10.so (found suitable version "3.10.12", minimum required is "3.5") 
[1.134s] -- Using PYTHON_EXECUTABLE: /usr/bin/python3
[1.134s] -- Using PYTHON_INCLUDE_DIRS: /usr/include/python3.10
[1.134s] -- Using PYTHON_LIBRARIES: /usr/lib/x86_64-linux-gnu/libpython3.10.so
[1.149s] -- Configuring done
[1.176s] -- Generating done
[1.184s] -- Build files have been written to: /home/aimo/livox_ws/build/fast_lio
[1.196s] Invoked command in '/home/aimo/livox_ws/build/fast_lio' returned '0': AMENT_PREFIX_PATH=/home/aimo/livox_ws/install/livox_ros_driver2:${AMENT_PREFIX_PATH} CMAKE_PREFIX_PATH=/home/aimo/livox_ws/install/livox_ros_driver2:/opt/ros/humble LD_LIBRARY_PATH=/home/aimo/livox_ws/install/livox_ros_driver2/lib:${LD_LIBRARY_PATH} PYTHONPATH=/home/aimo/livox_ws/install/livox_ros_driver2/local/lib/python3.10/dist-packages:${PYTHONPATH} /usr/bin/cmake /home/aimo/livox_ws/src/FAST_LIO_ROS2 -DAMENT_CMAKE_SYMLINK_INSTALL=1 -DCMAKE_INSTALL_PREFIX=/home/aimo/livox_ws/install/fast_lio
[1.196s] Invoking command in '/home/aimo/livox_ws/build/fast_lio': AMENT_PREFIX_PATH=/home/aimo/livox_ws/install/livox_ros_driver2:${AMENT_PREFIX_PATH} CMAKE_PREFIX_PATH=/home/aimo/livox_ws/install/livox_ros_driver2:/opt/ros/humble LD_LIBRARY_PATH=/home/aimo/livox_ws/install/livox_ros_driver2/lib:${LD_LIBRARY_PATH} PYTHONPATH=/home/aimo/livox_ws/install/livox_ros_driver2/local/lib/python3.10/dist-packages:${PYTHONPATH} /usr/bin/cmake --build /home/aimo/livox_ws/build/fast_lio -- -j20 -l20
[1.219s] [35m[1mConsolidate compiler generated dependencies of target fast_lio__rosidl_generator_c[0m
[1.225s] [  5%] Built target fast_lio__cpp
[1.225s] [ 11%] Built target fast_lio__rosidl_generator_c
[1.230s] [ 11%] Built target ament_cmake_python_symlink_fast_lio
[1.230s] [35m[1mConsolidate compiler generated dependencies of target fast_lio__rosidl_typesupport_fastrtps_c[0m
[1.231s] [35m[1mConsolidate compiler generated dependencies of target fast_lio__rosidl_typesupport_introspection_c[0m
[1.231s] [35m[1mConsolidate compiler generated dependencies of target fast_lio__rosidl_typesupport_c[0m
[1.231s] [35m[1mConsolidate compiler generated dependencies of target fast_lio__rosidl_typesupport_introspection_cpp[0m
[1.235s] [35m[1mConsolidate compiler generated dependencies of target fast_lio__rosidl_typesupport_cpp[0m
[1.235s] [35m[1mConsolidate compiler generated dependencies of target fast_lio__rosidl_typesupport_fastrtps_cpp[0m
[1.235s] [ 20%] Built target fast_lio__rosidl_typesupport_c
[1.237s] [ 28%] Built target fast_lio__rosidl_typesupport_introspection_c
[1.237s] [ 45%] Built target fast_lio__rosidl_typesupport_introspection_cpp
[1.238s] [ 45%] Built target fast_lio__rosidl_typesupport_fastrtps_c
[1.241s] [ 54%] Built target fast_lio__rosidl_typesupport_fastrtps_cpp
[1.241s] [ 62%] Built target fast_lio__rosidl_typesupport_cpp
[1.248s] [35m[1mConsolidate compiler generated dependencies of target fastlio_mapping[0m
[1.252s] [ 62%] Built target fast_lio
[1.262s] [ 65%] Built target fast_lio__py
[1.263s] [ 77%] Built target fastlio_mapping
[1.267s] [35m[1mConsolidate compiler generated dependencies of target fast_lio__rosidl_generator_py[0m
[1.273s] [ 82%] Built target fast_lio__rosidl_generator_py
[1.279s] [35m[1mConsolidate compiler generated dependencies of target fast_lio__rosidl_typesupport_introspection_c__pyext[0m
[1.279s] [35m[1mConsolidate compiler generated dependencies of target fast_lio__rosidl_typesupport_fastrtps_c__pyext[0m
[1.279s] [35m[1mConsolidate compiler generated dependencies of target fast_lio__rosidl_typesupport_c__pyext[0m
[1.284s] [ 88%] Built target fast_lio__rosidl_typesupport_introspection_c__pyext
[1.285s] [ 94%] Built target fast_lio__rosidl_typesupport_c__pyext
[1.285s] [100%] Built target fast_lio__rosidl_typesupport_fastrtps_c__pyext
[1.332s] running egg_info
[1.332s] writing fast_lio.egg-info/PKG-INFO
[1.332s] writing dependency_links to fast_lio.egg-info/dependency_links.txt
[1.332s] writing top-level names to fast_lio.egg-info/top_level.txt
[1.333s] reading manifest file 'fast_lio.egg-info/SOURCES.txt'
[1.333s] writing manifest file 'fast_lio.egg-info/SOURCES.txt'
[1.347s] [100%] Built target ament_cmake_python_build_fast_lio_egg
[1.353s] Invoked command in '/home/aimo/livox_ws/build/fast_lio' returned '0': AMENT_PREFIX_PATH=/home/aimo/livox_ws/install/livox_ros_driver2:${AMENT_PREFIX_PATH} CMAKE_PREFIX_PATH=/home/aimo/livox_ws/install/livox_ros_driver2:/opt/ros/humble LD_LIBRARY_PATH=/home/aimo/livox_ws/install/livox_ros_driver2/lib:${LD_LIBRARY_PATH} PYTHONPATH=/home/aimo/livox_ws/install/livox_ros_driver2/local/lib/python3.10/dist-packages:${PYTHONPATH} /usr/bin/cmake --build /home/aimo/livox_ws/build/fast_lio -- -j20 -l20
[1.354s] Invoking command in '/home/aimo/livox_ws/build/fast_lio': AMENT_PREFIX_PATH=/home/aimo/livox_ws/install/livox_ros_driver2:${AMENT_PREFIX_PATH} CMAKE_PREFIX_PATH=/home/aimo/livox_ws/install/livox_ros_driver2:/opt/ros/humble LD_LIBRARY_PATH=/home/aimo/livox_ws/install/livox_ros_driver2/lib:${LD_LIBRARY_PATH} PYTHONPATH=/home/aimo/livox_ws/install/livox_ros_driver2/local/lib/python3.10/dist-packages:${PYTHONPATH} /usr/bin/cmake --install /home/aimo/livox_ws/build/fast_lio
[1.359s] -- Install configuration: "Release"
[1.360s] -- Execute custom install script
[1.360s] -- Up-to-date symlink: /home/aimo/livox_ws/install/fast_lio/share/ament_index/resource_index/rosidl_interfaces/fast_lio
[1.360s] -- Up-to-date symlink: /home/aimo/livox_ws/install/fast_lio/include/fast_lio/fast_lio/msg/detail/pose6_d__functions.h
[1.360s] -- Up-to-date symlink: /home/aimo/livox_ws/install/fast_lio/include/fast_lio/fast_lio/msg/detail/pose6_d__struct.h
[1.360s] -- Up-to-date symlink: /home/aimo/livox_ws/install/fast_lio/include/fast_lio/fast_lio/msg/detail/pose6_d__type_support.h
[1.360s] -- Up-to-date symlink: /home/aimo/livox_ws/install/fast_lio/include/fast_lio/fast_lio/msg/pose6_d.h
[1.360s] -- Up-to-date symlink: /home/aimo/livox_ws/install/fast_lio/include/fast_lio/fast_lio/msg/rosidl_generator_c__visibility_control.h
[1.360s] -- Up-to-date symlink: /home/aimo/livox_ws/install/fast_lio/share/fast_lio/environment/library_path.sh
[1.361s] -- Up-to-date symlink: /home/aimo/livox_ws/install/fast_lio/share/fast_lio/environment/library_path.dsv
[1.361s] -- Up-to-date symlink: /home/aimo/livox_ws/install/fast_lio/include/fast_lio/fast_lio/msg/detail/pose6_d__rosidl_typesupport_fastrtps_c.h
[1.361s] -- Up-to-date symlink: /home/aimo/livox_ws/install/fast_lio/include/fast_lio/fast_lio/msg/rosidl_typesupport_fastrtps_c__visibility_control.h
[1.361s] -- Up-to-date symlink: /home/aimo/livox_ws/install/fast_lio/include/fast_lio/fast_lio/msg/detail/pose6_d__builder.hpp
[1.361s] -- Up-to-date symlink: /home/aimo/livox_ws/install/fast_lio/include/fast_lio/fast_lio/msg/detail/pose6_d__struct.hpp
[1.361s] -- Up-to-date symlink: /home/aimo/livox_ws/install/fast_lio/include/fast_lio/fast_lio/msg/detail/pose6_d__traits.hpp
[1.361s] -- Up-to-date symlink: /home/aimo/livox_ws/install/fast_lio/include/fast_lio/fast_lio/msg/detail/pose6_d__type_support.hpp
[1.361s] -- Up-to-date symlink: /home/aimo/livox_ws/install/fast_lio/include/fast_lio/fast_lio/msg/pose6_d.hpp
[1.362s] -- Up-to-date symlink: /home/aimo/livox_ws/install/fast_lio/include/fast_lio/fast_lio/msg/rosidl_generator_cpp__visibility_control.hpp
[1.362s] -- Up-to-date symlink: /home/aimo/livox_ws/install/fast_lio/include/fast_lio/fast_lio/msg/detail/pose6_d__rosidl_typesupport_fastrtps_cpp.hpp
[1.362s] -- Up-to-date symlink: /home/aimo/livox_ws/install/fast_lio/include/fast_lio/fast_lio/msg/rosidl_typesupport_fastrtps_cpp__visibility_control.h
[1.362s] -- Up-to-date symlink: /home/aimo/livox_ws/install/fast_lio/include/fast_lio/fast_lio/msg/detail/pose6_d__rosidl_typesupport_introspection_c.h
[1.362s] -- Up-to-date symlink: /home/aimo/livox_ws/install/fast_lio/include/fast_lio/fast_lio/msg/rosidl_typesupport_introspection_c__visibility_control.h
[1.362s] -- Up-to-date symlink: /home/aimo/livox_ws/install/fast_lio/include/fast_lio/fast_lio/msg/detail/pose6_d__rosidl_typesupport_introspection_cpp.hpp
[1.362s] -- Up-to-date symlink: /home/aimo/livox_ws/install/fast_lio/share/fast_lio/environment/pythonpath.sh
[1.362s] -- Up-to-date symlink: /home/aimo/livox_ws/install/fast_lio/share/fast_lio/environment/pythonpath.dsv
[1.363s] -- Up-to-date symlink: /home/aimo/livox_ws/install/fast_lio/local/lib/python3.10/dist-packages/fast_lio-0.0.0-py3.10.egg-info/PKG-INFO
[1.363s] -- Up-to-date symlink: /home/aimo/livox_ws/install/fast_lio/local/lib/python3.10/dist-packages/fast_lio-0.0.0-py3.10.egg-info/SOURCES.txt
[1.363s] -- Up-to-date symlink: /home/aimo/livox_ws/install/fast_lio/local/lib/python3.10/dist-packages/fast_lio-0.0.0-py3.10.egg-info/dependency_links.txt
[1.363s] -- Up-to-date symlink: /home/aimo/livox_ws/install/fast_lio/local/lib/python3.10/dist-packages/fast_lio-0.0.0-py3.10.egg-info/top_level.txt
[1.363s] -- Up-to-date symlink: /home/aimo/livox_ws/install/fast_lio/local/lib/python3.10/dist-packages/fast_lio/__init__.py
[1.363s] -- Up-to-date symlink: /home/aimo/livox_ws/install/fast_lio/local/lib/python3.10/dist-packages/fast_lio/_fast_lio_s.ep.rosidl_typesupport_c.c
[1.363s] -- Up-to-date symlink: /home/aimo/livox_ws/install/fast_lio/local/lib/python3.10/dist-packages/fast_lio/_fast_lio_s.ep.rosidl_typesupport_fastrtps_c.c
[1.363s] -- Up-to-date symlink: /home/aimo/livox_ws/install/fast_lio/local/lib/python3.10/dist-packages/fast_lio/_fast_lio_s.ep.rosidl_typesupport_introspection_c.c
[1.363s] -- Up-to-date symlink: /home/aimo/livox_ws/install/fast_lio/local/lib/python3.10/dist-packages/fast_lio/fast_lio_s__rosidl_typesupport_c.cpython-310-x86_64-linux-gnu.so
[1.363s] -- Up-to-date symlink: /home/aimo/livox_ws/install/fast_lio/local/lib/python3.10/dist-packages/fast_lio/fast_lio_s__rosidl_typesupport_fastrtps_c.cpython-310-x86_64-linux-gnu.so
[1.363s] -- Up-to-date symlink: /home/aimo/livox_ws/install/fast_lio/local/lib/python3.10/dist-packages/fast_lio/fast_lio_s__rosidl_typesupport_introspection_c.cpython-310-x86_64-linux-gnu.so
[1.364s] -- Up-to-date symlink: /home/aimo/livox_ws/install/fast_lio/local/lib/python3.10/dist-packages/fast_lio/libfast_lio__rosidl_generator_py.so
[1.364s] -- Up-to-date symlink: /home/aimo/livox_ws/install/fast_lio/local/lib/python3.10/dist-packages/fast_lio/msg/__init__.py
[1.364s] -- Up-to-date symlink: /home/aimo/livox_ws/install/fast_lio/local/lib/python3.10/dist-packages/fast_lio/msg/_pose6_d.py
[1.364s] -- Up-to-date symlink: /home/aimo/livox_ws/install/fast_lio/local/lib/python3.10/dist-packages/fast_lio/msg/_pose6_d_s.c
[1.364s] -- Up-to-date symlink: /home/aimo/livox_ws/install/fast_lio/local/lib/python3.10/dist-packages/fast_lio/fast_lio_s__rosidl_typesupport_fastrtps_c.cpython-310-x86_64-linux-gnu.so
[1.364s] -- Up-to-date symlink: /home/aimo/livox_ws/install/fast_lio/local/lib/python3.10/dist-packages/fast_lio/fast_lio_s__rosidl_typesupport_introspection_c.cpython-310-x86_64-linux-gnu.so
[1.364s] -- Up-to-date symlink: /home/aimo/livox_ws/install/fast_lio/local/lib/python3.10/dist-packages/fast_lio/fast_lio_s__rosidl_typesupport_c.cpython-310-x86_64-linux-gnu.so
[1.365s] -- Up-to-date symlink: /home/aimo/livox_ws/install/fast_lio/share/fast_lio/msg/Pose6D.idl
[1.365s] -- Up-to-date symlink: /home/aimo/livox_ws/install/fast_lio/share/fast_lio/msg/Pose6D.msg
[1.365s] -- Up-to-date symlink: /home/aimo/livox_ws/install/fast_lio/lib/fast_lio/fastlio_mapping
[1.365s] -- Up-to-date symlink: /home/aimo/livox_ws/install/fast_lio/share/fast_lio/config/avia.yaml
[1.365s] -- Up-to-date symlink: /home/aimo/livox_ws/install/fast_lio/share/fast_lio/config/custom.yaml
[1.365s] -- Up-to-date symlink: /home/aimo/livox_ws/install/fast_lio/share/fast_lio/config/horizon.yaml
[1.365s] -- Up-to-date symlink: /home/aimo/livox_ws/install/fast_lio/share/fast_lio/config/mid360.yaml
[1.365s] -- Up-to-date symlink: /home/aimo/livox_ws/install/fast_lio/share/fast_lio/config/ouster64.yaml
[1.366s] -- Up-to-date symlink: /home/aimo/livox_ws/install/fast_lio/share/fast_lio/config/velodyne.yaml
[1.366s] -- Up-to-date symlink: /home/aimo/livox_ws/install/fast_lio/share/fast_lio/launch/custom_mapping.launch.py
[1.366s] -- Up-to-date symlink: /home/aimo/livox_ws/install/fast_lio/share/fast_lio/launch/gdb_debug_example.launch
[1.366s] -- Up-to-date symlink: /home/aimo/livox_ws/install/fast_lio/share/fast_lio/launch/mapping.launch.py
[1.366s] -- Up-to-date symlink: /home/aimo/livox_ws/install/fast_lio/share/fast_lio/rviz/fastlio.rviz
[1.366s] -- Up-to-date symlink: /home/aimo/livox_ws/install/fast_lio/share/ament_index/resource_index/package_run_dependencies/fast_lio
[1.366s] -- Up-to-date symlink: /home/aimo/livox_ws/install/fast_lio/share/ament_index/resource_index/parent_prefix_path/fast_lio
[1.367s] -- Up-to-date symlink: /home/aimo/livox_ws/install/fast_lio/share/fast_lio/environment/ament_prefix_path.sh
[1.367s] -- Up-to-date symlink: /home/aimo/livox_ws/install/fast_lio/share/fast_lio/environment/ament_prefix_path.dsv
[1.367s] -- Up-to-date symlink: /home/aimo/livox_ws/install/fast_lio/share/fast_lio/environment/path.sh
[1.367s] -- Up-to-date symlink: /home/aimo/livox_ws/install/fast_lio/share/fast_lio/environment/path.dsv
[1.367s] -- Up-to-date symlink: /home/aimo/livox_ws/install/fast_lio/share/fast_lio/local_setup.bash
[1.367s] -- Up-to-date symlink: /home/aimo/livox_ws/install/fast_lio/share/fast_lio/local_setup.sh
[1.368s] -- Up-to-date symlink: /home/aimo/livox_ws/install/fast_lio/share/fast_lio/local_setup.zsh
[1.368s] -- Up-to-date symlink: /home/aimo/livox_ws/install/fast_lio/share/fast_lio/local_setup.dsv
[1.368s] -- Symlinking: /home/aimo/livox_ws/install/fast_lio/share/fast_lio/package.dsv
[1.373s] -- Up-to-date symlink: /home/aimo/livox_ws/install/fast_lio/share/ament_index/resource_index/packages/fast_lio
[1.373s] -- Up-to-date symlink: /home/aimo/livox_ws/install/fast_lio/share/fast_lio/cmake/rosidl_cmake-extras.cmake
[1.373s] -- Up-to-date symlink: /home/aimo/livox_ws/install/fast_lio/share/fast_lio/cmake/ament_cmake_export_include_directories-extras.cmake
[1.373s] -- Up-to-date symlink: /home/aimo/livox_ws/install/fast_lio/share/fast_lio/cmake/ament_cmake_export_libraries-extras.cmake
[1.373s] -- Up-to-date symlink: /home/aimo/livox_ws/install/fast_lio/share/fast_lio/cmake/ament_cmake_export_targets-extras.cmake
[1.373s] -- Up-to-date symlink: /home/aimo/livox_ws/install/fast_lio/share/fast_lio/cmake/rosidl_cmake_export_typesupport_targets-extras.cmake
[1.373s] -- Up-to-date symlink: /home/aimo/livox_ws/install/fast_lio/share/fast_lio/cmake/ament_cmake_export_dependencies-extras.cmake
[1.373s] -- Up-to-date symlink: /home/aimo/livox_ws/install/fast_lio/share/fast_lio/cmake/rosidl_cmake_export_typesupport_libraries-extras.cmake
[1.373s] -- Up-to-date symlink: /home/aimo/livox_ws/install/fast_lio/share/fast_lio/cmake/fast_lioConfig.cmake
[1.374s] -- Up-to-date symlink: /home/aimo/livox_ws/install/fast_lio/share/fast_lio/cmake/fast_lioConfig-version.cmake
[1.374s] -- Up-to-date symlink: /home/aimo/livox_ws/install/fast_lio/share/fast_lio/package.xml
[1.374s] -- Up-to-date: /home/aimo/livox_ws/install/fast_lio/lib/libfast_lio__rosidl_generator_c.so
[1.374s] -- Up-to-date: /home/aimo/livox_ws/install/fast_lio/lib/libfast_lio__rosidl_typesupport_fastrtps_c.so
[1.374s] -- Up-to-date: /home/aimo/livox_ws/install/fast_lio/lib/libfast_lio__rosidl_typesupport_fastrtps_cpp.so
[1.374s] -- Up-to-date: /home/aimo/livox_ws/install/fast_lio/lib/libfast_lio__rosidl_typesupport_introspection_c.so
[1.374s] -- Up-to-date: /home/aimo/livox_ws/install/fast_lio/lib/libfast_lio__rosidl_typesupport_c.so
[1.374s] -- Up-to-date: /home/aimo/livox_ws/install/fast_lio/lib/libfast_lio__rosidl_typesupport_introspection_cpp.so
[1.375s] -- Up-to-date: /home/aimo/livox_ws/install/fast_lio/lib/libfast_lio__rosidl_typesupport_cpp.so
[1.391s] Listing '/home/aimo/livox_ws/install/fast_lio/local/lib/python3.10/dist-packages/fast_lio'...
[1.391s] Compiling '/home/aimo/livox_ws/install/fast_lio/local/lib/python3.10/dist-packages/fast_lio/__init__.py'...
[1.391s] Listing '/home/aimo/livox_ws/install/fast_lio/local/lib/python3.10/dist-packages/fast_lio/msg'...
[1.393s] -- Up-to-date: /home/aimo/livox_ws/install/fast_lio/lib/libfast_lio__rosidl_generator_py.so
[1.393s] -- Up-to-date: /home/aimo/livox_ws/install/fast_lio/share/fast_lio/cmake/export_fast_lio__rosidl_generator_cExport.cmake
[1.393s] -- Up-to-date: /home/aimo/livox_ws/install/fast_lio/share/fast_lio/cmake/export_fast_lio__rosidl_generator_cExport-release.cmake
[1.394s] -- Up-to-date: /home/aimo/livox_ws/install/fast_lio/share/fast_lio/cmake/export_fast_lio__rosidl_typesupport_fastrtps_cExport.cmake
[1.394s] -- Up-to-date: /home/aimo/livox_ws/install/fast_lio/share/fast_lio/cmake/export_fast_lio__rosidl_typesupport_fastrtps_cExport-release.cmake
[1.394s] -- Up-to-date: /home/aimo/livox_ws/install/fast_lio/share/fast_lio/cmake/export_fast_lio__rosidl_generator_cppExport.cmake
[1.394s] -- Up-to-date: /home/aimo/livox_ws/install/fast_lio/share/fast_lio/cmake/export_fast_lio__rosidl_typesupport_fastrtps_cppExport.cmake
[1.394s] -- Up-to-date: /home/aimo/livox_ws/install/fast_lio/share/fast_lio/cmake/export_fast_lio__rosidl_typesupport_fastrtps_cppExport-release.cmake
[1.394s] -- Up-to-date: /home/aimo/livox_ws/install/fast_lio/share/fast_lio/cmake/fast_lio__rosidl_typesupport_introspection_cExport.cmake
[1.394s] -- Up-to-date: /home/aimo/livox_ws/install/fast_lio/share/fast_lio/cmake/fast_lio__rosidl_typesupport_introspection_cExport-release.cmake
[1.394s] -- Up-to-date: /home/aimo/livox_ws/install/fast_lio/share/fast_lio/cmake/fast_lio__rosidl_typesupport_cExport.cmake
[1.394s] -- Up-to-date: /home/aimo/livox_ws/install/fast_lio/share/fast_lio/cmake/fast_lio__rosidl_typesupport_cExport-release.cmake
[1.394s] -- Up-to-date: /home/aimo/livox_ws/install/fast_lio/share/fast_lio/cmake/fast_lio__rosidl_typesupport_introspection_cppExport.cmake
[1.394s] -- Up-to-date: /home/aimo/livox_ws/install/fast_lio/share/fast_lio/cmake/fast_lio__rosidl_typesupport_introspection_cppExport-release.cmake
[1.394s] -- Up-to-date: /home/aimo/livox_ws/install/fast_lio/share/fast_lio/cmake/fast_lio__rosidl_typesupport_cppExport.cmake
[1.394s] -- Up-to-date: /home/aimo/livox_ws/install/fast_lio/share/fast_lio/cmake/fast_lio__rosidl_typesupport_cppExport-release.cmake
[1.394s] -- Up-to-date: /home/aimo/livox_ws/install/fast_lio/share/fast_lio/cmake/export_fast_lio__rosidl_generator_pyExport.cmake
[1.394s] -- Up-to-date: /home/aimo/livox_ws/install/fast_lio/share/fast_lio/cmake/export_fast_lio__rosidl_generator_pyExport-release.cmake
[1.397s] Invoked command in '/home/aimo/livox_ws/build/fast_lio' returned '0': AMENT_PREFIX_PATH=/home/aimo/livox_ws/install/livox_ros_driver2:${AMENT_PREFIX_PATH} CMAKE_PREFIX_PATH=/home/aimo/livox_ws/install/livox_ros_driver2:/opt/ros/humble LD_LIBRARY_PATH=/home/aimo/livox_ws/install/livox_ros_driver2/lib:${LD_LIBRARY_PATH} PYTHONPATH=/home/aimo/livox_ws/install/livox_ros_driver2/local/lib/python3.10/dist-packages:${PYTHONPATH} /usr/bin/cmake --install /home/aimo/livox_ws/build/fast_lio
