[0.006s] Invoking command in '/home/aimo/livox_ws/build/fast_lio': AMENT_PREFIX_PATH=/home/aimo/livox_ws/install/livox_ros_driver2:${AMENT_PREFIX_PATH} CMAKE_PREFIX_PATH=/home/aimo/livox_ws/install/livox_ros_driver2:/opt/ros/humble LD_LIBRARY_PATH=/home/aimo/livox_ws/install/livox_ros_driver2/lib:${LD_LIBRARY_PATH} PYTHONPATH=/home/aimo/livox_ws/install/livox_ros_driver2/local/lib/python3.10/dist-packages:${PYTHONPATH} /usr/bin/cmake /home/aimo/livox_ws/src/FAST_LIO_ROS2 -DCMAKE_BUILD_TYPE=release -DAMENT_CMAKE_SYMLINK_INSTALL=1 -DCMAKE_INSTALL_PREFIX=/home/aimo/livox_ws/install/fast_lio
[0.014s] [0mCurrent CPU archtecture: x86_64[0m
[0.018s] [0mProcesser number:  20[0m
[0.018s] [0mcore for MP: 3[0m
[0.020s] -- Found PythonLibs: /usr/lib/x86_64-linux-gnu/libpython3.10.so (found version "3.10.12") 
[0.023s] -- Found ament_cmake: 1.3.11 (/opt/ros/humble/share/ament_cmake/cmake)
[0.085s] -- Override CMake install command with custom implementation using symlinks instead of copying resources
[0.092s] -- Found rclcpp: 16.0.12 (/opt/ros/humble/share/rclcpp/cmake)
[0.102s] -- Found rosidl_generator_c: 3.1.6 (/opt/ros/humble/share/rosidl_generator_c/cmake)
[0.103s] -- Found rosidl_adapter: 3.1.6 (/opt/ros/humble/share/rosidl_adapter/cmake)
[0.106s] -- Found rosidl_generator_cpp: 3.1.6 (/opt/ros/humble/share/rosidl_generator_cpp/cmake)
[0.114s] -- Using all available rosidl_typesupport_c: rosidl_typesupport_fastrtps_c;rosidl_typesupport_introspection_c
[0.120s] -- Using all available rosidl_typesupport_cpp: rosidl_typesupport_fastrtps_cpp;rosidl_typesupport_introspection_cpp
[0.134s] -- Found rmw_implementation_cmake: 6.1.2 (/opt/ros/humble/share/rmw_implementation_cmake/cmake)
[0.135s] -- Found rmw_fastrtps_cpp: 6.2.7 (/opt/ros/humble/share/rmw_fastrtps_cpp/cmake)
[0.184s] -- Using RMW implementation 'rmw_fastrtps_cpp' as default
[0.207s] -- Found rclcpp_components: 16.0.12 (/opt/ros/humble/share/rclcpp_components/cmake)
[0.213s] -- Found geometry_msgs: 4.9.0 (/opt/ros/humble/share/geometry_msgs/cmake)
[0.219s] -- Found nav_msgs: 4.9.0 (/opt/ros/humble/share/nav_msgs/cmake)
[0.226s] -- Found sensor_msgs: 4.9.0 (/opt/ros/humble/share/sensor_msgs/cmake)
[0.236s] -- Found std_srvs: 4.9.0 (/opt/ros/humble/share/std_srvs/cmake)
[0.242s] -- Found visualization_msgs: 4.9.0 (/opt/ros/humble/share/visualization_msgs/cmake)
[0.255s] -- Found pcl_ros: 2.4.5 (/opt/ros/humble/share/pcl_ros/cmake)
[0.276s] -- Eigen found (include: /usr/include/eigen3, version: 3.4.0)
[0.292s] -- FLANN found (include: /usr/include, lib: /usr/lib/x86_64-linux-gnu/libflann_cpp.so)
[0.443s] -- OpenNI found (version: 1.5.4.0, include: /usr/include/ni, lib: /usr/lib/libOpenNI.so;libusb::libusb)
[0.446s] -- OpenNI2 found (version: 2.2.0.33, include: /usr/include/openni2, lib: /usr/lib/x86_64-linux-gnu/libOpenNI2.so;libusb::libusb)
[0.524s] -- Eigen found (include: /usr/include/eigen3, version: 3.4.0)
[0.526s] -- OpenNI found (version: 1.5.4.0, include: /usr/include/ni, lib: /usr/lib/libOpenNI.so;libusb::libusb)
[0.530s] -- OpenNI2 found (version: 2.2.0.33, include: /usr/include/openni2, lib: /usr/lib/x86_64-linux-gnu/libOpenNI2.so;libusb::libusb)
[0.597s] -- Found Qhull version 8.0.2
[0.669s] -- OpenNI found (version: 1.5.4.0, include: /usr/include/ni, lib: /usr/lib/libOpenNI.so;libusb::libusb)
[0.747s] -- Found eigen3_cmake_module: 0.1.1 (/opt/ros/humble/share/eigen3_cmake_module/cmake)
[0.747s] -- Ensuring Eigen3 include directory is part of orocos-kdl CMake target
[0.773s] -- Found livox_ros_driver2: 1.0.0 (/home/aimo/livox_ws/install/livox_ros_driver2/share/livox_ros_driver2/cmake)
[0.787s] -- Found rosidl_default_generators: 1.2.0 (/opt/ros/humble/share/rosidl_default_generators/cmake)
[0.792s] [33mCMake Warning (dev) at CMakeLists.txt:81 (find_package):
[0.792s]   Policy CMP0074 is not set: find_package uses <PackageName>_ROOT variables.
[0.792s]   Run "cmake --help-policy CMP0074" for policy details.  Use the cmake_policy
[0.792s]   command to set the policy and suppress this warning.
[0.792s] 
[0.792s]   CMake variable PCL_ROOT is set to:
[0.792s] 
[0.792s]     /usr
[0.792s] 
[0.792s]   For compatibility, CMake is ignoring the variable.
[0.792s] This warning is for project developers.  Use -Wno-dev to suppress it.
[0.792s] [0m
[0.798s] -- PCL: /usr/include/pcl-1.12
[0.800s] [0mEigen:/usr/include/eigen3[0m
[0.938s] -- Found ament_cmake_ros: 0.10.0 (/opt/ros/humble/share/ament_cmake_ros/cmake)
[1.110s] -- Using all available rosidl_typesupport_c: rosidl_typesupport_fastrtps_c;rosidl_typesupport_introspection_c
[1.169s] -- Using all available rosidl_typesupport_cpp: rosidl_typesupport_fastrtps_cpp;rosidl_typesupport_introspection_cpp
[1.182s] -- Found python_cmake_module: 0.10.0 (/opt/ros/humble/share/python_cmake_module/cmake)
[1.194s] -- Found PythonLibs: /usr/lib/x86_64-linux-gnu/libpython3.10.so (found suitable version "3.10.12", minimum required is "3.5") 
[1.194s] -- Using PYTHON_EXECUTABLE: /usr/bin/python3
[1.194s] -- Using PYTHON_INCLUDE_DIRS: /usr/include/python3.10
[1.194s] -- Using PYTHON_LIBRARIES: /usr/lib/x86_64-linux-gnu/libpython3.10.so
[1.215s] -- Configuring done
[1.257s] -- Generating done
[1.265s] -- Build files have been written to: /home/aimo/livox_ws/build/fast_lio
[1.279s] Invoked command in '/home/aimo/livox_ws/build/fast_lio' returned '0': AMENT_PREFIX_PATH=/home/aimo/livox_ws/install/livox_ros_driver2:${AMENT_PREFIX_PATH} CMAKE_PREFIX_PATH=/home/aimo/livox_ws/install/livox_ros_driver2:/opt/ros/humble LD_LIBRARY_PATH=/home/aimo/livox_ws/install/livox_ros_driver2/lib:${LD_LIBRARY_PATH} PYTHONPATH=/home/aimo/livox_ws/install/livox_ros_driver2/local/lib/python3.10/dist-packages:${PYTHONPATH} /usr/bin/cmake /home/aimo/livox_ws/src/FAST_LIO_ROS2 -DCMAKE_BUILD_TYPE=release -DAMENT_CMAKE_SYMLINK_INSTALL=1 -DCMAKE_INSTALL_PREFIX=/home/aimo/livox_ws/install/fast_lio
[1.280s] Invoking command in '/home/aimo/livox_ws/build/fast_lio': AMENT_PREFIX_PATH=/home/aimo/livox_ws/install/livox_ros_driver2:${AMENT_PREFIX_PATH} CMAKE_PREFIX_PATH=/home/aimo/livox_ws/install/livox_ros_driver2:/opt/ros/humble LD_LIBRARY_PATH=/home/aimo/livox_ws/install/livox_ros_driver2/lib:${LD_LIBRARY_PATH} PYTHONPATH=/home/aimo/livox_ws/install/livox_ros_driver2/local/lib/python3.10/dist-packages:${PYTHONPATH} /usr/bin/cmake --build /home/aimo/livox_ws/build/fast_lio -- -j20 -l20
[1.307s] [35m[1mConsolidate compiler generated dependencies of target fast_lio__rosidl_generator_c[0m
[1.314s] [  8%] Built target fast_lio__rosidl_generator_c
[1.314s] [ 11%] Built target fast_lio__cpp
[1.318s] [ 11%] Built target ament_cmake_python_symlink_fast_lio
[1.320s] [35m[1mConsolidate compiler generated dependencies of target fast_lio__rosidl_typesupport_fastrtps_c[0m
[1.320s] [35m[1mConsolidate compiler generated dependencies of target fast_lio__rosidl_typesupport_c[0m
[1.320s] [35m[1mConsolidate compiler generated dependencies of target fast_lio__rosidl_typesupport_introspection_c[0m
[1.320s] [35m[1mConsolidate compiler generated dependencies of target fast_lio__rosidl_typesupport_introspection_cpp[0m
[1.325s] [35m[1mConsolidate compiler generated dependencies of target fast_lio__rosidl_typesupport_cpp[0m
[1.325s] [35m[1mConsolidate compiler generated dependencies of target fast_lio__rosidl_typesupport_fastrtps_cpp[0m
[1.325s] [ 25%] Built target fast_lio__rosidl_typesupport_c
[1.326s] [ 37%] Built target fast_lio__rosidl_typesupport_fastrtps_c
[1.326s] [ 28%] Built target fast_lio__rosidl_typesupport_introspection_c
[1.327s] [ 45%] Built target fast_lio__rosidl_typesupport_introspection_cpp
[1.330s] [ 54%] Built target fast_lio__rosidl_typesupport_cpp
[1.332s] [ 62%] Built target fast_lio__rosidl_typesupport_fastrtps_cpp
[1.342s] [35m[1mConsolidate compiler generated dependencies of target fastlio_mapping[0m
[1.344s] [ 62%] Built target fast_lio
[1.356s] [ 65%] Built target fast_lio__py
[1.361s] [35m[1mConsolidate compiler generated dependencies of target fast_lio__rosidl_generator_py[0m
[1.364s] [ 68%] [32mBuilding CXX object CMakeFiles/fastlio_mapping.dir/src/laserMapping.cpp.o[0m
[1.367s] [ 74%] Built target fast_lio__rosidl_generator_py
[1.374s] [35m[1mConsolidate compiler generated dependencies of target fast_lio__rosidl_typesupport_introspection_c__pyext[0m
[1.374s] [35m[1mConsolidate compiler generated dependencies of target fast_lio__rosidl_typesupport_c__pyext[0m
[1.374s] [35m[1mConsolidate compiler generated dependencies of target fast_lio__rosidl_typesupport_fastrtps_c__pyext[0m
[1.381s] [ 91%] Built target fast_lio__rosidl_typesupport_introspection_c__pyext
[1.381s] [ 91%] Built target fast_lio__rosidl_typesupport_c__pyext
[1.381s] [ 91%] Built target fast_lio__rosidl_typesupport_fastrtps_c__pyext
[1.422s] running egg_info
[1.422s] writing fast_lio.egg-info/PKG-INFO
[1.423s] writing dependency_links to fast_lio.egg-info/dependency_links.txt
[1.423s] writing top-level names to fast_lio.egg-info/top_level.txt
[1.423s] reading manifest file 'fast_lio.egg-info/SOURCES.txt'
[1.424s] writing manifest file 'fast_lio.egg-info/SOURCES.txt'
[1.440s] [ 91%] Built target ament_cmake_python_build_fast_lio_egg
[4.206s] In file included from [01m[K/usr/include/boost/smart_ptr/detail/sp_thread_sleep.hpp:22[m[K,
[4.206s]                  from [01m[K/usr/include/boost/smart_ptr/detail/yield_k.hpp:23[m[K,
[4.206s]                  from [01m[K/usr/include/boost/smart_ptr/detail/spinlock_gcc_atomic.hpp:14[m[K,
[4.206s]                  from [01m[K/usr/include/boost/smart_ptr/detail/spinlock.hpp:42[m[K,
[4.206s]                  from [01m[K/usr/include/boost/smart_ptr/detail/spinlock_pool.hpp:25[m[K,
[4.206s]                  from [01m[K/usr/include/boost/smart_ptr/shared_ptr.hpp:29[m[K,
[4.206s]                  from [01m[K/usr/include/boost/shared_ptr.hpp:17[m[K,
[4.206s]                  from [01m[K/usr/include/boost/date_time/microsec_time_clock.hpp:18[m[K,
[4.206s]                  from [01m[K/usr/include/boost/interprocess/detail/posix_time_types_wrk.hpp:31[m[K,
[4.207s]                  from [01m[K/usr/include/boost/interprocess/detail/os_thread_functions.hpp:36[m[K,
[4.207s]                  from [01m[K/usr/include/boost/interprocess/sync/file_lock.hpp:26[m[K,
[4.207s]                  from [01m[K/usr/include/pcl-1.12/pcl/io/pcd_io.h:46[m[K,
[4.207s]                  from [01m[K/opt/ros/humble/include/pcl_conversions/pcl_conversions/pcl_conversions.h:73[m[K,
[4.207s]                  from [01m[K/home/aimo/livox_ws/src/FAST_LIO_ROS2/src/IMU_Processing.hpp:18[m[K,
[4.207s]                  from [01m[K/home/aimo/livox_ws/src/FAST_LIO_ROS2/src/laserMapping.cpp:47[m[K:
[4.207s] [01m[K/usr/include/boost/bind.hpp:36:1:[m[K [01;36m[Knote: [m[K‘[01m[K#pragma message: The practice of declaring the Bind placeholders (_1, _2, ...) in the global namespace is deprecated. Please use <boost/bind/bind.hpp> + using namespace boost::placeholders, or define BOOST_BIND_GLOBAL_PLACEHOLDERS to retain the current behavior.[m[K’
[4.207s]    36 | [01;36m[KBOOST_PRAGMA_MESSAGE[m[K(
[4.207s]       | [01;36m[K^~~~~~~~~~~~~~~~~~~~[m[K
[35.893s] [ 94%] [32m[1mLinking CXX executable fastlio_mapping[0m
[36.485s] [100%] Built target fastlio_mapping
[36.491s] Invoked command in '/home/aimo/livox_ws/build/fast_lio' returned '0': AMENT_PREFIX_PATH=/home/aimo/livox_ws/install/livox_ros_driver2:${AMENT_PREFIX_PATH} CMAKE_PREFIX_PATH=/home/aimo/livox_ws/install/livox_ros_driver2:/opt/ros/humble LD_LIBRARY_PATH=/home/aimo/livox_ws/install/livox_ros_driver2/lib:${LD_LIBRARY_PATH} PYTHONPATH=/home/aimo/livox_ws/install/livox_ros_driver2/local/lib/python3.10/dist-packages:${PYTHONPATH} /usr/bin/cmake --build /home/aimo/livox_ws/build/fast_lio -- -j20 -l20
[36.491s] Invoking command in '/home/aimo/livox_ws/build/fast_lio': AMENT_PREFIX_PATH=/home/aimo/livox_ws/install/livox_ros_driver2:${AMENT_PREFIX_PATH} CMAKE_PREFIX_PATH=/home/aimo/livox_ws/install/livox_ros_driver2:/opt/ros/humble LD_LIBRARY_PATH=/home/aimo/livox_ws/install/livox_ros_driver2/lib:${LD_LIBRARY_PATH} PYTHONPATH=/home/aimo/livox_ws/install/livox_ros_driver2/local/lib/python3.10/dist-packages:${PYTHONPATH} /usr/bin/cmake --install /home/aimo/livox_ws/build/fast_lio
[36.496s] -- Install configuration: "release"
[36.497s] -- Execute custom install script
[36.498s] -- Up-to-date symlink: /home/aimo/livox_ws/install/fast_lio/share/ament_index/resource_index/rosidl_interfaces/fast_lio
[36.498s] -- Up-to-date symlink: /home/aimo/livox_ws/install/fast_lio/include/fast_lio/fast_lio/msg/detail/pose6_d__functions.h
[36.498s] -- Up-to-date symlink: /home/aimo/livox_ws/install/fast_lio/include/fast_lio/fast_lio/msg/detail/pose6_d__struct.h
[36.498s] -- Up-to-date symlink: /home/aimo/livox_ws/install/fast_lio/include/fast_lio/fast_lio/msg/detail/pose6_d__type_support.h
[36.499s] -- Up-to-date symlink: /home/aimo/livox_ws/install/fast_lio/include/fast_lio/fast_lio/msg/pose6_d.h
[36.499s] -- Up-to-date symlink: /home/aimo/livox_ws/install/fast_lio/include/fast_lio/fast_lio/msg/rosidl_generator_c__visibility_control.h
[36.499s] -- Up-to-date symlink: /home/aimo/livox_ws/install/fast_lio/share/fast_lio/environment/library_path.sh
[36.499s] -- Up-to-date symlink: /home/aimo/livox_ws/install/fast_lio/share/fast_lio/environment/library_path.dsv
[36.499s] -- Up-to-date symlink: /home/aimo/livox_ws/install/fast_lio/include/fast_lio/fast_lio/msg/detail/pose6_d__rosidl_typesupport_fastrtps_c.h
[36.499s] -- Up-to-date symlink: /home/aimo/livox_ws/install/fast_lio/include/fast_lio/fast_lio/msg/rosidl_typesupport_fastrtps_c__visibility_control.h
[36.500s] -- Up-to-date symlink: /home/aimo/livox_ws/install/fast_lio/include/fast_lio/fast_lio/msg/detail/pose6_d__builder.hpp
[36.500s] -- Up-to-date symlink: /home/aimo/livox_ws/install/fast_lio/include/fast_lio/fast_lio/msg/detail/pose6_d__struct.hpp
[36.500s] -- Up-to-date symlink: /home/aimo/livox_ws/install/fast_lio/include/fast_lio/fast_lio/msg/detail/pose6_d__traits.hpp
[36.500s] -- Up-to-date symlink: /home/aimo/livox_ws/install/fast_lio/include/fast_lio/fast_lio/msg/detail/pose6_d__type_support.hpp
[36.500s] -- Up-to-date symlink: /home/aimo/livox_ws/install/fast_lio/include/fast_lio/fast_lio/msg/pose6_d.hpp
[36.500s] -- Up-to-date symlink: /home/aimo/livox_ws/install/fast_lio/include/fast_lio/fast_lio/msg/rosidl_generator_cpp__visibility_control.hpp
[36.501s] -- Up-to-date symlink: /home/aimo/livox_ws/install/fast_lio/include/fast_lio/fast_lio/msg/detail/pose6_d__rosidl_typesupport_fastrtps_cpp.hpp
[36.501s] -- Up-to-date symlink: /home/aimo/livox_ws/install/fast_lio/include/fast_lio/fast_lio/msg/rosidl_typesupport_fastrtps_cpp__visibility_control.h
[36.501s] -- Up-to-date symlink: /home/aimo/livox_ws/install/fast_lio/include/fast_lio/fast_lio/msg/detail/pose6_d__rosidl_typesupport_introspection_c.h
[36.501s] -- Up-to-date symlink: /home/aimo/livox_ws/install/fast_lio/include/fast_lio/fast_lio/msg/rosidl_typesupport_introspection_c__visibility_control.h
[36.501s] -- Up-to-date symlink: /home/aimo/livox_ws/install/fast_lio/include/fast_lio/fast_lio/msg/detail/pose6_d__rosidl_typesupport_introspection_cpp.hpp
[36.501s] -- Up-to-date symlink: /home/aimo/livox_ws/install/fast_lio/share/fast_lio/environment/pythonpath.sh
[36.502s] -- Up-to-date symlink: /home/aimo/livox_ws/install/fast_lio/share/fast_lio/environment/pythonpath.dsv
[36.502s] -- Up-to-date symlink: /home/aimo/livox_ws/install/fast_lio/local/lib/python3.10/dist-packages/fast_lio-0.0.0-py3.10.egg-info/PKG-INFO
[36.502s] -- Up-to-date symlink: /home/aimo/livox_ws/install/fast_lio/local/lib/python3.10/dist-packages/fast_lio-0.0.0-py3.10.egg-info/SOURCES.txt
[36.502s] -- Up-to-date symlink: /home/aimo/livox_ws/install/fast_lio/local/lib/python3.10/dist-packages/fast_lio-0.0.0-py3.10.egg-info/dependency_links.txt
[36.502s] -- Up-to-date symlink: /home/aimo/livox_ws/install/fast_lio/local/lib/python3.10/dist-packages/fast_lio-0.0.0-py3.10.egg-info/top_level.txt
[36.503s] -- Up-to-date symlink: /home/aimo/livox_ws/install/fast_lio/local/lib/python3.10/dist-packages/fast_lio/__init__.py
[36.503s] -- Up-to-date symlink: /home/aimo/livox_ws/install/fast_lio/local/lib/python3.10/dist-packages/fast_lio/_fast_lio_s.ep.rosidl_typesupport_c.c
[36.503s] -- Up-to-date symlink: /home/aimo/livox_ws/install/fast_lio/local/lib/python3.10/dist-packages/fast_lio/_fast_lio_s.ep.rosidl_typesupport_fastrtps_c.c
[36.503s] -- Up-to-date symlink: /home/aimo/livox_ws/install/fast_lio/local/lib/python3.10/dist-packages/fast_lio/_fast_lio_s.ep.rosidl_typesupport_introspection_c.c
[36.503s] -- Up-to-date symlink: /home/aimo/livox_ws/install/fast_lio/local/lib/python3.10/dist-packages/fast_lio/fast_lio_s__rosidl_typesupport_c.cpython-310-x86_64-linux-gnu.so
[36.503s] -- Up-to-date symlink: /home/aimo/livox_ws/install/fast_lio/local/lib/python3.10/dist-packages/fast_lio/fast_lio_s__rosidl_typesupport_fastrtps_c.cpython-310-x86_64-linux-gnu.so
[36.504s] -- Up-to-date symlink: /home/aimo/livox_ws/install/fast_lio/local/lib/python3.10/dist-packages/fast_lio/fast_lio_s__rosidl_typesupport_introspection_c.cpython-310-x86_64-linux-gnu.so
[36.504s] -- Up-to-date symlink: /home/aimo/livox_ws/install/fast_lio/local/lib/python3.10/dist-packages/fast_lio/libfast_lio__rosidl_generator_py.so
[36.504s] -- Up-to-date symlink: /home/aimo/livox_ws/install/fast_lio/local/lib/python3.10/dist-packages/fast_lio/msg/__init__.py
[36.504s] -- Up-to-date symlink: /home/aimo/livox_ws/install/fast_lio/local/lib/python3.10/dist-packages/fast_lio/msg/_pose6_d.py
[36.505s] -- Up-to-date symlink: /home/aimo/livox_ws/install/fast_lio/local/lib/python3.10/dist-packages/fast_lio/msg/_pose6_d_s.c
[36.505s] -- Up-to-date symlink: /home/aimo/livox_ws/install/fast_lio/local/lib/python3.10/dist-packages/fast_lio/fast_lio_s__rosidl_typesupport_fastrtps_c.cpython-310-x86_64-linux-gnu.so
[36.505s] -- Up-to-date symlink: /home/aimo/livox_ws/install/fast_lio/local/lib/python3.10/dist-packages/fast_lio/fast_lio_s__rosidl_typesupport_introspection_c.cpython-310-x86_64-linux-gnu.so
[36.505s] -- Up-to-date symlink: /home/aimo/livox_ws/install/fast_lio/local/lib/python3.10/dist-packages/fast_lio/fast_lio_s__rosidl_typesupport_c.cpython-310-x86_64-linux-gnu.so
[36.508s] -- Up-to-date symlink: /home/aimo/livox_ws/install/fast_lio/share/fast_lio/msg/Pose6D.idl
[36.508s] -- Up-to-date symlink: /home/aimo/livox_ws/install/fast_lio/share/fast_lio/msg/Pose6D.msg
[36.509s] -- Up-to-date symlink: /home/aimo/livox_ws/install/fast_lio/lib/fast_lio/fastlio_mapping
[36.509s] -- Up-to-date symlink: /home/aimo/livox_ws/install/fast_lio/share/fast_lio/config/avia.yaml
[36.509s] -- Up-to-date symlink: /home/aimo/livox_ws/install/fast_lio/share/fast_lio/config/custom.yaml
[36.509s] -- Up-to-date symlink: /home/aimo/livox_ws/install/fast_lio/share/fast_lio/config/horizon.yaml
[36.509s] -- Up-to-date symlink: /home/aimo/livox_ws/install/fast_lio/share/fast_lio/config/mid360.yaml
[36.510s] -- Up-to-date symlink: /home/aimo/livox_ws/install/fast_lio/share/fast_lio/config/ouster64.yaml
[36.510s] -- Up-to-date symlink: /home/aimo/livox_ws/install/fast_lio/share/fast_lio/config/velodyne.yaml
[36.510s] -- Up-to-date symlink: /home/aimo/livox_ws/install/fast_lio/share/fast_lio/launch/custom_mapping.launch.py
[36.510s] -- Up-to-date symlink: /home/aimo/livox_ws/install/fast_lio/share/fast_lio/launch/gdb_debug_example.launch
[36.510s] -- Up-to-date symlink: /home/aimo/livox_ws/install/fast_lio/share/fast_lio/launch/mapping.launch.py
[36.511s] -- Up-to-date symlink: /home/aimo/livox_ws/install/fast_lio/share/fast_lio/rviz/fastlio.rviz
[36.511s] -- Up-to-date symlink: /home/aimo/livox_ws/install/fast_lio/share/ament_index/resource_index/package_run_dependencies/fast_lio
[36.511s] -- Up-to-date symlink: /home/aimo/livox_ws/install/fast_lio/share/ament_index/resource_index/parent_prefix_path/fast_lio
[36.511s] -- Up-to-date symlink: /home/aimo/livox_ws/install/fast_lio/share/fast_lio/environment/ament_prefix_path.sh
[36.511s] -- Up-to-date symlink: /home/aimo/livox_ws/install/fast_lio/share/fast_lio/environment/ament_prefix_path.dsv
[36.511s] -- Up-to-date symlink: /home/aimo/livox_ws/install/fast_lio/share/fast_lio/environment/path.sh
[36.512s] -- Up-to-date symlink: /home/aimo/livox_ws/install/fast_lio/share/fast_lio/environment/path.dsv
[36.512s] -- Up-to-date symlink: /home/aimo/livox_ws/install/fast_lio/share/fast_lio/local_setup.bash
[36.512s] -- Up-to-date symlink: /home/aimo/livox_ws/install/fast_lio/share/fast_lio/local_setup.sh
[36.512s] -- Up-to-date symlink: /home/aimo/livox_ws/install/fast_lio/share/fast_lio/local_setup.zsh
[36.512s] -- Up-to-date symlink: /home/aimo/livox_ws/install/fast_lio/share/fast_lio/local_setup.dsv
[36.512s] -- Symlinking: /home/aimo/livox_ws/install/fast_lio/share/fast_lio/package.dsv
[36.518s] -- Up-to-date symlink: /home/aimo/livox_ws/install/fast_lio/share/ament_index/resource_index/packages/fast_lio
[36.518s] -- Up-to-date symlink: /home/aimo/livox_ws/install/fast_lio/share/fast_lio/cmake/rosidl_cmake-extras.cmake
[36.518s] -- Up-to-date symlink: /home/aimo/livox_ws/install/fast_lio/share/fast_lio/cmake/ament_cmake_export_include_directories-extras.cmake
[36.518s] -- Up-to-date symlink: /home/aimo/livox_ws/install/fast_lio/share/fast_lio/cmake/ament_cmake_export_libraries-extras.cmake
[36.518s] -- Up-to-date symlink: /home/aimo/livox_ws/install/fast_lio/share/fast_lio/cmake/ament_cmake_export_targets-extras.cmake
[36.519s] -- Up-to-date symlink: /home/aimo/livox_ws/install/fast_lio/share/fast_lio/cmake/rosidl_cmake_export_typesupport_targets-extras.cmake
[36.519s] -- Up-to-date symlink: /home/aimo/livox_ws/install/fast_lio/share/fast_lio/cmake/ament_cmake_export_dependencies-extras.cmake
[36.519s] -- Up-to-date symlink: /home/aimo/livox_ws/install/fast_lio/share/fast_lio/cmake/rosidl_cmake_export_typesupport_libraries-extras.cmake
[36.519s] -- Up-to-date symlink: /home/aimo/livox_ws/install/fast_lio/share/fast_lio/cmake/fast_lioConfig.cmake
[36.519s] -- Up-to-date symlink: /home/aimo/livox_ws/install/fast_lio/share/fast_lio/cmake/fast_lioConfig-version.cmake
[36.519s] -- Up-to-date symlink: /home/aimo/livox_ws/install/fast_lio/share/fast_lio/package.xml
[36.519s] -- Up-to-date: /home/aimo/livox_ws/install/fast_lio/lib/libfast_lio__rosidl_generator_c.so
[36.520s] -- Up-to-date: /home/aimo/livox_ws/install/fast_lio/lib/libfast_lio__rosidl_typesupport_fastrtps_c.so
[36.520s] -- Up-to-date: /home/aimo/livox_ws/install/fast_lio/lib/libfast_lio__rosidl_typesupport_fastrtps_cpp.so
[36.521s] -- Up-to-date: /home/aimo/livox_ws/install/fast_lio/lib/libfast_lio__rosidl_typesupport_introspection_c.so
[36.521s] -- Up-to-date: /home/aimo/livox_ws/install/fast_lio/lib/libfast_lio__rosidl_typesupport_c.so
[36.521s] -- Up-to-date: /home/aimo/livox_ws/install/fast_lio/lib/libfast_lio__rosidl_typesupport_introspection_cpp.so
[36.522s] -- Up-to-date: /home/aimo/livox_ws/install/fast_lio/lib/libfast_lio__rosidl_typesupport_cpp.so
[36.540s] Listing '/home/aimo/livox_ws/install/fast_lio/local/lib/python3.10/dist-packages/fast_lio'...
[36.540s] Compiling '/home/aimo/livox_ws/install/fast_lio/local/lib/python3.10/dist-packages/fast_lio/__init__.py'...
[36.541s] Listing '/home/aimo/livox_ws/install/fast_lio/local/lib/python3.10/dist-packages/fast_lio/msg'...
[36.544s] -- Up-to-date: /home/aimo/livox_ws/install/fast_lio/lib/libfast_lio__rosidl_generator_py.so
[36.544s] -- Up-to-date: /home/aimo/livox_ws/install/fast_lio/share/fast_lio/cmake/export_fast_lio__rosidl_generator_cExport.cmake
[36.544s] -- Installing: /home/aimo/livox_ws/install/fast_lio/share/fast_lio/cmake/export_fast_lio__rosidl_generator_cExport-release.cmake
[36.544s] -- Up-to-date: /home/aimo/livox_ws/install/fast_lio/share/fast_lio/cmake/export_fast_lio__rosidl_typesupport_fastrtps_cExport.cmake
[36.544s] -- Installing: /home/aimo/livox_ws/install/fast_lio/share/fast_lio/cmake/export_fast_lio__rosidl_typesupport_fastrtps_cExport-release.cmake
[36.544s] -- Up-to-date: /home/aimo/livox_ws/install/fast_lio/share/fast_lio/cmake/export_fast_lio__rosidl_generator_cppExport.cmake
[36.544s] -- Up-to-date: /home/aimo/livox_ws/install/fast_lio/share/fast_lio/cmake/export_fast_lio__rosidl_typesupport_fastrtps_cppExport.cmake
[36.544s] -- Installing: /home/aimo/livox_ws/install/fast_lio/share/fast_lio/cmake/export_fast_lio__rosidl_typesupport_fastrtps_cppExport-release.cmake
[36.545s] -- Up-to-date: /home/aimo/livox_ws/install/fast_lio/share/fast_lio/cmake/fast_lio__rosidl_typesupport_introspection_cExport.cmake
[36.545s] -- Installing: /home/aimo/livox_ws/install/fast_lio/share/fast_lio/cmake/fast_lio__rosidl_typesupport_introspection_cExport-release.cmake
[36.545s] -- Up-to-date: /home/aimo/livox_ws/install/fast_lio/share/fast_lio/cmake/fast_lio__rosidl_typesupport_cExport.cmake
[36.545s] -- Installing: /home/aimo/livox_ws/install/fast_lio/share/fast_lio/cmake/fast_lio__rosidl_typesupport_cExport-release.cmake
[36.545s] -- Up-to-date: /home/aimo/livox_ws/install/fast_lio/share/fast_lio/cmake/fast_lio__rosidl_typesupport_introspection_cppExport.cmake
[36.545s] -- Installing: /home/aimo/livox_ws/install/fast_lio/share/fast_lio/cmake/fast_lio__rosidl_typesupport_introspection_cppExport-release.cmake
[36.545s] -- Up-to-date: /home/aimo/livox_ws/install/fast_lio/share/fast_lio/cmake/fast_lio__rosidl_typesupport_cppExport.cmake
[36.545s] -- Installing: /home/aimo/livox_ws/install/fast_lio/share/fast_lio/cmake/fast_lio__rosidl_typesupport_cppExport-release.cmake
[36.546s] -- Up-to-date: /home/aimo/livox_ws/install/fast_lio/share/fast_lio/cmake/export_fast_lio__rosidl_generator_pyExport.cmake
[36.546s] -- Installing: /home/aimo/livox_ws/install/fast_lio/share/fast_lio/cmake/export_fast_lio__rosidl_generator_pyExport-release.cmake
[36.548s] Invoked command in '/home/aimo/livox_ws/build/fast_lio' returned '0': AMENT_PREFIX_PATH=/home/aimo/livox_ws/install/livox_ros_driver2:${AMENT_PREFIX_PATH} CMAKE_PREFIX_PATH=/home/aimo/livox_ws/install/livox_ros_driver2:/opt/ros/humble LD_LIBRARY_PATH=/home/aimo/livox_ws/install/livox_ros_driver2/lib:${LD_LIBRARY_PATH} PYTHONPATH=/home/aimo/livox_ws/install/livox_ros_driver2/local/lib/python3.10/dist-packages:${PYTHONPATH} /usr/bin/cmake --install /home/aimo/livox_ws/build/fast_lio
