-- Found ament_cmake_auto: 1.3.11 (/opt/ros/humble/share/ament_cmake_auto/cmake)
-- Override CMake install command with custom implementation using symlinks instead of copying resources
-- Found rosidl_generator_c: 3.1.6 (/opt/ros/humble/share/rosidl_generator_c/cmake)
-- Found rosidl_adapter: 3.1.6 (/opt/ros/humble/share/rosidl_adapter/cmake)
-- Found rosidl_generator_cpp: 3.1.6 (/opt/ros/humble/share/rosidl_generator_cpp/cmake)
-- Using all available rosidl_typesupport_c: rosidl_typesupport_fastrtps_c;rosidl_typesupport_introspection_c
-- Using all available rosidl_typesupport_cpp: rosidl_typesupport_fastrtps_cpp;rosidl_typesupport_introspection_cpp
-- Found rmw_implementation_cmake: 6.1.2 (/opt/ros/humble/share/rmw_implementation_cmake/cmake)
-- Found rmw_fastrtps_cpp: 6.2.7 (/opt/ros/humble/share/rmw_fastrtps_cpp/cmake)
-- Using RMW implementation 'rmw_fastrtps_cpp' as default
-- Eigen found (include: /usr/include/eigen3, version: 3.4.0)
-- FLANN found (include: /usr/include, lib: /usr/lib/x86_64-linux-gnu/libflann_cpp.so)
-- OpenNI found (version: 1.5.4.0, include: /usr/include/ni, lib: /usr/lib/libOpenNI.so;libusb::libusb)
-- OpenNI2 found (version: 2.2.0.33, include: /usr/include/openni2, lib: /usr/lib/x86_64-linux-gnu/libOpenNI2.so;libusb::libusb)
-- Eigen found (include: /usr/include/eigen3, version: 3.4.0)
-- OpenNI found (version: 1.5.4.0, include: /usr/include/ni, lib: /usr/lib/libOpenNI.so;libusb::libusb)
-- OpenNI2 found (version: 2.2.0.33, include: /usr/include/openni2, lib: /usr/lib/x86_64-linux-gnu/libOpenNI2.so;libusb::libusb)
-- Found Qhull version 8.0.2
-- OpenNI found (version: 1.5.4.0, include: /usr/include/ni, lib: /usr/lib/libOpenNI.so;libusb::libusb)
-- Found eigen3_cmake_module: 0.1.1 (/opt/ros/humble/share/eigen3_cmake_module/cmake)
-- Ensuring Eigen3 include directory is part of orocos-kdl CMake target
-- Found ament_lint_auto: 0.12.12 (/opt/ros/humble/share/ament_lint_auto/cmake)
-- Added test 'copyright' to check source files copyright and LICENSE
-- Added test 'cppcheck' to perform static code analysis on C / C++ code
-- Configured cppcheck include dirs: /home/aimo/livox_ws/src/pcd2pgm/include
-- Configured cppcheck exclude dirs and/or files: 
-- Added test 'cpplint' to check C / C++ code against the Google style
-- Configured cpplint exclude dirs and/or files: 
-- Added test 'lint_cmake' to check CMake code style
-- Added test 'pep257' to check Python code against some of the docstring style conventions in PEP 257
-- Added test 'xmllint' to check XML markup files
-- Added test 'clang_format' to check C / C++ code style
-- Configuring done
-- Generating done
-- Build files have been written to: /home/aimo/livox_ws/build/pcd2pgm
[35m[1mConsolidate compiler generated dependencies of target pcd2pgm_node[0m
[35m[1mConsolidate compiler generated dependencies of target pcd2pgm[0m
[ 50%] Built target pcd2pgm_node
[100%] Built target pcd2pgm
-- Install configuration: "release"
-- Execute custom install script
-- Up-to-date symlink: /home/aimo/livox_ws/install/pcd2pgm/lib/pcd2pgm/pcd2pgm_node
-- Up-to-date symlink: /home/aimo/livox_ws/install/pcd2pgm/include/pcd2pgm/pcd2pgm.hpp
-- Up-to-date symlink: /home/aimo/livox_ws/install/pcd2pgm/share/pcd2pgm/environment/library_path.sh
-- Up-to-date symlink: /home/aimo/livox_ws/install/pcd2pgm/share/pcd2pgm/environment/library_path.dsv
-- Up-to-date symlink: /home/aimo/livox_ws/install/pcd2pgm/lib/libpcd2pgm.so
-- Up-to-date symlink: /home/aimo/livox_ws/install/pcd2pgm/share/pcd2pgm/config/pcd2pgm.yaml
-- Up-to-date symlink: /home/aimo/livox_ws/install/pcd2pgm/share/pcd2pgm/launch/pcd2pgm_launch.py
-- Up-to-date symlink: /home/aimo/livox_ws/install/pcd2pgm/share/pcd2pgm/rviz/pcd2pgm.rviz
-- Up-to-date symlink: /home/aimo/livox_ws/install/pcd2pgm/share/ament_index/resource_index/package_run_dependencies/pcd2pgm
-- Up-to-date symlink: /home/aimo/livox_ws/install/pcd2pgm/share/ament_index/resource_index/parent_prefix_path/pcd2pgm
-- Up-to-date symlink: /home/aimo/livox_ws/install/pcd2pgm/share/pcd2pgm/environment/ament_prefix_path.sh
-- Up-to-date symlink: /home/aimo/livox_ws/install/pcd2pgm/share/pcd2pgm/environment/ament_prefix_path.dsv
-- Up-to-date symlink: /home/aimo/livox_ws/install/pcd2pgm/share/pcd2pgm/environment/path.sh
-- Up-to-date symlink: /home/aimo/livox_ws/install/pcd2pgm/share/pcd2pgm/environment/path.dsv
-- Up-to-date symlink: /home/aimo/livox_ws/install/pcd2pgm/share/pcd2pgm/local_setup.bash
-- Up-to-date symlink: /home/aimo/livox_ws/install/pcd2pgm/share/pcd2pgm/local_setup.sh
-- Up-to-date symlink: /home/aimo/livox_ws/install/pcd2pgm/share/pcd2pgm/local_setup.zsh
-- Up-to-date symlink: /home/aimo/livox_ws/install/pcd2pgm/share/pcd2pgm/local_setup.dsv
-- Symlinking: /home/aimo/livox_ws/install/pcd2pgm/share/pcd2pgm/package.dsv
-- Up-to-date symlink: /home/aimo/livox_ws/install/pcd2pgm/share/ament_index/resource_index/packages/pcd2pgm
-- Up-to-date symlink: /home/aimo/livox_ws/install/pcd2pgm/share/ament_index/resource_index/rclcpp_components/pcd2pgm
-- Up-to-date symlink: /home/aimo/livox_ws/install/pcd2pgm/share/pcd2pgm/cmake/ament_cmake_export_dependencies-extras.cmake
-- Up-to-date symlink: /home/aimo/livox_ws/install/pcd2pgm/share/pcd2pgm/cmake/ament_cmake_export_include_directories-extras.cmake
-- Up-to-date symlink: /home/aimo/livox_ws/install/pcd2pgm/share/pcd2pgm/cmake/ament_cmake_export_libraries-extras.cmake
-- Up-to-date symlink: /home/aimo/livox_ws/install/pcd2pgm/share/pcd2pgm/cmake/pcd2pgmConfig.cmake
-- Up-to-date symlink: /home/aimo/livox_ws/install/pcd2pgm/share/pcd2pgm/cmake/pcd2pgmConfig-version.cmake
-- Up-to-date symlink: /home/aimo/livox_ws/install/pcd2pgm/share/pcd2pgm/package.xml
