[0.006s] Invoking command in '/home/aimo/livox_ws/build/pcd2pgm': CMAKE_PREFIX_PATH=${CMAKE_PREFIX_PATH}:/home/aimo/livox_ws/install/point_cloud_convertor:/opt/ros/humble /usr/bin/cmake /home/aimo/livox_ws/src/pcd2pgm -DAMENT_CMAKE_SYMLINK_INSTALL=1 -DCMAKE_INSTALL_PREFIX=/home/aimo/livox_ws/install/pcd2pgm
[0.014s] -- Found ament_cmake_auto: 1.3.11 (/opt/ros/humble/share/ament_cmake_auto/cmake)
[0.076s] -- Override CMake install command with custom implementation using symlinks instead of copying resources
[0.124s] -- Found rosidl_generator_c: 3.1.6 (/opt/ros/humble/share/rosidl_generator_c/cmake)
[0.125s] -- Found rosidl_adapter: 3.1.6 (/opt/ros/humble/share/rosidl_adapter/cmake)
[0.129s] -- Found rosidl_generator_cpp: 3.1.6 (/opt/ros/humble/share/rosidl_generator_cpp/cmake)
[0.133s] -- Using all available rosidl_typesupport_c: rosidl_typesupport_fastrtps_c;rosidl_typesupport_introspection_c
[0.138s] -- Using all available rosidl_typesupport_cpp: rosidl_typesupport_fastrtps_cpp;rosidl_typesupport_introspection_cpp
[0.153s] -- Found rmw_implementation_cmake: 6.1.2 (/opt/ros/humble/share/rmw_implementation_cmake/cmake)
[0.153s] -- Found rmw_fastrtps_cpp: 6.2.7 (/opt/ros/humble/share/rmw_fastrtps_cpp/cmake)
[0.203s] -- Using RMW implementation 'rmw_fastrtps_cpp' as default
[0.276s] -- Eigen found (include: /usr/include/eigen3, version: 3.4.0)
[0.290s] -- FLANN found (include: /usr/include, lib: /usr/lib/x86_64-linux-gnu/libflann_cpp.so)
[0.437s] -- OpenNI found (version: 1.5.4.0, include: /usr/include/ni, lib: /usr/lib/libOpenNI.so;libusb::libusb)
[0.442s] -- OpenNI2 found (version: 2.2.0.33, include: /usr/include/openni2, lib: /usr/lib/x86_64-linux-gnu/libOpenNI2.so;libusb::libusb)
[0.512s] -- Eigen found (include: /usr/include/eigen3, version: 3.4.0)
[0.516s] -- OpenNI found (version: 1.5.4.0, include: /usr/include/ni, lib: /usr/lib/libOpenNI.so;libusb::libusb)
[0.519s] -- OpenNI2 found (version: 2.2.0.33, include: /usr/include/openni2, lib: /usr/lib/x86_64-linux-gnu/libOpenNI2.so;libusb::libusb)
[0.589s] -- Found Qhull version 8.0.2
[0.661s] -- OpenNI found (version: 1.5.4.0, include: /usr/include/ni, lib: /usr/lib/libOpenNI.so;libusb::libusb)
[0.745s] -- Found eigen3_cmake_module: 0.1.1 (/opt/ros/humble/share/eigen3_cmake_module/cmake)
[0.746s] -- Ensuring Eigen3 include directory is part of orocos-kdl CMake target
[0.788s] -- Found ament_lint_auto: 0.12.12 (/opt/ros/humble/share/ament_lint_auto/cmake)
[0.796s] -- Added test 'copyright' to check source files copyright and LICENSE
[0.797s] -- Added test 'cppcheck' to perform static code analysis on C / C++ code
[0.797s] -- Configured cppcheck include dirs: /home/aimo/livox_ws/src/pcd2pgm/include
[0.797s] -- Configured cppcheck exclude dirs and/or files: 
[0.798s] -- Added test 'cpplint' to check C / C++ code against the Google style
[0.798s] -- Configured cpplint exclude dirs and/or files: 
[0.799s] -- Added test 'lint_cmake' to check CMake code style
[0.799s] -- Added test 'pep257' to check Python code against some of the docstring style conventions in PEP 257
[0.799s] -- Added test 'xmllint' to check XML markup files
[0.800s] -- Added test 'clang_format' to check C / C++ code style
[0.802s] -- Configuring done
[0.823s] -- Generating done
[0.828s] -- Build files have been written to: /home/aimo/livox_ws/build/pcd2pgm
[0.838s] Invoked command in '/home/aimo/livox_ws/build/pcd2pgm' returned '0': CMAKE_PREFIX_PATH=${CMAKE_PREFIX_PATH}:/home/aimo/livox_ws/install/point_cloud_convertor:/opt/ros/humble /usr/bin/cmake /home/aimo/livox_ws/src/pcd2pgm -DAMENT_CMAKE_SYMLINK_INSTALL=1 -DCMAKE_INSTALL_PREFIX=/home/aimo/livox_ws/install/pcd2pgm
[0.839s] Invoking command in '/home/aimo/livox_ws/build/pcd2pgm': CMAKE_PREFIX_PATH=${CMAKE_PREFIX_PATH}:/home/aimo/livox_ws/install/point_cloud_convertor:/opt/ros/humble /usr/bin/cmake --build /home/aimo/livox_ws/build/pcd2pgm -- -j20 -l20
[0.868s] [35m[1mConsolidate compiler generated dependencies of target pcd2pgm_node[0m
[0.869s] [35m[1mConsolidate compiler generated dependencies of target pcd2pgm[0m
[0.877s] [ 50%] Built target pcd2pgm_node
[0.881s] [100%] Built target pcd2pgm
[0.887s] Invoked command in '/home/aimo/livox_ws/build/pcd2pgm' returned '0': CMAKE_PREFIX_PATH=${CMAKE_PREFIX_PATH}:/home/aimo/livox_ws/install/point_cloud_convertor:/opt/ros/humble /usr/bin/cmake --build /home/aimo/livox_ws/build/pcd2pgm -- -j20 -l20
[0.893s] Invoking command in '/home/aimo/livox_ws/build/pcd2pgm': CMAKE_PREFIX_PATH=${CMAKE_PREFIX_PATH}:/home/aimo/livox_ws/install/point_cloud_convertor:/opt/ros/humble /usr/bin/cmake --install /home/aimo/livox_ws/build/pcd2pgm
[0.896s] -- Install configuration: "release"
[0.896s] -- Execute custom install script
[0.896s] -- Up-to-date symlink: /home/aimo/livox_ws/install/pcd2pgm/lib/pcd2pgm/pcd2pgm_node
[0.896s] -- Up-to-date symlink: /home/aimo/livox_ws/install/pcd2pgm/include/pcd2pgm/pcd2pgm.hpp
[0.896s] -- Up-to-date symlink: /home/aimo/livox_ws/install/pcd2pgm/share/pcd2pgm/environment/library_path.sh
[0.897s] -- Up-to-date symlink: /home/aimo/livox_ws/install/pcd2pgm/share/pcd2pgm/environment/library_path.dsv
[0.897s] -- Up-to-date symlink: /home/aimo/livox_ws/install/pcd2pgm/lib/libpcd2pgm.so
[0.897s] -- Up-to-date symlink: /home/aimo/livox_ws/install/pcd2pgm/share/pcd2pgm/config/pcd2pgm.yaml
[0.897s] -- Up-to-date symlink: /home/aimo/livox_ws/install/pcd2pgm/share/pcd2pgm/launch/pcd2pgm_launch.py
[0.897s] -- Up-to-date symlink: /home/aimo/livox_ws/install/pcd2pgm/share/pcd2pgm/rviz/pcd2pgm.rviz
[0.897s] -- Up-to-date symlink: /home/aimo/livox_ws/install/pcd2pgm/share/ament_index/resource_index/package_run_dependencies/pcd2pgm
[0.897s] -- Up-to-date symlink: /home/aimo/livox_ws/install/pcd2pgm/share/ament_index/resource_index/parent_prefix_path/pcd2pgm
[0.898s] -- Up-to-date symlink: /home/aimo/livox_ws/install/pcd2pgm/share/pcd2pgm/environment/ament_prefix_path.sh
[0.898s] -- Up-to-date symlink: /home/aimo/livox_ws/install/pcd2pgm/share/pcd2pgm/environment/ament_prefix_path.dsv
[0.899s] -- Up-to-date symlink: /home/aimo/livox_ws/install/pcd2pgm/share/pcd2pgm/environment/path.sh
[0.899s] -- Up-to-date symlink: /home/aimo/livox_ws/install/pcd2pgm/share/pcd2pgm/environment/path.dsv
[0.899s] -- Up-to-date symlink: /home/aimo/livox_ws/install/pcd2pgm/share/pcd2pgm/local_setup.bash
[0.899s] -- Up-to-date symlink: /home/aimo/livox_ws/install/pcd2pgm/share/pcd2pgm/local_setup.sh
[0.899s] -- Up-to-date symlink: /home/aimo/livox_ws/install/pcd2pgm/share/pcd2pgm/local_setup.zsh
[0.899s] -- Up-to-date symlink: /home/aimo/livox_ws/install/pcd2pgm/share/pcd2pgm/local_setup.dsv
[0.899s] -- Symlinking: /home/aimo/livox_ws/install/pcd2pgm/share/pcd2pgm/package.dsv
[0.905s] -- Up-to-date symlink: /home/aimo/livox_ws/install/pcd2pgm/share/ament_index/resource_index/packages/pcd2pgm
[0.905s] -- Up-to-date symlink: /home/aimo/livox_ws/install/pcd2pgm/share/ament_index/resource_index/rclcpp_components/pcd2pgm
[0.905s] -- Up-to-date symlink: /home/aimo/livox_ws/install/pcd2pgm/share/pcd2pgm/cmake/ament_cmake_export_dependencies-extras.cmake
[0.905s] -- Up-to-date symlink: /home/aimo/livox_ws/install/pcd2pgm/share/pcd2pgm/cmake/ament_cmake_export_include_directories-extras.cmake
[0.905s] -- Up-to-date symlink: /home/aimo/livox_ws/install/pcd2pgm/share/pcd2pgm/cmake/ament_cmake_export_libraries-extras.cmake
[0.905s] -- Up-to-date symlink: /home/aimo/livox_ws/install/pcd2pgm/share/pcd2pgm/cmake/pcd2pgmConfig.cmake
[0.905s] -- Up-to-date symlink: /home/aimo/livox_ws/install/pcd2pgm/share/pcd2pgm/cmake/pcd2pgmConfig-version.cmake
[0.905s] -- Up-to-date symlink: /home/aimo/livox_ws/install/pcd2pgm/share/pcd2pgm/package.xml
[0.908s] Invoked command in '/home/aimo/livox_ws/build/pcd2pgm' returned '0': CMAKE_PREFIX_PATH=${CMAKE_PREFIX_PATH}:/home/aimo/livox_ws/install/point_cloud_convertor:/opt/ros/humble /usr/bin/cmake --install /home/aimo/livox_ws/build/pcd2pgm
