[0.006s] Invoking command in '/home/aimo/livox_ws/build/livox_ros_driver2': CMAKE_PREFIX_PATH=${CMAKE_PREFIX_PATH}:/home/aimo/livox_ws/install/point_cloud_convertor:/opt/ros/humble /usr/bin/cmake /home/aimo/livox_ws/src/livox_ros_driver2 -DAMENT_CMAKE_SYMLINK_INSTALL=1 -DCMAKE_INSTALL_PREFIX=/home/aimo/livox_ws/install/livox_ros_driver2
[0.017s] -- livox_ros_driver2 version: 1.2.4
[0.017s] -- Found ament_cmake_auto: 1.3.11 (/opt/ros/humble/share/ament_cmake_auto/cmake)
[0.079s] -- Override CMake install command with custom implementation using symlinks instead of copying resources
[0.115s] -- Using all available rosidl_typesupport_c: rosidl_typesupport_fastrtps_c;rosidl_typesupport_introspection_c
[0.116s] -- Found rosidl_adapter: 3.1.6 (/opt/ros/humble/share/rosidl_adapter/cmake)
[0.132s] -- Using all available rosidl_typesupport_cpp: rosidl_typesupport_fastrtps_cpp;rosidl_typesupport_introspection_cpp
[0.168s] -- Found rmw_implementation_cmake: 6.1.2 (/opt/ros/humble/share/rmw_implementation_cmake/cmake)
[0.171s] -- Found rmw_fastrtps_cpp: 6.2.7 (/opt/ros/humble/share/rmw_fastrtps_cpp/cmake)
[0.219s] -- Using RMW implementation 'rmw_fastrtps_cpp' as default
[0.279s] -- Eigen found (include: /usr/include/eigen3, version: 3.4.0)
[0.294s] -- FLANN found (include: /usr/include, lib: /usr/lib/x86_64-linux-gnu/libflann_cpp.so)
[0.440s] -- OpenNI found (version: 1.5.4.0, include: /usr/include/ni, lib: /usr/lib/libOpenNI.so;libusb::libusb)
[0.443s] -- OpenNI2 found (version: 2.2.0.33, include: /usr/include/openni2, lib: /usr/lib/x86_64-linux-gnu/libOpenNI2.so;libusb::libusb)
[0.515s] -- Eigen found (include: /usr/include/eigen3, version: 3.4.0)
[0.519s] -- OpenNI found (version: 1.5.4.0, include: /usr/include/ni, lib: /usr/lib/libOpenNI.so;libusb::libusb)
[0.522s] -- OpenNI2 found (version: 2.2.0.33, include: /usr/include/openni2, lib: /usr/lib/x86_64-linux-gnu/libOpenNI2.so;libusb::libusb)
[0.592s] -- Found Qhull version 8.0.2
[0.663s] -- OpenNI found (version: 1.5.4.0, include: /usr/include/ni, lib: /usr/lib/libOpenNI.so;libusb::libusb)
[0.758s] [0m/usr/include/apr-1.0[0m
[0.758s] [0mapr-1[0m
[0.868s] -- Found ament_cmake_ros: 0.10.0 (/opt/ros/humble/share/ament_cmake_ros/cmake)
[0.990s] -- Using all available rosidl_typesupport_c: rosidl_typesupport_fastrtps_c;rosidl_typesupport_introspection_c
[1.139s] -- Using all available rosidl_typesupport_cpp: rosidl_typesupport_fastrtps_cpp;rosidl_typesupport_introspection_cpp
[1.158s] -- Found python_cmake_module: 0.10.0 (/opt/ros/humble/share/python_cmake_module/cmake)
[1.169s] -- Using PYTHON_EXECUTABLE: /usr/bin/python3
[1.170s] -- Using PYTHON_INCLUDE_DIRS: /usr/include/python3.10
[1.170s] -- Using PYTHON_LIBRARIES: /usr/lib/x86_64-linux-gnu/libpython3.10.so
[1.188s] -- Found ament_lint_auto: 0.12.12 (/opt/ros/humble/share/ament_lint_auto/cmake)
[1.194s] -- Added test 'copyright' to check source files copyright and LICENSE
[1.203s] -- Added test 'cppcheck' to perform static code analysis on C / C++ code
[1.203s] -- Configured cppcheck include dirs: /home/aimo/livox_ws/src/livox_ros_driver2/livox_sdk/include;/home/aimo/livox_ws/src/livox_ros_driver2/3rdparty;/home/aimo/livox_ws/src/livox_ros_driver2/src
[1.203s] -- Configured cppcheck exclude dirs and/or files: 
[1.213s] -- Added test 'cpplint' to check C / C++ code against the Google style
[1.213s] -- Configured cpplint exclude dirs and/or files: 
[1.215s] -- Added test 'flake8' to check Python code syntax and style conventions
[1.217s] -- Added test 'lint_cmake' to check CMake code style
[1.219s] -- Added test 'pep257' to check Python code against some of the docstring style conventions in PEP 257
[1.227s] -- Added test 'uncrustify' to check C / C++ code style
[1.227s] -- Configured uncrustify additional arguments: 
[1.229s] -- Added test 'xmllint' to check XML markup files
[1.232s] -- Configuring done
[1.264s] -- Generating done
[1.273s] -- Build files have been written to: /home/aimo/livox_ws/build/livox_ros_driver2
[1.288s] Invoked command in '/home/aimo/livox_ws/build/livox_ros_driver2' returned '0': CMAKE_PREFIX_PATH=${CMAKE_PREFIX_PATH}:/home/aimo/livox_ws/install/point_cloud_convertor:/opt/ros/humble /usr/bin/cmake /home/aimo/livox_ws/src/livox_ros_driver2 -DAMENT_CMAKE_SYMLINK_INSTALL=1 -DCMAKE_INSTALL_PREFIX=/home/aimo/livox_ws/install/livox_ros_driver2
[1.288s] Invoking command in '/home/aimo/livox_ws/build/livox_ros_driver2': CMAKE_PREFIX_PATH=${CMAKE_PREFIX_PATH}:/home/aimo/livox_ws/install/point_cloud_convertor:/opt/ros/humble /usr/bin/cmake --build /home/aimo/livox_ws/build/livox_ros_driver2 -- -j20 -l20
[1.309s] [35m[1mConsolidate compiler generated dependencies of target livox_ros_driver2_node[0m
[1.309s] [35m[1mConsolidate compiler generated dependencies of target livox_interfaces2__rosidl_generator_c[0m
[1.314s] [  1%] Built target livox_interfaces2__cpp
[1.315s] [  8%] Built target livox_interfaces2__rosidl_generator_c
[1.315s] [  8%] Built target ament_cmake_python_symlink_livox_ros_driver2
[1.316s] [ 12%] Built target livox_ros_driver2_node
[1.318s] [35m[1mConsolidate compiler generated dependencies of target livox_interfaces2__rosidl_typesupport_introspection_cpp[0m
[1.319s] [35m[1mConsolidate compiler generated dependencies of target livox_interfaces2__rosidl_typesupport_cpp[0m
[1.319s] [35m[1mConsolidate compiler generated dependencies of target livox_interfaces2__rosidl_typesupport_fastrtps_cpp[0m
[1.321s] [35m[1mConsolidate compiler generated dependencies of target livox_interfaces2__rosidl_typesupport_fastrtps_c[0m
[1.322s] [35m[1mConsolidate compiler generated dependencies of target livox_interfaces2__rosidl_typesupport_c[0m
[1.322s] [35m[1mConsolidate compiler generated dependencies of target livox_interfaces2__rosidl_typesupport_introspection_c[0m
[1.324s] [ 26%] Built target livox_interfaces2__rosidl_typesupport_cpp
[1.324s] [ 26%] Built target livox_interfaces2__rosidl_typesupport_introspection_cpp
[1.325s] [ 33%] Built target livox_interfaces2__rosidl_typesupport_fastrtps_cpp
[1.326s] [ 40%] Built target livox_interfaces2__rosidl_typesupport_c
[1.326s] [ 47%] Built target livox_interfaces2__rosidl_typesupport_fastrtps_c
[1.327s] [ 54%] Built target livox_interfaces2__rosidl_typesupport_introspection_c
[1.339s] [35m[1mConsolidate compiler generated dependencies of target livox_ros_driver2[0m
[1.339s] [ 54%] Built target livox_interfaces2
[1.348s] [ 56%] Built target livox_interfaces2__py
[1.353s] [ 84%] Built target livox_ros_driver2
[1.354s] [35m[1mConsolidate compiler generated dependencies of target livox_interfaces2__rosidl_generator_py[0m
[1.361s] [ 89%] Built target livox_interfaces2__rosidl_generator_py
[1.368s] [35m[1mConsolidate compiler generated dependencies of target livox_ros_driver2__rosidl_typesupport_fastrtps_c__pyext[0m
[1.368s] [35m[1mConsolidate compiler generated dependencies of target livox_ros_driver2__rosidl_typesupport_c__pyext[0m
[1.369s] [35m[1mConsolidate compiler generated dependencies of target livox_ros_driver2__rosidl_typesupport_introspection_c__pyext[0m
[1.375s] [ 92%] Built target livox_ros_driver2__rosidl_typesupport_fastrtps_c__pyext
[1.375s] [ 96%] Built target livox_ros_driver2__rosidl_typesupport_c__pyext
[1.375s] [100%] Built target livox_ros_driver2__rosidl_typesupport_introspection_c__pyext
[1.420s] running egg_info
[1.420s] writing livox_ros_driver2.egg-info/PKG-INFO
[1.420s] writing dependency_links to livox_ros_driver2.egg-info/dependency_links.txt
[1.420s] writing top-level names to livox_ros_driver2.egg-info/top_level.txt
[1.421s] reading manifest file 'livox_ros_driver2.egg-info/SOURCES.txt'
[1.422s] writing manifest file 'livox_ros_driver2.egg-info/SOURCES.txt'
[1.437s] [100%] Built target ament_cmake_python_build_livox_ros_driver2_egg
[1.444s] Invoked command in '/home/aimo/livox_ws/build/livox_ros_driver2' returned '0': CMAKE_PREFIX_PATH=${CMAKE_PREFIX_PATH}:/home/aimo/livox_ws/install/point_cloud_convertor:/opt/ros/humble /usr/bin/cmake --build /home/aimo/livox_ws/build/livox_ros_driver2 -- -j20 -l20
[1.449s] Invoking command in '/home/aimo/livox_ws/build/livox_ros_driver2': CMAKE_PREFIX_PATH=${CMAKE_PREFIX_PATH}:/home/aimo/livox_ws/install/point_cloud_convertor:/opt/ros/humble /usr/bin/cmake --install /home/aimo/livox_ws/build/livox_ros_driver2
[1.450s] -- Install configuration: "release"
[1.451s] -- Execute custom install script
[1.451s] -- Up-to-date symlink: /home/aimo/livox_ws/install/livox_ros_driver2/share/ament_index/resource_index/rosidl_interfaces/livox_ros_driver2
[1.451s] -- Up-to-date symlink: /home/aimo/livox_ws/install/livox_ros_driver2/include/livox_ros_driver2/livox_ros_driver2/msg/custom_msg.h
[1.451s] -- Up-to-date symlink: /home/aimo/livox_ws/install/livox_ros_driver2/include/livox_ros_driver2/livox_ros_driver2/msg/custom_point.h
[1.451s] -- Up-to-date symlink: /home/aimo/livox_ws/install/livox_ros_driver2/include/livox_ros_driver2/livox_ros_driver2/msg/detail/custom_msg__functions.h
[1.451s] -- Up-to-date symlink: /home/aimo/livox_ws/install/livox_ros_driver2/include/livox_ros_driver2/livox_ros_driver2/msg/detail/custom_msg__struct.h
[1.451s] -- Up-to-date symlink: /home/aimo/livox_ws/install/livox_ros_driver2/include/livox_ros_driver2/livox_ros_driver2/msg/detail/custom_msg__type_support.h
[1.451s] -- Up-to-date symlink: /home/aimo/livox_ws/install/livox_ros_driver2/include/livox_ros_driver2/livox_ros_driver2/msg/detail/custom_point__functions.h
[1.451s] -- Up-to-date symlink: /home/aimo/livox_ws/install/livox_ros_driver2/include/livox_ros_driver2/livox_ros_driver2/msg/detail/custom_point__struct.h
[1.451s] -- Up-to-date symlink: /home/aimo/livox_ws/install/livox_ros_driver2/include/livox_ros_driver2/livox_ros_driver2/msg/detail/custom_point__type_support.h
[1.451s] -- Up-to-date symlink: /home/aimo/livox_ws/install/livox_ros_driver2/include/livox_ros_driver2/livox_ros_driver2/msg/rosidl_generator_c__visibility_control.h
[1.451s] -- Up-to-date symlink: /home/aimo/livox_ws/install/livox_ros_driver2/share/livox_ros_driver2/environment/library_path.sh
[1.451s] -- Up-to-date symlink: /home/aimo/livox_ws/install/livox_ros_driver2/share/livox_ros_driver2/environment/library_path.dsv
[1.451s] -- Up-to-date symlink: /home/aimo/livox_ws/install/livox_ros_driver2/include/livox_ros_driver2/livox_ros_driver2/msg/detail/custom_msg__rosidl_typesupport_fastrtps_c.h
[1.451s] -- Up-to-date symlink: /home/aimo/livox_ws/install/livox_ros_driver2/include/livox_ros_driver2/livox_ros_driver2/msg/detail/custom_point__rosidl_typesupport_fastrtps_c.h
[1.451s] -- Up-to-date symlink: /home/aimo/livox_ws/install/livox_ros_driver2/include/livox_ros_driver2/livox_ros_driver2/msg/rosidl_typesupport_fastrtps_c__visibility_control.h
[1.451s] -- Up-to-date symlink: /home/aimo/livox_ws/install/livox_ros_driver2/include/livox_ros_driver2/livox_ros_driver2/msg/detail/custom_msg__rosidl_typesupport_introspection_c.h
[1.451s] -- Up-to-date symlink: /home/aimo/livox_ws/install/livox_ros_driver2/include/livox_ros_driver2/livox_ros_driver2/msg/detail/custom_point__rosidl_typesupport_introspection_c.h
[1.452s] -- Up-to-date symlink: /home/aimo/livox_ws/install/livox_ros_driver2/include/livox_ros_driver2/livox_ros_driver2/msg/rosidl_typesupport_introspection_c__visibility_control.h
[1.452s] -- Up-to-date symlink: /home/aimo/livox_ws/install/livox_ros_driver2/include/livox_ros_driver2/livox_ros_driver2/msg/custom_msg.hpp
[1.452s] -- Up-to-date symlink: /home/aimo/livox_ws/install/livox_ros_driver2/include/livox_ros_driver2/livox_ros_driver2/msg/custom_point.hpp
[1.452s] -- Up-to-date symlink: /home/aimo/livox_ws/install/livox_ros_driver2/include/livox_ros_driver2/livox_ros_driver2/msg/detail/custom_msg__builder.hpp
[1.452s] -- Up-to-date symlink: /home/aimo/livox_ws/install/livox_ros_driver2/include/livox_ros_driver2/livox_ros_driver2/msg/detail/custom_msg__struct.hpp
[1.452s] -- Up-to-date symlink: /home/aimo/livox_ws/install/livox_ros_driver2/include/livox_ros_driver2/livox_ros_driver2/msg/detail/custom_msg__traits.hpp
[1.452s] -- Up-to-date symlink: /home/aimo/livox_ws/install/livox_ros_driver2/include/livox_ros_driver2/livox_ros_driver2/msg/detail/custom_msg__type_support.hpp
[1.452s] -- Up-to-date symlink: /home/aimo/livox_ws/install/livox_ros_driver2/include/livox_ros_driver2/livox_ros_driver2/msg/detail/custom_point__builder.hpp
[1.452s] -- Up-to-date symlink: /home/aimo/livox_ws/install/livox_ros_driver2/include/livox_ros_driver2/livox_ros_driver2/msg/detail/custom_point__struct.hpp
[1.452s] -- Up-to-date symlink: /home/aimo/livox_ws/install/livox_ros_driver2/include/livox_ros_driver2/livox_ros_driver2/msg/detail/custom_point__traits.hpp
[1.452s] -- Up-to-date symlink: /home/aimo/livox_ws/install/livox_ros_driver2/include/livox_ros_driver2/livox_ros_driver2/msg/detail/custom_point__type_support.hpp
[1.452s] -- Up-to-date symlink: /home/aimo/livox_ws/install/livox_ros_driver2/include/livox_ros_driver2/livox_ros_driver2/msg/rosidl_generator_cpp__visibility_control.hpp
[1.452s] -- Up-to-date symlink: /home/aimo/livox_ws/install/livox_ros_driver2/include/livox_ros_driver2/livox_ros_driver2/msg/detail/custom_msg__rosidl_typesupport_fastrtps_cpp.hpp
[1.452s] -- Up-to-date symlink: /home/aimo/livox_ws/install/livox_ros_driver2/include/livox_ros_driver2/livox_ros_driver2/msg/detail/custom_point__rosidl_typesupport_fastrtps_cpp.hpp
[1.452s] -- Up-to-date symlink: /home/aimo/livox_ws/install/livox_ros_driver2/include/livox_ros_driver2/livox_ros_driver2/msg/rosidl_typesupport_fastrtps_cpp__visibility_control.h
[1.452s] -- Up-to-date symlink: /home/aimo/livox_ws/install/livox_ros_driver2/include/livox_ros_driver2/livox_ros_driver2/msg/detail/custom_msg__rosidl_typesupport_introspection_cpp.hpp
[1.452s] -- Up-to-date symlink: /home/aimo/livox_ws/install/livox_ros_driver2/include/livox_ros_driver2/livox_ros_driver2/msg/detail/custom_point__rosidl_typesupport_introspection_cpp.hpp
[1.452s] -- Up-to-date symlink: /home/aimo/livox_ws/install/livox_ros_driver2/share/livox_ros_driver2/environment/pythonpath.sh
[1.453s] -- Up-to-date symlink: /home/aimo/livox_ws/install/livox_ros_driver2/share/livox_ros_driver2/environment/pythonpath.dsv
[1.453s] -- Up-to-date symlink: /home/aimo/livox_ws/install/livox_ros_driver2/local/lib/python3.10/dist-packages/livox_ros_driver2-1.0.0-py3.10.egg-info/PKG-INFO
[1.453s] -- Up-to-date symlink: /home/aimo/livox_ws/install/livox_ros_driver2/local/lib/python3.10/dist-packages/livox_ros_driver2-1.0.0-py3.10.egg-info/SOURCES.txt
[1.453s] -- Up-to-date symlink: /home/aimo/livox_ws/install/livox_ros_driver2/local/lib/python3.10/dist-packages/livox_ros_driver2-1.0.0-py3.10.egg-info/dependency_links.txt
[1.453s] -- Up-to-date symlink: /home/aimo/livox_ws/install/livox_ros_driver2/local/lib/python3.10/dist-packages/livox_ros_driver2-1.0.0-py3.10.egg-info/top_level.txt
[1.453s] -- Up-to-date symlink: /home/aimo/livox_ws/install/livox_ros_driver2/local/lib/python3.10/dist-packages/livox_ros_driver2/__init__.py
[1.453s] -- Up-to-date symlink: /home/aimo/livox_ws/install/livox_ros_driver2/local/lib/python3.10/dist-packages/livox_ros_driver2/_livox_ros_driver2_s.ep.rosidl_typesupport_c.c
[1.453s] -- Up-to-date symlink: /home/aimo/livox_ws/install/livox_ros_driver2/local/lib/python3.10/dist-packages/livox_ros_driver2/_livox_ros_driver2_s.ep.rosidl_typesupport_fastrtps_c.c
[1.453s] -- Up-to-date symlink: /home/aimo/livox_ws/install/livox_ros_driver2/local/lib/python3.10/dist-packages/livox_ros_driver2/_livox_ros_driver2_s.ep.rosidl_typesupport_introspection_c.c
[1.453s] -- Up-to-date symlink: /home/aimo/livox_ws/install/livox_ros_driver2/local/lib/python3.10/dist-packages/livox_ros_driver2/liblivox_interfaces2__rosidl_generator_py.so
[1.454s] -- Up-to-date symlink: /home/aimo/livox_ws/install/livox_ros_driver2/local/lib/python3.10/dist-packages/livox_ros_driver2/livox_ros_driver2_s__rosidl_typesupport_c.cpython-310-x86_64-linux-gnu.so
[1.454s] -- Up-to-date symlink: /home/aimo/livox_ws/install/livox_ros_driver2/local/lib/python3.10/dist-packages/livox_ros_driver2/livox_ros_driver2_s__rosidl_typesupport_fastrtps_c.cpython-310-x86_64-linux-gnu.so
[1.454s] -- Up-to-date symlink: /home/aimo/livox_ws/install/livox_ros_driver2/local/lib/python3.10/dist-packages/livox_ros_driver2/livox_ros_driver2_s__rosidl_typesupport_introspection_c.cpython-310-x86_64-linux-gnu.so
[1.454s] -- Up-to-date symlink: /home/aimo/livox_ws/install/livox_ros_driver2/local/lib/python3.10/dist-packages/livox_ros_driver2/msg/__init__.py
[1.454s] -- Up-to-date symlink: /home/aimo/livox_ws/install/livox_ros_driver2/local/lib/python3.10/dist-packages/livox_ros_driver2/msg/_custom_msg.py
[1.454s] -- Up-to-date symlink: /home/aimo/livox_ws/install/livox_ros_driver2/local/lib/python3.10/dist-packages/livox_ros_driver2/msg/_custom_msg_s.c
[1.454s] -- Up-to-date symlink: /home/aimo/livox_ws/install/livox_ros_driver2/local/lib/python3.10/dist-packages/livox_ros_driver2/msg/_custom_point.py
[1.454s] -- Up-to-date symlink: /home/aimo/livox_ws/install/livox_ros_driver2/local/lib/python3.10/dist-packages/livox_ros_driver2/msg/_custom_point_s.c
[1.454s] -- Up-to-date symlink: /home/aimo/livox_ws/install/livox_ros_driver2/local/lib/python3.10/dist-packages/livox_ros_driver2/livox_ros_driver2_s__rosidl_typesupport_fastrtps_c.cpython-310-x86_64-linux-gnu.so
[1.454s] -- Up-to-date symlink: /home/aimo/livox_ws/install/livox_ros_driver2/local/lib/python3.10/dist-packages/livox_ros_driver2/livox_ros_driver2_s__rosidl_typesupport_introspection_c.cpython-310-x86_64-linux-gnu.so
[1.455s] -- Up-to-date symlink: /home/aimo/livox_ws/install/livox_ros_driver2/local/lib/python3.10/dist-packages/livox_ros_driver2/livox_ros_driver2_s__rosidl_typesupport_c.cpython-310-x86_64-linux-gnu.so
[1.455s] -- Up-to-date symlink: /home/aimo/livox_ws/install/livox_ros_driver2/share/livox_ros_driver2/msg/CustomPoint.idl
[1.455s] -- Up-to-date symlink: /home/aimo/livox_ws/install/livox_ros_driver2/share/livox_ros_driver2/msg/CustomMsg.idl
[1.455s] -- Up-to-date symlink: /home/aimo/livox_ws/install/livox_ros_driver2/share/livox_ros_driver2/msg/CustomPoint.msg
[1.455s] -- Up-to-date symlink: /home/aimo/livox_ws/install/livox_ros_driver2/share/livox_ros_driver2/msg/CustomMsg.msg
[1.455s] -- Up-to-date symlink: /home/aimo/livox_ws/install/livox_ros_driver2/lib/livox_ros_driver2/livox_ros_driver2_node
[1.455s] -- Up-to-date symlink: /home/aimo/livox_ws/install/livox_ros_driver2/lib/liblivox_ros_driver2.so
[1.456s] -- Up-to-date symlink: /home/aimo/livox_ws/install/livox_ros_driver2/share/livox_ros_driver2/config/HAP_config.json
[1.456s] -- Up-to-date symlink: /home/aimo/livox_ws/install/livox_ros_driver2/share/livox_ros_driver2/config/MID360_config.json
[1.456s] -- Up-to-date symlink: /home/aimo/livox_ws/install/livox_ros_driver2/share/livox_ros_driver2/config/custom_config.json
[1.456s] -- Up-to-date symlink: /home/aimo/livox_ws/install/livox_ros_driver2/share/livox_ros_driver2/config/display_point_cloud_ROS1.rviz
[1.456s] -- Up-to-date symlink: /home/aimo/livox_ws/install/livox_ros_driver2/share/livox_ros_driver2/config/display_point_cloud_ROS2.rviz
[1.456s] -- Up-to-date symlink: /home/aimo/livox_ws/install/livox_ros_driver2/share/livox_ros_driver2/config/mixed_HAP_MID360_config.json
[1.456s] -- Up-to-date symlink: /home/aimo/livox_ws/install/livox_ros_driver2/share/livox_ros_driver2/launch/custom_lidar.launch.py
[1.456s] -- Up-to-date symlink: /home/aimo/livox_ws/install/livox_ros_driver2/share/livox_ros_driver2/launch/msg_HAP_launch.py
[1.456s] -- Up-to-date symlink: /home/aimo/livox_ws/install/livox_ros_driver2/share/livox_ros_driver2/launch/msg_MID360_launch.py
[1.456s] -- Up-to-date symlink: /home/aimo/livox_ws/install/livox_ros_driver2/share/livox_ros_driver2/launch/rviz_HAP_launch.py
[1.456s] -- Up-to-date symlink: /home/aimo/livox_ws/install/livox_ros_driver2/share/livox_ros_driver2/launch/rviz_MID360_launch.py
[1.456s] -- Up-to-date symlink: /home/aimo/livox_ws/install/livox_ros_driver2/share/livox_ros_driver2/launch/rviz_mixed.py
[1.457s] -- Up-to-date symlink: /home/aimo/livox_ws/install/livox_ros_driver2/share/ament_index/resource_index/package_run_dependencies/livox_ros_driver2
[1.457s] -- Up-to-date symlink: /home/aimo/livox_ws/install/livox_ros_driver2/share/ament_index/resource_index/parent_prefix_path/livox_ros_driver2
[1.457s] -- Up-to-date symlink: /home/aimo/livox_ws/install/livox_ros_driver2/share/livox_ros_driver2/environment/ament_prefix_path.sh
[1.457s] -- Up-to-date symlink: /home/aimo/livox_ws/install/livox_ros_driver2/share/livox_ros_driver2/environment/ament_prefix_path.dsv
[1.457s] -- Up-to-date symlink: /home/aimo/livox_ws/install/livox_ros_driver2/share/livox_ros_driver2/environment/path.sh
[1.457s] -- Up-to-date symlink: /home/aimo/livox_ws/install/livox_ros_driver2/share/livox_ros_driver2/environment/path.dsv
[1.457s] -- Up-to-date symlink: /home/aimo/livox_ws/install/livox_ros_driver2/share/livox_ros_driver2/local_setup.bash
[1.457s] -- Up-to-date symlink: /home/aimo/livox_ws/install/livox_ros_driver2/share/livox_ros_driver2/local_setup.sh
[1.457s] -- Up-to-date symlink: /home/aimo/livox_ws/install/livox_ros_driver2/share/livox_ros_driver2/local_setup.zsh
[1.457s] -- Up-to-date symlink: /home/aimo/livox_ws/install/livox_ros_driver2/share/livox_ros_driver2/local_setup.dsv
[1.458s] -- Symlinking: /home/aimo/livox_ws/install/livox_ros_driver2/share/livox_ros_driver2/package.dsv
[1.464s] -- Up-to-date symlink: /home/aimo/livox_ws/install/livox_ros_driver2/share/ament_index/resource_index/packages/livox_ros_driver2
[1.465s] -- Up-to-date symlink: /home/aimo/livox_ws/install/livox_ros_driver2/share/ament_index/resource_index/rclcpp_components/livox_ros_driver2
[1.465s] -- Up-to-date symlink: /home/aimo/livox_ws/install/livox_ros_driver2/share/livox_ros_driver2/cmake/rosidl_cmake-extras.cmake
[1.465s] -- Up-to-date symlink: /home/aimo/livox_ws/install/livox_ros_driver2/share/livox_ros_driver2/cmake/ament_cmake_export_dependencies-extras.cmake
[1.465s] -- Up-to-date symlink: /home/aimo/livox_ws/install/livox_ros_driver2/share/livox_ros_driver2/cmake/ament_cmake_export_include_directories-extras.cmake
[1.465s] -- Up-to-date symlink: /home/aimo/livox_ws/install/livox_ros_driver2/share/livox_ros_driver2/cmake/ament_cmake_export_libraries-extras.cmake
[1.465s] -- Up-to-date symlink: /home/aimo/livox_ws/install/livox_ros_driver2/share/livox_ros_driver2/cmake/ament_cmake_export_targets-extras.cmake
[1.465s] -- Up-to-date symlink: /home/aimo/livox_ws/install/livox_ros_driver2/share/livox_ros_driver2/cmake/rosidl_cmake_export_typesupport_targets-extras.cmake
[1.465s] -- Up-to-date symlink: /home/aimo/livox_ws/install/livox_ros_driver2/share/livox_ros_driver2/cmake/rosidl_cmake_export_typesupport_libraries-extras.cmake
[1.465s] -- Up-to-date symlink: /home/aimo/livox_ws/install/livox_ros_driver2/share/livox_ros_driver2/cmake/livox_ros_driver2Config.cmake
[1.465s] -- Up-to-date symlink: /home/aimo/livox_ws/install/livox_ros_driver2/share/livox_ros_driver2/cmake/livox_ros_driver2Config-version.cmake
[1.465s] -- Up-to-date symlink: /home/aimo/livox_ws/install/livox_ros_driver2/share/livox_ros_driver2/package.xml
[1.466s] -- Up-to-date: /home/aimo/livox_ws/install/livox_ros_driver2/lib/liblivox_ros_driver2__rosidl_generator_c.so
[1.466s] -- Up-to-date: /home/aimo/livox_ws/install/livox_ros_driver2/lib/liblivox_ros_driver2__rosidl_typesupport_fastrtps_c.so
[1.466s] -- Up-to-date: /home/aimo/livox_ws/install/livox_ros_driver2/lib/liblivox_ros_driver2__rosidl_typesupport_introspection_c.so
[1.466s] -- Up-to-date: /home/aimo/livox_ws/install/livox_ros_driver2/lib/liblivox_ros_driver2__rosidl_typesupport_c.so
[1.466s] -- Up-to-date: /home/aimo/livox_ws/install/livox_ros_driver2/lib/liblivox_ros_driver2__rosidl_typesupport_fastrtps_cpp.so
[1.466s] -- Up-to-date: /home/aimo/livox_ws/install/livox_ros_driver2/lib/liblivox_ros_driver2__rosidl_typesupport_introspection_cpp.so
[1.466s] -- Up-to-date: /home/aimo/livox_ws/install/livox_ros_driver2/lib/liblivox_ros_driver2__rosidl_typesupport_cpp.so
[1.483s] Listing '/home/aimo/livox_ws/install/livox_ros_driver2/local/lib/python3.10/dist-packages/livox_ros_driver2'...
[1.483s] Compiling '/home/aimo/livox_ws/install/livox_ros_driver2/local/lib/python3.10/dist-packages/livox_ros_driver2/__init__.py'...
[1.483s] Listing '/home/aimo/livox_ws/install/livox_ros_driver2/local/lib/python3.10/dist-packages/livox_ros_driver2/msg'...
[1.485s] -- Up-to-date: /home/aimo/livox_ws/install/livox_ros_driver2/lib/liblivox_interfaces2__rosidl_generator_py.so
[1.485s] -- Up-to-date: /home/aimo/livox_ws/install/livox_ros_driver2/share/livox_ros_driver2/cmake/export_livox_interfaces2__rosidl_generator_cExport.cmake
[1.485s] -- Up-to-date: /home/aimo/livox_ws/install/livox_ros_driver2/share/livox_ros_driver2/cmake/export_livox_interfaces2__rosidl_generator_cExport-release.cmake
[1.485s] -- Up-to-date: /home/aimo/livox_ws/install/livox_ros_driver2/share/livox_ros_driver2/cmake/export_livox_interfaces2__rosidl_typesupport_fastrtps_cExport.cmake
[1.485s] -- Up-to-date: /home/aimo/livox_ws/install/livox_ros_driver2/share/livox_ros_driver2/cmake/export_livox_interfaces2__rosidl_typesupport_fastrtps_cExport-release.cmake
[1.485s] -- Up-to-date: /home/aimo/livox_ws/install/livox_ros_driver2/share/livox_ros_driver2/cmake/livox_interfaces2__rosidl_typesupport_introspection_cExport.cmake
[1.486s] -- Up-to-date: /home/aimo/livox_ws/install/livox_ros_driver2/share/livox_ros_driver2/cmake/livox_interfaces2__rosidl_typesupport_introspection_cExport-release.cmake
[1.486s] -- Up-to-date: /home/aimo/livox_ws/install/livox_ros_driver2/share/livox_ros_driver2/cmake/livox_interfaces2__rosidl_typesupport_cExport.cmake
[1.486s] -- Up-to-date: /home/aimo/livox_ws/install/livox_ros_driver2/share/livox_ros_driver2/cmake/livox_interfaces2__rosidl_typesupport_cExport-release.cmake
[1.486s] -- Up-to-date: /home/aimo/livox_ws/install/livox_ros_driver2/share/livox_ros_driver2/cmake/export_livox_interfaces2__rosidl_generator_cppExport.cmake
[1.486s] -- Up-to-date: /home/aimo/livox_ws/install/livox_ros_driver2/share/livox_ros_driver2/cmake/export_livox_interfaces2__rosidl_typesupport_fastrtps_cppExport.cmake
[1.486s] -- Up-to-date: /home/aimo/livox_ws/install/livox_ros_driver2/share/livox_ros_driver2/cmake/export_livox_interfaces2__rosidl_typesupport_fastrtps_cppExport-release.cmake
[1.486s] -- Up-to-date: /home/aimo/livox_ws/install/livox_ros_driver2/share/livox_ros_driver2/cmake/livox_interfaces2__rosidl_typesupport_introspection_cppExport.cmake
[1.486s] -- Up-to-date: /home/aimo/livox_ws/install/livox_ros_driver2/share/livox_ros_driver2/cmake/livox_interfaces2__rosidl_typesupport_introspection_cppExport-release.cmake
[1.486s] -- Up-to-date: /home/aimo/livox_ws/install/livox_ros_driver2/share/livox_ros_driver2/cmake/livox_interfaces2__rosidl_typesupport_cppExport.cmake
[1.486s] -- Up-to-date: /home/aimo/livox_ws/install/livox_ros_driver2/share/livox_ros_driver2/cmake/livox_interfaces2__rosidl_typesupport_cppExport-release.cmake
[1.486s] -- Up-to-date: /home/aimo/livox_ws/install/livox_ros_driver2/share/livox_ros_driver2/cmake/export_livox_interfaces2__rosidl_generator_pyExport.cmake
[1.487s] -- Up-to-date: /home/aimo/livox_ws/install/livox_ros_driver2/share/livox_ros_driver2/cmake/export_livox_interfaces2__rosidl_generator_pyExport-release.cmake
[1.493s] Invoked command in '/home/aimo/livox_ws/build/livox_ros_driver2' returned '0': CMAKE_PREFIX_PATH=${CMAKE_PREFIX_PATH}:/home/aimo/livox_ws/install/point_cloud_convertor:/opt/ros/humble /usr/bin/cmake --install /home/aimo/livox_ws/build/livox_ros_driver2
