[0.004s] Invoking command in '/home/aimo/livox_ws/build/livox_ros_driver2': CMAKE_PREFIX_PATH=${CMAKE_PREFIX_PATH}:/opt/ros/humble /usr/bin/cmake /home/aimo/livox_ws/src/livox_ros_driver2 -DAMENT_CMAKE_SYMLINK_INSTALL=1 -DCMAKE_INSTALL_PREFIX=/home/aimo/livox_ws/install/livox_ros_driver2
[0.032s] -- The C compiler identification is GNU 11.4.0
[0.060s] -- The CXX compiler identification is GNU 11.4.0
[0.063s] -- Detecting C compiler ABI info
[0.098s] -- Detecting C compiler ABI info - done
[0.102s] -- Check for working C compiler: /usr/bin/cc - skipped
[0.102s] -- Detecting C compile features
[0.102s] -- Detecting C compile features - done
[0.104s] -- Detecting CXX compiler ABI info
[0.145s] -- Detecting CXX compiler ABI info - done
[0.149s] -- Check for working CXX compiler: /usr/bin/c++ - skipped
[0.149s] -- Detecting CXX compile features
[0.149s] -- Detecting CXX compile features - done
[0.149s] -- livox_ros_driver2 version: 1.2.4
[0.150s] -- Found ament_cmake_auto: 1.3.11 (/opt/ros/humble/share/ament_cmake_auto/cmake)
[0.218s] -- Found Python3: /usr/bin/python3 (found version "3.10.12") found components: Interpreter 
[0.246s] -- Override CMake install command with custom implementation using symlinks instead of copying resources
[0.285s] -- Using all available rosidl_typesupport_c: rosidl_typesupport_fastrtps_c;rosidl_typesupport_introspection_c
[0.287s] -- Found rosidl_adapter: 3.1.6 (/opt/ros/humble/share/rosidl_adapter/cmake)
[0.304s] -- Using all available rosidl_typesupport_cpp: rosidl_typesupport_fastrtps_cpp;rosidl_typesupport_introspection_cpp
[0.338s] -- Found rmw_implementation_cmake: 6.1.2 (/opt/ros/humble/share/rmw_implementation_cmake/cmake)
[0.339s] -- Found rmw_fastrtps_cpp: 6.2.7 (/opt/ros/humble/share/rmw_fastrtps_cpp/cmake)
[0.380s] -- Found OpenSSL: /usr/lib/x86_64-linux-gnu/libcrypto.so (found version "3.0.2")  
[0.392s] -- Found FastRTPS: /opt/ros/humble/include  
[0.410s] -- Using RMW implementation 'rmw_fastrtps_cpp' as default
[0.414s] -- Looking for pthread.h
[0.450s] -- Looking for pthread.h - found
[0.450s] -- Performing Test CMAKE_HAVE_LIBC_PTHREAD
[0.487s] -- Performing Test CMAKE_HAVE_LIBC_PTHREAD - Success
[0.487s] -- Found Threads: TRUE  
[0.550s] -- Checking for module 'eigen3'
[0.556s] --   Found eigen3, version 3.4.0
[0.571s] -- Found Eigen: /usr/include/eigen3 (Required is at least version "3.1") 
[0.571s] -- Eigen found (include: /usr/include/eigen3, version: 3.4.0)
[0.586s] -- Checking for module 'flann'
[0.593s] --   Found flann, version 1.9.1
[0.612s] -- Found FLANN: /usr/lib/x86_64-linux-gnu/libflann_cpp.so  
[0.612s] -- FLANN found (include: /usr/include, lib: /usr/lib/x86_64-linux-gnu/libflann_cpp.so)
[1.062s] -- Checking for module 'libusb-1.0'
[1.069s] --   Found libusb-1.0, version 1.0.25
[1.088s] -- Found libusb: /usr/lib/x86_64-linux-gnu/libusb-1.0.so  
[1.088s] -- OpenNI found (version: 1.5.4.0, include: /usr/include/ni, lib: /usr/lib/libOpenNI.so;libusb::libusb)
[1.116s] -- OpenNI2 found (version: 2.2.0.33, include: /usr/include/openni2, lib: /usr/lib/x86_64-linux-gnu/libOpenNI2.so;libusb::libusb)
[1.182s] -- Eigen found (include: /usr/include/eigen3, version: 3.4.0)
[1.185s] -- OpenNI found (version: 1.5.4.0, include: /usr/include/ni, lib: /usr/lib/libOpenNI.so;libusb::libusb)
[1.188s] -- OpenNI2 found (version: 2.2.0.33, include: /usr/include/openni2, lib: /usr/lib/x86_64-linux-gnu/libOpenNI2.so;libusb::libusb)
[1.250s] -- Found Qhull version 8.0.2
[1.315s] -- OpenNI found (version: 1.5.4.0, include: /usr/include/ni, lib: /usr/lib/libOpenNI.so;libusb::libusb)
[1.377s] -- Found PCL_COMMON: /usr/lib/x86_64-linux-gnu/libpcl_common.so  
[1.377s] -- Found PCL_KDTREE: /usr/lib/x86_64-linux-gnu/libpcl_kdtree.so  
[1.377s] -- Found PCL_OCTREE: /usr/lib/x86_64-linux-gnu/libpcl_octree.so  
[1.377s] -- Found PCL_SEARCH: /usr/lib/x86_64-linux-gnu/libpcl_search.so  
[1.379s] -- Found PCL_SAMPLE_CONSENSUS: /usr/lib/x86_64-linux-gnu/libpcl_sample_consensus.so  
[1.379s] -- Found PCL_FILTERS: /usr/lib/x86_64-linux-gnu/libpcl_filters.so  
[1.379s] -- Found PCL_2D: /usr/include/pcl-1.12  
[1.379s] -- Found PCL_GEOMETRY: /usr/include/pcl-1.12  
[1.379s] -- Found PCL_IO: /usr/lib/x86_64-linux-gnu/libpcl_io.so  
[1.379s] -- Found PCL_FEATURES: /usr/lib/x86_64-linux-gnu/libpcl_features.so  
[1.380s] -- Found PCL_ML: /usr/lib/x86_64-linux-gnu/libpcl_ml.so  
[1.380s] -- Found PCL_SEGMENTATION: /usr/lib/x86_64-linux-gnu/libpcl_segmentation.so  
[1.380s] -- Found PCL_VISUALIZATION: /usr/lib/x86_64-linux-gnu/libpcl_visualization.so  
[1.382s] -- Found PCL_SURFACE: /usr/lib/x86_64-linux-gnu/libpcl_surface.so  
[1.383s] -- Found PCL_REGISTRATION: /usr/lib/x86_64-linux-gnu/libpcl_registration.so  
[1.383s] -- Found PCL_KEYPOINTS: /usr/lib/x86_64-linux-gnu/libpcl_keypoints.so  
[1.383s] -- Found PCL_TRACKING: /usr/lib/x86_64-linux-gnu/libpcl_tracking.so  
[1.383s] -- Found PCL_RECOGNITION: /usr/lib/x86_64-linux-gnu/libpcl_recognition.so  
[1.383s] -- Found PCL_STEREO: /usr/lib/x86_64-linux-gnu/libpcl_stereo.so  
[1.383s] -- Found PCL_APPS: /usr/lib/x86_64-linux-gnu/libpcl_apps.so  
[1.385s] -- Found PCL_IN_HAND_SCANNER: /usr/include/pcl-1.12  
[1.385s] -- Found PCL_MODELER: /usr/include/pcl-1.12  
[1.385s] -- Found PCL_POINT_CLOUD_EDITOR: /usr/include/pcl-1.12  
[1.385s] -- Found PCL_OUTOFCORE: /usr/lib/x86_64-linux-gnu/libpcl_outofcore.so  
[1.385s] -- Found PCL_PEOPLE: /usr/lib/x86_64-linux-gnu/libpcl_people.so  
[1.405s] -- Found PkgConfig: /usr/bin/pkg-config (found version "0.29.2") 
[1.405s] -- Checking for module 'apr-1'
[1.412s] --   Found apr-1, version 1.7.0
[1.431s] [0m/usr/include/apr-1.0[0m
[1.432s] [0mapr-1[0m
[1.527s] -- Found ament_cmake_ros: 0.10.0 (/opt/ros/humble/share/ament_cmake_ros/cmake)
[1.627s] -- Using all available rosidl_typesupport_c: rosidl_typesupport_fastrtps_c;rosidl_typesupport_introspection_c
[1.752s] -- Using all available rosidl_typesupport_cpp: rosidl_typesupport_fastrtps_cpp;rosidl_typesupport_introspection_cpp
[1.764s] -- Found PythonInterp: /usr/bin/python3 (found suitable version "3.10.12", minimum required is "3.6") 
[1.765s] -- Found python_cmake_module: 0.10.0 (/opt/ros/humble/share/python_cmake_module/cmake)
[1.776s] -- Found PythonLibs: /usr/lib/x86_64-linux-gnu/libpython3.10.so (found suitable version "3.10.12", minimum required is "3.5") 
[1.776s] -- Using PYTHON_EXECUTABLE: /usr/bin/python3
[1.776s] -- Using PYTHON_INCLUDE_DIRS: /usr/include/python3.10
[1.776s] -- Using PYTHON_LIBRARIES: /usr/lib/x86_64-linux-gnu/libpython3.10.so
[1.786s] -- Found PythonExtra: .so  
[1.814s] -- Found ament_lint_auto: 0.12.12 (/opt/ros/humble/share/ament_lint_auto/cmake)
[1.822s] -- Added test 'copyright' to check source files copyright and LICENSE
[1.831s] -- Added test 'cppcheck' to perform static code analysis on C / C++ code
[1.832s] -- Configured cppcheck include dirs: /home/aimo/livox_ws/src/livox_ros_driver2/livox_sdk/include;/home/aimo/livox_ws/src/livox_ros_driver2/3rdparty;/home/aimo/livox_ws/src/livox_ros_driver2/src
[1.832s] -- Configured cppcheck exclude dirs and/or files: 
[1.840s] -- Added test 'cpplint' to check C / C++ code against the Google style
[1.840s] -- Configured cpplint exclude dirs and/or files: 
[1.841s] -- Added test 'flake8' to check Python code syntax and style conventions
[1.843s] -- Added test 'lint_cmake' to check CMake code style
[1.845s] -- Added test 'pep257' to check Python code against some of the docstring style conventions in PEP 257
[1.852s] -- Added test 'uncrustify' to check C / C++ code style
[1.852s] -- Configured uncrustify additional arguments: 
[1.854s] -- Added test 'xmllint' to check XML markup files
[1.855s] -- Configuring done
[1.880s] -- Generating done
[1.888s] -- Build files have been written to: /home/aimo/livox_ws/build/livox_ros_driver2
[1.899s] Invoked command in '/home/aimo/livox_ws/build/livox_ros_driver2' returned '0': CMAKE_PREFIX_PATH=${CMAKE_PREFIX_PATH}:/opt/ros/humble /usr/bin/cmake /home/aimo/livox_ws/src/livox_ros_driver2 -DAMENT_CMAKE_SYMLINK_INSTALL=1 -DCMAKE_INSTALL_PREFIX=/home/aimo/livox_ws/install/livox_ros_driver2
[1.899s] Invoking command in '/home/aimo/livox_ws/build/livox_ros_driver2': CMAKE_PREFIX_PATH=${CMAKE_PREFIX_PATH}:/opt/ros/humble /usr/bin/cmake --build /home/aimo/livox_ws/build/livox_ros_driver2 -- -j20 -l20
[1.922s] [  1%] [34m[1mGenerating C code for ROS interfaces[0m
[1.926s] [  3%] [34m[1mGenerating C++ code for ROS interfaces[0m
[1.927s] [  5%] [32mBuilding CXX object CMakeFiles/livox_ros_driver2_node.dir/rclcpp_components/node_main_livox_ros_driver2_node.cpp.o[0m
[1.930s] [  5%] Built target ament_cmake_python_symlink_livox_ros_driver2
[2.026s] running egg_info
[2.026s] creating livox_ros_driver2.egg-info
[2.026s] writing livox_ros_driver2.egg-info/PKG-INFO
[2.026s] writing dependency_links to livox_ros_driver2.egg-info/dependency_links.txt
[2.026s] writing top-level names to livox_ros_driver2.egg-info/top_level.txt
[2.026s] writing manifest file 'livox_ros_driver2.egg-info/SOURCES.txt'
[2.027s] reading manifest file 'livox_ros_driver2.egg-info/SOURCES.txt'
[2.027s] writing manifest file 'livox_ros_driver2.egg-info/SOURCES.txt'
[2.041s] [  5%] Built target ament_cmake_python_build_livox_ros_driver2_egg
[2.100s] [  5%] Built target livox_interfaces2__cpp
[2.105s] [  7%] [34m[1mGenerating C++ introspection for ROS interfaces[0m
[2.105s] [  8%] [34m[1mGenerating C++ type support for eProsima Fast-RTPS[0m
[2.105s] [ 10%] [34m[1mGenerating C++ type support dispatch for ROS interfaces[0m
[2.108s] [ 12%] [32mBuilding C object CMakeFiles/livox_interfaces2__rosidl_generator_c.dir/rosidl_generator_c/livox_ros_driver2/msg/detail/custom_point__functions.c.o[0m
[2.108s] [ 14%] [32mBuilding C object CMakeFiles/livox_interfaces2__rosidl_generator_c.dir/rosidl_generator_c/livox_ros_driver2/msg/detail/custom_msg__functions.c.o[0m
[2.137s] [ 15%] [32m[1mLinking C shared library liblivox_ros_driver2__rosidl_generator_c.so[0m
[2.156s] [ 15%] Built target livox_interfaces2__rosidl_generator_c
[2.161s] [ 19%] [34m[1mGenerating C introspection for ROS interfaces[0m
[2.161s] [ 19%] [34m[1mGenerating C type support dispatch for ROS interfaces[0m
[2.161s] [ 21%] [34m[1mGenerating C type support for eProsima Fast-RTPS[0m
[2.267s] [ 22%] [32mBuilding CXX object CMakeFiles/livox_interfaces2__rosidl_typesupport_cpp.dir/rosidl_typesupport_cpp/livox_ros_driver2/msg/custom_msg__type_support.cpp.o[0m
[2.267s] [ 24%] [32mBuilding CXX object CMakeFiles/livox_interfaces2__rosidl_typesupport_cpp.dir/rosidl_typesupport_cpp/livox_ros_driver2/msg/custom_point__type_support.cpp.o[0m
[2.273s] [ 28%] [32mBuilding CXX object CMakeFiles/livox_interfaces2__rosidl_typesupport_introspection_cpp.dir/rosidl_typesupport_introspection_cpp/livox_ros_driver2/msg/detail/custom_msg__type_support.cpp.o[0m
[2.273s] [ 28%] [32mBuilding CXX object CMakeFiles/livox_interfaces2__rosidl_typesupport_introspection_cpp.dir/rosidl_typesupport_introspection_cpp/livox_ros_driver2/msg/detail/custom_point__type_support.cpp.o[0m
[2.278s] [ 29%] [32mBuilding CXX object CMakeFiles/livox_interfaces2__rosidl_typesupport_fastrtps_cpp.dir/rosidl_typesupport_fastrtps_cpp/livox_ros_driver2/msg/detail/dds_fastrtps/custom_point__type_support.cpp.o[0m
[2.278s] [ 31%] [32mBuilding CXX object CMakeFiles/livox_interfaces2__rosidl_typesupport_fastrtps_cpp.dir/rosidl_typesupport_fastrtps_cpp/livox_ros_driver2/msg/detail/dds_fastrtps/custom_msg__type_support.cpp.o[0m
[2.325s] [ 33%] [32mBuilding CXX object CMakeFiles/livox_interfaces2__rosidl_typesupport_c.dir/rosidl_typesupport_c/livox_ros_driver2/msg/custom_msg__type_support.cpp.o[0m
[2.325s] [ 35%] [32mBuilding CXX object CMakeFiles/livox_interfaces2__rosidl_typesupport_c.dir/rosidl_typesupport_c/livox_ros_driver2/msg/custom_point__type_support.cpp.o[0m
[2.333s] [ 36%] [32mBuilding C object CMakeFiles/livox_interfaces2__rosidl_typesupport_introspection_c.dir/rosidl_typesupport_introspection_c/livox_ros_driver2/msg/detail/custom_msg__type_support.c.o[0m
[2.333s] [ 38%] [32mBuilding C object CMakeFiles/livox_interfaces2__rosidl_typesupport_introspection_c.dir/rosidl_typesupport_introspection_c/livox_ros_driver2/msg/detail/custom_point__type_support.c.o[0m
[2.337s] [ 42%] [32mBuilding CXX object CMakeFiles/livox_interfaces2__rosidl_typesupport_fastrtps_c.dir/rosidl_typesupport_fastrtps_c/livox_ros_driver2/msg/detail/custom_point__type_support_c.cpp.o[0m
[2.337s] [ 42%] [32mBuilding CXX object CMakeFiles/livox_interfaces2__rosidl_typesupport_fastrtps_c.dir/rosidl_typesupport_fastrtps_c/livox_ros_driver2/msg/detail/custom_msg__type_support_c.cpp.o[0m
[2.344s] [ 43%] [32m[1mLinking CXX shared library liblivox_ros_driver2__rosidl_typesupport_c.so[0m
[2.356s] [ 45%] [32m[1mLinking C shared library liblivox_ros_driver2__rosidl_typesupport_introspection_c.so[0m
[2.371s] [ 45%] Built target livox_interfaces2__rosidl_typesupport_c
[2.372s] [ 45%] Built target livox_interfaces2__rosidl_typesupport_introspection_c
[2.376s] [ 47%] [32m[1mLinking CXX shared library liblivox_ros_driver2__rosidl_typesupport_cpp.so[0m
[2.402s] [ 47%] Built target livox_interfaces2__rosidl_typesupport_cpp
[2.416s] [ 54%] [32mBuilding CXX object CMakeFiles/livox_ros_driver2.dir/src/lddc.cpp.o[0m
[2.417s] [ 54%] [32mBuilding CXX object CMakeFiles/livox_ros_driver2.dir/src/driver_node.cpp.o[0m
[2.417s] [ 54%] [32mBuilding CXX object CMakeFiles/livox_ros_driver2.dir/src/lds.cpp.o[0m
[2.417s] [ 54%] [32mBuilding CXX object CMakeFiles/livox_ros_driver2.dir/src/livox_ros_driver2.cpp.o[0m
[2.417s] [ 56%] [32mBuilding CXX object CMakeFiles/livox_ros_driver2.dir/src/lds_lidar.cpp.o[0m
[2.417s] [ 59%] [32mBuilding CXX object CMakeFiles/livox_ros_driver2.dir/src/comm/ldq.cpp.o[0m
[2.418s] [ 59%] [32mBuilding CXX object CMakeFiles/livox_ros_driver2.dir/src/comm/comm.cpp.o[0m
[2.418s] [ 61%] [32mBuilding CXX object CMakeFiles/livox_ros_driver2.dir/src/comm/semaphore.cpp.o[0m
[2.420s] [ 66%] [32mBuilding CXX object CMakeFiles/livox_ros_driver2.dir/src/comm/cache_index.cpp.o[0m
[2.420s] [ 66%] [32mBuilding CXX object CMakeFiles/livox_ros_driver2.dir/src/parse_cfg_file/parse_livox_lidar_cfg.cpp.o[0m
[2.420s] [ 66%] [32mBuilding CXX object CMakeFiles/livox_ros_driver2.dir/src/comm/pub_handler.cpp.o[0m
[2.420s] [ 68%] [32mBuilding CXX object CMakeFiles/livox_ros_driver2.dir/src/parse_cfg_file/parse_cfg_file.cpp.o[0m
[2.420s] [ 70%] [32mBuilding CXX object CMakeFiles/livox_ros_driver2.dir/src/comm/lidar_imu_data_queue.cpp.o[0m
[2.450s] [ 71%] [32mBuilding CXX object CMakeFiles/livox_ros_driver2.dir/src/call_back/lidar_common_callback.cpp.o[0m
[2.465s] [ 73%] [32m[1mLinking CXX shared library liblivox_ros_driver2__rosidl_typesupport_introspection_cpp.so[0m
[2.474s] [ 75%] [32mBuilding CXX object CMakeFiles/livox_ros_driver2.dir/src/call_back/livox_lidar_callback.cpp.o[0m
[2.478s] [ 77%] [32m[1mLinking CXX shared library liblivox_ros_driver2__rosidl_typesupport_fastrtps_cpp.so[0m
[2.497s] [ 78%] [32m[1mLinking CXX shared library liblivox_ros_driver2__rosidl_typesupport_fastrtps_c.so[0m
[2.509s] [ 78%] Built target livox_interfaces2__rosidl_typesupport_introspection_cpp
[2.538s] [ 78%] Built target livox_interfaces2__rosidl_typesupport_fastrtps_cpp
[2.547s] [ 78%] Built target livox_interfaces2__rosidl_typesupport_fastrtps_c
[2.563s] [ 78%] Built target livox_interfaces2
[2.578s] [ 80%] [34m[1mGenerating Python code for ROS interfaces[0m
[2.896s] [ 80%] Built target livox_interfaces2__py
[2.908s] [ 84%] [32mBuilding C object CMakeFiles/livox_interfaces2__rosidl_generator_py.dir/rosidl_generator_py/livox_ros_driver2/msg/_custom_msg_s.c.o[0m
[2.908s] [ 84%] [32mBuilding C object CMakeFiles/livox_interfaces2__rosidl_generator_py.dir/rosidl_generator_py/livox_ros_driver2/msg/_custom_point_s.c.o[0m
[2.961s] [ 85%] [32m[1mLinking C shared library rosidl_generator_py/livox_ros_driver2/liblivox_interfaces2__rosidl_generator_py.so[0m
[2.983s] [ 85%] Built target livox_interfaces2__rosidl_generator_py
[2.994s] [ 87%] [32mBuilding C object CMakeFiles/livox_ros_driver2__rosidl_typesupport_introspection_c__pyext.dir/rosidl_generator_py/livox_ros_driver2/_livox_ros_driver2_s.ep.rosidl_typesupport_introspection_c.c.o[0m
[2.994s] [ 91%] [32mBuilding C object CMakeFiles/livox_ros_driver2__rosidl_typesupport_c__pyext.dir/rosidl_generator_py/livox_ros_driver2/_livox_ros_driver2_s.ep.rosidl_typesupport_c.c.o[0m
[2.994s] [ 91%] [32mBuilding C object CMakeFiles/livox_ros_driver2__rosidl_typesupport_fastrtps_c__pyext.dir/rosidl_generator_py/livox_ros_driver2/_livox_ros_driver2_s.ep.rosidl_typesupport_fastrtps_c.c.o[0m
[3.041s] [ 92%] [32m[1mLinking C shared library rosidl_generator_py/livox_ros_driver2/livox_ros_driver2_s__rosidl_typesupport_fastrtps_c.cpython-310-x86_64-linux-gnu.so[0m
[3.041s] [ 94%] [32m[1mLinking C shared library rosidl_generator_py/livox_ros_driver2/livox_ros_driver2_s__rosidl_typesupport_c.cpython-310-x86_64-linux-gnu.so[0m
[3.041s] [ 96%] [32m[1mLinking C shared library rosidl_generator_py/livox_ros_driver2/livox_ros_driver2_s__rosidl_typesupport_introspection_c.cpython-310-x86_64-linux-gnu.so[0m
[3.059s] [ 96%] Built target livox_ros_driver2__rosidl_typesupport_fastrtps_c__pyext
[3.059s] [ 96%] Built target livox_ros_driver2__rosidl_typesupport_c__pyext
[3.060s] [ 96%] Built target livox_ros_driver2__rosidl_typesupport_introspection_c__pyext
[3.466s] [ 98%] [32m[1mLinking CXX executable livox_ros_driver2_node[0m
[3.529s] [ 98%] Built target livox_ros_driver2_node
[6.089s] [100%] [32m[1mLinking CXX shared library liblivox_ros_driver2.so[0m
[6.649s] [100%] Built target livox_ros_driver2
[6.656s] Invoked command in '/home/aimo/livox_ws/build/livox_ros_driver2' returned '0': CMAKE_PREFIX_PATH=${CMAKE_PREFIX_PATH}:/opt/ros/humble /usr/bin/cmake --build /home/aimo/livox_ws/build/livox_ros_driver2 -- -j20 -l20
[6.661s] Invoking command in '/home/aimo/livox_ws/build/livox_ros_driver2': CMAKE_PREFIX_PATH=${CMAKE_PREFIX_PATH}:/opt/ros/humble /usr/bin/cmake --install /home/aimo/livox_ws/build/livox_ros_driver2
[6.664s] -- Install configuration: ""
[6.664s] -- Execute custom install script
[6.664s] -- Symlinking: /home/aimo/livox_ws/install/livox_ros_driver2/share/ament_index/resource_index/rosidl_interfaces/livox_ros_driver2
[6.669s] -- Symlinking: /home/aimo/livox_ws/install/livox_ros_driver2/include/livox_ros_driver2/livox_ros_driver2/msg/custom_msg.h
[6.673s] -- Symlinking: /home/aimo/livox_ws/install/livox_ros_driver2/include/livox_ros_driver2/livox_ros_driver2/msg/custom_point.h
[6.677s] -- Symlinking: /home/aimo/livox_ws/install/livox_ros_driver2/include/livox_ros_driver2/livox_ros_driver2/msg/detail/custom_msg__functions.h
[6.681s] -- Symlinking: /home/aimo/livox_ws/install/livox_ros_driver2/include/livox_ros_driver2/livox_ros_driver2/msg/detail/custom_msg__struct.h
[6.685s] -- Symlinking: /home/aimo/livox_ws/install/livox_ros_driver2/include/livox_ros_driver2/livox_ros_driver2/msg/detail/custom_msg__type_support.h
[6.689s] -- Symlinking: /home/aimo/livox_ws/install/livox_ros_driver2/include/livox_ros_driver2/livox_ros_driver2/msg/detail/custom_point__functions.h
[6.692s] -- Symlinking: /home/aimo/livox_ws/install/livox_ros_driver2/include/livox_ros_driver2/livox_ros_driver2/msg/detail/custom_point__struct.h
[6.696s] -- Symlinking: /home/aimo/livox_ws/install/livox_ros_driver2/include/livox_ros_driver2/livox_ros_driver2/msg/detail/custom_point__type_support.h
[6.700s] -- Symlinking: /home/aimo/livox_ws/install/livox_ros_driver2/include/livox_ros_driver2/livox_ros_driver2/msg/rosidl_generator_c__visibility_control.h
[6.704s] -- Symlinking: /home/aimo/livox_ws/install/livox_ros_driver2/share/livox_ros_driver2/environment/library_path.sh
[6.708s] -- Symlinking: /home/aimo/livox_ws/install/livox_ros_driver2/share/livox_ros_driver2/environment/library_path.dsv
[6.711s] -- Symlinking: /home/aimo/livox_ws/install/livox_ros_driver2/include/livox_ros_driver2/livox_ros_driver2/msg/detail/custom_msg__rosidl_typesupport_fastrtps_c.h
[6.716s] -- Symlinking: /home/aimo/livox_ws/install/livox_ros_driver2/include/livox_ros_driver2/livox_ros_driver2/msg/detail/custom_point__rosidl_typesupport_fastrtps_c.h
[6.720s] -- Symlinking: /home/aimo/livox_ws/install/livox_ros_driver2/include/livox_ros_driver2/livox_ros_driver2/msg/rosidl_typesupport_fastrtps_c__visibility_control.h
[6.724s] -- Symlinking: /home/aimo/livox_ws/install/livox_ros_driver2/include/livox_ros_driver2/livox_ros_driver2/msg/detail/custom_msg__rosidl_typesupport_introspection_c.h
[6.728s] -- Symlinking: /home/aimo/livox_ws/install/livox_ros_driver2/include/livox_ros_driver2/livox_ros_driver2/msg/detail/custom_point__rosidl_typesupport_introspection_c.h
[6.732s] -- Symlinking: /home/aimo/livox_ws/install/livox_ros_driver2/include/livox_ros_driver2/livox_ros_driver2/msg/rosidl_typesupport_introspection_c__visibility_control.h
[6.737s] -- Symlinking: /home/aimo/livox_ws/install/livox_ros_driver2/include/livox_ros_driver2/livox_ros_driver2/msg/custom_msg.hpp
[6.740s] -- Symlinking: /home/aimo/livox_ws/install/livox_ros_driver2/include/livox_ros_driver2/livox_ros_driver2/msg/custom_point.hpp
[6.745s] -- Symlinking: /home/aimo/livox_ws/install/livox_ros_driver2/include/livox_ros_driver2/livox_ros_driver2/msg/detail/custom_msg__builder.hpp
[6.749s] -- Symlinking: /home/aimo/livox_ws/install/livox_ros_driver2/include/livox_ros_driver2/livox_ros_driver2/msg/detail/custom_msg__struct.hpp
[6.753s] -- Symlinking: /home/aimo/livox_ws/install/livox_ros_driver2/include/livox_ros_driver2/livox_ros_driver2/msg/detail/custom_msg__traits.hpp
[6.757s] -- Symlinking: /home/aimo/livox_ws/install/livox_ros_driver2/include/livox_ros_driver2/livox_ros_driver2/msg/detail/custom_msg__type_support.hpp
[6.761s] -- Symlinking: /home/aimo/livox_ws/install/livox_ros_driver2/include/livox_ros_driver2/livox_ros_driver2/msg/detail/custom_point__builder.hpp
[6.764s] -- Symlinking: /home/aimo/livox_ws/install/livox_ros_driver2/include/livox_ros_driver2/livox_ros_driver2/msg/detail/custom_point__struct.hpp
[6.768s] -- Symlinking: /home/aimo/livox_ws/install/livox_ros_driver2/include/livox_ros_driver2/livox_ros_driver2/msg/detail/custom_point__traits.hpp
[6.772s] -- Symlinking: /home/aimo/livox_ws/install/livox_ros_driver2/include/livox_ros_driver2/livox_ros_driver2/msg/detail/custom_point__type_support.hpp
[6.776s] -- Symlinking: /home/aimo/livox_ws/install/livox_ros_driver2/include/livox_ros_driver2/livox_ros_driver2/msg/rosidl_generator_cpp__visibility_control.hpp
[6.780s] -- Symlinking: /home/aimo/livox_ws/install/livox_ros_driver2/include/livox_ros_driver2/livox_ros_driver2/msg/detail/custom_msg__rosidl_typesupport_fastrtps_cpp.hpp
[6.785s] -- Symlinking: /home/aimo/livox_ws/install/livox_ros_driver2/include/livox_ros_driver2/livox_ros_driver2/msg/detail/custom_point__rosidl_typesupport_fastrtps_cpp.hpp
[6.789s] -- Symlinking: /home/aimo/livox_ws/install/livox_ros_driver2/include/livox_ros_driver2/livox_ros_driver2/msg/rosidl_typesupport_fastrtps_cpp__visibility_control.h
[6.792s] -- Symlinking: /home/aimo/livox_ws/install/livox_ros_driver2/include/livox_ros_driver2/livox_ros_driver2/msg/detail/custom_msg__rosidl_typesupport_introspection_cpp.hpp
[6.796s] -- Symlinking: /home/aimo/livox_ws/install/livox_ros_driver2/include/livox_ros_driver2/livox_ros_driver2/msg/detail/custom_point__rosidl_typesupport_introspection_cpp.hpp
[6.800s] -- Symlinking: /home/aimo/livox_ws/install/livox_ros_driver2/share/livox_ros_driver2/environment/pythonpath.sh
[6.804s] -- Symlinking: /home/aimo/livox_ws/install/livox_ros_driver2/share/livox_ros_driver2/environment/pythonpath.dsv
[6.809s] -- Symlinking: /home/aimo/livox_ws/install/livox_ros_driver2/local/lib/python3.10/dist-packages/livox_ros_driver2-1.0.0-py3.10.egg-info/PKG-INFO
[6.812s] -- Symlinking: /home/aimo/livox_ws/install/livox_ros_driver2/local/lib/python3.10/dist-packages/livox_ros_driver2-1.0.0-py3.10.egg-info/SOURCES.txt
[6.816s] -- Symlinking: /home/aimo/livox_ws/install/livox_ros_driver2/local/lib/python3.10/dist-packages/livox_ros_driver2-1.0.0-py3.10.egg-info/dependency_links.txt
[6.820s] -- Symlinking: /home/aimo/livox_ws/install/livox_ros_driver2/local/lib/python3.10/dist-packages/livox_ros_driver2-1.0.0-py3.10.egg-info/top_level.txt
[6.824s] -- Symlinking: /home/aimo/livox_ws/install/livox_ros_driver2/local/lib/python3.10/dist-packages/livox_ros_driver2/__init__.py
[6.828s] -- Symlinking: /home/aimo/livox_ws/install/livox_ros_driver2/local/lib/python3.10/dist-packages/livox_ros_driver2/_livox_ros_driver2_s.ep.rosidl_typesupport_c.c
[6.832s] -- Symlinking: /home/aimo/livox_ws/install/livox_ros_driver2/local/lib/python3.10/dist-packages/livox_ros_driver2/_livox_ros_driver2_s.ep.rosidl_typesupport_fastrtps_c.c
[6.836s] -- Symlinking: /home/aimo/livox_ws/install/livox_ros_driver2/local/lib/python3.10/dist-packages/livox_ros_driver2/_livox_ros_driver2_s.ep.rosidl_typesupport_introspection_c.c
[6.840s] -- Symlinking: /home/aimo/livox_ws/install/livox_ros_driver2/local/lib/python3.10/dist-packages/livox_ros_driver2/liblivox_interfaces2__rosidl_generator_py.so
[6.843s] -- Symlinking: /home/aimo/livox_ws/install/livox_ros_driver2/local/lib/python3.10/dist-packages/livox_ros_driver2/livox_ros_driver2_s__rosidl_typesupport_c.cpython-310-x86_64-linux-gnu.so
[6.848s] -- Symlinking: /home/aimo/livox_ws/install/livox_ros_driver2/local/lib/python3.10/dist-packages/livox_ros_driver2/livox_ros_driver2_s__rosidl_typesupport_fastrtps_c.cpython-310-x86_64-linux-gnu.so
[6.851s] -- Symlinking: /home/aimo/livox_ws/install/livox_ros_driver2/local/lib/python3.10/dist-packages/livox_ros_driver2/livox_ros_driver2_s__rosidl_typesupport_introspection_c.cpython-310-x86_64-linux-gnu.so
[6.855s] -- Symlinking: /home/aimo/livox_ws/install/livox_ros_driver2/local/lib/python3.10/dist-packages/livox_ros_driver2/msg/__init__.py
[6.859s] -- Symlinking: /home/aimo/livox_ws/install/livox_ros_driver2/local/lib/python3.10/dist-packages/livox_ros_driver2/msg/_custom_msg.py
[6.863s] -- Symlinking: /home/aimo/livox_ws/install/livox_ros_driver2/local/lib/python3.10/dist-packages/livox_ros_driver2/msg/_custom_msg_s.c
[6.868s] -- Symlinking: /home/aimo/livox_ws/install/livox_ros_driver2/local/lib/python3.10/dist-packages/livox_ros_driver2/msg/_custom_point.py
[6.872s] -- Symlinking: /home/aimo/livox_ws/install/livox_ros_driver2/local/lib/python3.10/dist-packages/livox_ros_driver2/msg/_custom_point_s.c
[6.875s] -- Up-to-date symlink: /home/aimo/livox_ws/install/livox_ros_driver2/local/lib/python3.10/dist-packages/livox_ros_driver2/livox_ros_driver2_s__rosidl_typesupport_fastrtps_c.cpython-310-x86_64-linux-gnu.so
[6.876s] -- Up-to-date symlink: /home/aimo/livox_ws/install/livox_ros_driver2/local/lib/python3.10/dist-packages/livox_ros_driver2/livox_ros_driver2_s__rosidl_typesupport_introspection_c.cpython-310-x86_64-linux-gnu.so
[6.876s] -- Up-to-date symlink: /home/aimo/livox_ws/install/livox_ros_driver2/local/lib/python3.10/dist-packages/livox_ros_driver2/livox_ros_driver2_s__rosidl_typesupport_c.cpython-310-x86_64-linux-gnu.so
[6.876s] -- Symlinking: /home/aimo/livox_ws/install/livox_ros_driver2/share/livox_ros_driver2/msg/CustomPoint.idl
[6.879s] -- Symlinking: /home/aimo/livox_ws/install/livox_ros_driver2/share/livox_ros_driver2/msg/CustomMsg.idl
[6.884s] -- Symlinking: /home/aimo/livox_ws/install/livox_ros_driver2/share/livox_ros_driver2/msg/CustomPoint.msg
[6.888s] -- Symlinking: /home/aimo/livox_ws/install/livox_ros_driver2/share/livox_ros_driver2/msg/CustomMsg.msg
[6.892s] -- Symlinking: /home/aimo/livox_ws/install/livox_ros_driver2/lib/livox_ros_driver2/livox_ros_driver2_node
[6.896s] -- Symlinking: /home/aimo/livox_ws/install/livox_ros_driver2/lib/liblivox_ros_driver2.so
[6.900s] -- Symlinking: /home/aimo/livox_ws/install/livox_ros_driver2/share/livox_ros_driver2/config/HAP_config.json
[6.904s] -- Symlinking: /home/aimo/livox_ws/install/livox_ros_driver2/share/livox_ros_driver2/config/MID360_config.json
[6.909s] -- Symlinking: /home/aimo/livox_ws/install/livox_ros_driver2/share/livox_ros_driver2/config/display_point_cloud_ROS1.rviz
[6.912s] -- Symlinking: /home/aimo/livox_ws/install/livox_ros_driver2/share/livox_ros_driver2/config/display_point_cloud_ROS2.rviz
[6.916s] -- Symlinking: /home/aimo/livox_ws/install/livox_ros_driver2/share/livox_ros_driver2/config/mixed_HAP_MID360_config.json
[6.919s] -- Symlinking: /home/aimo/livox_ws/install/livox_ros_driver2/share/livox_ros_driver2/launch/msg_HAP_launch.py
[6.923s] -- Symlinking: /home/aimo/livox_ws/install/livox_ros_driver2/share/livox_ros_driver2/launch/msg_MID360_launch.py
[6.927s] -- Symlinking: /home/aimo/livox_ws/install/livox_ros_driver2/share/livox_ros_driver2/launch/rviz_HAP_launch.py
[6.930s] -- Symlinking: /home/aimo/livox_ws/install/livox_ros_driver2/share/livox_ros_driver2/launch/rviz_MID360_launch.py
[6.934s] -- Symlinking: /home/aimo/livox_ws/install/livox_ros_driver2/share/livox_ros_driver2/launch/rviz_mixed.py
[6.938s] -- Symlinking: /home/aimo/livox_ws/install/livox_ros_driver2/share/ament_index/resource_index/package_run_dependencies/livox_ros_driver2
[6.942s] -- Symlinking: /home/aimo/livox_ws/install/livox_ros_driver2/share/ament_index/resource_index/parent_prefix_path/livox_ros_driver2
[6.946s] -- Symlinking: /home/aimo/livox_ws/install/livox_ros_driver2/share/livox_ros_driver2/environment/ament_prefix_path.sh
[6.950s] -- Symlinking: /home/aimo/livox_ws/install/livox_ros_driver2/share/livox_ros_driver2/environment/ament_prefix_path.dsv
[6.954s] -- Symlinking: /home/aimo/livox_ws/install/livox_ros_driver2/share/livox_ros_driver2/environment/path.sh
[6.957s] -- Symlinking: /home/aimo/livox_ws/install/livox_ros_driver2/share/livox_ros_driver2/environment/path.dsv
[6.961s] -- Symlinking: /home/aimo/livox_ws/install/livox_ros_driver2/share/livox_ros_driver2/local_setup.bash
[6.965s] -- Symlinking: /home/aimo/livox_ws/install/livox_ros_driver2/share/livox_ros_driver2/local_setup.sh
[6.969s] -- Symlinking: /home/aimo/livox_ws/install/livox_ros_driver2/share/livox_ros_driver2/local_setup.zsh
[6.972s] -- Symlinking: /home/aimo/livox_ws/install/livox_ros_driver2/share/livox_ros_driver2/local_setup.dsv
[6.976s] -- Symlinking: /home/aimo/livox_ws/install/livox_ros_driver2/share/livox_ros_driver2/package.dsv
[6.980s] -- Symlinking: /home/aimo/livox_ws/install/livox_ros_driver2/share/ament_index/resource_index/packages/livox_ros_driver2
[6.985s] -- Symlinking: /home/aimo/livox_ws/install/livox_ros_driver2/share/ament_index/resource_index/rclcpp_components/livox_ros_driver2
[6.988s] -- Symlinking: /home/aimo/livox_ws/install/livox_ros_driver2/share/livox_ros_driver2/cmake/rosidl_cmake-extras.cmake
[6.992s] -- Symlinking: /home/aimo/livox_ws/install/livox_ros_driver2/share/livox_ros_driver2/cmake/ament_cmake_export_dependencies-extras.cmake
[6.996s] -- Symlinking: /home/aimo/livox_ws/install/livox_ros_driver2/share/livox_ros_driver2/cmake/ament_cmake_export_include_directories-extras.cmake
[6.999s] -- Symlinking: /home/aimo/livox_ws/install/livox_ros_driver2/share/livox_ros_driver2/cmake/ament_cmake_export_libraries-extras.cmake
[7.003s] -- Symlinking: /home/aimo/livox_ws/install/livox_ros_driver2/share/livox_ros_driver2/cmake/ament_cmake_export_targets-extras.cmake
[7.007s] -- Symlinking: /home/aimo/livox_ws/install/livox_ros_driver2/share/livox_ros_driver2/cmake/rosidl_cmake_export_typesupport_targets-extras.cmake
[7.011s] -- Symlinking: /home/aimo/livox_ws/install/livox_ros_driver2/share/livox_ros_driver2/cmake/rosidl_cmake_export_typesupport_libraries-extras.cmake
[7.015s] -- Symlinking: /home/aimo/livox_ws/install/livox_ros_driver2/share/livox_ros_driver2/cmake/livox_ros_driver2Config.cmake
[7.019s] -- Symlinking: /home/aimo/livox_ws/install/livox_ros_driver2/share/livox_ros_driver2/cmake/livox_ros_driver2Config-version.cmake
[7.023s] -- Symlinking: /home/aimo/livox_ws/install/livox_ros_driver2/share/livox_ros_driver2/package.xml
[7.027s] -- Installing: /home/aimo/livox_ws/install/livox_ros_driver2/lib/liblivox_ros_driver2__rosidl_generator_c.so
[7.027s] -- Set runtime path of "/home/aimo/livox_ws/install/livox_ros_driver2/lib/liblivox_ros_driver2__rosidl_generator_c.so" to ""
[7.028s] -- Installing: /home/aimo/livox_ws/install/livox_ros_driver2/lib/liblivox_ros_driver2__rosidl_typesupport_fastrtps_c.so
[7.028s] -- Set runtime path of "/home/aimo/livox_ws/install/livox_ros_driver2/lib/liblivox_ros_driver2__rosidl_typesupport_fastrtps_c.so" to ""
[7.028s] -- Installing: /home/aimo/livox_ws/install/livox_ros_driver2/lib/liblivox_ros_driver2__rosidl_typesupport_introspection_c.so
[7.028s] -- Set runtime path of "/home/aimo/livox_ws/install/livox_ros_driver2/lib/liblivox_ros_driver2__rosidl_typesupport_introspection_c.so" to ""
[7.028s] -- Installing: /home/aimo/livox_ws/install/livox_ros_driver2/lib/liblivox_ros_driver2__rosidl_typesupport_c.so
[7.028s] -- Set runtime path of "/home/aimo/livox_ws/install/livox_ros_driver2/lib/liblivox_ros_driver2__rosidl_typesupport_c.so" to ""
[7.029s] -- Installing: /home/aimo/livox_ws/install/livox_ros_driver2/lib/liblivox_ros_driver2__rosidl_typesupport_fastrtps_cpp.so
[7.029s] -- Set runtime path of "/home/aimo/livox_ws/install/livox_ros_driver2/lib/liblivox_ros_driver2__rosidl_typesupport_fastrtps_cpp.so" to ""
[7.029s] -- Installing: /home/aimo/livox_ws/install/livox_ros_driver2/lib/liblivox_ros_driver2__rosidl_typesupport_introspection_cpp.so
[7.029s] -- Set runtime path of "/home/aimo/livox_ws/install/livox_ros_driver2/lib/liblivox_ros_driver2__rosidl_typesupport_introspection_cpp.so" to ""
[7.029s] -- Installing: /home/aimo/livox_ws/install/livox_ros_driver2/lib/liblivox_ros_driver2__rosidl_typesupport_cpp.so
[7.029s] -- Set runtime path of "/home/aimo/livox_ws/install/livox_ros_driver2/lib/liblivox_ros_driver2__rosidl_typesupport_cpp.so" to ""
[7.049s] Listing '/home/aimo/livox_ws/install/livox_ros_driver2/local/lib/python3.10/dist-packages/livox_ros_driver2'...
[7.049s] Compiling '/home/aimo/livox_ws/install/livox_ros_driver2/local/lib/python3.10/dist-packages/livox_ros_driver2/__init__.py'...
[7.050s] Listing '/home/aimo/livox_ws/install/livox_ros_driver2/local/lib/python3.10/dist-packages/livox_ros_driver2/msg'...
[7.050s] Compiling '/home/aimo/livox_ws/install/livox_ros_driver2/local/lib/python3.10/dist-packages/livox_ros_driver2/msg/__init__.py'...
[7.050s] Compiling '/home/aimo/livox_ws/install/livox_ros_driver2/local/lib/python3.10/dist-packages/livox_ros_driver2/msg/_custom_msg.py'...
[7.050s] Compiling '/home/aimo/livox_ws/install/livox_ros_driver2/local/lib/python3.10/dist-packages/livox_ros_driver2/msg/_custom_point.py'...
[7.052s] -- Installing: /home/aimo/livox_ws/install/livox_ros_driver2/lib/liblivox_interfaces2__rosidl_generator_py.so
[7.052s] -- Set runtime path of "/home/aimo/livox_ws/install/livox_ros_driver2/lib/liblivox_interfaces2__rosidl_generator_py.so" to ""
[7.052s] -- Installing: /home/aimo/livox_ws/install/livox_ros_driver2/share/livox_ros_driver2/cmake/export_livox_interfaces2__rosidl_generator_cExport.cmake
[7.052s] -- Installing: /home/aimo/livox_ws/install/livox_ros_driver2/share/livox_ros_driver2/cmake/export_livox_interfaces2__rosidl_generator_cExport-noconfig.cmake
[7.052s] -- Installing: /home/aimo/livox_ws/install/livox_ros_driver2/share/livox_ros_driver2/cmake/export_livox_interfaces2__rosidl_typesupport_fastrtps_cExport.cmake
[7.052s] -- Installing: /home/aimo/livox_ws/install/livox_ros_driver2/share/livox_ros_driver2/cmake/export_livox_interfaces2__rosidl_typesupport_fastrtps_cExport-noconfig.cmake
[7.052s] -- Installing: /home/aimo/livox_ws/install/livox_ros_driver2/share/livox_ros_driver2/cmake/livox_interfaces2__rosidl_typesupport_introspection_cExport.cmake
[7.052s] -- Installing: /home/aimo/livox_ws/install/livox_ros_driver2/share/livox_ros_driver2/cmake/livox_interfaces2__rosidl_typesupport_introspection_cExport-noconfig.cmake
[7.052s] -- Installing: /home/aimo/livox_ws/install/livox_ros_driver2/share/livox_ros_driver2/cmake/livox_interfaces2__rosidl_typesupport_cExport.cmake
[7.052s] -- Installing: /home/aimo/livox_ws/install/livox_ros_driver2/share/livox_ros_driver2/cmake/livox_interfaces2__rosidl_typesupport_cExport-noconfig.cmake
[7.052s] -- Installing: /home/aimo/livox_ws/install/livox_ros_driver2/share/livox_ros_driver2/cmake/export_livox_interfaces2__rosidl_generator_cppExport.cmake
[7.052s] -- Installing: /home/aimo/livox_ws/install/livox_ros_driver2/share/livox_ros_driver2/cmake/export_livox_interfaces2__rosidl_typesupport_fastrtps_cppExport.cmake
[7.052s] -- Installing: /home/aimo/livox_ws/install/livox_ros_driver2/share/livox_ros_driver2/cmake/export_livox_interfaces2__rosidl_typesupport_fastrtps_cppExport-noconfig.cmake
[7.052s] -- Installing: /home/aimo/livox_ws/install/livox_ros_driver2/share/livox_ros_driver2/cmake/livox_interfaces2__rosidl_typesupport_introspection_cppExport.cmake
[7.052s] -- Installing: /home/aimo/livox_ws/install/livox_ros_driver2/share/livox_ros_driver2/cmake/livox_interfaces2__rosidl_typesupport_introspection_cppExport-noconfig.cmake
[7.052s] -- Installing: /home/aimo/livox_ws/install/livox_ros_driver2/share/livox_ros_driver2/cmake/livox_interfaces2__rosidl_typesupport_cppExport.cmake
[7.052s] -- Installing: /home/aimo/livox_ws/install/livox_ros_driver2/share/livox_ros_driver2/cmake/livox_interfaces2__rosidl_typesupport_cppExport-noconfig.cmake
[7.052s] -- Installing: /home/aimo/livox_ws/install/livox_ros_driver2/share/livox_ros_driver2/cmake/export_livox_interfaces2__rosidl_generator_pyExport.cmake
[7.052s] -- Installing: /home/aimo/livox_ws/install/livox_ros_driver2/share/livox_ros_driver2/cmake/export_livox_interfaces2__rosidl_generator_pyExport-noconfig.cmake
[7.054s] Invoked command in '/home/aimo/livox_ws/build/livox_ros_driver2' returned '0': CMAKE_PREFIX_PATH=${CMAKE_PREFIX_PATH}:/opt/ros/humble /usr/bin/cmake --install /home/aimo/livox_ws/build/livox_ros_driver2
