[0.044s] DEBUG:colcon:Command line arguments: ['/usr/bin/colcon', 'build', '--symlink-install', '--cmake-args', '-DCMAKE_BUILD_TYPE=release']
[0.044s] DEBUG:colcon:Parsed command line arguments: Namespace(log_base=None, log_level=None, verb_name='build', build_base='build', install_base='install', merge_install=False, symlink_install=True, test_result_base=None, continue_on_error=False, executor='parallel', parallel_workers=20, event_handlers=None, ignore_user_meta=False, metas=['./colcon.meta'], base_paths=['.'], packages_ignore=None, packages_ignore_regex=None, paths=None, packages_up_to=None, packages_up_to_regex=None, packages_above=None, packages_above_and_dependencies=None, packages_above_depth=None, packages_select_by_dep=None, packages_skip_by_dep=None, packages_skip_up_to=None, packages_select_build_failed=False, packages_skip_build_finished=False, packages_select_test_failures=False, packages_skip_test_passed=False, packages_select=None, packages_skip=None, packages_select_regex=None, packages_skip_regex=None, packages_start=None, packages_end=None, allow_overriding=[], cmake_args=['-DCMAKE_BUILD_TYPE=release'], cmake_target=None, cmake_target_skip_unavailable=False, cmake_clean_cache=False, cmake_clean_first=False, cmake_force_configure=False, ament_cmake_args=None, catkin_cmake_args=None, catkin_skip_building_tests=False, mixin_files=None, mixin=None, verb_parser=<colcon_mixin.mixin.mixin_argument.MixinArgumentDecorator object at 0x7c6f45a5ea40>, verb_extension=<colcon_core.verb.build.BuildVerb object at 0x7c6f45b53a30>, main=<bound method BuildVerb.main of <colcon_core.verb.build.BuildVerb object at 0x7c6f45b53a30>>, mixin_verb=('build',))
[0.106s] Level 1:colcon.colcon_core.package_discovery:discover_packages(colcon_meta) check parameters
[0.106s] Level 1:colcon.colcon_core.package_discovery:discover_packages(recursive) check parameters
[0.106s] Level 1:colcon.colcon_core.package_discovery:discover_packages(ignore) check parameters
[0.106s] Level 1:colcon.colcon_core.package_discovery:discover_packages(path) check parameters
[0.106s] Level 1:colcon.colcon_core.package_discovery:discover_packages(colcon_meta) discover
[0.106s] Level 1:colcon.colcon_core.package_discovery:discover_packages(recursive) discover
[0.106s] INFO:colcon.colcon_core.package_discovery:Crawling recursively for packages in '/home/aimo/livox_ws'
[0.106s] Level 1:colcon.colcon_core.package_identification:_identify(.) by extensions ['ignore', 'ignore_ament_install']
[0.107s] Level 1:colcon.colcon_core.package_identification:_identify(.) by extension 'ignore'
[0.107s] Level 1:colcon.colcon_core.package_identification:_identify(.) by extension 'ignore_ament_install'
[0.107s] Level 1:colcon.colcon_core.package_identification:_identify(.) by extensions ['colcon_pkg']
[0.107s] Level 1:colcon.colcon_core.package_identification:_identify(.) by extension 'colcon_pkg'
[0.107s] Level 1:colcon.colcon_core.package_identification:_identify(.) by extensions ['colcon_meta']
[0.107s] Level 1:colcon.colcon_core.package_identification:_identify(.) by extension 'colcon_meta'
[0.107s] Level 1:colcon.colcon_core.package_identification:_identify(.) by extensions ['ros']
[0.107s] Level 1:colcon.colcon_core.package_identification:_identify(.) by extension 'ros'
[0.111s] Level 1:colcon.colcon_core.package_identification:_identify(.) by extensions ['cmake', 'python']
[0.111s] Level 1:colcon.colcon_core.package_identification:_identify(.) by extension 'cmake'
[0.111s] Level 1:colcon.colcon_core.package_identification:_identify(.) by extension 'python'
[0.111s] Level 1:colcon.colcon_core.package_identification:_identify(.) by extensions ['python_setup_py']
[0.111s] Level 1:colcon.colcon_core.package_identification:_identify(.) by extension 'python_setup_py'
[0.111s] Level 1:colcon.colcon_core.package_identification:_identify(build) by extensions ['ignore', 'ignore_ament_install']
[0.111s] Level 1:colcon.colcon_core.package_identification:_identify(build) by extension 'ignore'
[0.111s] Level 1:colcon.colcon_core.package_identification:_identify(build) ignored
[0.111s] Level 1:colcon.colcon_core.package_identification:_identify(install) by extensions ['ignore', 'ignore_ament_install']
[0.111s] Level 1:colcon.colcon_core.package_identification:_identify(install) by extension 'ignore'
[0.111s] Level 1:colcon.colcon_core.package_identification:_identify(install) ignored
[0.111s] Level 1:colcon.colcon_core.package_identification:_identify(log) by extensions ['ignore', 'ignore_ament_install']
[0.111s] Level 1:colcon.colcon_core.package_identification:_identify(log) by extension 'ignore'
[0.111s] Level 1:colcon.colcon_core.package_identification:_identify(log) ignored
[0.112s] Level 1:colcon.colcon_core.package_identification:_identify(src) by extensions ['ignore', 'ignore_ament_install']
[0.112s] Level 1:colcon.colcon_core.package_identification:_identify(src) by extension 'ignore'
[0.112s] Level 1:colcon.colcon_core.package_identification:_identify(src) by extension 'ignore_ament_install'
[0.112s] Level 1:colcon.colcon_core.package_identification:_identify(src) by extensions ['colcon_pkg']
[0.112s] Level 1:colcon.colcon_core.package_identification:_identify(src) by extension 'colcon_pkg'
[0.112s] Level 1:colcon.colcon_core.package_identification:_identify(src) by extensions ['colcon_meta']
[0.112s] Level 1:colcon.colcon_core.package_identification:_identify(src) by extension 'colcon_meta'
[0.112s] Level 1:colcon.colcon_core.package_identification:_identify(src) by extensions ['ros']
[0.112s] Level 1:colcon.colcon_core.package_identification:_identify(src) by extension 'ros'
[0.112s] Level 1:colcon.colcon_core.package_identification:_identify(src) by extensions ['cmake', 'python']
[0.112s] Level 1:colcon.colcon_core.package_identification:_identify(src) by extension 'cmake'
[0.112s] Level 1:colcon.colcon_core.package_identification:_identify(src) by extension 'python'
[0.112s] Level 1:colcon.colcon_core.package_identification:_identify(src) by extensions ['python_setup_py']
[0.112s] Level 1:colcon.colcon_core.package_identification:_identify(src) by extension 'python_setup_py'
[0.112s] Level 1:colcon.colcon_core.package_identification:_identify(src/FAST_LIO_ROS2) by extensions ['ignore', 'ignore_ament_install']
[0.112s] Level 1:colcon.colcon_core.package_identification:_identify(src/FAST_LIO_ROS2) by extension 'ignore'
[0.112s] Level 1:colcon.colcon_core.package_identification:_identify(src/FAST_LIO_ROS2) by extension 'ignore_ament_install'
[0.112s] Level 1:colcon.colcon_core.package_identification:_identify(src/FAST_LIO_ROS2) by extensions ['colcon_pkg']
[0.112s] Level 1:colcon.colcon_core.package_identification:_identify(src/FAST_LIO_ROS2) by extension 'colcon_pkg'
[0.112s] Level 1:colcon.colcon_core.package_identification:_identify(src/FAST_LIO_ROS2) by extensions ['colcon_meta']
[0.112s] Level 1:colcon.colcon_core.package_identification:_identify(src/FAST_LIO_ROS2) by extension 'colcon_meta'
[0.112s] Level 1:colcon.colcon_core.package_identification:_identify(src/FAST_LIO_ROS2) by extensions ['ros']
[0.112s] Level 1:colcon.colcon_core.package_identification:_identify(src/FAST_LIO_ROS2) by extension 'ros'
[0.113s] DEBUG:colcon.colcon_core.package_identification:Package 'src/FAST_LIO_ROS2' with type 'ros.ament_cmake' and name 'fast_lio'
[0.113s] Level 1:colcon.colcon_core.package_identification:_identify(src/livox_ros_driver2) by extensions ['ignore', 'ignore_ament_install']
[0.113s] Level 1:colcon.colcon_core.package_identification:_identify(src/livox_ros_driver2) by extension 'ignore'
[0.113s] Level 1:colcon.colcon_core.package_identification:_identify(src/livox_ros_driver2) by extension 'ignore_ament_install'
[0.113s] Level 1:colcon.colcon_core.package_identification:_identify(src/livox_ros_driver2) by extensions ['colcon_pkg']
[0.113s] Level 1:colcon.colcon_core.package_identification:_identify(src/livox_ros_driver2) by extension 'colcon_pkg'
[0.113s] Level 1:colcon.colcon_core.package_identification:_identify(src/livox_ros_driver2) by extensions ['colcon_meta']
[0.113s] Level 1:colcon.colcon_core.package_identification:_identify(src/livox_ros_driver2) by extension 'colcon_meta'
[0.113s] Level 1:colcon.colcon_core.package_identification:_identify(src/livox_ros_driver2) by extensions ['ros']
[0.113s] Level 1:colcon.colcon_core.package_identification:_identify(src/livox_ros_driver2) by extension 'ros'
[0.114s] DEBUG:colcon.colcon_core.package_identification:Package 'src/livox_ros_driver2' with type 'ros.ament_cmake' and name 'livox_ros_driver2'
[0.114s] Level 1:colcon.colcon_core.package_identification:_identify(src/pcd2pgm) by extensions ['ignore', 'ignore_ament_install']
[0.114s] Level 1:colcon.colcon_core.package_identification:_identify(src/pcd2pgm) by extension 'ignore'
[0.114s] Level 1:colcon.colcon_core.package_identification:_identify(src/pcd2pgm) by extension 'ignore_ament_install'
[0.114s] Level 1:colcon.colcon_core.package_identification:_identify(src/pcd2pgm) by extensions ['colcon_pkg']
[0.114s] Level 1:colcon.colcon_core.package_identification:_identify(src/pcd2pgm) by extension 'colcon_pkg'
[0.114s] Level 1:colcon.colcon_core.package_identification:_identify(src/pcd2pgm) by extensions ['colcon_meta']
[0.114s] Level 1:colcon.colcon_core.package_identification:_identify(src/pcd2pgm) by extension 'colcon_meta'
[0.114s] Level 1:colcon.colcon_core.package_identification:_identify(src/pcd2pgm) by extensions ['ros']
[0.114s] Level 1:colcon.colcon_core.package_identification:_identify(src/pcd2pgm) by extension 'ros'
[0.114s] DEBUG:colcon.colcon_core.package_identification:Package 'src/pcd2pgm' with type 'ros.ament_cmake' and name 'pcd2pgm'
[0.114s] Level 1:colcon.colcon_core.package_discovery:discover_packages(recursive) using defaults
[0.114s] Level 1:colcon.colcon_core.package_discovery:discover_packages(ignore) discover
[0.114s] Level 1:colcon.colcon_core.package_discovery:discover_packages(ignore) using defaults
[0.114s] Level 1:colcon.colcon_core.package_discovery:discover_packages(path) discover
[0.114s] Level 1:colcon.colcon_core.package_discovery:discover_packages(path) using defaults
[0.127s] Level 1:colcon.colcon_core.package_discovery:discover_packages(prefix_path) check parameters
[0.127s] Level 1:colcon.colcon_core.package_discovery:discover_packages(prefix_path) discover
[0.128s] DEBUG:colcon.colcon_installed_package_information.package_discovery:Found 5 installed packages in /home/aimo/livox_ws/install
[0.128s] DEBUG:colcon.colcon_installed_package_information.package_discovery:Found 358 installed packages in /opt/ros/humble
[0.129s] Level 1:colcon.colcon_core.package_discovery:discover_packages(prefix_path) using defaults
[0.146s] Level 5:colcon.colcon_core.verb:set package 'livox_ros_driver2' build argument 'cmake_args' from command line to '['-DCMAKE_BUILD_TYPE=release']'
[0.146s] Level 5:colcon.colcon_core.verb:set package 'livox_ros_driver2' build argument 'cmake_target' from command line to 'None'
[0.146s] Level 5:colcon.colcon_core.verb:set package 'livox_ros_driver2' build argument 'cmake_target_skip_unavailable' from command line to 'False'
[0.146s] Level 5:colcon.colcon_core.verb:set package 'livox_ros_driver2' build argument 'cmake_clean_cache' from command line to 'False'
[0.146s] Level 5:colcon.colcon_core.verb:set package 'livox_ros_driver2' build argument 'cmake_clean_first' from command line to 'False'
[0.146s] Level 5:colcon.colcon_core.verb:set package 'livox_ros_driver2' build argument 'cmake_force_configure' from command line to 'False'
[0.146s] Level 5:colcon.colcon_core.verb:set package 'livox_ros_driver2' build argument 'ament_cmake_args' from command line to 'None'
[0.146s] Level 5:colcon.colcon_core.verb:set package 'livox_ros_driver2' build argument 'catkin_cmake_args' from command line to 'None'
[0.146s] Level 5:colcon.colcon_core.verb:set package 'livox_ros_driver2' build argument 'catkin_skip_building_tests' from command line to 'False'
[0.146s] DEBUG:colcon.colcon_core.verb:Building package 'livox_ros_driver2' with the following arguments: {'ament_cmake_args': None, 'build_base': '/home/aimo/livox_ws/build/livox_ros_driver2', 'catkin_cmake_args': None, 'catkin_skip_building_tests': False, 'cmake_args': ['-DCMAKE_BUILD_TYPE=release'], 'cmake_clean_cache': False, 'cmake_clean_first': False, 'cmake_force_configure': False, 'cmake_target': None, 'cmake_target_skip_unavailable': False, 'install_base': '/home/aimo/livox_ws/install/livox_ros_driver2', 'merge_install': False, 'path': '/home/aimo/livox_ws/src/livox_ros_driver2', 'symlink_install': True, 'test_result_base': None}
[0.146s] Level 5:colcon.colcon_core.verb:set package 'pcd2pgm' build argument 'cmake_args' from command line to '['-DCMAKE_BUILD_TYPE=release']'
[0.146s] Level 5:colcon.colcon_core.verb:set package 'pcd2pgm' build argument 'cmake_target' from command line to 'None'
[0.146s] Level 5:colcon.colcon_core.verb:set package 'pcd2pgm' build argument 'cmake_target_skip_unavailable' from command line to 'False'
[0.146s] Level 5:colcon.colcon_core.verb:set package 'pcd2pgm' build argument 'cmake_clean_cache' from command line to 'False'
[0.146s] Level 5:colcon.colcon_core.verb:set package 'pcd2pgm' build argument 'cmake_clean_first' from command line to 'False'
[0.146s] Level 5:colcon.colcon_core.verb:set package 'pcd2pgm' build argument 'cmake_force_configure' from command line to 'False'
[0.146s] Level 5:colcon.colcon_core.verb:set package 'pcd2pgm' build argument 'ament_cmake_args' from command line to 'None'
[0.146s] Level 5:colcon.colcon_core.verb:set package 'pcd2pgm' build argument 'catkin_cmake_args' from command line to 'None'
[0.146s] Level 5:colcon.colcon_core.verb:set package 'pcd2pgm' build argument 'catkin_skip_building_tests' from command line to 'False'
[0.146s] DEBUG:colcon.colcon_core.verb:Building package 'pcd2pgm' with the following arguments: {'ament_cmake_args': None, 'build_base': '/home/aimo/livox_ws/build/pcd2pgm', 'catkin_cmake_args': None, 'catkin_skip_building_tests': False, 'cmake_args': ['-DCMAKE_BUILD_TYPE=release'], 'cmake_clean_cache': False, 'cmake_clean_first': False, 'cmake_force_configure': False, 'cmake_target': None, 'cmake_target_skip_unavailable': False, 'install_base': '/home/aimo/livox_ws/install/pcd2pgm', 'merge_install': False, 'path': '/home/aimo/livox_ws/src/pcd2pgm', 'symlink_install': True, 'test_result_base': None}
[0.147s] Level 5:colcon.colcon_core.verb:set package 'fast_lio' build argument 'cmake_args' from command line to '['-DCMAKE_BUILD_TYPE=release']'
[0.147s] Level 5:colcon.colcon_core.verb:set package 'fast_lio' build argument 'cmake_target' from command line to 'None'
[0.147s] Level 5:colcon.colcon_core.verb:set package 'fast_lio' build argument 'cmake_target_skip_unavailable' from command line to 'False'
[0.147s] Level 5:colcon.colcon_core.verb:set package 'fast_lio' build argument 'cmake_clean_cache' from command line to 'False'
[0.147s] Level 5:colcon.colcon_core.verb:set package 'fast_lio' build argument 'cmake_clean_first' from command line to 'False'
[0.147s] Level 5:colcon.colcon_core.verb:set package 'fast_lio' build argument 'cmake_force_configure' from command line to 'False'
[0.147s] Level 5:colcon.colcon_core.verb:set package 'fast_lio' build argument 'ament_cmake_args' from command line to 'None'
[0.147s] Level 5:colcon.colcon_core.verb:set package 'fast_lio' build argument 'catkin_cmake_args' from command line to 'None'
[0.147s] Level 5:colcon.colcon_core.verb:set package 'fast_lio' build argument 'catkin_skip_building_tests' from command line to 'False'
[0.147s] DEBUG:colcon.colcon_core.verb:Building package 'fast_lio' with the following arguments: {'ament_cmake_args': None, 'build_base': '/home/aimo/livox_ws/build/fast_lio', 'catkin_cmake_args': None, 'catkin_skip_building_tests': False, 'cmake_args': ['-DCMAKE_BUILD_TYPE=release'], 'cmake_clean_cache': False, 'cmake_clean_first': False, 'cmake_force_configure': False, 'cmake_target': None, 'cmake_target_skip_unavailable': False, 'install_base': '/home/aimo/livox_ws/install/fast_lio', 'merge_install': False, 'path': '/home/aimo/livox_ws/src/FAST_LIO_ROS2', 'symlink_install': True, 'test_result_base': None}
[0.147s] INFO:colcon.colcon_core.executor:Executing jobs using 'parallel' executor
[0.147s] DEBUG:colcon.colcon_parallel_executor.executor.parallel:run_until_complete
[0.147s] INFO:colcon.colcon_ros.task.ament_cmake.build:Building ROS package in '/home/aimo/livox_ws/src/livox_ros_driver2' with build type 'ament_cmake'
[0.147s] INFO:colcon.colcon_cmake.task.cmake.build:Building CMake package in '/home/aimo/livox_ws/src/livox_ros_driver2'
[0.148s] INFO:colcon.colcon_core.plugin_system:Skipping extension 'colcon_core.shell.bat': Not used on non-Windows systems
[0.148s] INFO:colcon.colcon_core.shell:Skip shell extension 'powershell' for command environment: Not usable outside of PowerShell
[0.148s] DEBUG:colcon.colcon_core.shell:Skip shell extension 'dsv' for command environment
[0.150s] INFO:colcon.colcon_ros.task.ament_cmake.build:Building ROS package in '/home/aimo/livox_ws/src/pcd2pgm' with build type 'ament_cmake'
[0.150s] INFO:colcon.colcon_cmake.task.cmake.build:Building CMake package in '/home/aimo/livox_ws/src/pcd2pgm'
[0.150s] INFO:colcon.colcon_core.shell:Skip shell extension 'powershell' for command environment: Not usable outside of PowerShell
[0.150s] DEBUG:colcon.colcon_core.shell:Skip shell extension 'dsv' for command environment
[0.154s] DEBUG:colcon.colcon_core.event_handler.log_command:Invoking command in '/home/aimo/livox_ws/build/livox_ros_driver2': CMAKE_PREFIX_PATH=${CMAKE_PREFIX_PATH}:/home/aimo/livox_ws/install/point_cloud_convertor:/opt/ros/humble /usr/bin/cmake --build /home/aimo/livox_ws/build/livox_ros_driver2 -- -j20 -l20
[0.155s] DEBUG:colcon.colcon_core.event_handler.log_command:Invoking command in '/home/aimo/livox_ws/build/pcd2pgm': CMAKE_PREFIX_PATH=${CMAKE_PREFIX_PATH}:/home/aimo/livox_ws/install/point_cloud_convertor:/opt/ros/humble /usr/bin/cmake --build /home/aimo/livox_ws/build/pcd2pgm -- -j20 -l20
[0.199s] DEBUG:colcon.colcon_core.event_handler.log_command:Invoked command in '/home/aimo/livox_ws/build/pcd2pgm' returned '0': CMAKE_PREFIX_PATH=${CMAKE_PREFIX_PATH}:/home/aimo/livox_ws/install/point_cloud_convertor:/opt/ros/humble /usr/bin/cmake --build /home/aimo/livox_ws/build/pcd2pgm -- -j20 -l20
[0.203s] DEBUG:colcon.colcon_core.event_handler.log_command:Invoking command in '/home/aimo/livox_ws/build/pcd2pgm': CMAKE_PREFIX_PATH=${CMAKE_PREFIX_PATH}:/home/aimo/livox_ws/install/point_cloud_convertor:/opt/ros/humble /usr/bin/cmake --install /home/aimo/livox_ws/build/pcd2pgm
[0.214s] Level 1:colcon.colcon_core.environment:create_environment_scripts_only(pcd2pgm)
[0.214s] DEBUG:colcon.colcon_core.event_handler.log_command:Invoked command in '/home/aimo/livox_ws/build/pcd2pgm' returned '0': CMAKE_PREFIX_PATH=${CMAKE_PREFIX_PATH}:/home/aimo/livox_ws/install/point_cloud_convertor:/opt/ros/humble /usr/bin/cmake --install /home/aimo/livox_ws/build/pcd2pgm
[0.215s] Level 1:colcon.colcon_core.environment:checking '/home/aimo/livox_ws/install/pcd2pgm' for CMake module files
[0.215s] Level 1:colcon.colcon_core.environment:checking '/home/aimo/livox_ws/install/pcd2pgm' for CMake config files
[0.215s] Level 1:colcon.colcon_core.shell:create_environment_hook('pcd2pgm', 'cmake_prefix_path')
[0.215s] INFO:colcon.colcon_core.shell:Creating environment hook '/home/aimo/livox_ws/install/pcd2pgm/share/pcd2pgm/hook/cmake_prefix_path.ps1'
[0.216s] INFO:colcon.colcon_core.shell:Creating environment descriptor '/home/aimo/livox_ws/install/pcd2pgm/share/pcd2pgm/hook/cmake_prefix_path.dsv'
[0.216s] INFO:colcon.colcon_core.shell:Creating environment hook '/home/aimo/livox_ws/install/pcd2pgm/share/pcd2pgm/hook/cmake_prefix_path.sh'
[0.216s] Level 1:colcon.colcon_core.environment:checking '/home/aimo/livox_ws/install/pcd2pgm/lib'
[0.216s] Level 1:colcon.colcon_core.shell:create_environment_hook('pcd2pgm', 'ld_library_path_lib')
[0.216s] INFO:colcon.colcon_core.shell:Creating environment hook '/home/aimo/livox_ws/install/pcd2pgm/share/pcd2pgm/hook/ld_library_path_lib.ps1'
[0.217s] INFO:colcon.colcon_core.shell:Creating environment descriptor '/home/aimo/livox_ws/install/pcd2pgm/share/pcd2pgm/hook/ld_library_path_lib.dsv'
[0.217s] INFO:colcon.colcon_core.shell:Creating environment hook '/home/aimo/livox_ws/install/pcd2pgm/share/pcd2pgm/hook/ld_library_path_lib.sh'
[0.217s] Level 1:colcon.colcon_core.environment:checking '/home/aimo/livox_ws/install/pcd2pgm/bin'
[0.217s] Level 1:colcon.colcon_core.environment:checking '/home/aimo/livox_ws/install/pcd2pgm/lib/pkgconfig/pcd2pgm.pc'
[0.217s] Level 1:colcon.colcon_core.environment:checking '/home/aimo/livox_ws/install/pcd2pgm/lib/python3.10/site-packages'
[0.217s] Level 1:colcon.colcon_core.environment:checking '/home/aimo/livox_ws/install/pcd2pgm/bin'
[0.217s] INFO:colcon.colcon_core.shell:Creating package script '/home/aimo/livox_ws/install/pcd2pgm/share/pcd2pgm/package.ps1'
[0.218s] INFO:colcon.colcon_core.shell:Creating package descriptor '/home/aimo/livox_ws/install/pcd2pgm/share/pcd2pgm/package.dsv'
[0.218s] INFO:colcon.colcon_core.shell:Creating package script '/home/aimo/livox_ws/install/pcd2pgm/share/pcd2pgm/package.sh'
[0.218s] INFO:colcon.colcon_core.shell:Creating package script '/home/aimo/livox_ws/install/pcd2pgm/share/pcd2pgm/package.bash'
[0.218s] INFO:colcon.colcon_core.shell:Creating package script '/home/aimo/livox_ws/install/pcd2pgm/share/pcd2pgm/package.zsh'
[0.219s] Level 1:colcon.colcon_core.environment:create_file_with_runtime_dependencies(/home/aimo/livox_ws/install/pcd2pgm/share/colcon-core/packages/pcd2pgm)
[0.219s] Level 1:colcon.colcon_core.environment:create_environment_scripts_only(pcd2pgm)
[0.219s] Level 1:colcon.colcon_core.environment:checking '/home/aimo/livox_ws/install/pcd2pgm' for CMake module files
[0.219s] Level 1:colcon.colcon_core.environment:checking '/home/aimo/livox_ws/install/pcd2pgm' for CMake config files
[0.220s] Level 1:colcon.colcon_core.shell:create_environment_hook('pcd2pgm', 'cmake_prefix_path')
[0.220s] INFO:colcon.colcon_core.shell:Creating environment hook '/home/aimo/livox_ws/install/pcd2pgm/share/pcd2pgm/hook/cmake_prefix_path.ps1'
[0.220s] INFO:colcon.colcon_core.shell:Creating environment descriptor '/home/aimo/livox_ws/install/pcd2pgm/share/pcd2pgm/hook/cmake_prefix_path.dsv'
[0.221s] INFO:colcon.colcon_core.shell:Creating environment hook '/home/aimo/livox_ws/install/pcd2pgm/share/pcd2pgm/hook/cmake_prefix_path.sh'
[0.221s] Level 1:colcon.colcon_core.environment:checking '/home/aimo/livox_ws/install/pcd2pgm/lib'
[0.221s] Level 1:colcon.colcon_core.shell:create_environment_hook('pcd2pgm', 'ld_library_path_lib')
[0.221s] INFO:colcon.colcon_core.shell:Creating environment hook '/home/aimo/livox_ws/install/pcd2pgm/share/pcd2pgm/hook/ld_library_path_lib.ps1'
[0.221s] INFO:colcon.colcon_core.shell:Creating environment descriptor '/home/aimo/livox_ws/install/pcd2pgm/share/pcd2pgm/hook/ld_library_path_lib.dsv'
[0.221s] INFO:colcon.colcon_core.shell:Creating environment hook '/home/aimo/livox_ws/install/pcd2pgm/share/pcd2pgm/hook/ld_library_path_lib.sh'
[0.221s] Level 1:colcon.colcon_core.environment:checking '/home/aimo/livox_ws/install/pcd2pgm/bin'
[0.221s] Level 1:colcon.colcon_core.environment:checking '/home/aimo/livox_ws/install/pcd2pgm/lib/pkgconfig/pcd2pgm.pc'
[0.221s] Level 1:colcon.colcon_core.environment:checking '/home/aimo/livox_ws/install/pcd2pgm/lib/python3.10/site-packages'
[0.222s] Level 1:colcon.colcon_core.environment:checking '/home/aimo/livox_ws/install/pcd2pgm/bin'
[0.222s] INFO:colcon.colcon_core.shell:Creating package script '/home/aimo/livox_ws/install/pcd2pgm/share/pcd2pgm/package.ps1'
[0.222s] INFO:colcon.colcon_core.shell:Creating package descriptor '/home/aimo/livox_ws/install/pcd2pgm/share/pcd2pgm/package.dsv'
[0.222s] INFO:colcon.colcon_core.shell:Creating package script '/home/aimo/livox_ws/install/pcd2pgm/share/pcd2pgm/package.sh'
[0.222s] INFO:colcon.colcon_core.shell:Creating package script '/home/aimo/livox_ws/install/pcd2pgm/share/pcd2pgm/package.bash'
[0.222s] INFO:colcon.colcon_core.shell:Creating package script '/home/aimo/livox_ws/install/pcd2pgm/share/pcd2pgm/package.zsh'
[0.222s] Level 1:colcon.colcon_core.environment:create_file_with_runtime_dependencies(/home/aimo/livox_ws/install/pcd2pgm/share/colcon-core/packages/pcd2pgm)
[0.309s] DEBUG:colcon.colcon_core.event_handler.log_command:Invoked command in '/home/aimo/livox_ws/build/livox_ros_driver2' returned '0': CMAKE_PREFIX_PATH=${CMAKE_PREFIX_PATH}:/home/aimo/livox_ws/install/point_cloud_convertor:/opt/ros/humble /usr/bin/cmake --build /home/aimo/livox_ws/build/livox_ros_driver2 -- -j20 -l20
[0.310s] DEBUG:colcon.colcon_core.event_handler.log_command:Invoking command in '/home/aimo/livox_ws/build/livox_ros_driver2': CMAKE_PREFIX_PATH=${CMAKE_PREFIX_PATH}:/home/aimo/livox_ws/install/point_cloud_convertor:/opt/ros/humble /usr/bin/cmake --install /home/aimo/livox_ws/build/livox_ros_driver2
[0.343s] Level 1:colcon.colcon_core.environment:create_environment_scripts_only(livox_ros_driver2)
[0.343s] DEBUG:colcon.colcon_core.event_handler.log_command:Invoked command in '/home/aimo/livox_ws/build/livox_ros_driver2' returned '0': CMAKE_PREFIX_PATH=${CMAKE_PREFIX_PATH}:/home/aimo/livox_ws/install/point_cloud_convertor:/opt/ros/humble /usr/bin/cmake --install /home/aimo/livox_ws/build/livox_ros_driver2
[0.343s] Level 1:colcon.colcon_core.environment:checking '/home/aimo/livox_ws/install/livox_ros_driver2' for CMake module files
[0.343s] Level 1:colcon.colcon_core.environment:checking '/home/aimo/livox_ws/install/livox_ros_driver2' for CMake config files
[0.344s] Level 1:colcon.colcon_core.shell:create_environment_hook('livox_ros_driver2', 'cmake_prefix_path')
[0.344s] INFO:colcon.colcon_core.shell:Creating environment hook '/home/aimo/livox_ws/install/livox_ros_driver2/share/livox_ros_driver2/hook/cmake_prefix_path.ps1'
[0.344s] INFO:colcon.colcon_core.shell:Creating environment descriptor '/home/aimo/livox_ws/install/livox_ros_driver2/share/livox_ros_driver2/hook/cmake_prefix_path.dsv'
[0.344s] INFO:colcon.colcon_core.shell:Creating environment hook '/home/aimo/livox_ws/install/livox_ros_driver2/share/livox_ros_driver2/hook/cmake_prefix_path.sh'
[0.344s] Level 1:colcon.colcon_core.environment:checking '/home/aimo/livox_ws/install/livox_ros_driver2/lib'
[0.344s] Level 1:colcon.colcon_core.shell:create_environment_hook('livox_ros_driver2', 'ld_library_path_lib')
[0.344s] INFO:colcon.colcon_core.shell:Creating environment hook '/home/aimo/livox_ws/install/livox_ros_driver2/share/livox_ros_driver2/hook/ld_library_path_lib.ps1'
[0.344s] INFO:colcon.colcon_core.shell:Creating environment descriptor '/home/aimo/livox_ws/install/livox_ros_driver2/share/livox_ros_driver2/hook/ld_library_path_lib.dsv'
[0.345s] INFO:colcon.colcon_core.shell:Creating environment hook '/home/aimo/livox_ws/install/livox_ros_driver2/share/livox_ros_driver2/hook/ld_library_path_lib.sh'
[0.345s] Level 1:colcon.colcon_core.environment:checking '/home/aimo/livox_ws/install/livox_ros_driver2/bin'
[0.345s] Level 1:colcon.colcon_core.environment:checking '/home/aimo/livox_ws/install/livox_ros_driver2/lib/pkgconfig/livox_ros_driver2.pc'
[0.345s] Level 1:colcon.colcon_core.environment:checking '/home/aimo/livox_ws/install/livox_ros_driver2/lib/python3.10/site-packages'
[0.345s] Level 1:colcon.colcon_core.environment:checking '/home/aimo/livox_ws/install/livox_ros_driver2/bin'
[0.345s] INFO:colcon.colcon_core.shell:Creating package script '/home/aimo/livox_ws/install/livox_ros_driver2/share/livox_ros_driver2/package.ps1'
[0.345s] INFO:colcon.colcon_core.shell:Creating package descriptor '/home/aimo/livox_ws/install/livox_ros_driver2/share/livox_ros_driver2/package.dsv'
[0.345s] INFO:colcon.colcon_core.shell:Creating package script '/home/aimo/livox_ws/install/livox_ros_driver2/share/livox_ros_driver2/package.sh'
[0.346s] INFO:colcon.colcon_core.shell:Creating package script '/home/aimo/livox_ws/install/livox_ros_driver2/share/livox_ros_driver2/package.bash'
[0.346s] INFO:colcon.colcon_core.shell:Creating package script '/home/aimo/livox_ws/install/livox_ros_driver2/share/livox_ros_driver2/package.zsh'
[0.346s] Level 1:colcon.colcon_core.environment:create_file_with_runtime_dependencies(/home/aimo/livox_ws/install/livox_ros_driver2/share/colcon-core/packages/livox_ros_driver2)
[0.346s] Level 1:colcon.colcon_core.environment:create_environment_scripts_only(livox_ros_driver2)
[0.346s] Level 1:colcon.colcon_core.environment:checking '/home/aimo/livox_ws/install/livox_ros_driver2' for CMake module files
[0.346s] Level 1:colcon.colcon_core.environment:checking '/home/aimo/livox_ws/install/livox_ros_driver2' for CMake config files
[0.346s] Level 1:colcon.colcon_core.shell:create_environment_hook('livox_ros_driver2', 'cmake_prefix_path')
[0.347s] INFO:colcon.colcon_core.shell:Creating environment hook '/home/aimo/livox_ws/install/livox_ros_driver2/share/livox_ros_driver2/hook/cmake_prefix_path.ps1'
[0.347s] INFO:colcon.colcon_core.shell:Creating environment descriptor '/home/aimo/livox_ws/install/livox_ros_driver2/share/livox_ros_driver2/hook/cmake_prefix_path.dsv'
[0.347s] INFO:colcon.colcon_core.shell:Creating environment hook '/home/aimo/livox_ws/install/livox_ros_driver2/share/livox_ros_driver2/hook/cmake_prefix_path.sh'
[0.347s] Level 1:colcon.colcon_core.environment:checking '/home/aimo/livox_ws/install/livox_ros_driver2/lib'
[0.347s] Level 1:colcon.colcon_core.shell:create_environment_hook('livox_ros_driver2', 'ld_library_path_lib')
[0.347s] INFO:colcon.colcon_core.shell:Creating environment hook '/home/aimo/livox_ws/install/livox_ros_driver2/share/livox_ros_driver2/hook/ld_library_path_lib.ps1'
[0.347s] INFO:colcon.colcon_core.shell:Creating environment descriptor '/home/aimo/livox_ws/install/livox_ros_driver2/share/livox_ros_driver2/hook/ld_library_path_lib.dsv'
[0.347s] INFO:colcon.colcon_core.shell:Creating environment hook '/home/aimo/livox_ws/install/livox_ros_driver2/share/livox_ros_driver2/hook/ld_library_path_lib.sh'
[0.348s] Level 1:colcon.colcon_core.environment:checking '/home/aimo/livox_ws/install/livox_ros_driver2/bin'
[0.348s] Level 1:colcon.colcon_core.environment:checking '/home/aimo/livox_ws/install/livox_ros_driver2/lib/pkgconfig/livox_ros_driver2.pc'
[0.348s] Level 1:colcon.colcon_core.environment:checking '/home/aimo/livox_ws/install/livox_ros_driver2/lib/python3.10/site-packages'
[0.348s] Level 1:colcon.colcon_core.environment:checking '/home/aimo/livox_ws/install/livox_ros_driver2/bin'
[0.348s] INFO:colcon.colcon_core.shell:Creating package script '/home/aimo/livox_ws/install/livox_ros_driver2/share/livox_ros_driver2/package.ps1'
[0.348s] INFO:colcon.colcon_core.shell:Creating package descriptor '/home/aimo/livox_ws/install/livox_ros_driver2/share/livox_ros_driver2/package.dsv'
[0.348s] INFO:colcon.colcon_core.shell:Creating package script '/home/aimo/livox_ws/install/livox_ros_driver2/share/livox_ros_driver2/package.sh'
[0.349s] INFO:colcon.colcon_core.shell:Creating package script '/home/aimo/livox_ws/install/livox_ros_driver2/share/livox_ros_driver2/package.bash'
[0.349s] INFO:colcon.colcon_core.shell:Creating package script '/home/aimo/livox_ws/install/livox_ros_driver2/share/livox_ros_driver2/package.zsh'
[0.349s] Level 1:colcon.colcon_core.environment:create_file_with_runtime_dependencies(/home/aimo/livox_ws/install/livox_ros_driver2/share/colcon-core/packages/livox_ros_driver2)
[0.349s] INFO:colcon.colcon_ros.task.ament_cmake.build:Building ROS package in '/home/aimo/livox_ws/src/FAST_LIO_ROS2' with build type 'ament_cmake'
[0.349s] INFO:colcon.colcon_cmake.task.cmake.build:Building CMake package in '/home/aimo/livox_ws/src/FAST_LIO_ROS2'
[0.349s] INFO:colcon.colcon_core.shell:Skip shell extension 'powershell' for command environment: Not usable outside of PowerShell
[0.349s] DEBUG:colcon.colcon_core.shell:Skip shell extension 'dsv' for command environment
[0.354s] DEBUG:colcon.colcon_core.event_handler.log_command:Invoking command in '/home/aimo/livox_ws/build/fast_lio': CMAKE_PREFIX_PATH=/home/aimo/livox_ws/install/livox_ros_driver2:/home/aimo/livox_ws/install/pcd2pgm:/home/aimo/livox_ws/install/fast_lio:/home/aimo/livox_ws/install/point_cloud_convertor:/opt/ros/humble LD_LIBRARY_PATH=/home/aimo/livox_ws/install/livox_ros_driver2/lib:/home/aimo/livox_ws/install/pcd2pgm/lib:/home/aimo/livox_ws/install/fast_lio/lib:/usr/lib/x86_64-linux-gnu/gazebo-11/plugins:/opt/ros/humble/opt/rviz_ogre_vendor/lib:/opt/ros/humble/lib/x86_64-linux-gnu:/opt/ros/humble/lib /usr/bin/cmake --build /home/aimo/livox_ws/build/fast_lio -- -j20 -l20
[0.504s] DEBUG:colcon.colcon_core.event_handler.log_command:Invoked command in '/home/aimo/livox_ws/build/fast_lio' returned '0': CMAKE_PREFIX_PATH=/home/aimo/livox_ws/install/livox_ros_driver2:/home/aimo/livox_ws/install/pcd2pgm:/home/aimo/livox_ws/install/fast_lio:/home/aimo/livox_ws/install/point_cloud_convertor:/opt/ros/humble LD_LIBRARY_PATH=/home/aimo/livox_ws/install/livox_ros_driver2/lib:/home/aimo/livox_ws/install/pcd2pgm/lib:/home/aimo/livox_ws/install/fast_lio/lib:/usr/lib/x86_64-linux-gnu/gazebo-11/plugins:/opt/ros/humble/opt/rviz_ogre_vendor/lib:/opt/ros/humble/lib/x86_64-linux-gnu:/opt/ros/humble/lib /usr/bin/cmake --build /home/aimo/livox_ws/build/fast_lio -- -j20 -l20
[0.506s] DEBUG:colcon.colcon_core.event_handler.log_command:Invoking command in '/home/aimo/livox_ws/build/fast_lio': CMAKE_PREFIX_PATH=/home/aimo/livox_ws/install/livox_ros_driver2:/home/aimo/livox_ws/install/pcd2pgm:/home/aimo/livox_ws/install/fast_lio:/home/aimo/livox_ws/install/point_cloud_convertor:/opt/ros/humble LD_LIBRARY_PATH=/home/aimo/livox_ws/install/livox_ros_driver2/lib:/home/aimo/livox_ws/install/pcd2pgm/lib:/home/aimo/livox_ws/install/fast_lio/lib:/usr/lib/x86_64-linux-gnu/gazebo-11/plugins:/opt/ros/humble/opt/rviz_ogre_vendor/lib:/opt/ros/humble/lib/x86_64-linux-gnu:/opt/ros/humble/lib /usr/bin/cmake --install /home/aimo/livox_ws/build/fast_lio
[0.535s] Level 1:colcon.colcon_core.environment:create_environment_scripts_only(fast_lio)
[0.535s] Level 1:colcon.colcon_core.environment:checking '/home/aimo/livox_ws/install/fast_lio' for CMake module files
[0.535s] DEBUG:colcon.colcon_core.event_handler.log_command:Invoked command in '/home/aimo/livox_ws/build/fast_lio' returned '0': CMAKE_PREFIX_PATH=/home/aimo/livox_ws/install/livox_ros_driver2:/home/aimo/livox_ws/install/pcd2pgm:/home/aimo/livox_ws/install/fast_lio:/home/aimo/livox_ws/install/point_cloud_convertor:/opt/ros/humble LD_LIBRARY_PATH=/home/aimo/livox_ws/install/livox_ros_driver2/lib:/home/aimo/livox_ws/install/pcd2pgm/lib:/home/aimo/livox_ws/install/fast_lio/lib:/usr/lib/x86_64-linux-gnu/gazebo-11/plugins:/opt/ros/humble/opt/rviz_ogre_vendor/lib:/opt/ros/humble/lib/x86_64-linux-gnu:/opt/ros/humble/lib /usr/bin/cmake --install /home/aimo/livox_ws/build/fast_lio
[0.536s] Level 1:colcon.colcon_core.environment:checking '/home/aimo/livox_ws/install/fast_lio' for CMake config files
[0.536s] Level 1:colcon.colcon_core.shell:create_environment_hook('fast_lio', 'cmake_prefix_path')
[0.536s] INFO:colcon.colcon_core.shell:Creating environment hook '/home/aimo/livox_ws/install/fast_lio/share/fast_lio/hook/cmake_prefix_path.ps1'
[0.536s] INFO:colcon.colcon_core.shell:Creating environment descriptor '/home/aimo/livox_ws/install/fast_lio/share/fast_lio/hook/cmake_prefix_path.dsv'
[0.536s] INFO:colcon.colcon_core.shell:Creating environment hook '/home/aimo/livox_ws/install/fast_lio/share/fast_lio/hook/cmake_prefix_path.sh'
[0.537s] Level 1:colcon.colcon_core.environment:checking '/home/aimo/livox_ws/install/fast_lio/lib'
[0.537s] Level 1:colcon.colcon_core.shell:create_environment_hook('fast_lio', 'ld_library_path_lib')
[0.537s] INFO:colcon.colcon_core.shell:Creating environment hook '/home/aimo/livox_ws/install/fast_lio/share/fast_lio/hook/ld_library_path_lib.ps1'
[0.537s] INFO:colcon.colcon_core.shell:Creating environment descriptor '/home/aimo/livox_ws/install/fast_lio/share/fast_lio/hook/ld_library_path_lib.dsv'
[0.537s] INFO:colcon.colcon_core.shell:Creating environment hook '/home/aimo/livox_ws/install/fast_lio/share/fast_lio/hook/ld_library_path_lib.sh'
[0.537s] Level 1:colcon.colcon_core.environment:checking '/home/aimo/livox_ws/install/fast_lio/bin'
[0.537s] Level 1:colcon.colcon_core.environment:checking '/home/aimo/livox_ws/install/fast_lio/lib/pkgconfig/fast_lio.pc'
[0.537s] Level 1:colcon.colcon_core.environment:checking '/home/aimo/livox_ws/install/fast_lio/lib/python3.10/site-packages'
[0.537s] Level 1:colcon.colcon_core.environment:checking '/home/aimo/livox_ws/install/fast_lio/bin'
[0.538s] INFO:colcon.colcon_core.shell:Creating package script '/home/aimo/livox_ws/install/fast_lio/share/fast_lio/package.ps1'
[0.538s] INFO:colcon.colcon_core.shell:Creating package descriptor '/home/aimo/livox_ws/install/fast_lio/share/fast_lio/package.dsv'
[0.538s] INFO:colcon.colcon_core.shell:Creating package script '/home/aimo/livox_ws/install/fast_lio/share/fast_lio/package.sh'
[0.538s] INFO:colcon.colcon_core.shell:Creating package script '/home/aimo/livox_ws/install/fast_lio/share/fast_lio/package.bash'
[0.538s] INFO:colcon.colcon_core.shell:Creating package script '/home/aimo/livox_ws/install/fast_lio/share/fast_lio/package.zsh'
[0.538s] Level 1:colcon.colcon_core.environment:create_file_with_runtime_dependencies(/home/aimo/livox_ws/install/fast_lio/share/colcon-core/packages/fast_lio)
[0.539s] Level 1:colcon.colcon_core.environment:create_environment_scripts_only(fast_lio)
[0.539s] Level 1:colcon.colcon_core.environment:checking '/home/aimo/livox_ws/install/fast_lio' for CMake module files
[0.539s] Level 1:colcon.colcon_core.environment:checking '/home/aimo/livox_ws/install/fast_lio' for CMake config files
[0.539s] Level 1:colcon.colcon_core.shell:create_environment_hook('fast_lio', 'cmake_prefix_path')
[0.539s] INFO:colcon.colcon_core.shell:Creating environment hook '/home/aimo/livox_ws/install/fast_lio/share/fast_lio/hook/cmake_prefix_path.ps1'
[0.539s] INFO:colcon.colcon_core.shell:Creating environment descriptor '/home/aimo/livox_ws/install/fast_lio/share/fast_lio/hook/cmake_prefix_path.dsv'
[0.539s] INFO:colcon.colcon_core.shell:Creating environment hook '/home/aimo/livox_ws/install/fast_lio/share/fast_lio/hook/cmake_prefix_path.sh'
[0.539s] Level 1:colcon.colcon_core.environment:checking '/home/aimo/livox_ws/install/fast_lio/lib'
[0.539s] Level 1:colcon.colcon_core.shell:create_environment_hook('fast_lio', 'ld_library_path_lib')
[0.540s] INFO:colcon.colcon_core.shell:Creating environment hook '/home/aimo/livox_ws/install/fast_lio/share/fast_lio/hook/ld_library_path_lib.ps1'
[0.540s] INFO:colcon.colcon_core.shell:Creating environment descriptor '/home/aimo/livox_ws/install/fast_lio/share/fast_lio/hook/ld_library_path_lib.dsv'
[0.540s] INFO:colcon.colcon_core.shell:Creating environment hook '/home/aimo/livox_ws/install/fast_lio/share/fast_lio/hook/ld_library_path_lib.sh'
[0.540s] Level 1:colcon.colcon_core.environment:checking '/home/aimo/livox_ws/install/fast_lio/bin'
[0.540s] Level 1:colcon.colcon_core.environment:checking '/home/aimo/livox_ws/install/fast_lio/lib/pkgconfig/fast_lio.pc'
[0.540s] Level 1:colcon.colcon_core.environment:checking '/home/aimo/livox_ws/install/fast_lio/lib/python3.10/site-packages'
[0.540s] Level 1:colcon.colcon_core.environment:checking '/home/aimo/livox_ws/install/fast_lio/bin'
[0.540s] INFO:colcon.colcon_core.shell:Creating package script '/home/aimo/livox_ws/install/fast_lio/share/fast_lio/package.ps1'
[0.540s] INFO:colcon.colcon_core.shell:Creating package descriptor '/home/aimo/livox_ws/install/fast_lio/share/fast_lio/package.dsv'
[0.541s] INFO:colcon.colcon_core.shell:Creating package script '/home/aimo/livox_ws/install/fast_lio/share/fast_lio/package.sh'
[0.541s] INFO:colcon.colcon_core.shell:Creating package script '/home/aimo/livox_ws/install/fast_lio/share/fast_lio/package.bash'
[0.541s] INFO:colcon.colcon_core.shell:Creating package script '/home/aimo/livox_ws/install/fast_lio/share/fast_lio/package.zsh'
[0.541s] Level 1:colcon.colcon_core.environment:create_file_with_runtime_dependencies(/home/aimo/livox_ws/install/fast_lio/share/colcon-core/packages/fast_lio)
[0.541s] DEBUG:colcon.colcon_parallel_executor.executor.parallel:closing loop
[0.541s] DEBUG:colcon.colcon_parallel_executor.executor.parallel:loop closed
[0.541s] DEBUG:colcon.colcon_parallel_executor.executor.parallel:run_until_complete finished with '0'
[0.541s] DEBUG:colcon.colcon_core.event_reactor:joining thread
[0.544s] INFO:colcon.colcon_core.plugin_system:Skipping extension 'colcon_notification.desktop_notification.terminal_notifier': Not used on non-Darwin systems
[0.544s] INFO:colcon.colcon_core.plugin_system:Skipping extension 'colcon_notification.desktop_notification.win32': Not used on non-Windows systems
[0.544s] INFO:colcon.colcon_notification.desktop_notification:Sending desktop notification using 'notify2'
[0.550s] DEBUG:colcon.colcon_core.event_reactor:joined thread
[0.550s] INFO:colcon.colcon_core.shell:Creating prefix script '/home/aimo/livox_ws/install/local_setup.ps1'
[0.551s] INFO:colcon.colcon_core.shell:Creating prefix util module '/home/aimo/livox_ws/install/_local_setup_util_ps1.py'
[0.551s] INFO:colcon.colcon_core.shell:Creating prefix chain script '/home/aimo/livox_ws/install/setup.ps1'
[0.552s] INFO:colcon.colcon_core.shell:Creating prefix script '/home/aimo/livox_ws/install/local_setup.sh'
[0.552s] INFO:colcon.colcon_core.shell:Creating prefix util module '/home/aimo/livox_ws/install/_local_setup_util_sh.py'
[0.552s] INFO:colcon.colcon_core.shell:Creating prefix chain script '/home/aimo/livox_ws/install/setup.sh'
[0.553s] INFO:colcon.colcon_core.shell:Creating prefix script '/home/aimo/livox_ws/install/local_setup.bash'
[0.553s] INFO:colcon.colcon_core.shell:Creating prefix chain script '/home/aimo/livox_ws/install/setup.bash'
[0.553s] INFO:colcon.colcon_core.shell:Creating prefix script '/home/aimo/livox_ws/install/local_setup.zsh'
[0.553s] INFO:colcon.colcon_core.shell:Creating prefix chain script '/home/aimo/livox_ws/install/setup.zsh'
